[2015.12.06-02.32.44:420][  0]Log file open, 12/05/15 18:32:44
[2015.12.06-02.32.44:420][  0]LogInit:Display: Running engine for game: SwordProject
[2015.12.06-02.32.44:420][  0]LogInit:Display: RandInit(-1123485331) SRandInit(-1123485330).
[2015.12.06-02.32.44:420][  0]LogTaskGraph: Started task graph with 4 named threads and 7 total threads.
[2015.12.06-02.32.44:420][  0]LogStats: Stats thread started at 0.598929
[2015.12.06-02.32.44:420][  0]LogInit: Version: 4.9.2-2707645+++depot+UE4-Releases+4.9
[2015.12.06-02.32.44:420][  0]LogInit: API Version: 2672455
[2015.12.06-02.32.44:420][  0]LogInit: Compiled (64-bit): Sep 28 2015 10:25:44
[2015.12.06-02.32.44:420][  0]LogInit: Compiled with Visual C++: 18.00.21005.01
[2015.12.06-02.32.44:420][  0]LogInit: Build Configuration: Development
[2015.12.06-02.32.44:420][  0]LogInit: Branch Name: ++depot+UE4-Releases+4.9
[2015.12.06-02.32.44:420][  0]LogInit: Command line:  
[2015.12.06-02.32.44:420][  0]LogInit: Base directory: C:/Program Files/Epic Games/4.9/Engine/Binaries/Win64/
[2015.12.06-02.32.44:420][  0]LogInit: Rocket: 1
[2015.12.06-02.32.44:683][  0]LogInit: Using libcurl 7.41.0
[2015.12.06-02.32.44:683][  0]LogInit:  - built for x86_64-pc-win32
[2015.12.06-02.32.44:683][  0]LogInit:  - supports SSL with WinSSL
[2015.12.06-02.32.44:683][  0]LogInit:  - other features:
[2015.12.06-02.32.44:683][  0]LogInit:      CURL_VERSION_SSL
[2015.12.06-02.32.44:683][  0]LogInit:      CURL_VERSION_IPV6
[2015.12.06-02.32.44:683][  0]LogInit:      CURL_VERSION_ASYNCHDNS
[2015.12.06-02.32.44:683][  0]LogInit:      CURL_VERSION_LARGEFILE
[2015.12.06-02.32.44:683][  0]LogInit:      CURL_VERSION_IDN
[2015.12.06-02.32.44:683][  0]LogInit:  CurlRequestOptions (configurable via config and command line):
[2015.12.06-02.32.44:683][  0]LogInit:  - bVerifyPeer = true  - Libcurl will verify peer certificate
[2015.12.06-02.32.44:683][  0]LogInit:  - bUseHttpProxy = false  - Libcurl will NOT use HTTP proxy
[2015.12.06-02.32.44:683][  0]LogInit:  - bDontReuseConnections = false  - Libcurl will reuse connections
[2015.12.06-02.32.44:683][  0]LogInit:  - CertBundlePath = nullptr  - Libcurl will use whatever was configured at build time.
[2015.12.06-02.32.45:008][  0]LogInit: Presizing for 0 objects not considered by GC, pre-allocating 0 bytes.
[2015.12.06-02.32.45:040][  0]LogInit: Object subsystem initialized
[2015.12.06-02.32.45:047][  0]LogInit: Selected Device Profile: [Windows]
[2015.12.06-02.32.45:047][  0]LogInit: Applying CVar settings loaded from the selected device profile: [Windows]
[2015.12.06-02.32.45:244][  0]LogInit: Computer: AARONS
[2015.12.06-02.32.45:244][  0]LogInit: User: Aaron
[2015.12.06-02.32.45:244][  0]LogInit: CPU Page size=4096, Cores=4
[2015.12.06-02.32.45:244][  0]LogInit: High frequency timer resolution =1.949474 MHz
[2015.12.06-02.32.45:244][  0]LogMemory: Memory total: Physical=7.5GB (8GB approx)
[2015.12.06-02.32.45:244][  0]LogMemory: Platform Memory Stats for Windows
[2015.12.06-02.32.45:244][  0]LogMemory: Process Physical Memory: 53.01 MB used, 53.01 MB peak
[2015.12.06-02.32.45:244][  0]LogMemory: Process Virtual Memory: 55.09 MB used, 55.09 MB peak
[2015.12.06-02.32.45:244][  0]LogMemory: Physical Memory: 3693.23 MB used, 7643.95 MB total
[2015.12.06-02.32.45:244][  0]LogMemory: Virtual Memory: 345.73 MB used, 134217728.00 MB total
[2015.12.06-02.32.51:546][  0]LogTextLocalizationManager: No specific translations for ('en-US') exist, so ('en') translations will be used.
[2015.12.06-02.32.59:400][  0]LogD3D11RHI: Found D3D11 adapter 0: AMD Radeon HD 8400 (Feature Level 11_0)
[2015.12.06-02.32.59:400][  0]LogD3D11RHI: Adapter has 493MB of dedicated video memory, 0MB of dedicated system memory, and 3584MB of shared system memory, 1 output[s]
[2015.12.06-02.32.59:403][  0]LogD3D11RHI: Found D3D11 adapter 1: Microsoft Basic Render Driver (Feature Level 11_0)
[2015.12.06-02.32.59:403][  0]LogD3D11RHI: Adapter has 0MB of dedicated video memory, 0MB of dedicated system memory, and 256MB of shared system memory, 0 output[s]
[2015.12.06-02.32.59:403][  0]LogD3D11RHI: Chosen D3D11 Adapter Id = 0
[2015.12.06-02.32.59:421][  0]LogD3D11RHI: !Direct3DDevice
[2015.12.06-02.32.59:421][  0]LogRHI: Texture pool is 345 MB (70% of 493 MB)
[2015.12.06-02.32.59:436][  0]LogD3D11RHI: Async texture creation disabled: no driver support
[2015.12.06-02.33.00:263][  0]LogShaderCompilers: Guid format shader working directory is 15 characters bigger than the processId version (../../../../../../Users/Aaron/Documents/Unreal Projects/SwordProject-4.9-master/Intermediate/Shaders/WorkingDirectory/5336/).
[2015.12.06-02.33.00:263][  0]LogShaderCompilers: Cleaned the shader compiler working directory '../../../../../../Users/Aaron/Documents/Unreal Projects/SwordProject-4.9-master/Intermediate/Shaders/tmp/1535A490464F773B72C0BD84923F6C1C/'.
[2015.12.06-02.33.00:373][  0]LogShaderCompilers:Display: Using Local Shader Compiler.
[2015.12.06-02.34.08:649][  0]LogTemp:Display: Loaded TP AllDesktopTargetPlatform
[2015.12.06-02.34.08:695][  0]LogTemp:Display: Loaded TP WindowsClientTargetPlatform
[2015.12.06-02.34.08:730][  0]LogTemp:Display: Loaded TP WindowsNoEditorTargetPlatform
[2015.12.06-02.34.08:777][  0]LogTemp:Display: Loaded TP WindowsServerTargetPlatform
[2015.12.06-02.34.08:927][  0]LogTemp:Display: Loaded TP WindowsTargetPlatform
[2015.12.06-02.34.08:992][  0]LogTemp:Display: Loaded TP AndroidTargetPlatform
[2015.12.06-02.34.09:054][  0]LogTemp:Display: Loaded TP Android_ASTCTargetPlatform
[2015.12.06-02.34.09:120][  0]LogTemp:Display: Loaded TP Android_ATCTargetPlatform
[2015.12.06-02.34.09:184][  0]LogTemp:Display: Loaded TP Android_DXTTargetPlatform
[2015.12.06-02.34.09:246][  0]LogTemp:Display: Loaded TP Android_ETC1TargetPlatform
[2015.12.06-02.34.09:307][  0]LogTemp:Display: Loaded TP Android_ETC2TargetPlatform
[2015.12.06-02.34.09:359][  0]LogTemp:Display: Loaded TP Android_PVRTCTargetPlatform
[2015.12.06-02.34.09:413][  0]LogTemp:Display: Loaded TP HTML5TargetPlatform
[2015.12.06-02.34.11:035][  0]LogTemp:Display: Loaded TP IOSTargetPlatform
[2015.12.06-02.34.11:131][  0]LogTemp:Display: Loaded TP LinuxNoEditorTargetPlatform
[2015.12.06-02.34.11:171][  0]LogTemp:Display: Loaded TP LinuxServerTargetPlatform
[2015.12.06-02.34.11:233][  0]LogTemp:Display: Loaded TP LinuxTargetPlatform
[2015.12.06-02.34.11:263][  0]LogTargetPlatformManager:Display: Building Assets For Windows
[2015.12.06-02.34.14:255][  0]LogDerivedDataCache:Display: Max Cache Size: 512 MB
[2015.12.06-02.34.18:664][  0]LogDerivedDataCache: Loaded boot cache 4.36s 42MB C:/Users/Aaron/AppData/Local/UnrealEngine/4.9/DerivedDataCache/Boot.ddc.
[2015.12.06-02.34.18:664][  0]LogDerivedDataCache:Display: Loaded Boot cache: C:/Users/Aaron/AppData/Local/UnrealEngine/4.9/DerivedDataCache/Boot.ddc
[2015.12.06-02.34.18:686][  0]LogDerivedDataCache: FDerivedDataBackendGraph:  Pak pak cache file ../../../../../../Users/Aaron/Documents/Unreal Projects/SwordProject-4.9-master/DerivedDataCache/DDC.ddp not found, will not use a pak cache.
[2015.12.06-02.34.18:686][  0]LogDerivedDataCache: Unable to find inner node Pak for hierarchical cache Hierarchy.
[2015.12.06-02.34.18:686][  0]LogDerivedDataCache: FDerivedDataBackendGraph:  CompressedPak pak cache file ../../../../../../Users/Aaron/Documents/Unreal Projects/SwordProject-4.9-master/DerivedDataCache/Compressed.ddp not found, will not use a pak cache.
[2015.12.06-02.34.18:686][  0]LogDerivedDataCache: Unable to find inner node CompressedPak for hierarchical cache Hierarchy.
[2015.12.06-02.34.19:965][  0]LogDerivedDataCache:Display: Pak cache opened for reading ../../../Engine/DerivedDataCache/Compressed.ddp.
[2015.12.06-02.34.20:058][  0]LogDerivedDataCache: Using Local data cache path C:/Users/Aaron/AppData/Local/UnrealEngine/Common/DerivedDataCache: Writable
[2015.12.06-02.35.41:988][  0]LogInit: Selected Device Profile: [Windows]
[2015.12.06-02.35.43:225][  0]LogContentStreaming: Texture pool size is 0.000000MB
[2015.12.06-02.35.49:775][  0]LogMeshUtilities: No automatic mesh reduction module available
[2015.12.06-02.