[2015.12.06-00.19.34:862][  0]Log file open, 12/05/15 16:19:34
[2015.12.06-00.19.34:862][  0]LogInit:Display: Running engine for game: SwordProject
[2015.12.06-00.19.34:862][  0]LogInit:Display: RandInit(484132726) SRandInit(484132727).
[2015.12.06-00.19.34:862][  0]LogTaskGraph: Started task graph with 4 named threads and 7 total threads.
[2015.12.06-00.19.34:862][  0]LogStats: Stats thread started at 0.290438
[2015.12.06-00.19.34:862][  0]LogInit: Version: 4.9.2-2707645+++depot+UE4-Releases+4.9
[2015.12.06-00.19.34:862][  0]LogInit: API Version: 2672455
[2015.12.06-00.19.34:862][  0]LogInit: Compiled (64-bit): Sep 28 2015 10:25:44
[2015.12.06-00.19.34:862][  0]LogInit: Compiled with Visual C++: 18.00.21005.01
[2015.12.06-00.19.34:862][  0]LogInit: Build Configuration: Development
[2015.12.06-00.19.34:862][  0]LogInit: Branch Name: ++depot+UE4-Releases+4.9
[2015.12.06-00.19.34:862][  0]LogInit: Command line:  
[2015.12.06-00.19.34:862][  0]LogInit: Base directory: C:/Program Files/Epic Games/4.9/Engine/Binaries/Win64/
[2015.12.06-00.19.34:862][  0]LogInit: Rocket: 1
[2015.12.06-00.19.34:948][  0]LogInit: Using libcurl 7.41.0
[2015.12.06-00.19.34:948][  0]LogInit:  - built for x86_64-pc-win32
[2015.12.06-00.19.34:948][  0]LogInit:  - supports SSL with WinSSL
[2015.12.06-00.19.34:948][  0]LogInit:  - other features:
[2015.12.06-00.19.34:948][  0]LogInit:      CURL_VERSION_SSL
[2015.12.06-00.19.34:948][  0]LogInit:      CURL_VERSION_IPV6
[2015.12.06-00.19.34:948][  0]LogInit:      CURL_VERSION_ASYNCHDNS
[2015.12.06-00.19.34:948][  0]LogInit:      CURL_VERSION_LARGEFILE
[2015.12.06-00.19.34:948][  0]LogInit:      CURL_VERSION_IDN
[2015.12.06-00.19.34:949][  0]LogInit:  CurlRequestOptions (configurable via config and command line):
[2015.12.06-00.19.34:949][  0]LogInit:  - bVerifyPeer = true  - Libcurl will verify peer certificate
[2015.12.06-00.19.34:949][  0]LogInit:  - bUseHttpProxy = false  - Libcurl will NOT use HTTP proxy
[2015.12.06-00.19.34:949][  0]LogInit:  - bDontReuseConnections = false  - Libcurl will reuse connections
[2015.12.06-00.19.34:949][  0]LogInit:  - CertBundlePath = nullptr  - Libcurl will use whatever was configured at build time.
[2015.12.06-00.19.35:161][  0]LogInit: Presizing for 0 objects not considered by GC, pre-allocating 0 bytes.
[2015.12.06-00.19.35:193][  0]LogInit: Object subsystem initialized
[2015.12.06-00.19.35:200][  0]LogInit: Selected Device Profile: [Windows]
[2015.12.06-00.19.35:200][  0]LogInit: Applying CVar settings loaded from the selected device profile: [Windows]
[2015.12.06-00.19.35:257][  0]LogInit: Computer: AARONS
[2015.12.06-00.19.35:258][  0]LogInit: User: Aaron
[2015.12.06-00.19.35:258][  0]LogInit: CPU Page size=4096, Cores=4
[2015.12.06-00.19.35:258][  0]LogInit: High frequency timer resolution =1.949474 MHz
[2015.12.06-00.19.35:258][  0]LogMemory: Memory total: Physical=7.5GB (8GB approx)
[2015.12.06-00.19.35:258][  0]LogMemory: Platform Memory Stats for Windows
[2015.12.06-00.19.35:258][  0]LogMemory: Process Physical Memory: 52.97 MB used, 52.97 MB peak
[2015.12.06-00.19.35:258][  0]LogMemory: Process Virtual Memory: 55.07 MB used, 55.07 MB peak
[2015.12.06-00.19.35:258][  0]LogMemory: Physical Memory: 2727.36 MB used, 7643.95 MB total
[2015.12.06-00.19.35:258][  0]LogMemory: Virtual Memory: 345.73 MB used, 134217728.00 MB total
[2015.12.06-00.19.36:141][  0]LogTextLocalizationManager: No specific translations for ('en-US') exist, so ('en') translations will be used.
[2015.12.06-00.19.40:006][  0]LogD3D11RHI: Found D3D11 adapter 0: AMD Radeon HD 8400 (Feature Level 11_0)
[2015.12.06-00.19.40:006][  0]LogD3D11RHI: Adapter has 493MB of dedicated video memory, 0MB of dedicated system memory, and 3584MB of shared system memory, 1 output[s]
[2015.12.06-00.19.40:010][  0]LogD3D11RHI: Found D3D11 adapter 1: Microsoft Basic Render Driver (Feature Level 11_0)
[2015.12.06-00.19.40:010][  0]LogD3D11RHI: Adapter has 0MB of dedicated video memory, 0MB of dedicated system memory, and 256MB of shared system memory, 0 output[s]
[2015.12.06-00.19.40:011][  0]LogD3D11RHI: Chosen D3D11 Adapter Id = 0
[2015.12.06-00.19.40:022][  0]LogD3D11RHI: !Direct3DDevice
[2015.12.06-00.19.40:022][  0]LogRHI: Texture pool is 345 MB (70% of 493 MB)
[2015.12.06-00.19.40:034][  0]LogD3D11RHI: Async texture creation disabled: no driver support
[2015.12.06-00.19.40:053][  0]LogShaderCompilers: Guid format shader working directory is 15 characters bigger than the processId version (../../../../../../Users/Aaron/Documents/Unreal Projects/SwordProject-4.9-master/Intermediate/Shaders/WorkingDirectory/6232/).
[2015.12.06-00.19.40:054][  0]LogShaderCompilers: Cleaned the shader compiler working directory '../../../../../../Users/Aaron/Documents/Unreal Projects/SwordProject-4.9-master/Intermediate/Shaders/tmp/AE36FDB74E969FCE6C47F085454966AE/'.
[2015.12.06-00.19.40:054][  0]LogShaderCompilers:Display: Using Local Shader Compiler.
[2015.12.06-00.19.50:380][  0]LogTemp:Display: Loaded TP AllDesktopTargetPlatform
[2015.12.06-00.19.50:402][  0]LogTemp:Display: Loaded TP WindowsClientTargetPlatform
[2015.12.06-00.19.50:423][  0]LogTemp:Display: Loaded TP WindowsNoEditorTargetPlatform
[2015.12.06-00.19.50:444][  0]LogTemp:Display: Loaded TP WindowsServerTargetPlatform
[2015.12.06-00.19.50:465][  0]LogTemp:Display: Loaded TP WindowsTargetPlatform
[2015.12.06-00.19.50:488][  0]LogTemp:Display: Loaded TP AndroidTargetPlatform
[2015.12.06-00.19.50:502][  0]LogTemp:Display: Loaded TP Android_ASTCTargetPlatform
[2015.12.06-00.19.50:518][  0]LogTemp:Display: Loaded TP Android_ATCTargetPlatform
[2015.12.06-00.19.50:534][  0]LogTemp:Display: Loaded TP Android_DXTTargetPlatform
[2015.12.06-00.19.50:550][  0]LogTemp:Display: Loaded TP Android_ETC1TargetPlatform
[2015.12.06-00.19.50:565][  0]LogTemp:Display: Loaded TP Android_ETC2TargetPlatform
[2015.12.06-00.19.50:582][  0]LogTemp:Display: Loaded TP Android_PVRTCTargetPlatform
[2015.12.06-00.19.50:584][  0]LogTemp:Display: Loaded TP HTML5TargetPlatform
[2015.12.06-00.19.50:753][  0]LogTemp:Display: Loaded TP IOSTargetPlatform
[2015.12.06-00.19.50:767][  0]LogTemp:Display: Loaded TP LinuxNoEditorTargetPlatform
[2015.12.06-00.19.50:781][  0]LogTemp:Display: Loaded TP LinuxServerTargetPlatform
[2015.12.06-00.19.50:804][  0]LogTemp:Display: Loaded TP LinuxTargetPlatform
[2015.12.06-00.19.50:804][  0]LogTargetPlatformManager:Display: Building Assets For Windows
[2015.12.06-00.19.52:201][  0]LogDerivedDataCache:Display: Max Cache Size: 512 MB
[2015.12.06-00.19.52:807][  0]LogDerivedDataCache: Loaded boot cache 0.60s 42MB C:/Users/Aaron/AppData/Local/UnrealEngine/4.9/DerivedDataCache/Boot.ddc.
[2015.12.06-00.19.52:807][  0]LogDerivedDataCache:Display: Loaded Boot cache: C:/Users/Aaron/AppData/Local/UnrealEngine/4.9/DerivedDataCache/Boot.ddc
[2015.12.06-00.19.52:807][  0]LogDerivedDataCache: FDerivedDataBackendGraph:  Pak pak cache file ../../../../../../Users/Aaron/Documents/Unreal Projects/SwordProject-4.9-master/DerivedDataCache/DDC.ddp not found, will not use a pak cache.
[2015.12.06-00.19.52:807][  0]LogDerivedDataCache: Unable to find inner node Pak for hierarchical cache Hierarchy.
[2015.12.06-00.19.52:807][  0]LogDerivedDataCache: FDerivedDataBackendGraph:  CompressedPak pak cache file ../../../../../../Users/Aaron/Documents/Unreal Projects/SwordProject-4.9-master/DerivedDataCache/Compressed.ddp not found, will not use a pak cache.
[2015.12.06-00.19.52:807][  0]LogDerivedDataCache: Unable to find inner node CompressedPak for hierarchical cache Hierarchy.
[2015.12.06-00.19.53:713][  0]LogDerivedDataCache:Display: Pak cache opened for reading ../../../Engine/DerivedDataCache/Compressed.ddp.
[2015.12.06-00.19.53:728][  0]LogDerivedDataCache: Using Local data cache path C:/Users/Aaron/AppData/Local/UnrealEngine/Common/DerivedDataCache: Writable
[2015.12.06-00.20.08:104][  0]LogInit: Selected Device Profile: [Windows]
[2015.12.06-00.20.08:117][  0]LogContentStreaming: Texture pool size is 0.000000MB
[2015.12.06-00.20.08:807][  0]LogMeshUtilities: No automatic mesh reduction module available
[2015.12.06-00.20.08:807][  0]LogMeshUtilities: No automatic mesh merging module available
[2015.12.06-00.20.10:919][  0]LogInit: WinSock: version 1.1 (2.2), MaxSocks=32767, MaxUdp=65467
[2015.12.06-00.20.28:084][  0]UdpMessaging: Initializing bridge on interface 0.0.0.0:0 to multicast group 230.0.0.1:6666.
[2015.12.06-00.20.28:752][  0]LogAssetRegistry: FAssetRegistry took 0.0121 seconds to start up
[2015.12.06-00.20.30:123][  0]SourceControl: Info Source control is disabled
[2015.12.06-00.20.32:179][  0]LogLinker:Warning: Asset '../../../Engine/Plugins/Runtime/LeapMotionController/Content/LM_PassthroughMaterial.uasset' has been saved with empty engine version. The asset will be loaded but may be incompatible.
[2015.12.06-00.20.32:699][  0]LogObj: 28361 objects as part of root set at end of initial load.
[2015.12.06-00.20.32:699][  0]LogUObjectAllocator: 6038864 out of 0 bytes used by permanent object pool.
[2015.12.06-00.20.32:959][  0]LogEngine: Initializing Engine...
[2015.12.06-00.20.32:998][  0]LogHMD: Can't find Oculus library dev build: is proper Runtime installed? Version: 0.7.0.0
[2015.12.06-00.20.33:043][  0]LogHMD: SteamVR failed to initialize.  Err: 110
[2015.12.06-00.20.34:044][  0]LogAIModule: Creating AISystem for world NewWorld
[2015.12.06-00.20.34:053][  0]LogInit: XAudio2 using 'Speaker/HP (Realtek High Definition Audio)' : 2 channels at 48 kHz using 32 bits per sample (channel mask 0x3)
[2015.12.06-00.20.34:087][  0]LogInit: FAudioDevice initialized.
[2015.12.06-00.20.34:150][  0]LogDerivedDataCache: Saved boot cache 0.06s 42MB C:/Users/Aaron/AppData/Local/UnrealEngine/4.9/DerivedDataCache/Boot.ddc.
[2015.12.06-00.20.34:186][  0]LogInit: Texture streaming: Enabled
[2015.12.06-00.20.34:207][  0]LogAnalytics: Creating configured Analytics provider AnalyticsET
[2015.12.06-00.20.34:207][  0]LogAnalytics: [UEEditor.Rocket.Release] APIServer = http://et2.epicgames.com/ET2/. AppVersion = 4.9.2-2707645+++depot+UE4-Releases+4.9
[2015.12.06-00.20.34:207][  0]LogAnalytics: [UEEditor.Rocket.Release] SetUserId b2676186470d39d8323ee88c5ad92509|4cc6989648b04f0180853fecfbe4390e|54533a2c-70f4-4e67-8a5f-67ff95564374
[2015.12.06-00.20.34:207][  0]LogAnalytics: [UEEditor.Rocket.Release] AnalyticsET::StartSession
[2015.12.06-00.20.34:308][  0]LogInit: Transaction tracking system initialized
[2015.12.06-00.20.34:412][  0]BlueprintLog: New page: Editor Load
[2015.12.06-00.20.35:041][  0]LocalizationService: Info Localization service is disabled
[2015.12.06-00.20.36:034][  0]LogConsoleResponse:Display: 
[2015.12.06-00.20.39:295][  0]LogCook:Display: Done creating registry. It took  0.00s.
[2015.12.06-00.20.39:712][  0]LogFileCache: Scanning file cache for directory 'C:/Users/Aaron/Documents/Unreal Projects/SwordProject-4.9-master/Content/' took 0.05s
[2015.12.06-00.20.39:779][  0]Cmd: MAP LOAD FILE="../../../../../../Users/Aaron/Documents/Unreal Projects/SwordProject-4.9-master/Content/Maps/Town.umap" TEMPLATE=0 SHOWPROGRESS=1 FEATURELEVEL=3
[2015.12.06-00.20.39:906][  0]LightingResults: New page: Lighting Build
[2015.12.06-00.20.39:916][  0]MapCheck: New page: Map Check
[2015.12.06-00.20.39:916][  0]LightingResults: New page: Lighting Build
[2015.12.06-00.20.39:959][  0]LogParticles: Destroying 0 GPU particle simulations for FXSystem 0x000000BE913DE160
[2015.12.06-00.20.57:228][  0]LogAIModule: Creating AISystem for world Town
[2015.12.06-00.21.46:965][  0]LogEditorServer: Finished looking for orphan Actors (0.000 secs)
[2015.12.06-00.21.46:997][  0]Cmd: MAP CHECKDEP NOCLEARLOG
[2015.12.06-00.21.47:265][  0]MapCheck: Info Map check complete: 0 Error(s), 0 Warning(s), took 266.816ms to complete.
[2015.12.06-00.21.47:266][  0]LogFileHelpers: Loading map 'Town' took 67.486
[2015.12.06-00.21.47:683][  0]LogCollectionManager: Loaded 0 collections in 0.006884 seconds
[2015.12.06-00.21.47:754][  0]LogFileCache: Scanning file cache for directory 'C:/Users/Aaron/Documents/Unreal Projects/SwordProject-4.9-master/Saved/Collections/' took 0.01s
[2015.12.06-00.21.47:754][  0]LogFileCache: Scanning file cache for directory 'C:/Users/Aaron/Documents/Unreal Projects/SwordProject-4.9-master/Content/Developers/Aaron/Collections/' took 0.01s
[2015.12.06-00.21.47:755][  0]LogFileCache: Scanning file cache for directory 'C:/Users/Aaron/Documents/Unreal Projects/SwordProject-4.9-master/Content/Collections/' took 0.01s
[2015.12.06-00.21.47:755][  0]LogContentBrowser: Native class hierarchy populated in 0.0288 seconds. Added 1867 classes and 333 folders.
[2015.12.06-00.21.47:770][  0]LogCollectionManager: Rebuilt the GUID cache for 0 collections in 0.000011 seconds
[2015.12.06-00.21.47:793][  0]LogContentBrowser: Native class hierarchy updated for 'WidgetCarousel' in 0.0011 seconds. Added 0 classes and 0 folders.
[2015.12.06-00.21.49:444][  0]LogContentBrowser: Native class hierarchy updated for 'AddContentDialog' in 0.0023 seconds. Added 0 classes and 0 folders.
[2015.12.06-00.21.49:472][  0]LogContentBrowser: Native class hierarchy updated for 'SceneOutliner' in 0.0023 seconds. Added 1 classes and 2 folders.
[2015.12.06-00.21.50:282][  0]LogCrashTracker: Crashtracker disabled due to settings.
[2015.12.06-00.21.50:293][  0]LogUObjectGlobals:Warning: Failed to find object 'Class None.'
[2015.12.06-00.21.50:460][  0]LogLoad: Full Startup: 139.35 seconds (BP compile: 2.04 seconds)
[2015.12.06-00.21.51:566][  0]LogContentStreaming: Texture pool size now 1000 MB
[2015.12.06-00.21.52:087][  0]LogRenderer: Reallocating scene render targets to support 812x464 (Frame:2).
[2015.12.06-00.21.52:728][  1]Cmd: UpdateLandscapeEditorData -warnings
[2015.12.06-00.22.02:047][ 22]LogAssetRegistry: Asset discovery search completed in 93.3064 seconds
[2015.12.06-00.22.02:047][ 22]LogCollectionManager: Rebuilt the object cache for 0 collections in 0.000003 seconds (found 0 objects)
[2015.12.06-00.22.02:047][ 22]LogCollectionManager: Fixed up redirectors for 0 collections in 0.000146 seconds (updated 0 objects)
[2015.12.06-00.22.54:073][271]LogEditorViewport: Clicking on Actor (LMB): PointLight (PointLight)
[2015.12.06-00.22.54:759][281]Cmd: DELETE
[2015.12.06-00.22.54:759][281]Cmd: ACTOR DELETE
[2015.12.06-00.22.54:780][281]LogEditorActor: Deleted Actor: PointLight
[2015.12.06-00.22.54:814][281]LogActorComponent: UnregisterComponent: (/Engine/Transient.CharMoveComp) Not registered. Aborting.
[2015.12.06-00.22.55:025][281]LogEditorActor: Deleted 1 Actors (0.266 secs)
[2015.12.06-00.22.55:554][291]LogEditorViewport: Clicking on Actor (context menu): StaticMeshActor (Soldier_01)
[2015.12.06-00.22.56:084][293]LogEditorViewport: Clicking on Actor (context menu): StaticMeshActor (Soldier_01)
[2015.12.06-00.22.56:561][302]LogEditorViewport: Clicking on Actor (context menu): StaticMeshActor (Soldier_01)
[2015.12.06-00.23.01:610][403]LogBlueprintUserMessages: Early PlayInEditor Detection: Level '/Game/Maps/Town.Town:PersistentLevel' has LevelScriptBlueprint '/Game/Maps/Town.Town:PersistentLevel.Town' with GeneratedClass '/Game/Maps/Town.Town_C' with ClassGeneratedBy '/Game/Maps/Town.Town:PersistentLevel.Town'
[2015.12.06-00.23.01:610][403]LogPlayLevel: PlayLevel: No blueprints needed recompiling
[2015.12.06-00.23.01:611][403]PIE: New page: PIE session: Town (Dec 5, 2015, 8:23:01 AM)
[2015.12.06-00.23.01:612][403]LogPlayLevel: Creating play world package: /Game/Maps/UEDPIE_0_Town
[2015.12.06-00.23.03:405][403]LogPlayLevel: PIE: StaticDuplicateObject took: (1.792965s)
[2015.12.06-00.23.03:409][403]LogAIModule: Creating AISystem for world Town
[2015.12.06-00.23.03:409][403]LogPlayLevel: PIE: World Init took: (0.003495s)
[2015.12.06-00.23.03:410][403]LogPlayLevel: PIE: Created PIE world by copying editor world from /Game/Maps/Town.Town to /Game/Maps/UEDPIE_0_Town.Town (1.797222s)
[2015.12.06-00.23.03:490][403]LogInit: XAudio2 using 'Speaker/HP (Realtek High Definition Audio)' : 2 channels at 48 kHz using 32 bits per sample (channel mask 0x3)
[2015.12.06-00.23.03:533][403]LogInit: FAudioDevice initialized.
[2015.12.06-00.23.03:782][403]LogWorld: Game class is 'ThirdPersonGameMode_C'
[2015.12.06-00.23.04:496][403]LogWorld:Warning: *** WARNING - PATHS MAY NOT BE VALID ***
[2015.12.06-00.23.04:496][403]LogWorld: Bringing World /Game/Maps/UEDPIE_0_Town.Town up for play (max tick rate 60) at 2015.12.05-16.23.04
[2015.12.06-00.23.04:497][403]LogActor:Warning: GameSession /Game/Maps/UEDPIE_0_Town.Town:PersistentLevel.GameSession_0 has natively added scene component(s), but none of them were set as the actor's RootComponent - picking one arbitrarily
[2015.12.06-00.23.04:497][403]LogActor:Warning: GameNetworkManager /Game/Maps/UEDPIE_0_Town.Town:PersistentLevel.GameNetworkManager_0 has natively added scene component(s), but none of them were set as the actor's RootComponent - picking one arbitrarily
[2015.12.06-00.23.04:519][403]LogWorld: Bringing up level for play took: 0.723894
[2015.12.06-00.23.04:538][403]PIE: Info Play in editor start time for /Game/Maps/UEDPIE_0_Town 2.643
[2015.12.06-00.23.04:539][403]LogBlueprintUserMessages: Late PlayInEditor Detection: Level '/Game/Maps/Town.Town:PersistentLevel' has LevelScriptBlueprint '/Game/Maps/Town.Town:PersistentLevel.Town' with GeneratedClass '/Game/Maps/Town.Town_C' with ClassGeneratedBy '/Game/Maps/Town.Town:PersistentLevel.Town'
[2015.12.06-00.23.04:545][403]LogBlueprintUserMessages: [FindTargets_C_0] ImOving
[2015.12.06-00.23.04:547][403]LogBlueprintUserMessages: [FindTargets_C_0] ImOving
[2015.12.06-00.23.04:548][403]LogBlueprintUserMessages: [FindTargets_C_0] ImOving
[2015.12.06-00.23.08:367][474]LogBlueprintUserMessages: [RobotCharacter_C_0] X=-1.000 Y=0.000 Z=0.000
[2015.12.06-00.23.08:367][474]LogAnimation:Warning: JumpToSectionName Root bEndOfSection: 0 failed for Montage RobotCharacter01_Climb_Montage
[2015.12.06-00.23.10:008][509]LogBlueprintUserMessages: [FindTargets_C_0] ImOving
[2015.12.06-00.23.10:057][510]LogBlueprintUserMessages: [FindTargets_C_0] ImOving
[2015.12.06-00.23.11:563][542]LogBlueprintUserMessages: [FindTargets_C_0] ImOving
[2015.12.06-00.23.17:106][661]LogBlueprintUserMessages: [FindTargets_C_0] ImOving
[2015.12.06-00.23.17:196][663]LogBlueprintUserMessages: [FindTargets_C_0] ImOving
[2015.12.06-00.23.19:533][714]LogBlueprintUserMessages: [FindTargets_C_0] ImOving
[2015.12.06-00.23.22:730][785]LogBlueprintUserMessages: [FindTargets_C_0] ImOving
[2015.12.06-00.23.25:990][855]LogBlueprintUserMessages: [FindTargets_C_0] ImOving
[2015.12.06-00.23.26:609][868]LogBlueprintUserMessages: [RobotCharacter_C_0] X=0.000 Y=-1.000 Z=0.000
[2015.12.06-00.23.26:610][868]LogAnimation:Warning: JumpToSectionName Root bEndOfSection: 0 failed for Montage RobotCharacter01_Climb_Montage
[2015.12.06-00.23.28:779][913]LogBlueprintUserMessages: [FindTargets_C_0] ImOving
[2015.12.06-00.23.29:734][933]LogBlueprintUserMessages: [RobotCharacter_C_0] X=0.000 Y=1.000 Z=0.000
[2015.12.06-00.23.29:734][933]LogAnimation:Warning: JumpToSectionName Root bEndOfSection: 0 failed for Montage RobotCharacter01_Climb_Montage
[2015.12.06-00.23.30:103][941]LogBlueprintUserMessages: [FindTargets_C_0] ImOving
[2015.12.06-00.23.30:885][958]LogBlueprintUserMessages: [RobotCharacter_C_0] X=0.000 Y=1.000 Z=0.000
[2015.12.06-00.23.30:885][958]LogAnimation:Warning: JumpToSectionName Root bEndOfSection: 0 failed for Montage RobotCharacter01_Climb_Montage
[2015.12.06-00.23.31:850][979]LogBlueprintUserMessages: [RobotCharacter_C_0] X=0.000 Y=1.000 Z=0.000
[2015.12.06-00.23.31:850][979]LogAnimation:Warning: JumpToSectionName Root bEndOfSection: 0 failed for Montage RobotCharacter01_Climb_Montage
[2015.12.06-00.23.34:548][ 34]LogBlueprintUserMessages: [FindTargets_C_0] ImOving
[2015.12.06-00.23.34:648][ 36]LogBlueprintUserMessages: [FindTargets_C_0] ImOving
[2015.12.06-00.23.39:595][132]LogBlueprintUserMessages: [RobotCharacter_C_0] X=0.043 Y=-0.999 Z=0.000
[2015.12.06-00.23.39:596][132]LogAnimation:Warning: JumpToSectionName Root bEndOfSection: 0 failed for Montage RobotCharacter01_Climb_Montage
[2015.12.06-00.23.41:553][169]LogBlueprintUserMessages: [FindTargets_C_0] ImOving
[2015.12.06-00.23.42:026][178]LogBlueprintUserMessages: [FindTargets_C_0] ImOving
[2015.12.06-00.23.43:462][205]LogBlueprintUserMessages: [FindTargets_C_0] ImOving
[2015.12.06-00.23.44:842][231]LogBlueprintUserMessages: [RobotCharacter_C_0] X=0.794 Y=0.607 Z=0.000
[2015.12.06-00.23.44:842][231]LogAnimation:Warning: JumpToSectionName Root bEndOfSection: 0 failed for Montage RobotCharacter01_Climb_Montage
[2015.12.06-00.23.48:483][307]LogBlueprintUserMessages: [FindTargets_C_0] ImOving
[2015.12.06-00.23.48:616][310]LogBlueprintUserMessages: [ConeTrace_C_0] SEEN
[2015.12.06-00.23.48:660][311]LogBlueprintUserMessages: [FindTargets_C_0] Hellwfwfwo
[2015.12.06-00.23.48:751][313]LogBlueprintUserMessages: [WeaponTrace_C_0] Hello
[2015.12.06-00.23.48:840][315]LogBlueprintUserMessages: [WeaponTrace_C_0] Hello
[2015.12.06-00.23.48:928][317]LogBlueprintUserMessages: [FindTargets_C_0] ImOving
[2015.12.06-00.23.49:106][321]LogBlueprintUserMessages: [WeaponTrace_C_0] Hello
[2015.12.06-00.23.49:281][325]LogBlueprintUserMessages: [WeaponTrace_C_0] Hello
[2015.12.06-00.23.49:505][330]LogBlueprintUserMessages: [WeaponTrace_C_0] Hello
[2015.12.06-00.23.51:754][381]LogBlueprintUserMessages: [FindTargets_C_0] ImOving
[2015.12.06-00.23.51:796][382]LogAnimation:Warning: Playing a Montage (Robot2_Swing_03_Montage) for the wrong Skeleton (RobotCharacter01_Skeleton) instead of (Robot2_Skeleton).
[2015.12.06-00.23.51:796][382]LogBlueprintUserMessages: [Ai_Character_C_4] iamhurt
[2015.12.06-00.23.51:841][383]LogBlueprintUserMessages: [ConeTrace_C_0] SEEN
[2015.12.06-00.23.53:753][426]LogBlueprintUserMessages: [ConeTrace_C_0] SEEN
[2015.12.06-00.23.53:846][428]LogAnimation:Warning: Playing a Montage (Robot2_Swing_03_Montage) for the wrong Skeleton (RobotCharacter01_Skeleton) instead of (Robot2_Skeleton).
[2015.12.06-00.23.53:846][428]LogBlueprintUserMessages: [Ai_Character_C_4] iamhurt
[2015.12.06-00.23.54:021][432]LogBlueprintUserMessages: [WeaponTrace_C_0] Hello
[2015.12.06-00.23.54:342][439]LogBlueprintUserMessages: [Ai_Character_C_4] Hello
[2015.12.06-00.23.56:729][492]LogBlueprintUserMessages: [FindTargets_C_0] ImOving
[2015.12.06-00.24.01:216][592]LogAnimation:Warning: Playing a Montage (Robot2_Swing_03_Montage) for the wrong Skeleton (RobotCharacter01_Skeleton) instead of (Robot2_Skeleton).
[2015.12.06-00.24.01:216][592]LogBlueprintUserMessages: [Ai_Character_C_3] iamhurt
[2015.12.06-00.24.01:707][603]LogBlueprintUserMessages: [Ai_Character_C_3] Hello
[2015.12.06-00.24.02:023][610]LogBlueprintUserMessages: [FindTargets_C_0] ImOving
[2015.12.06-00.24.06:145][701]LogBlueprintUserMessages: [RobotCharacter_C_0] X=-1.000 Y=0.000 Z=0.000
[2015.12.06-00.24.06:145][701]LogAnimation:Warning: JumpToSectionName Root bEndOfSection: 0 failed for Montage RobotCharacter01_Climb_Montage
[2015.12.06-00.24.10:858][803]LogBlueprintUserMessages: [RobotCharacter_C_0] X=0.000 Y=1.000 Z=0.000
[2015.12.06-00.24.10:858][803]LogAnimation:Warning: JumpToSectionName Root bEndOfSection: 0 failed for Montage RobotCharacter01_Climb_Montage
[2015.12.06-00.24.15:461][903]LogBlueprintUserMessages: [FindTargets_C_0] ImOving
[2015.12.06-00.24.20:127][  6]LogBlueprintUserMessages: [RobotCharacter_C_0] X=1.000 Y=-0.000 Z=0.000
[2015.12.06-00.24.20:128][  6]LogAnimation:Warning: JumpToSectionName Root bEndOfSection: 0 failed for Montage RobotCharacter01_Climb_Montage
[2015.12.06-00.24.21:139][ 28]LogBlueprintUserMessages: [RobotCharacter_C_0] X=0.000 Y=1.000 Z=0.000
[2015.12.06-00.24.21:140][ 28]LogAnimation:Warning: JumpToSectionName Root bEndOfSection: 0 failed for Montage RobotCharacter01_Climb_Montage
[2015.12.06-00.24.22:168][ 51]LogBlueprintUserMessages: [RobotCharacter_C_0] X=0.000 Y=1.000 Z=0.000
[2015.12.06-00.24.22:168][ 51]LogAnimation:Warning: JumpToSectionName Root bEndOfSection: 0 failed for Montage RobotCharacter01_Climb_Montage
[2015.12.06-00.24.23:089][ 70]LogBlueprintUserMessages: [FindTargets_C_0] ImOving
[2015.12.06-00.24.26:928][147]LogAnimation:Warning: Playing a Montage (Robot2_Swing_03_Montage) for the wrong Skeleton (RobotCharacter01_Skeleton) instead of (Robot2_Skeleton).
[2015.12.06-00.24.26:928][147]LogBlueprintUserMessages: [Ai_Character_C_5] iamhurt
[2015.12.06-00.24.27:386][156]LogBlueprintUserMessages: [Ai_Character_C_5] Hello
[2015.12.06-00.24.30:101][211]LogBlueprintUserMessages:Warning: Time Dilation must be between 0.0001 and 20.  Clamping value to that range.
[2015.12.06-00.24.30:812][226]LogBlueprintUserMessages:Warning: Time Dilation must be between 0.0001 and 20.  Clamping value to that range.
[2015.12.06-00.24.30:909][228]LogCharacterMovement:Warning: GetSimulationTimeStep() - Max iterations 8 hit while remaining time 0.070144 > MaxSimulationTimeStep (0.050) for 'RobotCharacter_C_0'
[2015.12.06-00.24.31:874][249]LogBlueprintUserMessages: [RobotCharacter_C_0] X=-1.000 Y=0.000 Z=0.000
[2015.12.06-00.24.31:874][249]LogAnimation:Warning: JumpToSectionName Root bEndOfSection: 0 failed for Montage RobotCharacter01_Climb_Montage
[2015.12.06-00.24.35:666][333]LogBlueprintUserMessages: Early EndPlayMap Detection: Level '/Game/Maps/Town.Town:PersistentLevel' has LevelScriptBlueprint '/Game/Maps/Town.Town:PersistentLevel.Town' with GeneratedClass '/Game/Maps/Town.Town_C' with ClassGeneratedBy '/Game/Maps/Town.Town:PersistentLevel.Town'
[2015.12.06-00.24.36:097][333]LogBlueprintUserMessages: Late EndPlayMap Detection: Level '/Game/Maps/Town.Town:PersistentLevel' has LevelScriptBlueprint '/Game/Maps/Town.Town:PersistentLevel.Town' with GeneratedClass '/Game/Maps/Town.Town_C' with ClassGeneratedBy '/Game/Maps/Town.Town:PersistentLevel.Town'
[2015.12.06-00.24.36:439][334]LogParticles: Destroying 0 GPU particle simulations for FXSystem 0x000000BE86BA4D60
[2015.12.06-00.24.40:573][399]LogEditorViewport: Clicking on Actor (LMB): StaticMeshActor (Soldier_01)
[2015.12.06-00.24.41:067][407]Cmd: DELETE
[2015.12.06-00.24.41:067][407]Cmd: ACTOR DELETE
[2015.12.06-00.24.41:078][407]LogEditorActor: Deleted Actor: StaticMeshActor
[2015.12.06-00.24.41:137][407]LogEditorActor: Deleted 1 Actors (0.069 secs)
[2015.12.06-00.26.39:944][786]LogFactory: FactoryCreateBinary: StaticMesh with FbxFactory (0 0 ../../../../../../Users/Aaron/Documents/BlenderFiles/Characters/Elite_Soldier_01/Soldier_01.fbx)
[2015.12.06-00.26.39:980][786]LogFbx: ItemName: GlobalSettings, ItemCount : 1
[2015.12.06-00.26.39:980][786]LogFbx: ItemName: NodeAttribute, ItemCount : 22
[2015.12.06-00.26.39:980][786]LogFbx: ItemName: Geometry, ItemCount : 3
[2015.12.06-00.26.39:980][786]LogFbx: ItemName: Model, ItemCount : 25
[2015.12.06-00.26.39:980][786]LogFbx: ItemName: Pose, ItemCount : 3
[2015.12.06-00.26.39:981][786]LogFbx: ItemName: Deformer, ItemCount : 64
[2015.12.06-00.26.39:981][786]LogFbx: ItemName: Material, ItemCount : 3
[2015.12.06-00.26.39:981][786]LogFbx: ItemName: Texture, ItemCount : 3
[2015.12.06-00.26.39:981][786]LogFbx: ItemName: Video, ItemCount : 3
[2015.12.06-00.26.39:997][786]LogFbx: Loading FBX Scene from ../../../../../../Users/Aaron/Documents/BlenderFiles/Characters/Elite_Soldier_01/Soldier_01.fbx
[2015.12.06-00.26.40:367][786]LogFbx: FBX Scene Loaded Succesfully
[2015.12.06-00.26.51:753][786]LogFbx: Loading FBX Scene from ../../../../../../Users/Aaron/Documents/BlenderFiles/Characters/Elite_Soldier_01/Soldier_01.fbx
[2015.12.06-00.26.51:803][786]LogFbx: FBX Scene Loaded Succesfully
[2015.12.06-00.26.51:839][786]LogFbx: =================================================
[2015.12.06-00.26.51:839][786]LogFbx: Dumping Node START [Cube.001] 
[2015.12.06-00.26.51:839][786]LogFbx: 	Total Deformer Count -1228106856.
[2015.12.06-00.26.51:839][786]LogFbx: 		[Node 1] Armature (Type Skin).
[2015.12.06-00.26.51:839][786]LogFbx: =================================================
[2015.12.06-00.26.51:839][786]LogFbx: 	Attribute (Cube.002) Type (4).
[2015.12.06-00.26.51:840][786]LogFbx: 		[Node Attribute Child 1] Cube.001 (Type Mesh).
[2015.12.06-00.26.51:840][786]LogFbx: Dumping Node END [Cube.001]
[2015.12.06-00.26.51:840][786]LogFbx: =================================================
[2015.12.06-00.26.51:840][786]LogFbx: Dumping Node START [Circle] 
[2015.12.06-00.26.51:840][786]LogFbx: 	Total Deformer Count -1228106856.
[2015.12.06-00.26.51:840][786]LogFbx: 		[Node 1] Armature (Type Skin).
[2015.12.06-00.26.51:840][786]LogFbx: =================================================
[2015.12.06-00.26.51:840][786]LogFbx: 	Attribute (Circle.001) Type (4).
[2015.12.06-00.26.51:840][786]LogFbx: 		[Node Attribute Child 1] Circle (Type Mesh).
[2015.12.06-00.26.51:840][786]LogFbx: Dumping Node END [Circle]
[2015.12.06-00.26.51:840][786]LogFbx: =================================================
[2015.12.06-00.26.51:840][786]LogFbx: Dumping Node START [Cube.000] 
[2015.12.06-00.26.51:840][786]LogFbx: 	Total Deformer Count -1228106856.
[2015.12.06-00.26.51:840][786]LogFbx: 		[Node 1] Armature (Type Skin).
[2015.12.06-00.26.51:840][786]LogFbx: =================================================
[2015.12.06-00.26.51:840][786]LogFbx: 	Attribute (Cube.007) Type (4).
[2015.12.06-00.26.51:840][786]LogFbx: 		[Node Attribute Child 1] Cube.000 (Type Mesh).
[2015.12.06-00.26.51:840][786]LogFbx: Dumping Node END [Cube.000]
[2015.12.06-00.26.51:841][786]LogFbx: =================================================
[2015.12.06-00.26.51:841][786]LogFbx: Dumping Node START [Cube.001] 
[2015.12.06-00.26.51:841][786]LogFbx: 	Total Deformer Count -1228111224.
[2015.12.06-00.26.51:841][786]LogFbx: 		[Node 1] Armature (Type Skin).
[2015.12.06-00.26.51:841][786]LogFbx: =================================================
[2015.12.06-00.26.51:841][786]LogFbx: 	Attribute (Cube.002) Type (4).
[2015.12.06-00.26.51:841][786]LogFbx: 		[Node Attribute Child 1] Cube.001 (Type Mesh).
[2015.12.06-00.26.51:841][786]LogFbx: Dumping Node END [Cube.001]
[2015.12.06-00.26.51:841][786]LogFbx: =================================================
[2015.12.06-00.26.51:841][786]LogFbx: Dumping Node START [Circle] 
[2015.12.06-00.26.51:841][786]LogFbx: 	Total Deformer Count -1228111224.
[2015.12.06-00.26.51:841][786]LogFbx: 		[Node 1] Armature (Type Skin).
[2015.12.06-00.26.51:841][786]LogFbx: =================================================
[2015.12.06-00.26.51:841][786]LogFbx: 	Attribute (Circle.001) Type (4).
[2015.12.06-00.26.51:841][786]LogFbx: 		[Node Attribute Child 1] Circle (Type Mesh).
[2015.12.06-00.26.51:841][786]LogFbx: Dumping Node END [Circle]
[2015.12.06-00.26.51:842][786]LogFbx: =================================================
[2015.12.06-00.26.51:842][786]LogFbx: Dumping Node START [Cube.000] 
[2015.12.06-00.26.51:842][786]LogFbx: 	Total Deformer Count -1228111224.
[2015.12.06-00.26.51:842][786]LogFbx: 		[Node 1] Armature (Type Skin).
[2015.12.06-00.26.51:842][786]LogFbx: =================================================
[2015.12.06-00.26.51:842][786]LogFbx: 	Attribute (Cube.007) Type (4).
[2015.12.06-00.26.51:842][786]LogFbx: 		[Node Attribute Child 1] Cube.000 (Type Mesh).
[2015.12.06-00.26.51:842][786]LogFbx: Dumping Node END [Cube.000]
[2015.12.06-00.26.51:853][786]LogFbx:Warning: Not valid bind pose for Pose (Cube.002) - Node Cube.001 : The relative matrices do not match
[2015.12.06-00.26.51:854][786]LogFbx:Warning: Not valid bind pose for Pose (Cube.002) - Node Circle : The relative matrices do not match
[2015.12.06-00.26.51:854][786]LogFbx:Warning: Not valid bind pose for Pose (Cube.002) - Node Cube.000 : The relative matrices do not match
[2015.12.06-00.26.51:855][786]LogFbx:Warning: Not valid bind pose for Pose (Circle.001) - Node Cube.001 : The relative matrices do not match
[2015.12.06-00.26.51:856][786]LogFbx:Warning: Not valid bind pose for Pose (Circle.001) - Node Circle : The relative matrices do not match
[2015.12.06-00.26.51:856][786]LogFbx:Warning: Not valid bind pose for Pose (Circle.001) - Node Cube.000 : The relative matrices do not match
[2015.12.06-00.26.51:857][786]LogFbx:Warning: Not valid bind pose for Pose (Cube.007) - Node Cube.001 : The relative matrices do not match
[2015.12.06-00.26.51:858][786]LogFbx:Warning: Not valid bind pose for Pose (Cube.007) - Node Circle : The relative matrices do not match
[2015.12.06-00.26.51:858][786]LogFbx:Warning: Not valid bind pose for Pose (Cube.007) - Node Cube.000 : The relative matrices do not match
[2015.12.06-00.26.51:858][786]LogFbx:Warning: Getting valid bind pose failed. Try to recreate bind pose
[2015.12.06-00.26.51:861][786]LogFbx: Valid bind pose for Pose (FbxSDKBindPose) - Cube.001
[2015.12.06-00.26.51:862][786]LogFbx:Warning: Recreating bind pose succeeded.
[2015.12.06-00.26.51:863][786]LogFbx: Triangulating skeletal mesh Cube.001
[2015.12.06-00.26.51:933][786]LogFbx: Triangulating skeletal mesh Circle
[2015.12.06-00.26.52:099][786]LogFbx: Triangulating skeletal mesh Cube.000
[2015.12.06-00.26.55:519][786]LogFbx:Warning: Bones digested - 22  Depth of hierarchy - 10
[2015.12.06-00.26.55:561][786]LogSkeletalMesh: Chunk 0: 124 rigid vertices, 24 soft vertices, 4 active bones
[2015.12.06-00.26.55:562][786]LogSkeletalMesh: Chunk 1: 696 rigid vertices, 624 soft vertices, 19 active bones
[2015.12.06-00.26.55:566][786]LogSkeletalMesh: Section 0: Material=0, Chunk=0, 104 triangles
[2015.12.06-00.26.55:567][786]LogSkeletalMesh: Section 1: Material=2, Chunk=1, 1668 triangles
[2015.12.06-00.26.55:575][786]LogLinker:Warning: Can't find file '/Game/Game/Meshes/Characters/Elite_Soldier/Soldier_01_PhysicsAsset'
[2015.12.06-00.26.55:576][786]LogLinker:Warning: Can't find file '/Game/Game/Meshes/Characters/Elite_Soldier/Soldier_01_PhysicsAsset'
[2015.12.06-00.26.55:576][786]LogUObjectGlobals:Warning: Failed to find object 'Object /Game/Game/Meshes/Characters/Elite_Soldier/Soldier_01_PhysicsAsset.Soldier_01_PhysicsAsset'
[2015.12.06-00.26.55:597][786]FBXImport:Warning: Warning Warning: No smoothing group information was found in this FBX scene.  Please make sure to enable the 'Export Smoothing Groups' option in the FBX Exporter plug-in before exporting the file.  Even for tools that don't support smoothing groups, the FBX Exporter will generate appropriate smoothing data at export-time so that correct vertex normals can be inferred while importing. 
[2015.12.06-00.27.01:105][834]LogSkeletalMesh: InitArticulated: Bodies already created (/Engine/Transient.DebugSkelMeshComponent_0) - call TermArticulated first.
[2015.12.06-00.27.01:436][834]LogUObjectGlobals:Warning: Failed to find object 'Object /Engine/Tutorial/SubEditors/PersonaAnimEditorTutorial.PersonaAnimEditorTutorial_C'
[2015.12.06-00.27.01:573][835]LogRenderer: Reallocating scene render targets to support 812x700 (Frame:2541).
[2015.12.06-00.27.16:120][ 67]LogMaterial:Warning: Material /Game/Game/Meshes/Characters/Elite_Soldier/Elite_01_Head.Elite_01_Head needed to have new flag set bUsedWithSkeletalMesh !
[2015.12.06-00.27.16:127][ 67]LogMaterial: Missing cached shader map for material Elite_01_Head, compiling. 
[2015.12.06-00.27.16:297][ 67]LogMaterial: 0.001103 seconds spent updating 1 materials, 1 interfaces, 0 instances, 0 with static permutations.
[2015.12.06-00.27.24:995][211]LogMaterial:Warning: Material /Game/Game/Meshes/Characters/Elite_Soldier/Elite_01_Body.Elite_01_Body needed to have new flag set bUsedWithSkeletalMesh !
[2015.12.06-00.27.25:003][211]LogMaterial: Missing cached shader map for material Elite_01_Body, compiling. 
[2015.12.06-00.27.25:098][211]LogMaterial: 0.000768 seconds spent updating 1 materials, 1 interfaces, 0 instances, 0 with static permutations.
[2015.12.06-00.27.31:417][302]LogRenderer: Reallocating scene render targets to support 812x736 (Frame:3228).
[2015.12.06-00.27.31:417][302]LogContentBrowser:Verbose: The majority of assets in the view are of type: AnimSequence
[2015.12.06-00.28.04:563][957]LogActorComponent: UnregisterComponent: (/Engine/Transient.CharMoveComp) Not registered. Aborting.
[2015.12.06-00.28.04:622][957]LogParticles: Destroying 0 GPU particle simulations for FXSystem 0x000000BE86C72F20
[2015.12.06-00.28.04:625][957]LogParticles: Destroying 0 GPU particle simulations for FXSystem 0x000000BE86E1CCC0
[2015.12.06-00.28.05:033][957]Cmd: OBJ SAVEPACKAGE PACKAGE="/Game/Maps/Town" FILE="../../../../../../Users/Aaron/Documents/Unreal Projects/SwordProject-4.9-master/Content/Maps/Town.umap" SILENT=true AUTOSAVING=false KEEPDIRTY=false
[2015.12.06-00.28.11:953][957]LogSavePackage: Save=6587.029785ms
[2015.12.06-00.28.11:953][957]LogSavePackage: Moving '../../../../../../Users/Aaron/Documents/Unreal Projects/SwordProject-4.9-master/Saved/Town4778DFDA44328AF78453989F926728DE.tmp' to '../../../../../../Users/Aaron/Documents/Unreal Projects/SwordProject-4.9-master/Content/Maps/Town.umap'
[2015.12.06-00.28.11:975][957]LogSavePackage: Total save time: 6860.778343ms
[2015.12.06-00.28.11:975][957]LogSavePackage:Warning: Finished SavePackage ../../../../../../Users/Aaron/Documents/Unreal Projects/SwordProject-4.9-master/Content/Maps/Town.umap
[2015.12.06-00.28.12:256][957]LogFileHelpers: Saving map 'Town' took 7.574
[2015.12.06-00.28.24:815][957]LogSavePackage: Save=41.515301ms
[2015.12.06-00.28.24:815][957]LogSavePackage: Moving '../../../../../../Users/Aaron/Documents/Unreal Projects/SwordProject-4.9-master/Saved/Elite_01_Body259614B44797311B0203CBBB6B8A45CA.tmp' to '../../../../../../Users/Aaron/Documents/Unreal Projects/SwordProject-4.9-master/Content/Game/Meshes/Characters/Elite_Soldier/Elite_01_Body.uasset'
[2015.12.06-00.28.24:826][957]LogSavePackage: Total save time: 68.616968ms
[2015.12.06-00.28.24:826][957]LogSavePackage:Warning: Finished SavePackage ../../../../../../Users/Aaron/Documents/Unreal Projects/SwordProject-4.9-master/Content/Game/Meshes/Characters/Elite_Soldier/Elite_01_Body.uasset
[2015.12.06-00.28.24:984][957]LogSavePackage: Save=43.669727ms
[2015.12.06-00.28.24:984][957]LogSavePackage: Moving '../../../../../../Users/Aaron/Documents/Unreal Projects/SwordProject-4.9-master/Saved/Elite_01_Head9678F45B4A3F3EBE8AC874911B26574C.tmp' to '../../../../../../Users/Aaron/Documents/Unreal Projects/SwordProject-4.9-master/Content/Game/Meshes/Characters/Elite_Soldier/Elite_01_Head.uasset'
[2015.12.06-00.28.24:994][957]LogSavePackage: Total save time: 74.727848ms
[2015.12.06-00.28.24:994][957]LogSavePackage:Warning: Finished SavePackage ../../../../../../Users/Aaron/Documents/Unreal Projects/SwordProject-4.9-master/Content/Game/Meshes/Characters/Elite_Soldier/Elite_01_Head.uasset
[2015.12.06-00.28.25:147][957]LogSavePackage: Save=69.672127ms
[2015.12.06-00.28.25:148][957]LogSavePackage: Moving '../../../../../../Users/Aaron/Documents/Unreal Projects/SwordProject-4.9-master/Saved/Soldier_0170B2D61040364D8312835A850688E53B.tmp' to '../../../../../../Users/Aaron/Documents/Unreal Projects/SwordProject-4.9-master/Content/Game/Meshes/Characters/Elite_Soldier/Soldier_01.uasset'
[2015.12.06-00.28.25:159][957]LogSavePackage: Total save time: 81.531733ms
[2015.12.06-00.28.25:159][957]LogSavePackage:Warning: Finished SavePackage ../../../../../../Users/Aaron/Documents/Unreal Projects/SwordProject-4.9-master/Content/Game/Meshes/Characters/Elite_Soldier/Soldier_01.uasset
[2015.12.06-00.28.25:258][957]LogSavePackage: Save=52.508011ms
[2015.12.06-00.28.25:258][957]LogSavePackage: Moving '../../../../../../Users/Aaron/Documents/Unreal Projects/SwordProject-4.9-master/Saved/Soldier_01_PhysicsAssetF1C869F349C2ADA53652F68C1FFD52EF.tmp' to '../../../../../../Users/Aaron/Documents/Unreal Projects/SwordProject-4.9-master/Content/Game/Meshes/Characters/Elite_Soldier/Soldier_01_PhysicsAsset.uasset'
[2015.12.06-00.28.25:268][957]LogSavePackage: Total save time: 63.461222ms
[2015.12.06-00.28.25:268][957]LogSavePackage:Warning: Finished SavePackage ../../../../../../Users/Aaron/Documents/Unreal Projects/SwordProject-4.9-master/Content/Game/Meshes/Characters/Elite_Soldier/Soldier_01_PhysicsAsset.uasset
[2015.12.06-00.29.25:171][311]LogLinker:Warning: Asset '../../../Engine/Content/ArtTools/RenderToTexture/Macros/RenderToTextureMacros.uasset' has been saved with empty engine version. The asset will be loaded but may be incompatible.
[2015.12.06-00.29.28:635][311]LogContentBrowser: Native class hierarchy updated for 'BlueprintGraph' in 0.0025 seconds. Added 107 classes and 0 folders.
[2015.12.06-00.29.47:110][394]LogRenderer: Reallocating scene render targets to support 952x736 (Frame:4545).
[2015.12.06-00.29.53:438][460]LogActorComponent: UnregisterComponent: (/Engine/Transient.CharMoveComp) Not registered. Aborting.
[2015.12.06-00.29.53:439][460]LogActorComponent: UnregisterComponent: (/Engine/Transient.CharacterMovementComponent_0) Not registered. Aborting.
[2015.12.06-00.30.01:328][608]LogBlueprintUserMessages: Early PlayInEditor Detection: Level '/Game/Maps/Town.Town:PersistentLevel' has LevelScriptBlueprint '/Game/Maps/Town.Town:PersistentLevel.Town' with GeneratedClass '/Game/Maps/Town.Town_C' with ClassGeneratedBy '/Game/Maps/Town.Town:PersistentLevel.Town'
[2015.12.06-00.30.01:328][608]BlueprintLog: New page: Pre-Play auto-recompile
[2015.12.06-00.30.01:461][608]LogActorComponent: UnregisterComponent: (/Engine/Transient.CharacterMovementComponent_1) Not registered. Aborting.
[2015.12.06-00.30.01:490][608]LogPlayLevel: [PlayLevel] Compiling RobotCharacter before play...
[2015.12.06-00.30.04:859][608]LogSavePackage: Save=1889.407104ms
[2015.12.06-00.30.04:859][608]LogSavePackage: Moving '../../../../../../Users/Aaron/Documents/Unreal Projects/SwordProject-4.9-master/Saved/RobotCharacter235A71F34AC49A92B06D74BE2B4DC7A6.tmp' to '../../../../../../Users/Aaron/Documents/Unreal Projects/SwordProject-4.9-master/Content/ThirdPersonBP/Blueprints/RobotCharacter.uasset'
[2015.12.06-00.30.04:871][608]LogSavePackage: Total save time: 1945.907973ms
[2015.12.06-00.30.04:871][608]LogSavePackage:Warning: Finished SavePackage ../../../../../../Users/Aaron/Documents/Unreal Projects/SwordProject-4.9-master/Content/ThirdPersonBP/Blueprints/RobotCharacter.uasset
[2015.12.06-00.30.04:882][608]LogPlayLevel: PlayLevel: Blueprint regeneration took 3553 ms (3 blueprints)
[2015.12.06-00.30.04:894][608]LogPlayLevel: [PlayLevel] Compiling RobotCharacter01_Skeleton_AnimBlueprint before play...
[2015.12.06-00.30.05:460][608]LogPlayLevel: PlayLevel: Blueprint regeneration took 4132 ms (3 blueprints)
[2015.12.06-00.30.05:463][608]LogPlayLevel: [PlayLevel] Compiling PlayerHud before play...
[2015.12.06-00.30.05:792][608]LogActorComponent: UnregisterComponent: (/Engine/Transient.CharacterMovementComponent_2) Not registered. Aborting.
[2015.12.06-00.30.05:844][608]LogPlayLevel: PlayLevel: Blueprint regeneration took 4516 ms (4 blueprints)
[2015.12.06-00.30.05:859][608]LogPlayLevel: [PlayLevel] Compiling ThirdPersonCharacter before play...
[2015.12.06-00.30.06:992][608]LogPlayLevel: PlayLevel: Blueprint regeneration took 5663 ms (8 blueprints)
[2015.12.06-00.30.06:996][608]LogPlayLevel: [PlayLevel] Compiling Ai_Character before play...
[2015.12.06-00.30.07:360][608]LogPlayLevel: PlayLevel: Blueprint regeneration took 6031 ms (9 blueprints)
[2015.12.06-00.30.07:364][608]LogPlayLevel: [PlayLevel] Compiling Door_01 before play...
[2015.12.06-00.30.07:636][608]LogPlayLevel: PlayLevel: Blueprint regeneration took 6307 ms (9 blueprints)
[2015.12.06-00.30.07:636][608]LogPlayLevel: [PlayLevel] Compiling DealDamageTrace before play...
[2015.12.06-00.30.07:832][608]LogPlayLevel: PlayLevel: Blueprint regeneration took 6504 ms (9 blueprints)
[2015.12.06-00.30.07:841][608]LogPlayLevel: [PlayLevel] Compiling MainCharacter_Skeleton_AnimBlueprint before play...
[2015.12.06-00.30.08:117][608]LogPlayLevel: PlayLevel: Blueprint regeneration took 6789 ms (9 blueprints)
[2015.12.06-00.30.08:120][608]LogPlayLevel: [PlayLevel] Compiling FindTargets before play...
[2015.12.06-00.30.08:379][608]LogPlayLevel: PlayLevel: Blueprint regeneration took 7050 ms (9 blueprints)
[2015.12.06-00.30.08:622][608]PIE: New page: PIE session: Town (Dec 5, 2015, 8:30:08 AM)
[2015.12.06-00.30.08:622][608]LogPlayLevel: Creating play world package: /Game/Maps/UEDPIE_0_Town
[2015.12.06-00.30.09:225][608]LogPlayLevel: PIE: StaticDuplicateObject took: (0.603488s)
[2015.12.06-00.30.09:228][608]LogAIModule: Creating AISystem for world Town
[2015.12.06-00.30.09:229][608]LogPlayLevel: PIE: World Init took: (0.003443s)
[2015.12.06-00.30.09:230][608]LogPlayLevel: PIE: Created PIE world by copying editor world from /Game/Maps/Town.Town to /Game/Maps/UEDPIE_0_Town.Town (0.607760s)
[2015.12.06-00.30.09:352][608]LogInit: XAudio2 using 'Speaker/HP (Realtek High Definition Audio)' : 2 channels at 48 kHz using 32 bits per sample (channel mask 0x3)
[2015.12.06-00.30.09:382][608]LogInit: FAudioDevice initialized.
[2015.12.06-00.30.09:453][608]LogWorld: Game class is 'ThirdPersonGameMode_C'
[2015.12.06-00.30.10:045][608]LogWorld:Warning: *** WARNING - PATHS MAY NOT BE VALID ***
[2015.12.06-00.30.10:046][608]LogWorld: Bringing World /Game/Maps/UEDPIE_0_Town.Town up for play (max tick rate 60) at 2015.12.05-16.30.10
[2015.12.06-00.30.10:046][608]LogActor:Warning: GameSession /Game/Maps/UEDPIE_0_Town.Town:PersistentLevel.GameSession_1 has natively added scene component(s), but none of them were set as the actor's RootComponent - picking one arbitrarily
[2015.12.06-00.30.10:047][608]LogActor:Warning: GameNetworkManager /Game/Maps/UEDPIE_0_Town.Town:PersistentLevel.GameNetworkManager_1 has natively added scene component(s), but none of them were set as the actor's RootComponent - picking one arbitrarily
[2015.12.06-00.30.10:068][608]LogWorld: Bringing up level for play took: 0.604441
[2015.12.06-00.30.10:084][608]PIE: Info Play in editor start time for /Game/Maps/UEDPIE_0_Town 8.19
[2015.12.06-00.30.10:085][608]LogBlueprintUserMessages: Late PlayInEditor Detection: Level '/Game/Maps/Town.Town:PersistentLevel' has LevelScriptBlueprint '/Game/Maps/Town.Town:PersistentLevel.Town' with GeneratedClass '/Game/Maps/Town.Town_C' with ClassGeneratedBy '/Game/Maps/Town.Town:PersistentLevel.Town'
[2015.12.06-00.30.10:089][608]LogBlueprintUserMessages: [FindTargets_C_0] ImOving
[2015.12.06-00.30.10:090][608]LogBlueprintUserMessages: [FindTargets_C_0] ImOving
[2015.12.06-00.30.10:091][608]LogBlueprintUserMessages: [FindTargets_C_0] ImOving
[2015.12.06-00.30.16:135][724]LogBlueprintUserMessages: [FindTargets_C_0] ImOving
[2015.12.06-00.30.16:235][726]LogBlueprintUserMessages: [FindTargets_C_0] ImOving
[2015.12.06-00.30.16:641][734]LogBlueprintUserMessages: [FindTargets_C_0] ImOving
[2015.12.06-00.30.18:796][777]LogBlueprintUserMessages: [RobotCharacter_C_29] X=0.000 Y=-1.000 Z=0.000
[2015.12.06-00.30.18:797][777]LogAnimation:Warning: JumpToSectionName Root bEndOfSection: 0 failed for Montage RobotCharacter01_Climb_Montage
[2015.12.06-00.30.23:666][877]LogBlueprintUserMessages: [FindTargets_C_0] ImOving
[2015.12.06-00.30.23:842][881]LogBlueprintUserMessages: [FindTargets_C_0] ImOving
[2015.12.06-00.30.23:932][883]LogBlueprintUserMessages: [FindTargets_C_0] ImOving
[2015.12.06-00.30.24:700][900]LogBlueprintUserMessages: [RobotCharacter_C_29] X=1.000 Y=-0.000 Z=0.000
[2015.12.06-00.30.24:700][900]LogAnimation:Warning: JumpToSectionName Root bEndOfSection: 0 failed for Montage RobotCharacter01_Climb_Montage
[2015.12.06-00.30.30:689][ 28]LogBlueprintUserMessages: [FindTargets_C_0] ImOving
[2015.12.06-00.30.30:919][ 33]LogBlueprintUserMessages: [RobotCharacter_C_29] X=-1.000 Y=0.000 Z=0.000
[2015.12.06-00.30.30:919][ 33]LogAnimation:Warning: JumpToSectionName Root bEndOfSection: 0 failed for Montage RobotCharacter01_Climb_Montage
[2015.12.06-00.30.31:110][ 37]LogBlueprintUserMessages: [FindTargets_C_0] ImOving
[2015.12.06-00.30.32:398][ 65]LogBlueprintUserMessages: [RobotCharacter_C_29] X=-0.000 Y=1.000 Z=-0.001
[2015.12.06-00.30.32:398][ 65]LogAnimation:Warning: JumpToSectionName Root bEndOfSection: 0 failed for Montage RobotCharacter01_Climb_Montage
[2015.12.06-00.30.33:928][ 98]LogBlueprintUserMessages: [FindTargets_C_0] ImOving
[2015.12.06-00.30.34:048][100]LogBlueprintUserMessages: [Door_01_174] yo
[2015.12.06-00.30.34:049][100]LogBlueprintUserMessages: [RobotCharacter_C_29] X=-0.000 Y=-1.000 Z=0.000
[2015.12.06-00.30.34:049][100]LogAnimation:Warning: JumpToSectionName Root bEndOfSection: 0 failed for Montage RobotCharacter01_Climb_Montage
[2015.12.06-00.30.34:115][102]LogBlueprintUserMessages: [Door_01_174] yo
[2015.12.06-00.30.34:118][102]LogBlueprintUserMessages: [Door_01_174] yo
[2015.12.06-00.30.34:204][104]LogBlueprintUserMessages: [Door_01_174] yo
[2015.12.06-00.30.34:516][111]LogBlueprintUserMessages: [Door_01_174] yo
[2015.12.06-00.30.34:788][117]LogBlueprintUserMessages: [Door_01_174] yo
[2015.12.06-00.30.34:934][120]LogBlueprintUserMessages: [Door_01_174] yo
[2015.12.06-00.30.35:172][125]LogBlueprintUserMessages: [Door_01_174] yo
[2015.12.06-00.30.37:058][166]LogBlueprintUserMessages: [FindTargets_C_0] ImOving
[2015.12.06-00.30.37:467][175]LogBlueprintUserMessages: [Door_01_174] yo
[2015.12.06-00.30.39:486][220]LogBlueprintUserMessages: [FindTargets_C_0] ImOving
[2015.12.06-00.30.42:739][290]LogBlueprintUserMessages: [FindTargets_C_0] ImOving
[2015.12.06-00.30.43:215][300]LogBlueprintUserMessages: [ConeTrace_C_1] SEEN
[2015.12.06-00.30.43:263][301]LogBlueprintUserMessages: [FindTargets_C_0] Hellwfwfwo
[2015.12.06-00.30.45:694][352]LogAnimation:Warning: Playing a Montage (Robot2_Swing_03_Montage) for the wrong Skeleton (RobotCharacter01_Skeleton) instead of (Robot2_Skeleton).
[2015.12.06-00.30.45:694][352]LogBlueprintUserMessages: [Ai_Character_C_4] iamhurt
[2015.12.06-00.30.45:882][356]LogAnimation:Warning: Playing a Montage (Robot2_Swing_03_Montage) for the wrong Skeleton (RobotCharacter01_Skeleton) instead of (Robot2_Skeleton).
[2015.12.06-00.30.45:882][356]LogBlueprintUserMessages: [Ai_Character_C_4] iamhurt
[2015.12.06-00.30.46:163][362]LogBlueprintUserMessages: [Ai_Character_C_4] Hello
[2015.12.06-00.30.47:145][383]LogBlueprintUserMessages: [FindTargets_C_0] ImOving
[2015.12.06-00.30.47:236][385]LogBlueprintUserMessages: [FindTargets_C_0] ImOving
[2015.12.06-00.30.53:410][521]LogBlueprintUserMessages:Warning: Time Dilation must be between 0.0001 and 20.  Clamping value to that range.
[2015.12.06-00.30.53:697][527]LogBlueprintUserMessages: [FindTargets_C_0] ImOving
[2015.12.06-00.30.53:883][531]LogBlueprintUserMessages:Warning: Time Dilation must be between 0.0001 and 20.  Clamping value to that range.
[2015.12.06-00.30.53:979][533]LogBlueprintUserMessages: [FindTargets_C_0] ImOving
[2015.12.06-00.30.55:423][565]LogBlueprintUserMessages: [FindTargets_C_0] ImOving
[2015.12.06-00.31.01:365][693]LogBlueprintUserMessages: [FindTargets_C_0] ImOving
[2015.12.06-00.31.01:415][694]LogAnimation:Warning: Playing a Montage (Robot2_Swing_03_Montage) for the wrong Skeleton (RobotCharacter01_Skeleton) instead of (Robot2_Skeleton).
[2015.12.06-00.31.01:415][694]LogBlueprintUserMessages: [Ai_Character_C_3] iamhurt
[2015.12.06-00.31.01:882][704]LogBlueprintUserMessages: [Ai_Character_C_3] Hello
[2015.12.06-00.31.04:493][761]LogActorComponent: UnregisterComponent: (/Engine/Transient.CharMoveComp) Not registered. Aborting.
[2015.12.06-00.31.04:495][761]LogActorComponent: UnregisterComponent: (/Engine/Transient.CharacterMovementComponent_3) Not registered. Aborting.
[2015.12.06-00.31.05:110][773]LogBlueprintUserMessages: [RobotCharacter_C_29] X=0.000 Y=-1.000 Z=0.000
[2015.12.06-00.31.05:111][773]LogAnimation:Warning: JumpToSectionName Root bEndOfSection: 0 failed for Montage RobotCharacter01_Climb_Montage
[2015.12.06-00.31.07:429][822]LogBlueprintUserMessages: [RobotCharacter_C_29] X=-1.000 Y=0.000 Z=0.000
[2015.12.06-00.31.07:430][822]LogAnimation:Warning: JumpToSectionName Root bEndOfSection: 0 failed for Montage RobotCharacter01_Climb_Montage
[2015.12.06-00.31.09:584][868]LogBlueprintUserMessages: [RobotCharacter_C_29] X=0.000 Y=-1.000 Z=0.000
[2015.12.06-00.31.09:584][868]LogAnimation:Warning: JumpToSectionName Root bEndOfSection: 0 failed for Montage RobotCharacter01_Climb_Montage
[2015.12.06-00.31.13:554][950]LogBlueprintUserMessages: [RobotCharacter_C_29] X=0.000 Y=1.000 Z=0.000
[2015.12.06-00.31.13:554][950]LogAnimation:Warning: JumpToSectionName Root bEndOfSection: 0 failed for Montage RobotCharacter01_Climb_Montage
[2015.12.06-00.31.14:864][978]LogBlueprintUserMessages: [FindTargets_C_0] ImOving
[2015.12.06-00.31.16:417][ 10]LogBlueprintUserMessages: [RobotCharacter_C_29] X=-1.000 Y=0.000 Z=0.000
[2015.12.06-00.31.16:418][ 10]LogAnimation:Warning: JumpToSectionName Root bEndOfSection: 0 failed for Montage RobotCharacter01_Climb_Montage
[2015.12.06-00.31.17:688][ 37]LogBlueprintUserMessages: [RobotCharacter_C_29] X=0.000 Y=1.000 Z=0.000
[2015.12.06-00.31.17:688][ 37]LogAnimation:Warning: JumpToSectionName Root bEndOfSection: 0 failed for Montage RobotCharacter01_Climb_Montage
[2015.12.06-00.31.18:615][ 56]LogBlueprintUserMessages: [RobotCharacter_C_29] X=0.000 Y=1.000 Z=0.000
[2015.12.06-00.31.18:615][ 56]LogAnimation:Warning: JumpToSectionName Root bEndOfSection: 0 failed for Montage RobotCharacter01_Climb_Montage
[2015.12.06-00.31.19:581][ 75]LogAnimation:Warning: Playing a Montage (Robot2_Swing_03_Montage) for the wrong Skeleton (RobotCharacter01_Skeleton) instead of (Robot2_Skeleton).
[2015.12.06-00.31.19:581][ 75]LogBlueprintUserMessages: [Ai_Character_C_5] iamhurt
[2015.12.06-00.31.19:584][ 75]LogBlueprintUserMessages: [ConeTrace_C_1] SEEN
[2015.12.06-00.31.20:038][ 84]LogBlueprintUserMessages: [Ai_Character_C_5] Hello
[2015.12.06-00.31.22:498][134]LogBlueprintUserMessages:Warning: Time Dilation must be between 0.0001 and 20.  Clamping value to that range.
[2015.12.06-00.31.23:074][147]LogBlueprintUserMessages:Warning: Time Dilation must be between 0.0001 and 20.  Clamping value to that range.
[2015.12.06-00.31.23:932][166]LogBlueprintUserMessages:Warning: Time Dilation must be between 0.0001 and 20.  Clamping value to that range.
[2015.12.06-00.31.24:213][172]LogBlueprintUserMessages: [Door_01_174] yo
[2015.12.06-00.31.24:258][173]LogBlueprintUserMessages: [Door_01_174] yo
[2015.12.06-00.31.27:922][249]LogBlueprintUserMessages: Early EndPlayMap Detection: Level '/Game/Maps/Town.Town:PersistentLevel' has LevelScriptBlueprint '/Game/Maps/Town.Town:PersistentLevel.Town' with GeneratedClass '/Game/Maps/Town.Town_C' with ClassGeneratedBy '/Game/Maps/Town.Town:PersistentLevel.Town'
[2015.12.06-00.31.28:020][249]LogBlueprintUserMessages: Late EndPlayMap Detection: Level '/Game/Maps/Town.Town:PersistentLevel' has LevelScriptBlueprint '/Game/Maps/Town.Town:PersistentLevel.Town' with GeneratedClass '/Game/Maps/Town.Town_C' with ClassGeneratedBy '/Game/Maps/Town.Town:PersistentLevel.Town'
[2015.12.06-00.31.28:273][250]LogParticles: Destroying 0 GPU particle simulations for FXSystem 0x000000BE98589A80
[2015.12.06-00.31.29:133][257]Cmd: OBJ SAVEPACKAGE PACKAGE="/Game/Maps/Town" FILE="../../../../../../Users/Aaron/Documents/Unreal Projects/SwordProject-4.9-master/Content/Maps/Town.umap" SILENT=true AUTOSAVING=false KEEPDIRTY=false
[2015.12.06-00.31.35:483][257]LogSavePackage: Save=6188.757813ms
[2015.12.06-00.31.35:484][257]LogSavePackage: Moving '../../../../../../Users/Aaron/Documents/Unreal Projects/SwordProject-4.9-master/Saved/Town9EB7D46B4042BD83ACD481B5D759CF61.tmp' to '../../../../../../Users/Aaron/Documents/Unreal Projects/SwordProject-4.9-master/Content/Maps/Town.umap'
[2015.12.06-00.31.35:505][257]LogSavePackage: Total save time: 6243.285112ms
[2015.12.06-00.31.35:505][257]LogSavePackage:Warning: Finished SavePackage ../../../../../../Users/Aaron/Documents/Unreal Projects/SwordProject-4.9-master/Content/Maps/Town.umap
[2015.12.06-00.31.35:757][257]LogFileHelpers: Saving map 'Town' took 6.922
[2015.12.06-00.32.11:429][379]LogActorComponent: UnregisterComponent: (/Engine/Transient.CharMoveComp) Not registered. Aborting.
[2015.12.06-00.32.11:430][379]LogActorComponent: UnregisterComponent: (/Engine/Transient.CharacterMovementComponent_4) Not registered. Aborting.
[2015.12.06-00.32.12:903][379]LogWindowsTextInputMethodSystem:Display: IME system now deactivated.
[2015.12.06-00.32.14:055][380]Cmd: QUIT_EDITOR
[2015.12.06-00.32.16:221][380]LogExit: Preparing to exit.
[2015.12.06-00.32.17:338][380]LogExit: Editor shut down
[2015.12.06-00.32.17:340][380]LogExit: Transaction tracking system shut down
[2015.12.06-00.32.17:433][380]LogParticles: Destroying 0 GPU particle simulations for FXSystem 0x000000BE86C39DA0
[2015.12.06-00.32.17:438][380]LogParticles: Destroying 0 GPU particle simulations for FXSystem 0x000000BE99FB8900
[2015.12.06-00.32.17:443][380]LogParticles: Destroying 0 GPU particle simulations for FXSystem 0x000000BE86E92660
[2015.12.06-00.32.17:444][380]LogParticles: Destroying 0 GPU particle simulations for FXSystem 0x000000BE870CD760
[2015.12.06-00.32.17:447][380]LogParticles: Destroying 0 GPU particle simulations for FXSystem 0x000000BE9A77F9C0
[2015.12.06-00.32.17:455][380]LogParticles: Destroying 0 GPU particle simulations for FXSystem 0x000000BE9A77D120
[2015.12.06-00.32.17:456][380]LogParticles: Destroying 0 GPU particle simulations for FXSystem 0x000000BEA7125A80
[2015.12.06-00.32.17:456][380]LogParticles: Destroying 0 GPU particle simulations for FXSystem 0x000000BEAE6D98A0
[2015.12.06-00.32.17:457][380]LogParticles: Destroying 0 GPU particle simulations for FXSystem 0x000000BEA71265C0
[2015.12.06-00.32.17:457][380]LogParticles: Destroying 0 GPU particle simulations for FXSystem 0x000000BEA71263E0
[2015.12.06-00.32.17:458][380]LogParticles: Destroying 0 GPU particle simulations for FXSystem 0x000000BEA7763560
[2015.12.06-00.32.19:577][380]LogExit: Object subsystem successfully closed.
[2015.12.06-00.32.19:836][380]LogD3D11RHI: Shutdown
[2015.12.06-00.32.19:837][380]LogD3D11RHI: CleanupD3DDevice
[2015.12.06-00.32.20:120][380]LogD3D11RHI: ~FD3D11DynamicRHI
[2015.12.06-00.32.20:967][380]LogModuleManager: Shutting down and abandoning module BlueprintGraph (198)
[2015.12.06-00.32.20:967][380]LogModuleManager: Shutting down and abandoning module CrashTracker (197)
[2015.12.06-00.32.20:967][380]LogModuleManager: Shutting down and abandoning module SceneOutliner (196)
[2015.12.06-00.32.20:967][380]LogModuleManager: Shutting down and abandoning module SuperSearch (195)
[2015.12.06-00.32.20:967][380]LogModuleManager: Shutting down and abandoning module WidgetCarousel (194)
[2015.12.06-00.32.20:967][380]LogModuleManager: Shutting down and abandoning module AddContentDialog (193)
[2015.12.06-00.32.21:018][380]LogModuleManager: Shutting down and abandoning module EditorWidgets (192)
[2015.12.06-00.32.21:018][380]LogModuleManager: Shutting down and abandoning module CollectionManager (191)
[2015.12.06-00.32.21:031][380]LogModuleManager: Shutting down and abandoning module StatsViewer (190)
[2015.12.06-00.32.21:058][380]LogModuleManager: Shutting down and abandoning module FoliageEdit (189)
[2015.12.06-00.32.21:077][380]LogModuleManager: Shutting down and abandoning module LandscapeEditor (188)
[2015.12.06-00.32.21:091][380]LogModuleManager: Shutting down and abandoning module ActorPickerMode (187)
[2015.12.06-00.32.21:092][380]LogModuleManager: Shutting down and abandoning module GeometryMode (186)
[2015.12.06-00.32.21:092][380]LogModuleManager: Shutting down and abandoning module TextureAlignMode (185)
[2015.12.06-00.32.21:092][380]LogModuleManager: Shutting down and abandoning module BspMode (184)
[2015.12.06-00.32.21:092][380]LogModuleManager: Shutting down and abandoning module PlacementMode (183)
[2015.12.06-00.32.21:092][380]LogModuleManager: Shutting down and abandoning module AutomationWorker (182)
[2015.12.06-00.32.21:105][380]LogModuleManager: Shutting down and abandoning module CharacterAI (181)
[2015.12.06-00.32.21:105][380]LogModuleManager: Shutting down and abandoning module SmartSnapping (180)
[2015.12.06-00.32.21:105][380]LogModuleManager: Shutting down and abandoning module ViewportSnapping (179)
[2015.12.06-00.32.21:105][380]LogModuleManager: Shutting down and abandoning module LogVisualizer (178)
[2015.12.06-00.32.21:152][380]LogModuleManager: Shutting down and abandoning module GameProjectGeneration (177)
[2015.12.06-00.32.21:165][380]LogModuleManager: Shutting down and abandoning module IntroTutorials (176)
[2015.12.06-00.32.21:180][380]LogModuleManager: Shutting down and abandoning module EditorLiveStreaming (175)
[2015.12.06-00.32.21:180][380]LogModuleManager: Shutting down and abandoning module IOSPlatformEditor (174)
[2015.12.06-00.32.21:191][380]LogModuleManager: Shutting down and abandoning module HTML5PlatformEditor (173)
[2015.12.06-00.32.21:191][380]LogModuleManager: Shutting down and abandoning module AndroidDeviceDetection (172)
[2015.12.06-00.32.21:589][380]LogModuleManager: Shutting down and abandoning module AndroidPlatformEditor (171)
[2015.12.06-00.32.21:590][380]LogModuleManager: Shutting down and abandoning module IOSRuntimeSettings (170)
[2015.12.06-00.32.21:590][380]LogModuleManager: Shutting down and abandoning module AndroidRuntimeSettings (169)
[2015.12.06-00.32.21:590][380]LogModuleManager: Shutting down and abandoning module MergeActors (168)
[2015.12.06-00.32.21:625][380]LogModuleManager: Shutting down and abandoning module SizeMap (167)
[2015.12.06-00.32.21:625][380]LogModuleManager: Shutting down and abandoning module TreeMap (166)
[2015.12.06-00.32.21:625][380]LogModuleManager: Shutting down and abandoning module ReferenceViewer (165)
[2015.12.06-00.32.21:626][380]LogModuleManager: Shutting down and abandoning module LocalizationService (164)
[2015.12.06-00.32.21:642][380]LogModuleManager: Shutting down and abandoning module LocalizationDashboard (163)
[2015.12.06-00.32.21:648][380]LogModuleManager: Shutting down and abandoning module HardwareTargeting (162)
[2015.12.06-00.32.21:648][380]LogModuleManager: Shutting down and abandoning module DeviceProfileEditor (161)
[2015.12.06-00.32.21:648][380]LogModuleManager: Shutting down and abandoning module UndoHistory (160)
[2015.12.06-00.32.21:659][380]LogModuleManager: Shutting down and abandoning module GameplayTagsEditor (159)
[2015.12.06-00.32.21:659][380]LogModuleManager: Shutting down and abandoning module UserFeedback (158)
[2015.12.06-00.32.21:659][380]LogModuleManager: Shutting down and abandoning module XmlParser (157)
[2015.12.06-00.32.21:659][380]LogModuleManager: Shutting down and abandoning module Blutility (156)
[2015.12.06-00.32.21:659][380]LogModuleManager: Shutting down and abandoning module ProjectTargetPlatformEditor (155)
[2015.12.06-00.32.21:660][380]LogModuleManager: Shutting down and abandoning module ProjectSettingsViewer (154)
[2015.12.06-00.32.21:660][380]LogModuleManager: Shutting down and abandoning module InputBindingEditor (153)
[2015.12.06-00.32.21:682][380]LogModuleManager: Shutting down and abandoning module EditorSettingsViewer (152)
[2015.12.06-00.32.21:682][380]LogModuleManager: Shutting down and abandoning module SettingsEditor (151)
[2015.12.06-00.32.21:692][380]LogModuleManager: Shutting down and abandoning module ProjectLauncher (150)
[2015.12.06-00.32.21:692][380]LogModuleManager: Shutting down and abandoning module SessionFrontend (149)
[2015.12.06-00.32.21:707][380]LogModuleManager: Shutting down and abandoning module ProfilerClient (148)
[2015.12.06-00.32.21:715][380]LogModuleManager: Shutting down and abandoning module TargetDeviceServices (147)
[2015.12.06-00.32.21:715][380]LogModuleManager: Shutting down and abandoning module DeviceManager (146)
[2015.12.06-00.32.21:738][380]LogModuleManager: Shutting down and abandoning module AutomationController (145)
[2015.12.06-00.32.21:752][380]LogModuleManager: Shutting down and abandoning module AutomationWindow (144)
[2015.12.06-00.32.21:766][380]LogModuleManager: Shutting down and abandoning module Layers (143)
[2015.12.06-00.32.21:797][380]LogModuleManager: Shutting down and abandoning module ComponentVisualizers (142)
[2015.12.06-00.32.21:797][380]LogModuleManager: Shutting down and abandoning module DetailCustomizations (141)
[2015.12.06-00.32.21:805][380]LogModuleManager: Shutting down and abandoning module PackagesDialog (140)
[2015.12.06-00.32.21:806][380]LogModuleManager: Shutting down and abandoning module Persona (139)
[2015.12.06-00.32.21:806][380]LogModuleManager: Shutting down and abandoning module Kismet (138)
[2015.12.06-00.32.21:806][380]LogModuleManager: Shutting down and abandoning module GraphEditor (137)
[2015.12.06-00.32.21:806][380]LogModuleManager: Shutting down and abandoning module ClassViewer (136)
[2015.12.06-00.32.21:816][380]LogModuleManager: Shutting down and abandoning module Toolbox (135)
[2015.12.06-00.32.21:817][380]LogModuleManager: Shutting down and abandoning module ModuleUI (134)
[2015.12.06-00.32.21:833][380]LogModuleManager: Shutting down and abandoning module MovieSceneTools (133)
[2015.12.06-00.32.21:834][380]LogModuleManager: Shutting down and abandoning module OutputLog (132)
[2015.12.06-00.32.21:848][380]LogModuleManager: Shutting down and abandoning module GammaUI (131)
[2015.12.06-00.32.21:857][380]LogModuleManager: Shutting down and abandoning module Documentation (130)
[2015.12.06-00.32.21:857][380]LogModuleManager: Shutting down and abandoning module GameLiveStreaming (129)
[2015.12.06-00.32.21:869][380]LogModuleManager: Shutting down and abandoning module StreamingPauseRendering (128)
[2015.12.06-00.32.21:869][380]LogModuleManager: Shutting down and abandoning module AnalyticsET (127)
[2015.12.06-00.32.21:869][380]LogModuleManager: Shutting down and abandoning module Analytics (126)
[2015.12.06-00.32.21:869][380]LogModuleManager: Shutting down and abandoning module AITestSuite (125)
[2015.12.06-00.32.21:881][380]LogModuleManager: Shutting down and abandoning module GameplayDebugger (124)
[2015.12.06-00.32.21:882][380]LogModuleManager: Shutting down and abandoning module AIModule (123)
[2015.12.06-00.32.21:882][380]LogModuleManager: Shutting down and abandoning module ProfilerService (122)
[2015.12.06-00.32.22:061][380]LogModuleManager: Shutting down and abandoning module TaskGraph (121)
[2015.12.06-00.32.22:079][380]LogModuleManager: Shutting down and abandoning module SlateRemote (120)
[2015.12.06-00.32.22:079][380]LogModuleManager: Shutting down and abandoning module SteamVRController (119)
[2015.12.06-00.32.22:079][380]LogModuleManager: Shutting down and abandoning module SteamVR (118)
[2015.12.06-00.32.22:079][380]LogModuleManager: Shutting down and abandoning module ProceduralMeshComponent (117)
[2015.12.06-00.32.22:079][380]LogModuleManager: Shutting down and abandoning module OculusRift (116)
[2015.12.06-00.32.22:079][380]LogModuleManager: Shutting down and abandoning module OculusLibrary (115)
[2015.12.06-00.32.22:079][380]LogModuleManager: Shutting down and abandoning module LeapMotionController (114)
[2015.12.06-00.32.22:167][380]LogModuleManager: Shutting down and abandoning module CustomMeshComponent (113)
[2015.12.06-00.32.22:176][380]LogModuleManager: Shutting down and abandoning module CableComponent (112)
[2015.12.06-00.32.22:176][380]LogModuleManager: Shutting down and abandoning module ArchVisCharacter (111)
[2015.12.06-00.32.22:176][380]LogModuleManager: Shutting down and abandoning module MessagingDebugger (110)
[2015.12.06-00.32.22:190][380]LogModuleManager: Shutting down and abandoning module MediaPlayerEditor (109)
[2015.12.06-00.32.22:203][380]LogModuleManager: Shutting down and abandoning module HTML5Networking (108)
[2015.12.06-00.32.22:204][380]LogModuleManager: Shutting down and abandoning module SpeedTreeImporter (107)
[2015.12.06-00.32.22:204][380]LogModuleManager: Shutting down and abandoning module PluginBrowser (106)
[2015.12.06-00.32.22:213][380]LogModuleManager: Shutting down and abandoning module EpicSurvey (105)
[2015.12.06-00.32.22:213][380]LogModuleManager: Shutting down and abandoning module DesktopPlatform (104)
[2015.12.06-00.32.22:227][380]LogModuleManager: Shutting down and abandoning module VisualStudioSourceCodeAccess (103)
[2015.12.06-00.32.22:227][380]LogModuleManager: Shutting down and abandoning module UObjectPlugin (102)
[2015.12.06-00.32.22:227][380]LogModuleManager: Shutting down and abandoning module SubversionSourceControl (101)
[2015.12.06-00.32.22:227][380]LogModuleManager: Shutting down and abandoning module PerforceSourceControl (100)
[2015.12.06-00.32.22:245][380]LogModuleManager: Shutting down and abandoning module SourceControl (99)
[2015.12.06-00.32.22:255][380]LogModuleManager: Shutting down and abandoning module GitSourceControl (98)
[2015.12.06-00.32.22:256][380]LogModuleManager: Shutting down and abandoning module LightPropagationVolumeEditor (97)
[2015.12.06-00.32.22:256][380]LogModuleManager: Shutting down and abandoning module PaperTiledImporter (96)
[2015.12.06-00.32.22:284][380]LogModuleManager: Shutting down and abandoning module PaperSpriteSheetImporter (95)
[2015.12.06-00.32.22:284][380]LogModuleManager: Shutting down and abandoning module MeshPaint (94)
[2015.12.06-00.32.22:294][380]LogModuleManager: Shutting down and abandoning module SlateReflector (93)
[2015.12.06-00.32.22:295][380]LogModuleManager: Shutting down and abandoning module HotReload (92)
[2015.12.06-00.32.22:301][380]LogModuleManager: Shutting down and abandoning module MainFrame (91)
[2015.12.06-00.32.22:302][380]LogModuleManager: Shutting down and abandoning module LevelEditor (90)
[2015.12.06-00.32.22:321][380]LogModuleManager: Shutting down and abandoning module DirectoryWatcher (89)
[2015.12.06-00.32.22:326][380]LogModuleManager: Shutting down and abandoning module AssetRegistry (88)
[2015.12.06-00.32.22:598][380]LogModuleManager: Shutting down and abandoning module ContentBrowser (87)
[2015.12.06-00.32.22:600][380]LogModuleManager: Shutting down and abandoning module Paper2DEditor (86)
[2015.12.06-00.32.22:623][380]LogModuleManager: Shutting down and abandoning module UdpMessaging (85)
[2015.12.06-00.32.22:727][380]LogModuleManager: Shutting down and abandoning module LightPropagationVolumeRuntime (84)
[2015.12.06-00.32.22:727][380]LogModuleManager: Shutting down and abandoning module Paper2D (83)
[2015.12.06-00.32.22:746][380]LogModuleManager: Shutting down and abandoning module WindowsMoviePlayer (82)
[2015.12.06-00.32.22:808][380]LogModuleManager: Shutting down and abandoning module Media (81)
[2015.12.06-00.32.22:809][380]LogModuleManager: Shutting down and abandoning module WmfMedia (80)
[2015.12.06-00.32.22:812][380]LogModuleManager: Shutting down and abandoning module OnlineBlueprintSupport (79)
[2015.12.06-00.32.22:812][380]LogModuleManager: Shutting down and abandoning module GameplayTasksEditor (78)
[2015.12.06-00.32.22:812][380]LogModuleManager: Shutting down and abandoning module PropertyEditor (77)
[2015.12.06-00.32.22:812][380]LogModuleManager: Shutting down and abandoning module BehaviorTreeEditor (76)
[2015.12.06-00.32.22:852][380]LogModuleManager: Shutting down and abandoning module FunctionalTesting (75)
[2015.12.06-00.32.22:852][380]LogModuleManager: Shutting down and abandoning module CollisionAnalyzer (74)
[2015.12.06-00.32.22:873][380]LogModuleManager: Shutting down and abandoning module WorkspaceMenuStructure (73)
[2015.12.06-00.32.22:873][380]LogModuleManager: Shutting down and abandoning module MessageLog (72)
[2015.12.06-00.32.22:873][380]LogModuleManager: Shutting down and abandoning module Sequencer (71)
[2015.12.06-00.32.22:901][380]LogModuleManager: Shutting down and abandoning module AssetTools (70)
[2015.12.06-00.32.22:933][380]LogModuleManager: Shutting down and abandoning module UMGEditor (69)
[2015.12.06-00.32.22:934][380]LogModuleManager: Shutting down and abandoning module UMG (68)
[2015.12.06-00.32.22:934][380]LogModuleManager: Shutting down and abandoning module Slate (67)
[2015.12.06-00.32.22:934][380]LogModuleManager: Shutting down and abandoning module EditorStyle (66)
[2015.12.06-00.32.22:951][380]LogModuleManager: Shutting down and abandoning module SessionServices (65)
[2015.12.06-00.32.22:951][380]LogModuleManager: Shutting down and abandoning module SourceCodeAccess (64)
[2015.12.06-00.32.22:951][380]LogModuleManager: Shutting down and abandoning module HeadMountedDisplay (63)
[2015.12.06-00.32.22:951][380]LogModuleManager: Shutting down and abandoning module XAudio2 (62)
[2015.12.06-00.32.22:952][380]LogModuleManager: Shutting down and abandoning module Networking (60)
[2015.12.06-00.32.22:952][380]LogModuleManager: Shutting down and abandoning module Core (59)
[2015.12.06-00.32.22:952][380]LogModuleManager: Shutting down and abandoning module KismetCompiler (58)
[2015.12.06-00.32.22:952][380]LogModuleManager: Shutting down and abandoning module PhysXFormats (57)
[2015.12.06-00.32.22:952][380]LogModuleManager: Shutting down and abandoning module MeshUtilities (56)
[2015.12.06-00.32.22:952][380]LogModuleManager: Shutting down and abandoning module CookingStats (55)
[2015.12.06-00.32.23:059][380]LogModuleManager: Shutting down and abandoning module DerivedDataCache (54)
[2015.12.06-00.32.23:138][380]LogDerivedDataCache: Shutdown
[2015.12.06-00.32.23:138][380]LogModuleManager: Shutting down and abandoning module ShaderFormatOpenGL (53)
[2015.12.06-00.32.23:156][380]LogModuleManager: Shutting down and abandoning module ShaderFormatD3D (52)
[2015.12.06-00.32.23:157][380]LogModuleManager: Shutting down and abandoning module MetalShaderFormat (51)
[2015.12.06-00.32.23:171][380]LogModuleManager: Shutting down and abandoning module TextureFormatUncompressed (50)
[2015.12.06-00.32.23:172][380]LogModuleManager: Shutting down and abandoning module TextureFormatPVR (49)
[2015.12.06-00.32.23:172][380]LogModuleManager: Shutting down and abandoning module TextureFormatIntelISPCTexComp (48)
[2015.12.06-00.32.23:172][380]LogModuleManager: Shutting down and abandoning module TextureFormatDXT (47)
[2015.12.06-00.32.23:172][380]LogModuleManager: Shutting down and abandoning module ImageWrapper (46)
[2015.12.06-00.32.23:172][380]LogModuleManager: Shutting down and abandoning module TextureFormatASTC (45)
[2015.12.06-00.32.23:172][380]LogModuleManager: Shutting down and abandoning module TextureFormatAndroid (44)
[2015.12.06-00.32.23:172][380]LogModuleManager: Shutting down and abandoning module AudioFormatOpus (43)
[2015.12.06-00.32.23:187][380]LogModuleManager: Shutting down and abandoning module AudioFormatOgg (42)
[2015.12.06-00.32.23:187][380]LogModuleManager: Shutting down and abandoning module AudioFormatADPCM (41)
[2015.12.06-00.32.23:188][380]LogModuleManager: Shutting down and abandoning module LinuxTargetPlatform (40)
[2015.12.06-00.32.23:188][380]LogModuleManager: Shutting down and abandoning module LinuxServerTargetPlatform (39)
[2015.12.06-00.32.23:196][380]LogModuleManager: Shutting down and abandoning module LinuxNoEditorTargetPlatform (38)
[2015.12.06-00.32.23:202][380]LogModuleManager: Shutting down and abandoning module Messaging (37)
[2015.12.06-00.32.23:202][380]LogModuleManager: Shutting down and abandoning module IOSTargetPlatform (36)
[2015.12.06-00.32.23:202][380]LogModuleManager: Shutting down and abandoning module HTML5TargetPlatform (35)
[2015.12.06-00.32.23:202][380]LogModuleManager: Shutting down and abandoning module Android_PVRTCTargetPlatform (34)
[2015.12.06-00.32.23:214][380]LogModuleManager: Shutting down and abandoning module Android_ETC2TargetPlatform (33)
[2015.12.06-00.32.23:220][380]LogModuleManager: Shutting down and abandoning module Android_ETC1TargetPlatform (32)
[2015.12.06-00.32.23:226][380]LogModuleManager: Shutting down and abandoning module Android_DXTTargetPlatform (31)
[2015.12.06-00.32.23:229][380]LogModuleManager: Shutting down and abandoning module Android_ATCTargetPlatform (30)
[2015.12.06-00.32.23:254][380]LogModuleManager: Shutting down and abandoning module Android_ASTCTargetPlatform (29)
[2015.12.06-00.32.23:264][380]LogModuleManager: Shutting down and abandoning module AndroidTargetPlatform (28)
[2015.12.06-00.32.23:272][380]LogModuleManager: Shutting down and abandoning module WindowsTargetPlatform (27)
[2015.12.06-00.32.23:272][380]LogModuleManager: Shutting down and abandoning module WindowsServerTargetPlatform (26)
[2015.12.06-00.32.23:287][380]LogModuleManager: Shutting down and abandoning module WindowsNoEditorTargetPlatform (25)
[2015.12.06-00.32.23:296][380]LogModuleManager: Shutting down and abandoning module WindowsClientTargetPlatform (24)
[2015.12.06-00.32.23:304][380]LogModuleManager: Shutting down and abandoning module AllDesktopTargetPlatform (23)
[2015.12.06-00.32.23:306][380]LogModuleManager: Shutting down and abandoning module TargetPlatform (22)
[2015.12.06-00.32.23:306][380]LogModuleManager: Shutting down and abandoning module InputCore (21)
[2015.12.06-00.32.23:306][380]LogModuleManager: Shutting down and abandoning module Settings (20)
[2015.12.06-00.32.23:307][380]LogModuleManager: Shutting down and abandoning module OnlineSubsystem (18)
[2015.12.06-00.32.23:309][380]LogModuleManager: Shutting down and abandoning module HTTP (17)
[2015.12.06-00.32.25:321][380]LogModuleManager: Shutting down and abandoning module XMPP (16)
[2015.12.06-00.32.25:354][380]LogModuleManager: Shutting down and abandoning module ExampleDeviceProfileSelector (15)
[2015.12.06-00.32.25:354][380]LogModuleManager: Shutting down and abandoning module TextureCompressor (14)
[2015.12.06-00.32.25:355][380]LogModuleManager: Shutting down and abandoning module ShaderCore (13)
[2015.12.06-00.32.25:355][380]LogModuleManager: Shutting down and abandoning module Landscape (12)
[2015.12.06-00.32.25:355][380]LogModuleManager: Shutting down and abandoning module SlateRHIRenderer (11)
[2015.12.06-00.32.25:377][380]LogModuleManager: Shutting down and abandoning module OpenGLDrv (10)
[2015.12.06-00.32.25:393][380]LogModuleManager: Shutting down and abandoning module D3D11RHI (9)
[2015.12.06-00.32.25:393][380]LogModuleManager: Shutting down and abandoning module AnimGraphRuntime (8)
[2015.12.06-00.32.25:393][380]LogModuleManager: Shutting down and abandoning module Renderer (7)
[2015.12.06-00.32.25:393][380]LogModuleManager: Shutting down and abandoning module Engine (6)
[2015.12.06-00.32.25:393][380]LogModuleManager: Shutting down and abandoning module CoreUObject (5)
[2015.12.06-00.32.25:393][380]LogModuleManager: Shutting down and abandoning module NetworkFile (4)
[2015.12.06-00.32.25:401][380]LogModuleManager: Shutting down and abandoning module StreamingFile (3)
[2015.12.06-00.32.25:416][380]LogModuleManager: Shutting down and abandoning module SandboxFile (2)
[2015.12.06-00.32.25:416][380]LogModuleManager: Shutting down and abandoning module PakFile (1)
[2015.12.06-00.32.25:437][380]LogExit: Exiting.
[2015.12.06-00.32.25:595][380]Log file closed, 12/05/15 16:32:25
