[2015.10.09-19.18.38:228][  0]Log file open, 10/09/15 14:18:38
[2015.10.09-19.18.38:228][  0]LogInit:Display: Running engine for game: SwordProject
[2015.10.09-19.18.38:228][  0]LogInit:Display: RandInit(316075715) SRandInit(316075717).
[2015.10.09-19.18.38:228][  0]LogTaskGraph: Started task graph with 4 named threads and 5 total threads.
[2015.10.09-19.18.38:228][  0]LogStats: Stats thread started at 0.164623
[2015.10.09-19.18.38:228][  0]LogInit: Version: 4.9.1-2689999+++depot+UE4-Releases+4.9
[2015.10.09-19.18.38:228][  0]LogInit: API Version: 2672455
[2015.10.09-19.18.38:228][  0]LogInit: Compiled (64-bit): Sep 14 2015 04:12:03
[2015.10.09-19.18.38:228][  0]LogInit: Compiled with Visual C++: 18.00.21005.01
[2015.10.09-19.18.38:228][  0]LogInit: Build Configuration: Development
[2015.10.09-19.18.38:228][  0]LogInit: Branch Name: ++depot+UE4-Releases+4.9
[2015.10.09-19.18.38:228][  0]LogInit: Command line:  
[2015.10.09-19.18.38:228][  0]LogInit: Base directory: C:/Program Files/Epic Games/4.9/Engine/Binaries/Win64/
[2015.10.09-19.18.38:228][  0]LogInit: Rocket: 1
[2015.10.09-19.18.38:258][  0]LogInit: Using libcurl 7.41.0
[2015.10.09-19.18.38:258][  0]LogInit:  - built for x86_64-pc-win32
[2015.10.09-19.18.38:258][  0]LogInit:  - supports SSL with WinSSL
[2015.10.09-19.18.38:258][  0]LogInit:  - other features:
[2015.10.09-19.18.38:258][  0]LogInit:      CURL_VERSION_SSL
[2015.10.09-19.18.38:258][  0]LogInit:      CURL_VERSION_IPV6
[2015.10.09-19.18.38:258][  0]LogInit:      CURL_VERSION_ASYNCHDNS
[2015.10.09-19.18.38:258][  0]LogInit:      CURL_VERSION_LARGEFILE
[2015.10.09-19.18.38:258][  0]LogInit:      CURL_VERSION_IDN
[2015.10.09-19.18.38:258][  0]LogInit:  CurlRequestOptions (configurable via config and command line):
[2015.10.09-19.18.38:258][  0]LogInit:  - bVerifyPeer = true  - Libcurl will verify peer certificate
[2015.10.09-19.18.38:258][  0]LogInit:  - bUseHttpProxy = false  - Libcurl will NOT use HTTP proxy
[2015.10.09-19.18.38:258][  0]LogInit:  - bDontReuseConnections = false  - Libcurl will reuse connections
[2015.10.09-19.18.38:258][  0]LogInit:  - CertBundlePath = nullptr  - Libcurl will use whatever was configured at build time.
[2015.10.09-19.18.38:272][  0]LogInit: Presizing for 0 objects not considered by GC, pre-allocating 0 bytes.
[2015.10.09-19.18.38:287][  0]LogInit: Object subsystem initialized
[2015.10.09-19.18.38:290][  0]LogInit: Selected Device Profile: [Windows]
[2015.10.09-19.18.38:290][  0]LogInit: Applying CVar settings loaded from the selected device profile: [Windows]
[2015.10.09-19.18.38:303][  0]LogInit: Computer: BRANDON-PC
[2015.10.09-19.18.38:303][  0]LogInit: User: Brandon
[2015.10.09-19.18.38:303][  0]LogInit: CPU Page size=4096, Cores=2
[2015.10.09-19.18.38:303][  0]LogInit: High frequency timer resolution =2.338515 MHz
[2015.10.09-19.18.38:303][  0]LogMemory: Memory total: Physical=5.9GB (6GB approx)
[2015.10.09-19.18.38:304][  0]LogMemory: Platform Memory Stats for Windows
[2015.10.09-19.18.38:304][  0]LogMemory: Process Physical Memory: 53.29 MB used, 53.29 MB peak
[2015.10.09-19.18.38:304][  0]LogMemory: Process Virtual Memory: 58.04 MB used, 58.04 MB peak
[2015.10.09-19.18.38:304][  0]LogMemory: Physical Memory: 2221.71 MB used, 6029.32 MB total
[2015.10.09-19.18.38:304][  0]LogMemory: Virtual Memory: 337.89 MB used, 8388608.00 MB total
[2015.10.09-19.18.38:381][  0]LogTextLocalizationManager: No specific translations for ('en-US') exist, so ('en') translations will be used.
[2015.10.09-19.18.39:564][  0]LogD3D11RHI: Found D3D11 adapter 0: Intel(R) HD Graphics 3000 (Feature Level 10_0)
[2015.10.09-19.18.39:564][  0]LogD3D11RHI: Adapter has 64MB of dedicated video memory, 0MB of dedicated system memory, and 1632MB of shared system memory, 1 output[s]
[2015.10.09-19.18.39:564][  0]LogD3D11RHI: Chosen D3D11 Adapter Id = 0
[2015.10.09-19.18.39:573][  0]LogD3D11RHI: !Direct3DDevice
[2015.10.09-19.18.39:573][  0]LogRHI: Texture pool is 616 MB (70% of 880 MB)
[2015.10.09-19.18.39:577][  0]LogD3D11RHI: Async texture creation enabled
[2015.10.09-19.18.39:734][  0]LogShaderCompilers: Guid format shader working directory is 15 characters bigger than the processId version (../../../../../../Users/Brandon/Documents/Unreal Projects/SwordProject 4.9/Intermediate/Shaders/WorkingDirectory/5680/).
[2015.10.09-19.18.39:734][  0]LogShaderCompilers: Cleaned the shader compiler working directory '../../../../../../Users/Brandon/Documents/Unreal Projects/SwordProject 4.9/Intermediate/Shaders/tmp/524552D34D6C7292F6F79692ADAA504E/'.
[2015.10.09-19.18.39:734][  0]LogShaderCompilers:Display: Using Local Shader Compiler.
[2015.10.09-19.18.46:205][  0]LogTemp:Display: Loaded TP AllDesktopTargetPlatform
[2015.10.09-19.18.46:222][  0]LogTemp:Display: Loaded TP WindowsClientTargetPlatform
[2015.10.09-19.18.46:238][  0]LogTemp:Display: Loaded TP WindowsNoEditorTargetPlatform
[2015.10.09-19.18.46:255][  0]LogTemp:Display: Loaded TP WindowsServerTargetPlatform
[2015.10.09-19.18.46:272][  0]LogTemp:Display: Loaded TP WindowsTargetPlatform
[2015.10.09-19.18.46:333][  0]LogTemp:Display: Loaded TP AndroidTargetPlatform
[2015.10.09-19.18.46:343][  0]LogTemp:Display: Loaded TP Android_ASTCTargetPlatform
[2015.10.09-19.18.46:353][  0]LogTemp:Display: Loaded TP Android_ATCTargetPlatform
[2015.10.09-19.18.46:365][  0]LogTemp:Display: Loaded TP Android_DXTTargetPlatform
[2015.10.09-19.18.46:374][  0]LogTemp:Display: Loaded TP Android_ETC1TargetPlatform
[2015.10.09-19.18.46:386][  0]LogTemp:Display: Loaded TP Android_ETC2TargetPlatform
[2015.10.09-19.18.46:398][  0]LogTemp:Display: Loaded TP Android_PVRTCTargetPlatform
[2015.10.09-19.18.46:402][  0]LogTemp:Display: Loaded TP HTML5TargetPlatform
[2015.10.09-19.18.46:492][  0]LogTemp:Display: Loaded TP IOSTargetPlatform
[2015.10.09-19.18.46:504][  0]LogTemp:Display: Loaded TP LinuxNoEditorTargetPlatform
[2015.10.09-19.18.46:514][  0]LogTemp:Display: Loaded TP LinuxServerTargetPlatform
[2015.10.09-19.18.46:530][  0]LogTemp:Display: Loaded TP LinuxTargetPlatform
[2015.10.09-19.18.46:530][  0]LogTargetPlatformManager:Display: Building Assets For Windows
[2015.10.09-19.18.47:425][  0]LogDerivedDataCache:Display: Max Cache Size: 512 MB
[2015.10.09-19.18.47:856][  0]LogDerivedDataCache: Loaded boot cache 0.41s 37MB C:/Users/Brandon/AppData/Local/UnrealEngine/4.9/DerivedDataCache/Boot.ddc.
[2015.10.09-19.18.47:857][  0]LogDerivedDataCache:Display: Loaded Boot cache: C:/Users/Brandon/AppData/Local/UnrealEngine/4.9/DerivedDataCache/Boot.ddc
[2015.10.09-19.18.47:857][  0]LogDerivedDataCache: FDerivedDataBackendGraph:  Pak pak cache file ../../../../../../Users/Brandon/Documents/Unreal Projects/SwordProject 4.9/DerivedDataCache/DDC.ddp not found, will not use a pak cache.
[2015.10.09-19.18.47:857][  0]LogDerivedDataCache: Unable to find inner node Pak for hierarchical cache Hierarchy.
[2015.10.09-19.18.47:857][  0]LogDerivedDataCache: FDerivedDataBackendGraph:  CompressedPak pak cache file ../../../../../../Users/Brandon/Documents/Unreal Projects/SwordProject 4.9/DerivedDataCache/Compressed.ddp not found, will not use a pak cache.
[2015.10.09-19.18.47:857][  0]LogDerivedDataCache: Unable to find inner node CompressedPak for hierarchical cache Hierarchy.
[2015.10.09-19.18.48:649][  0]LogDerivedDataCache:Display: Pak cache opened for reading ../../../Engine/DerivedDataCache/Compressed.ddp.
[2015.10.09-19.18.48:662][  0]LogDerivedDataCache: Using Local data cache path C:/Users/Brandon/AppData/Local/UnrealEngine/Common/DerivedDataCache: Writable
[2015.10.09-19.18.57:952][  0]LogInit: Selected Device Profile: [Windows]
[2015.10.09-19.18.58:019][  0]LogContentStreaming: Texture pool size is 0.000000MB
[2015.10.09-19.18.58:363][  0]LogMeshUtilities: No automatic mesh reduction module available
[2015.10.09-19.18.58:363][  0]LogMeshUtilities: No automatic mesh merging module available
[2015.10.09-19.19.01:084][  0]LogInit: WinSock: version 1.1 (2.2), MaxSocks=32767, MaxUdp=65467
[2015.10.09-19.19.16:621][  0]UdpMessaging: Initializing bridge on interface 0.0.0.0:0 to multicast group 230.0.0.1:6666.
[2015.10.09-19.19.17:854][  0]LogAssetRegistry: FAssetRegistry took 0.0114 seconds to start up
[2015.10.09-19.19.20:245][  0]SourceControl: Info Source control is disabled
[2015.10.09-19.19.20:249][  0]SourceControl: Info Source control is disabled
[2015.10.09-19.19.20:574][  0]SourceControl: Info Source control is disabled
[2015.10.09-19.19.20:822][  0]SourceControl: Info Source control is disabled
[2015.10.09-19.19.23:763][  0]LogLinker:Warning: Asset '../../../Engine/Plugins/Runtime/LeapMotionController/Content/LM_PassthroughMaterial.uasset' has been saved with empty engine version. The asset will be loaded but may be incompatible.
[2015.10.09-19.19.24:595][  0]LogObj: 28361 objects as part of root set at end of initial load.
[2015.10.09-19.19.24:595][  0]LogUObjectAllocator: 6038864 out of 0 bytes used by permanent object pool.
[2015.10.09-19.19.25:841][  0]LogEngine: Initializing Engine...
[2015.10.09-19.19.25:949][  0]LogHMD: Can't find Oculus library dev build: is proper Runtime installed? Version: 0.7.0.0
[2015.10.09-19.19.26:324][  0]LogHMD: SteamVR failed to initialize.  Err: 108
[2015.10.09-19.19.26:914][  0]LogAIModule: Creating AISystem for world NewWorld
[2015.10.09-19.19.26:949][  0]LogInit: XAudio2 using 'Speakers (Realtek High Definition Audio)' : 2 channels at 48 kHz using 32 bits per sample (channel mask 0x3)
[2015.10.09-19.19.26:990][  0]LogInit: FAudioDevice initialized.
[2015.10.09-19.19.27:027][  0]LogDerivedDataCache: Saved boot cache 0.04s 37MB C:/Users/Brandon/AppData/Local/UnrealEngine/4.9/DerivedDataCache/Boot.ddc.
[2015.10.09-19.19.27:034][  0]LogInit: Texture streaming: Enabled
[2015.10.09-19.19.27:101][  0]LogAnalytics: Creating configured Analytics provider AnalyticsET
[2015.10.09-19.19.27:101][  0]LogAnalytics: [UEEditor.Rocket.Release] APIServer = http://et2.epicgames.com/ET2/. AppVersion = 4.9.1-2689999+++depot+UE4-Releases+4.9
[2015.10.09-19.19.27:102][  0]LogAnalytics: [UEEditor.Rocket.Release] SetUserId 35bf1df24b6291fab054d4a032ebe350|4cc6989648b04f0180853fecfbe4390e|336a448c-d673-4e73-82fd-ec02ab6902dd
[2015.10.09-19.19.27:113][  0]LogAnalytics: [UEEditor.Rocket.Release] AnalyticsET::StartSession
[2015.10.09-19.19.27:338][  0]LogInit: Transaction tracking system initialized
[2015.10.09-19.19.27:744][  0]BlueprintLog: New page: Editor Load
[2015.10.09-19.19.29:900][  0]LocalizationService: Info Localization service is disabled
[2015.10.09-19.19.31:967][  0]LogConsoleResponse:Display: 
[2015.10.09-19.19.33:607][  0]LogFileCache: Scanning file cache for directory 'C:/Users/Brandon/Documents/Unreal Projects/SwordProject 4.9/Content/' took 0.02s
[2015.10.09-19.19.33:607][  0]LogCook:Display: Done creating registry. It took  0.00s.
[2015.10.09-19.19.35:039][  0]SourceControl: Info Source control is disabled
[2015.10.09-19.19.35:090][  0]Cmd: MAP LOAD FILE="../../../../../../Users/Brandon/Documents/Unreal Projects/SwordProject 4.9/Content/ThirdPersonBP/Maps/ThirdPersonExampleMap.umap" TEMPLATE=0 SHOWPROGRESS=1 FEATURELEVEL=2
[2015.10.09-19.19.35:246][  0]LightingResults: New page: Lighting Build
[2015.10.09-19.19.35:399][  0]MapCheck: New page: Map Check
[2015.10.09-19.19.35:399][  0]LightingResults: New page: Lighting Build
[2015.10.09-19.19.35:490][  0]LogParticles: Destroying 0 GPU particle simulations for FXSystem 0x0000000020BA42C0
[2015.10.09-19.19.49:131][  0]LogAIModule: Creating AISystem for world ThirdPersonExampleMap
[2015.10.09-19.19.49:880][  0]LogEditorServer: Finished looking for orphan Actors (0.001 secs)
[2015.10.09-19.19.49:897][  0]Cmd: MAP CHECKDEP NOCLEARLOG
[2015.10.09-19.19.50:180][  0]MapCheck: Info Map check complete: 0 Error(s), 0 Warning(s), took 282.572ms to complete.
[2015.10.09-19.19.50:180][  0]LogFileHelpers: Loading map 'ThirdPersonExampleMap' took 15.090
[2015.10.09-19.19.51:371][  0]LogCollectionManager: Loaded 0 collections in 0.010825 seconds
[2015.10.09-19.19.51:511][  0]LogFileCache: Scanning file cache for directory 'C:/Users/Brandon/Documents/Unreal Projects/SwordProject 4.9/Saved/Collections/' took 0.01s
[2015.10.09-19.19.51:511][  0]LogFileCache: Scanning file cache for directory 'C:/Users/Brandon/Documents/Unreal Projects/SwordProject 4.9/Content/Developers/Brandon/Collections/' took 0.01s
[2015.10.09-19.19.51:511][  0]LogFileCache: Scanning file cache for directory 'C:/Users/Brandon/Documents/Unreal Projects/SwordProject 4.9/Content/Collections/' took 0.01s
[2015.10.09-19.19.51:511][  0]LogContentBrowser: Native class hierarchy populated in 0.0605 seconds. Added 1867 classes and 333 folders.
[2015.10.09-19.19.51:597][  0]LogCollectionManager: Rebuilt the GUID cache for 0 collections in 0.000009 seconds
[2015.10.09-19.19.51:721][  0]LogContentBrowser: Native class hierarchy updated for 'WidgetCarousel' in 0.0017 seconds. Added 0 classes and 0 folders.
[2015.10.09-19.19.53:355][  0]LogContentBrowser: Native class hierarchy updated for 'AddContentDialog' in 0.0013 seconds. Added 0 classes and 0 folders.
[2015.10.09-19.19.53:427][  0]LogContentBrowser: Native class hierarchy updated for 'SceneOutliner' in 0.0017 seconds. Added 1 classes and 2 folders.
[2015.10.09-19.19.54:369][  0]LogCrashTracker: Crashtracker disabled due to settings.
[2015.10.09-19.19.54:877][  0]LogLoad: Full Startup: 78.30 seconds (BP compile: 1.25 seconds)
[2015.10.09-19.19.55:263][  0]LogContentStreaming: Texture pool size now 200 MB
[2015.10.09-19.19.55:723][  0]LogRenderer: Reallocating scene render targets to support 1208x576 (Frame:2).
[2015.10.09-19.19.59:210][ 14]LogAssetRegistry: Asset discovery search completed in 41.3645 seconds
[2015.10.09-19.19.59:210][ 14]LogCollectionManager: Rebuilt the object cache for 0 collections in 0.000001 seconds (found 0 objects)
[2015.10.09-19.19.59:210][ 14]LogCollectionManager: Fixed up redirectors for 0 collections in 0.000042 seconds (updated 0 objects)
[2015.10.09-19.20.02:967][ 64]Cmd: MAP LOAD FILE="../../../../../../Users/Brandon/Documents/Unreal Projects/SwordProject 4.9/Content/ThirdPersonBP/Maps/Street.umap" TEMPLATE=0 SHOWPROGRESS=1 FEATURELEVEL=2
[2015.10.09-19.20.03:010][ 64]LightingResults: New page: Lighting Build
[2015.10.09-19.20.03:043][ 64]LoadErrors: New page: Loading map: Street.umap
[2015.10.09-19.20.03:070][ 64]MapCheck: New page: Map Check
[2015.10.09-19.20.03:070][ 64]LightingResults: New page: Lighting Build
[2015.10.09-19.20.03:111][ 64]LogParticles: Destroying 0 GPU particle simulations for FXSystem 0x00000000220804A0
[2015.10.09-19.20.04:191][ 64]LogAIModule: Creating AISystem for world Street
[2015.10.09-19.20.04:439][ 64]LogEditorServer: Finished looking for orphan Actors (0.000 secs)
[2015.10.09-19.20.04:667][ 64]Cmd: MAP CHECKDEP NOCLEARLOG
[2015.10.09-19.20.04:910][ 64]MapCheck: Info Map check complete: 0 Error(s), 0 Warning(s), took 242.51ms to complete.
[2015.10.09-19.20.04:910][ 64]LogFileHelpers: Loading map 'Street' took 1.945
[2015.10.09-19.23.12:402][819]LogRenderer: Reallocating scene render targets to support 1208x576 (Frame:233).
[2015.10.09-19.23.14:050][821]LogContentStreaming: Texture pool size now 1000 MB
[2015.10.09-19.23.24:336][987]LogContentStreaming: Texture pool size now 200 MB
[2015.10.09-19.23.24:389][988]LogRenderer: Reallocating scene render targets to support 1208x576 (Frame:286).
[2015.10.09-19.32.08:013][420]SourceControl: Info Source control is disabled
[2015.10.09-19.32.39:201][640]LogFileHelpers: Editor autosave (incl. sublevels) for '/Game/ThirdPersonBP/Maps/Street' took 0.076
[2015.10.09-20.23.46:584][ 11]SourceControl: Info Source control is disabled
[2015.10.09-20.24.36:598][788]LogSourceControl:Error: P4ERROR: Invalid connection to server.
[2015.10.09-20.24.36:598][788]LogSourceControl:Error: Connect to server failed; check $P4PORT.
TCP connect to perforce:1666 failed.
The requested name is valid, but no data of the requested type was found. 

[2015.10.09-20.24.40:174][904]LogSourceControl:Error: P4ERROR: Invalid connection to server.
[2015.10.09-20.24.40:174][904]LogSourceControl:Error: Connect to server failed; check $P4PORT.
TCP connect to perforce:1666 failed.
The requested name is valid, but no data of the requested type was found. 

[2015.10.09-20.24.43:708][989]SourceControl: Info Source control is disabled
[2015.10.09-20.33.54:140][677]Cmd: QUIT_EDITOR
[2015.10.09-20.33.56:634][677]LogExit: Preparing to exit.
[2015.10.09-20.34.01:712][677]LogExit: Editor shut down
[2015.10.09-20.34.01:713][677]LogExit: Transaction tracking system shut down
[2015.10.09-20.34.01:917][677]LogParticles: Destroying 0 GPU particle simulations for FXSystem 0x0000000010683420
[2015.10.09-20.34.01:917][677]LogParticles: Destroying 0 GPU particle simulations for FXSystem 0x000000002BDCB560
[2015.10.09-20.34.01:918][677]LogParticles: Destroying 0 GPU particle simulations for FXSystem 0x0000000026728CC0
[2015.10.09-20.34.01:919][677]LogParticles: Destroying 0 GPU particle simulations for FXSystem 0x0000000024FAACA0
[2015.10.09-20.34.08:397][677]LogParticles: Destroying 0 GPU particle simulations for FXSystem 0x0000000024FAAAC0
[2015.10.09-20.34.08:397][677]LogExit: Object subsystem successfully closed.
[2015.10.09-20.34.09:717][677]LogD3D11RHI: Shutdown
[2015.10.09-20.34.09:717][677]LogD3D11RHI: CleanupD3DDevice
[2015.10.09-20.34.10:387][677]LogD3D11RHI: ~FD3D11DynamicRHI
[2015.10.09-20.34.13:998][677]LogModuleManager: Shutting down and abandoning module CrashTracker (197)
[2015.10.09-20.34.13:998][677]LogModuleManager: Shutting down and abandoning module SceneOutliner (196)
[2015.10.09-20.34.14:015][677]LogModuleManager: Shutting down and abandoning module SuperSearch (195)
[2015.10.09-20.34.14:015][677]LogModuleManager: Shutting down and abandoning module WidgetCarousel (194)
[2015.10.09-20.34.14:015][677]LogModuleManager: Shutting down and abandoning module AddContentDialog (193)
[2015.10.09-20.34.14:051][677]LogModuleManager: Shutting down and abandoning module EditorWidgets (192)
[2015.10.09-20.34.14:051][677]LogModuleManager: Shutting down and abandoning module CollectionManager (191)
[2015.10.09-20.34.14:066][677]LogModuleManager: Shutting down and abandoning module StatsViewer (190)
[2015.10.09-20.34.14:164][677]LogModuleManager: Shutting down and abandoning module FoliageEdit (189)
[2015.10.09-20.34.14:265][677]LogModuleManager: Shutting down and abandoning module LandscapeEditor (188)
[2015.10.09-20.34.14:389][677]LogModuleManager: Shutting down and abandoning module ActorPickerMode (187)
[2015.10.09-20.34.14:389][677]LogModuleManager: Shutting down and abandoning module GeometryMode (186)
[2015.10.09-20.34.14:389][677]LogModuleManager: Shutting down and abandoning module TextureAlignMode (185)
[2015.10.09-20.34.14:389][677]LogModuleManager: Shutting down and abandoning module BspMode (184)
[2015.10.09-20.34.14:389][677]LogModuleManager: Shutting down and abandoning module PlacementMode (183)
[2015.10.09-20.34.14:389][677]LogModuleManager: Shutting down and abandoning module AutomationWorker (182)
[2015.10.09-20.34.14:417][677]LogModuleManager: Shutting down and abandoning module CharacterAI (181)
[2015.10.09-20.34.14:418][677]LogModuleManager: Shutting down and abandoning module SmartSnapping (180)
[2015.10.09-20.34.14:418][677]LogModuleManager: Shutting down and abandoning module ViewportSnapping (179)
[2015.10.09-20.34.14:418][677]LogModuleManager: Shutting down and abandoning module LogVisualizer (178)
[2015.10.09-20.34.14:500][677]LogModuleManager: Shutting down and abandoning module GameProjectGeneration (177)
[2015.10.09-20.34.14:506][677]LogModuleManager: Shutting down and abandoning module IntroTutorials (176)
[2015.10.09-20.34.14:627][677]LogModuleManager: Shutting down and abandoning module EditorLiveStreaming (175)
[2015.10.09-20.34.14:628][677]LogModuleManager: Shutting down and abandoning module IOSPlatformEditor (174)
[2015.10.09-20.34.14:639][677]LogModuleManager: Shutting down and abandoning module HTML5PlatformEditor (173)
[2015.10.09-20.34.14:639][677]LogModuleManager: Shutting down and abandoning module AndroidDeviceDetection (172)
[2015.10.09-20.34.14:721][677]LogModuleManager: Shutting down and abandoning module AndroidPlatformEditor (171)
[2015.10.09-20.34.14:721][677]LogModuleManager: Shutting down and abandoning module IOSRuntimeSettings (170)
[2015.10.09-20.34.14:721][677]LogModuleManager: Shutting down and abandoning module AndroidRuntimeSettings (169)
[2015.10.09-20.34.14:721][677]LogModuleManager: Shutting down and abandoning module MergeActors (168)
[2015.10.09-20.34.14:742][677]LogModuleManager: Shutting down and abandoning module SizeMap (167)
[2015.10.09-20.34.14:742][677]LogModuleManager: Shutting down and abandoning module TreeMap (166)
[2015.10.09-20.34.14:838][677]LogModuleManager: Shutting down and abandoning module ReferenceViewer (165)
[2015.10.09-20.34.14:838][677]LogModuleManager: Shutting down and abandoning module LocalizationService (164)
[2015.10.09-20.34.14:891][677]LogModuleManager: Shutting down and abandoning module LocalizationDashboard (163)
[2015.10.09-20.34.14:900][677]LogModuleManager: Shutting down and abandoning module HardwareTargeting (162)
[2015.10.09-20.34.14:900][677]LogModuleManager: Shutting down and abandoning module DeviceProfileEditor (161)
[2015.10.09-20.34.14:900][677]LogModuleManager: Shutting down and abandoning module UndoHistory (160)
[2015.10.09-20.34.14:924][677]LogModuleManager: Shutting down and abandoning module GameplayTagsEditor (159)
[2015.10.09-20.34.14:924][677]LogModuleManager: Shutting down and abandoning module UserFeedback (158)
[2015.10.09-20.34.14:924][677]LogModuleManager: Shutting down and abandoning module XmlParser (157)
[2015.10.09-20.34.14:937][677]LogModuleManager: Shutting down and abandoning module Blutility (156)
[2015.10.09-20.34.14:937][677]LogModuleManager: Shutting down and abandoning module ProjectTargetPlatformEditor (155)
[2015.10.09-20.34.14:989][677]LogModuleManager: Shutting down and abandoning module ProjectSettingsViewer (154)
[2015.10.09-20.34.14:989][677]LogModuleManager: Shutting down and abandoning module InputBindingEditor (153)
[2015.10.09-20.34.15:002][677]LogModuleManager: Shutting down and abandoning module EditorSettingsViewer (152)
[2015.10.09-20.34.15:002][677]LogModuleManager: Shutting down and abandoning module SettingsEditor (151)
[2015.10.09-20.34.15:050][677]LogModuleManager: Shutting down and abandoning module ProjectLauncher (150)
[2015.10.09-20.34.15:107][677]LogModuleManager: Shutting down and abandoning module SessionFrontend (149)
[2015.10.09-20.34.15:215][677]LogModuleManager: Shutting down and abandoning module ProfilerClient (148)
[2015.10.09-20.34.15:272][677]LogModuleManager: Shutting down and abandoning module TargetDeviceServices (147)
[2015.10.09-20.34.15:307][677]LogModuleManager: Shutting down and abandoning module DeviceManager (146)
[2015.10.09-20.34.15:339][677]LogModuleManager: Shutting down and abandoning module AutomationController (145)
[2015.10.09-20.34.15:366][677]LogModuleManager: Shutting down and abandoning module AutomationWindow (144)
[2015.10.09-20.34.15:417][677]LogModuleManager: Shutting down and abandoning module Layers (143)
[2015.10.09-20.34.15:490][677]LogModuleManager: Shutting down and abandoning module ComponentVisualizers (142)
[2015.10.09-20.34.15:490][677]LogModuleManager: Shutting down and abandoning module DetailCustomizations (141)
[2015.10.09-20.34.15:529][677]LogModuleManager: Shutting down and abandoning module PackagesDialog (140)
[2015.10.09-20.34.15:606][677]LogModuleManager: Shutting down and abandoning module Persona (139)
[2015.10.09-20.34.15:680][677]LogModuleManager: Shutting down and abandoning module Kismet (138)
[2015.10.09-20.34.15:717][677]LogModuleManager: Shutting down and abandoning module GraphEditor (137)
[2015.10.09-20.34.15:785][677]LogModuleManager: Shutting down and abandoning module ClassViewer (136)
[2015.10.09-20.34.15:803][677]LogModuleManager: Shutting down and abandoning module Toolbox (135)
[2015.10.09-20.34.15:803][677]LogModuleManager: Shutting down and abandoning module ModuleUI (134)
[2015.10.09-20.34.15:815][677]LogModuleManager: Shutting down and abandoning module MovieSceneTools (133)
[2015.10.09-20.34.15:815][677]LogModuleManager: Shutting down and abandoning module OutputLog (132)
[2015.10.09-20.34.15:838][677]LogModuleManager: Shutting down and abandoning module GammaUI (131)
[2015.10.09-20.34.15:874][677]LogModuleManager: Shutting down and abandoning module Documentation (130)
[2015.10.09-20.34.15:874][677]LogModuleManager: Shutting down and abandoning module GameLiveStreaming (129)
[2015.10.09-20.34.15:902][677]LogModuleManager: Shutting down and abandoning module StreamingPauseRendering (128)
[2015.10.09-20.34.15:929][677]LogModuleManager: Shutting down and abandoning module AnalyticsET (127)
[2015.10.09-20.34.15:929][677]LogModuleManager: Shutting down and abandoning module Analytics (126)
[2015.10.09-20.34.15:929][677]LogModuleManager: Shutting down and abandoning module AITestSuite (125)
[2015.10.09-20.34.15:972][677]LogModuleManager: Shutting down and abandoning module GameplayDebugger (124)
[2015.10.09-20.34.15:972][677]LogModuleManager: Shutting down and abandoning module AIModule (123)
[2015.10.09-20.34.15:987][677]LogModuleManager: Shutting down and abandoning module ProfilerService (122)
[2015.10.09-20.34.16:022][677]LogModuleManager: Shutting down and abandoning module TaskGraph (121)
[2015.10.09-20.34.16:047][677]LogModuleManager: Shutting down and abandoning module SlateRemote (120)
[2015.10.09-20.34.16:047][677]LogModuleManager: Shutting down and abandoning module SteamVRController (119)
[2015.10.09-20.34.16:047][677]LogModuleManager: Shutting down and abandoning module SteamVR (118)
[2015.10.09-20.34.16:047][677]LogModuleManager: Shutting down and abandoning module ProceduralMeshComponent (117)
[2015.10.09-20.34.16:047][677]LogModuleManager: Shutting down and abandoning module OculusRift (116)
[2015.10.09-20.34.16:047][677]LogModuleManager: Shutting down and abandoning module OculusLibrary (115)
[2015.10.09-20.34.16:047][677]LogModuleManager: Shutting down and abandoning module LeapMotionController (114)
[2015.10.09-20.34.16:179][677]LogModuleManager: Shutting down and abandoning module CustomMeshComponent (113)
[2015.10.09-20.34.16:196][677]LogModuleManager: Shutting down and abandoning module CableComponent (112)
[2015.10.09-20.34.16:196][677]LogModuleManager: Shutting down and abandoning module ArchVisCharacter (111)
[2015.10.09-20.34.16:196][677]LogModuleManager: Shutting down and abandoning module MessagingDebugger (110)
[2015.10.09-20.34.16:248][677]LogModuleManager: Shutting down and abandoning module MediaPlayerEditor (109)
[2015.10.09-20.34.16:261][677]LogModuleManager: Shutting down and abandoning module HTML5Networking (108)
[2015.10.09-20.34.16:261][677]LogModuleManager: Shutting down and abandoning module SpeedTreeImporter (107)
[2015.10.09-20.34.16:261][677]LogModuleManager: Shutting down and abandoning module PluginBrowser (106)
[2015.10.09-20.34.16:272][677]LogModuleManager: Shutting down and abandoning module EpicSurvey (105)
[2015.10.09-20.34.16:272][677]LogModuleManager: Shutting down and abandoning module DesktopPlatform (104)
[2015.10.09-20.34.16:294][677]LogModuleManager: Shutting down and abandoning module VisualStudioSourceCodeAccess (103)
[2015.10.09-20.34.16:320][677]LogModuleManager: Shutting down and abandoning module UObjectPlugin (102)
[2015.10.09-20.34.16:320][677]LogModuleManager: Shutting down and abandoning module SubversionSourceControl (101)
[2015.10.09-20.34.16:330][677]LogModuleManager: Shutting down and abandoning module PerforceSourceControl (100)
[2015.10.09-20.34.16:330][677]LogModuleManager: Shutting down and abandoning module SourceControl (99)
[2015.10.09-20.34.16:330][677]LogModuleManager: Shutting down and abandoning module GitSourceControl (98)
[2015.10.09-20.34.16:338][677]LogModuleManager: Shutting down and abandoning module LightPropagationVolumeEditor (97)
[2015.10.09-20.34.16:338][677]LogModuleManager: Shutting down and abandoning module PaperTiledImporter (96)
[2015.10.09-20.34.16:360][677]LogModuleManager: Shutting down and abandoning module PaperSpriteSheetImporter (95)
[2015.10.09-20.34.16:365][677]LogModuleManager: Shutting down and abandoning module MeshPaint (94)
[2015.10.09-20.34.16:388][677]LogModuleManager: Shutting down and abandoning module SlateReflector (93)
[2015.10.09-20.34.16:405][677]LogModuleManager: Shutting down and abandoning module HotReload (92)
[2015.10.09-20.34.16:434][677]LogModuleManager: Shutting down and abandoning module MainFrame (91)
[2015.10.09-20.34.16:435][677]LogModuleManager: Shutting down and abandoning module LevelEditor (90)
[2015.10.09-20.34.16:454][677]LogModuleManager: Shutting down and abandoning module DirectoryWatcher (89)
[2015.10.09-20.34.16:456][677]LogModuleManager: Shutting down and abandoning module AssetRegistry (88)
[2015.10.09-20.34.16:633][677]LogModuleManager: Shutting down and abandoning module ContentBrowser (87)
[2015.10.09-20.34.16:636][677]LogModuleManager: Shutting down and abandoning module Paper2DEditor (86)
[2015.10.09-20.34.16:726][677]LogModuleManager: Shutting down and abandoning module UdpMessaging (85)
[2015.10.09-20.34.16:826][677]LogModuleManager: Shutting down and abandoning module LightPropagationVolumeRuntime (84)
[2015.10.09-20.34.16:826][677]LogModuleManager: Shutting down and abandoning module Paper2D (83)
[2015.10.09-20.34.16:858][677]LogModuleManager: Shutting down and abandoning module WindowsMoviePlayer (82)
[2015.10.09-20.34.16:984][677]LogModuleManager: Shutting down and abandoning module Media (81)
[2015.10.09-20.34.16:984][677]LogModuleManager: Shutting down and abandoning module WmfMedia (80)
[2015.10.09-20.34.17:065][677]LogModuleManager: Shutting down and abandoning module OnlineBlueprintSupport (79)
[2015.10.09-20.34.17:065][677]LogModuleManager: Shutting down and abandoning module GameplayTasksEditor (78)
[2015.10.09-20.34.17:065][677]LogModuleManager: Shutting down and abandoning module PropertyEditor (77)
[2015.10.09-20.34.17:065][677]LogModuleManager: Shutting down and abandoning module BehaviorTreeEditor (76)
[2015.10.09-20.34.17:112][677]LogModuleManager: Shutting down and abandoning module FunctionalTesting (75)
[2015.10.09-20.34.17:112][677]LogModuleManager: Shutting down and abandoning module CollisionAnalyzer (74)
[2015.10.09-20.34.17:163][677]LogModuleManager: Shutting down and abandoning module WorkspaceMenuStructure (73)
[2015.10.09-20.34.17:164][677]LogModuleManager: Shutting down and abandoning module MessageLog (72)
[2015.10.09-20.34.17:164][677]LogModuleManager: Shutting down and abandoning module Sequencer (71)
[2015.10.09-20.34.17:227][677]LogModuleManager: Shutting down and abandoning module AssetTools (70)
[2015.10.09-20.34.17:295][677]LogModuleManager: Shutting down and abandoning module UMGEditor (69)
[2015.10.09-20.34.17:341][677]LogModuleManager: Shutting down and abandoning module UMG (68)
[2015.10.09-20.34.17:367][677]LogModuleManager: Shutting down and abandoning module Slate (67)
[2015.10.09-20.34.17:367][677]LogModuleManager: Shutting down and abandoning module EditorStyle (66)
[2015.10.09-20.34.17:455][677]LogModuleManager: Shutting down and abandoning module SessionServices (65)
[2015.10.09-20.34.17:455][677]LogModuleManager: Shutting down and abandoning module SourceCodeAccess (64)
[2015.10.09-20.34.17:455][677]LogModuleManager: Shutting down and abandoning module HeadMountedDisplay (63)
[2015.10.09-20.34.17:456][677]LogModuleManager: Shutting down and abandoning module XAudio2 (62)
[2015.10.09-20.34.17:456][677]LogModuleManager: Shutting down and abandoning module Networking (60)
[2015.10.09-20.34.17:456][677]LogModuleManager: Shutting down and abandoning module Core (59)
[2015.10.09-20.34.17:456][677]LogModuleManager: Shutting down and abandoning module KismetCompiler (58)
[2015.10.09-20.34.17:456][677]LogModuleManager: Shutting down and abandoning module PhysXFormats (57)
[2015.10.09-20.34.17:487][677]LogModuleManager: Shutting down and abandoning module MeshUtilities (56)
[2015.10.09-20.34.17:508][677]LogModuleManager: Shutting down and abandoning module CookingStats (55)
[2015.10.09-20.34.17:510][677]LogModuleManager: Shutting down and abandoning module DerivedDataCache (54)
[2015.10.09-20.34.17:547][677]LogDerivedDataCache: Shutdown
[2015.10.09-20.34.17:547][677]LogModuleManager: Shutting down and abandoning module ShaderFormatOpenGL (53)
[2015.10.09-20.34.17:621][677]LogModuleManager: Shutting down and abandoning module ShaderFormatD3D (52)
[2015.10.09-20.34.17:660][677]LogModuleManager: Shutting down and abandoning module MetalShaderFormat (51)
[2015.10.09-20.34.17:678][677]LogModuleManager: Shutting down and abandoning module TextureFormatUncompressed (50)
[2015.10.09-20.34.17:678][677]LogModuleManager: Shutting down and abandoning module TextureFormatPVR (49)
[2015.10.09-20.34.17:689][677]LogModuleManager: Shutting down and abandoning module TextureFormatIntelISPCTexComp (48)
[2015.10.09-20.34.17:699][677]LogModuleManager: Shutting down and abandoning module TextureFormatDXT (47)
[2015.10.09-20.34.17:700][677]LogModuleManager: Shutting down and abandoning module ImageWrapper (46)
[2015.10.09-20.34.17:700][677]LogModuleManager: Shutting down and abandoning module TextureFormatASTC (45)
[2015.10.09-20.34.17:700][677]LogModuleManager: Shutting down and abandoning module TextureFormatAndroid (44)
[2015.10.09-20.34.17:700][677]LogModuleManager: Shutting down and abandoning module AudioFormatOpus (43)
[2015.10.09-20.34.17:717][677]LogModuleManager: Shutting down and abandoning module AudioFormatOgg (42)
[2015.10.09-20.34.17:730][677]LogModuleManager: Shutting down and abandoning module AudioFormatADPCM (41)
[2015.10.09-20.34.17:743][677]LogModuleManager: Shutting down and abandoning module LinuxTargetPlatform (40)
[2015.10.09-20.34.17:743][677]LogModuleManager: Shutting down and abandoning module LinuxServerTargetPlatform (39)
[2015.10.09-20.34.17:753][677]LogModuleManager: Shutting down and abandoning module LinuxNoEditorTargetPlatform (38)
[2015.10.09-20.34.17:798][677]LogModuleManager: Shutting down and abandoning module Messaging (37)
[2015.10.09-20.34.17:798][677]LogModuleManager: Shutting down and abandoning module IOSTargetPlatform (36)
[2015.10.09-20.34.17:799][677]LogModuleManager: Shutting down and abandoning module HTML5TargetPlatform (35)
[2015.10.09-20.34.17:799][677]LogModuleManager: Shutting down and abandoning module Android_PVRTCTargetPlatform (34)
[2015.10.09-20.34.17:807][677]LogModuleManager: Shutting down and abandoning module Android_ETC2TargetPlatform (33)
[2015.10.09-20.34.17:817][677]LogModuleManager: Shutting down and abandoning module Android_ETC1TargetPlatform (32)
[2015.10.09-20.34.17:830][677]LogModuleManager: Shutting down and abandoning module Android_DXTTargetPlatform (31)
[2015.10.09-20.34.17:842][677]LogModuleManager: Shutting down and abandoning module Android_ATCTargetPlatform (30)
[2015.10.09-20.34.17:851][677]LogModuleManager: Shutting down and abandoning module Android_ASTCTargetPlatform (29)
[2015.10.09-20.34.17:859][677]LogModuleManager: Shutting down and abandoning module AndroidTargetPlatform (28)
[2015.10.09-20.34.17:899][677]LogModuleManager: Shutting down and abandoning module WindowsTargetPlatform (27)
[2015.10.09-20.34.17:899][677]LogModuleManager: Shutting down and abandoning module WindowsServerTargetPlatform (26)
[2015.10.09-20.34.17:913][677]LogModuleManager: Shutting down and abandoning module WindowsNoEditorTargetPlatform (25)
[2015.10.09-20.34.17:921][677]LogModuleManager: Shutting down and abandoning module WindowsClientTargetPlatform (24)
[2015.10.09-20.34.17:977][677]LogModuleManager: Shutting down and abandoning module AllDesktopTargetPlatform (23)
[2015.10.09-20.34.17:992][677]LogModuleManager: Shutting down and abandoning module TargetPlatform (22)
[2015.10.09-20.34.17:992][677]LogModuleManager: Shutting down and abandoning module InputCore (21)
[2015.10.09-20.34.17:992][677]LogModuleManager: Shutting down and abandoning module Settings (20)
[2015.10.09-20.34.17:993][677]LogModuleManager: Shutting down and abandoning module OnlineSubsystem (18)
[2015.10.09-20.34.17:993][677]LogModuleManager: Shutting down and abandoning module HTTP (17)
[2015.10.09-20.34.20:011][677]LogModuleManager: Shutting down and abandoning module XMPP (16)
[2015.10.09-20.34.20:118][677]LogModuleManager: Shutting down and abandoning module ExampleDeviceProfileSelector (15)
[2015.10.09-20.34.20:118][677]LogModuleManager: Shutting down and abandoning module TextureCompressor (14)
[2015.10.09-20.34.20:134][677]LogModuleManager: Shutting down and abandoning module ShaderCore (13)
[2015.10.09-20.34.20:134][677]LogModuleManager: Shutting down and abandoning module Landscape (12)
[2015.10.09-20.34.20:134][677]LogModuleManager: Shutting down and abandoning module SlateRHIRenderer (11)
[2015.10.09-20.34.20:180][677]LogModuleManager: Shutting down and abandoning module OpenGLDrv (10)
[2015.10.09-20.34.20:194][677]LogModuleManager: Shutting down and abandoning module D3D11RHI (9)
[2015.10.09-20.34.20:194][677]LogModuleManager: Shutting down and abandoning module AnimGraphRuntime (8)
[2015.10.09-20.34.20:200][677]LogModuleManager: Shutting down and abandoning module Renderer (7)
[2015.10.09-20.34.20:200][677]LogModuleManager: Shutting down and abandoning module Engine (6)
[2015.10.09-20.34.20:201][677]LogModuleManager: Shutting down and abandoning module CoreUObject (5)
[2015.10.09-20.34.20:201][677]LogModuleManager: Shutting down and abandoning module NetworkFile (4)
[2015.10.09-20.34.20:210][677]LogModuleManager: Shutting down and abandoning module StreamingFile (3)
[2015.10.09-20.34.20:251][677]LogModuleManager: Shutting down and abandoning module SandboxFile (2)
[2015.10.09-20.34.20:263][677]LogModuleManager: Shutting down and abandoning module PakFile (1)
[2015.10.09-20.34.20:305][677]LogExit: Exiting.
[2015.10.09-20.34.20:319][677]Log file closed, 10/09/15 15:34:20
