[2015.10.03-19.59.01:633][  0]Log file open, 10/03/15 14:59:01
[2015.10.03-19.59.01:633][  0]LogInit:Display: Running engine for game: SwordProject
[2015.10.03-19.59.01:633][  0]LogInit:Display: RandInit(-629344933) SRandInit(-629344931).
[2015.10.03-19.59.01:633][  0]LogTaskGraph: Started task graph with 4 named threads and 5 total threads.
[2015.10.03-19.59.01:633][  0]LogStats: Stats thread started at 0.545123
[2015.10.03-19.59.01:633][  0]LogInit: Version: 4.9.1-2689999+++depot+UE4-Releases+4.9
[2015.10.03-19.59.01:634][  0]LogInit: API Version: 2672455
[2015.10.03-19.59.01:634][  0]LogInit: Compiled (64-bit): Sep 14 2015 04:12:03
[2015.10.03-19.59.01:634][  0]LogInit: Compiled with Visual C++: 18.00.21005.01
[2015.10.03-19.59.01:634][  0]LogInit: Build Configuration: Development
[2015.10.03-19.59.01:634][  0]LogInit: Branch Name: ++depot+UE4-Releases+4.9
[2015.10.03-19.59.01:634][  0]LogInit: Command line:  
[2015.10.03-19.59.01:634][  0]LogInit: Base directory: C:/Program Files/Epic Games/4.9/Engine/Binaries/Win64/
[2015.10.03-19.59.01:634][  0]LogInit: Rocket: 1
[2015.10.03-19.59.01:663][  0]LogInit: Using libcurl 7.41.0
[2015.10.03-19.59.01:663][  0]LogInit:  - built for x86_64-pc-win32
[2015.10.03-19.59.01:663][  0]LogInit:  - supports SSL with WinSSL
[2015.10.03-19.59.01:663][  0]LogInit:  - other features:
[2015.10.03-19.59.01:663][  0]LogInit:      CURL_VERSION_SSL
[2015.10.03-19.59.01:663][  0]LogInit:      CURL_VERSION_IPV6
[2015.10.03-19.59.01:663][  0]LogInit:      CURL_VERSION_ASYNCHDNS
[2015.10.03-19.59.01:663][  0]LogInit:      CURL_VERSION_LARGEFILE
[2015.10.03-19.59.01:663][  0]LogInit:      CURL_VERSION_IDN
[2015.10.03-19.59.01:663][  0]LogInit:  CurlRequestOptions (configurable via config and command line):
[2015.10.03-19.59.01:663][  0]LogInit:  - bVerifyPeer = true  - Libcurl will verify peer certificate
[2015.10.03-19.59.01:664][  0]LogInit:  - bUseHttpProxy = false  - Libcurl will NOT use HTTP proxy
[2015.10.03-19.59.01:664][  0]LogInit:  - bDontReuseConnections = false  - Libcurl will reuse connections
[2015.10.03-19.59.01:664][  0]LogInit:  - CertBundlePath = nullptr  - Libcurl will use whatever was configured at build time.
[2015.10.03-19.59.01:692][  0]LogInit: Presizing for 0 objects not considered by GC, pre-allocating 0 bytes.
[2015.10.03-19.59.01:724][  0]LogInit: Object subsystem initialized
[2015.10.03-19.59.01:730][  0]LogInit: Selected Device Profile: [Windows]
[2015.10.03-19.59.01:730][  0]LogInit: Applying CVar settings loaded from the selected device profile: [Windows]
[2015.10.03-19.59.01:782][  0]LogInit: Computer: BRANDON-PC
[2015.10.03-19.59.01:783][  0]LogInit: User: Brandon
[2015.10.03-19.59.01:783][  0]LogInit: CPU Page size=4096, Cores=2
[2015.10.03-19.59.01:783][  0]LogInit: High frequency timer resolution =2.338505 MHz
[2015.10.03-19.59.01:783][  0]LogMemory: Memory total: Physical=5.9GB (6GB approx)
[2015.10.03-19.59.01:783][  0]LogMemory: Platform Memory Stats for Windows
[2015.10.03-19.59.01:783][  0]LogMemory: Process Physical Memory: 53.41 MB used, 53.41 MB peak
[2015.10.03-19.59.01:783][  0]LogMemory: Process Virtual Memory: 58.18 MB used, 58.18 MB peak
[2015.10.03-19.59.01:783][  0]LogMemory: Physical Memory: 3245.53 MB used, 6029.32 MB total
[2015.10.03-19.59.01:783][  0]LogMemory: Virtual Memory: 338.89 MB used, 8388608.00 MB total
[2015.10.03-19.59.01:954][  0]LogTextLocalizationManager: No specific translations for ('en-US') exist, so ('en') translations will be used.
[2015.10.03-19.59.05:154][  0]LogD3D11RHI: Found D3D11 adapter 0: Intel(R) HD Graphics 3000 (Feature Level 10_0)
[2015.10.03-19.59.05:154][  0]LogD3D11RHI: Adapter has 64MB of dedicated video memory, 0MB of dedicated system memory, and 1632MB of shared system memory, 1 output[s]
[2015.10.03-19.59.05:154][  0]LogD3D11RHI: Chosen D3D11 Adapter Id = 0
[2015.10.03-19.59.05:178][  0]LogD3D11RHI: !Direct3DDevice
[2015.10.03-19.59.05:178][  0]LogRHI: Texture pool is 616 MB (70% of 880 MB)
[2015.10.03-19.59.05:189][  0]LogD3D11RHI: Async texture creation enabled
[2015.10.03-19.59.05:224][  0]LogShaderCompilers: Guid format shader working directory is 14 characters bigger than the processId version (../../../../../../Users/Brandon/Documents/Unreal Projects/SwordProject 4.9/Intermediate/Shaders/WorkingDirectory/38244/).
[2015.10.03-19.59.05:225][  0]LogShaderCompilers: Cleaned the shader compiler working directory '../../../../../../Users/Brandon/Documents/Unreal Projects/SwordProject 4.9/Intermediate/Shaders/tmp/3EFE252C4A768B9B6E6802BBC62BA2E1/'.
[2015.10.03-19.59.05:225][  0]LogShaderCompilers:Display: Using Local Shader Compiler.
[2015.10.03-19.59.10:763][  0]LogTemp:Display: Loaded TP AllDesktopTargetPlatform
[2015.10.03-19.59.10:791][  0]LogTemp:Display: Loaded TP WindowsClientTargetPlatform
[2015.10.03-19.59.10:834][  0]LogTemp:Display: Loaded TP WindowsNoEditorTargetPlatform
[2015.10.03-19.59.10:868][  0]LogTemp:Display: Loaded TP WindowsServerTargetPlatform
[2015.10.03-19.59.10:893][  0]LogTemp:Display: Loaded TP WindowsTargetPlatform
[2015.10.03-19.59.10:918][  0]LogTemp:Display: Loaded TP AndroidTargetPlatform
[2015.10.03-19.59.10:938][  0]LogTemp:Display: Loaded TP Android_ASTCTargetPlatform
[2015.10.03-19.59.10:962][  0]LogTemp:Display: Loaded TP Android_ATCTargetPlatform
[2015.10.03-19.59.10:979][  0]LogTemp:Display: Loaded TP Android_DXTTargetPlatform
[2015.10.03-19.59.10:999][  0]LogTemp:Display: Loaded TP Android_ETC1TargetPlatform
[2015.10.03-19.59.11:018][  0]LogTemp:Display: Loaded TP Android_ETC2TargetPlatform
[2015.10.03-19.59.11:037][  0]LogTemp:Display: Loaded TP Android_PVRTCTargetPlatform
[2015.10.03-19.59.11:040][  0]LogTemp:Display: Loaded TP HTML5TargetPlatform
[2015.10.03-19.59.11:129][  0]LogTemp:Display: Loaded TP IOSTargetPlatform
[2015.10.03-19.59.11:149][  0]LogTemp:Display: Loaded TP LinuxNoEditorTargetPlatform
[2015.10.03-19.59.11:167][  0]LogTemp:Display: Loaded TP LinuxServerTargetPlatform
[2015.10.03-19.59.11:193][  0]LogTemp:Display: Loaded TP LinuxTargetPlatform
[2015.10.03-19.59.11:193][  0]LogTargetPlatformManager:Display: Building Assets For Windows
[2015.10.03-19.59.11:909][  0]LogDerivedDataCache:Display: Max Cache Size: 512 MB
[2015.10.03-19.59.12:447][  0]LogDerivedDataCache: Loaded boot cache 0.52s 37MB C:/Users/Brandon/AppData/Local/UnrealEngine/4.9/DerivedDataCache/Boot.ddc.
[2015.10.03-19.59.12:447][  0]LogDerivedDataCache:Display: Loaded Boot cache: C:/Users/Brandon/AppData/Local/UnrealEngine/4.9/DerivedDataCache/Boot.ddc
[2015.10.03-19.59.12:447][  0]LogDerivedDataCache: FDerivedDataBackendGraph:  Pak pak cache file ../../../../../../Users/Brandon/Documents/Unreal Projects/SwordProject 4.9/DerivedDataCache/DDC.ddp not found, will not use a pak cache.
[2015.10.03-19.59.12:447][  0]LogDerivedDataCache: Unable to find inner node Pak for hierarchical cache Hierarchy.
[2015.10.03-19.59.12:448][  0]LogDerivedDataCache: FDerivedDataBackendGraph:  CompressedPak pak cache file ../../../../../../Users/Brandon/Documents/Unreal Projects/SwordProject 4.9/DerivedDataCache/Compressed.ddp not found, will not use a pak cache.
[2015.10.03-19.59.12:448][  0]LogDerivedDataCache: Unable to find inner node CompressedPak for hierarchical cache Hierarchy.
[2015.10.03-19.59.13:218][  0]LogDerivedDataCache:Display: Pak cache opened for reading ../../../Engine/DerivedDataCache/Compressed.ddp.
[2015.10.03-19.59.13:230][  0]LogDerivedDataCache: Using Local data cache path C:/Users/Brandon/AppData/Local/UnrealEngine/Common/DerivedDataCache: Writable
[2015.10.03-19.59.18:615][  0]LogInit: Selected Device Profile: [Windows]
[2015.10.03-19.59.18:617][  0]LogContentStreaming: Texture pool size is 0.000000MB
[2015.10.03-19.59.18:742][  0]LogMeshUtilities: No automatic mesh reduction module available
[2015.10.03-19.59.18:742][  0]LogMeshUtilities: No automatic mesh merging module available
[2015.10.03-19.59.22:755][  0]LogInit: WinSock: version 1.1 (2.2), MaxSocks=32767, MaxUdp=65467
[2015.10.03-19.59.35:553][  0]UdpMessaging: Initializing bridge on interface 0.0.0.0:0 to multicast group 230.0.0.1:6666.
[2015.10.03-19.59.35:954][  0]LogAssetRegistry: FAssetRegistry took 0.0185 seconds to start up
[2015.10.03-19.59.37:856][  0]SourceControl: Info Source control is disabled
[2015.10.03-19.59.37:858][  0]SourceControl: Info Source control is disabled
[2015.10.03-19.59.38:058][  0]SourceControl: Info Source control is disabled
[2015.10.03-19.59.38:241][  0]SourceControl: Info Source control is disabled
[2015.10.03-19.59.40:985][  0]LogLinker:Warning: Asset '../../../Engine/Plugins/Runtime/LeapMotionController/Content/LM_PassthroughMaterial.uasset' has been saved with empty engine version. The asset will be loaded but may be incompatible.
[2015.10.03-19.59.41:757][  0]LogObj: 28361 objects as part of root set at end of initial load.
[2015.10.03-19.59.41:757][  0]LogUObjectAllocator: 6038864 out of 0 bytes used by permanent object pool.
[2015.10.03-19.59.42:120][  0]LogEngine: Initializing Engine...
[2015.10.03-19.59.42:140][  0]LogHMD: Can't find Oculus library dev build: is proper Runtime installed? Version: 0.7.0.0
[2015.10.03-19.59.42:416][  0]LogHMD: SteamVR failed to initialize.  Err: 108
[2015.10.03-19.59.43:471][  0]LogAIModule: Creating AISystem for world NewWorld
[2015.10.03-19.59.43:504][  0]LogInit: XAudio2 using 'Speakers (Realtek High Definition Audio)' : 2 channels at 48 kHz using 32 bits per sample (channel mask 0x3)
[2015.10.03-19.59.43:561][  0]LogInit: FAudioDevice initialized.
[2015.10.03-19.59.43:627][  0]LogDerivedDataCache: Saved boot cache 0.07s 37MB C:/Users/Brandon/AppData/Local/UnrealEngine/4.9/DerivedDataCache/Boot.ddc.
[2015.10.03-19.59.43:637][  0]LogInit: Texture streaming: Enabled
[2015.10.03-19.59.43:685][  0]LogAnalytics: Creating configured Analytics provider AnalyticsET
[2015.10.03-19.59.43:685][  0]LogAnalytics: [UEEditor.Rocket.Release] APIServer = http://et2.epicgames.com/ET2/. AppVersion = 4.9.1-2689999+++depot+UE4-Releases+4.9
[2015.10.03-19.59.43:686][  0]LogAnalytics: [UEEditor.Rocket.Release] SetUserId 35bf1df24b6291fab054d4a032ebe350|4cc6989648b04f0180853fecfbe4390e|336a448c-d673-4e73-82fd-ec02ab6902dd
[2015.10.03-19.59.43:686][  0]LogAnalytics: [UEEditor.Rocket.Release] AnalyticsET::StartSession
[2015.10.03-19.59.43:870][  0]LogInit: Transaction tracking system initialized
[2015.10.03-19.59.44:272][  0]BlueprintLog: New page: Editor Load
[2015.10.03-19.59.46:114][  0]LocalizationService: Info Localization service is disabled
[2015.10.03-19.59.47:932][  0]LogConsoleResponse:Display: 
[2015.10.03-19.59.49:781][  0]LogCook:Display: Done creating registry. It took  0.00s.
[2015.10.03-19.59.50:548][  0]LogFileCache: Scanning file cache for directory 'C:/Users/Brandon/Documents/Unreal Projects/SwordProject 4.9/Content/' took 0.02s
[2015.10.03-19.59.51:142][  0]SourceControl: Info Source control is disabled
[2015.10.03-19.59.51:143][  0]Cmd: MAP LOAD FILE="../../../../../../Users/Brandon/Documents/Unreal Projects/SwordProject 4.9/Content/ThirdPersonBP/Maps/ThirdPersonExampleMap.umap" TEMPLATE=0 SHOWPROGRESS=1 FEATURELEVEL=2
[2015.10.03-19.59.51:222][  0]LightingResults: New page: Lighting Build
[2015.10.03-19.59.51:234][  0]MapCheck: New page: Map Check
[2015.10.03-19.59.51:234][  0]LightingResults: New page: Lighting Build
[2015.10.03-19.59.51:288][  0]LogParticles: Destroying 0 GPU particle simulations for FXSystem 0x0000000022517CE0
[2015.10.03-20.00.05:511][  0]LogAIModule: Creating AISystem for world ThirdPersonExampleMap
[2015.10.03-20.00.05:765][  0]LogEditorServer: Finished looking for orphan Actors (0.001 secs)
[2015.10.03-20.00.06:323][  0]Cmd: MAP CHECKDEP NOCLEARLOG
[2015.10.03-20.00.06:584][  0]MapCheck: Info Map check complete: 0 Error(s), 0 Warning(s), took 260.988ms to complete.
[2015.10.03-20.00.06:585][  0]LogFileHelpers: Loading map 'ThirdPersonExampleMap' took 15.442
[2015.10.03-20.00.07:637][  0]LogCollectionManager: Loaded 0 collections in 0.008274 seconds
[2015.10.03-20.00.07:723][  0]LogFileCache: Scanning file cache for directory 'C:/Users/Brandon/Documents/Unreal Projects/SwordProject 4.9/Saved/Collections/' took 0.01s
[2015.10.03-20.00.07:723][  0]LogFileCache: Scanning file cache for directory 'C:/Users/Brandon/Documents/Unreal Projects/SwordProject 4.9/Content/Developers/Brandon/Collections/' took 0.01s
[2015.10.03-20.00.07:723][  0]LogFileCache: Scanning file cache for directory 'C:/Users/Brandon/Documents/Unreal Projects/SwordProject 4.9/Content/Collections/' took 0.01s
[2015.10.03-20.00.07:723][  0]LogContentBrowser: Native class hierarchy populated in 0.0333 seconds. Added 1867 classes and 333 folders.
[2015.10.03-20.00.07:785][  0]LogCollectionManager: Rebuilt the GUID cache for 0 collections in 0.000006 seconds
[2015.10.03-20.00.07:835][  0]LogContentBrowser: Native class hierarchy updated for 'WidgetCarousel' in 0.0013 seconds. Added 0 classes and 0 folders.
[2015.10.03-20.00.09:385][  0]LogContentBrowser: Native class hierarchy updated for 'AddContentDialog' in 0.0013 seconds. Added 0 classes and 0 folders.
[2015.10.03-20.00.09:508][  0]LogContentBrowser: Native class hierarchy updated for 'SceneOutliner' in 0.0021 seconds. Added 1 classes and 2 folders.
[2015.10.03-20.00.10:327][  0]LogCrashTracker: Crashtracker disabled due to settings.
[2015.10.03-20.00.11:322][  0]LogLoad: Full Startup: 72.78 seconds (BP compile: 0.64 seconds)
[2015.10.03-20.00.11:706][  0]LogContentStreaming: Texture pool size now 200 MB
[2015.10.03-20.00.12:217][  0]LogRenderer: Reallocating scene render targets to support 1208x576 (Frame:2).
[2015.10.03-20.00.18:430][ 14]LogAssetRegistry: Asset discovery search completed in 42.4852 seconds
[2015.10.03-20.00.18:431][ 14]LogCollectionManager: Rebuilt the object cache for 0 collections in 0.000002 seconds (found 0 objects)
[2015.10.03-20.00.18:431][ 14]LogCollectionManager: Fixed up redirectors for 0 collections in 0.000119 seconds (updated 0 objects)
[2015.10.03-20.01.23:770][299]Cmd: MAP LOAD FILE="../../../../../../Users/Brandon/Documents/Unreal Projects/SwordProject 4.9/Content/ThirdPersonBP/Maps/Untitled.umap" TEMPLATE=0 SHOWPROGRESS=1 FEATURELEVEL=2
[2015.10.03-20.01.23:824][299]LightingResults: New page: Lighting Build
[2015.10.03-20.01.23:869][299]LoadErrors: New page: Loading map: Untitled.umap
[2015.10.03-20.01.23:872][299]MapCheck: New page: Map Check
[2015.10.03-20.01.23:872][299]LightingResults: New page: Lighting Build
[2015.10.03-20.01.23:920][299]LogParticles: Destroying 0 GPU particle simulations for FXSystem 0x00000000229F3060
[2015.10.03-20.01.25:833][299]LogAIModule: Creating AISystem for world Untitled
[2015.10.03-20.01.26:068][299]LogEditorServer: Finished looking for orphan Actors (0.000 secs)
[2015.10.03-20.01.26:217][299]Cmd: MAP CHECKDEP NOCLEARLOG
[2015.10.03-20.01.26:471][299]MapCheck: Info Map check complete: 0 Error(s), 0 Warning(s), took 253.487ms to complete.
[2015.10.03-20.01.26:471][299]LogFileHelpers: Loading map 'Untitled' took 2.704
[2015.10.03-20.01.30:500][367]Cmd: MAP LOAD FILE="../../../../../../Users/Brandon/Documents/Unreal Projects/SwordProject 4.9/Content/ThirdPersonBP/Maps/Street.umap" TEMPLATE=0 SHOWPROGRESS=1 FEATURELEVEL=2
[2015.10.03-20.01.30:592][367]LightingResults: New page: Lighting Build
[2015.10.03-20.01.30:627][367]LoadErrors: New page: Loading map: Street.umap
[2015.10.03-20.01.30:631][367]MapCheck: New page: Map Check
[2015.10.03-20.01.30:631][367]LightingResults: New page: Lighting Build
[2015.10.03-20.01.30:671][367]LogParticles: Destroying 0 GPU particle simulations for FXSystem 0x0000000010625580
[2015.10.03-20.01.30:896][367]LogAIModule: Creating AISystem for world Street
[2015.10.03-20.01.31:176][367]LogEditorServer: Finished looking for orphan Actors (0.000 secs)
[2015.10.03-20.01.31:383][367]Cmd: MAP CHECKDEP NOCLEARLOG
[2015.10.03-20.01.31:666][367]MapCheck: Info Map check complete: 0 Error(s), 0 Warning(s), took 282.944ms to complete.
[2015.10.03-20.01.31:666][367]LogFileHelpers: Loading map 'Street' took 1.169
[2015.10.03-20.01.47:101][589]LogEditorViewport: Clicking on Actor (LMB): StaticMeshActor (Building_02_Win2)
[2015.10.03-20.01.48:630][606]Cmd: EDIT COPY
[2015.10.03-20.01.48:843][607]Cmd: EDIT PASTE
[2015.10.03-20.02.39:697][960]LogEditorViewport: Clicking on Actor (LMB): StaticMeshActor (Floor)
[2015.10.03-20.02.46:158][ 38]LogSavePackage: Save=193.353012ms
[2015.10.03-20.02.46:159][ 38]LogSavePackage: Moving '../../../../../../Users/Brandon/Documents/Unreal Projects/SwordProject 4.9/Saved/StreetDF74C9A44938CFD6112CF4ABFC3EAF53.tmp' to '../../../../../../Users/Brandon/Documents/Unreal Projects/SwordProject 4.9/Content/ThirdPersonBP/Maps/Street.umap'
[2015.10.03-20.02.46:190][ 38]LogSavePackage: Total save time: 692.968797ms
[2015.10.03-20.02.46:190][ 38]LogSavePackage:Warning: Finished SavePackage ../../../../../../Users/Brandon/Documents/Unreal Projects/SwordProject 4.9/Content/ThirdPersonBP/Maps/Street.umap
[2015.10.03-20.02.46:404][ 38]LogFileHelpers: Saving map 'Street' took 1.046
[2015.10.03-20.03.08:817][369]Cmd: BRUSH ADD SELECTNEWBRUSH
[2015.10.03-20.03.28:942][648]Cmd: DELETE
[2015.10.03-20.03.28:942][648]Cmd: ACTOR DELETE
[2015.10.03-20.03.28:980][648]LogEditorActor: Deleted Actor: Brush
[2015.10.03-20.03.29:059][648]LogEditorActor: Deleted 1 Actors (0.099 secs)
[2015.10.03-20.03.40:137][810]LogSavePackage: Save=57.541462ms
[2015.10.03-20.03.40:137][810]LogSavePackage: Moving '../../../../../../Users/Brandon/Documents/Unreal Projects/SwordProject 4.9/Saved/Street53AEF9E24FDC01A37293A59FC385E7ED.tmp' to '../../../../../../Users/Brandon/Documents/Unreal Projects/SwordProject 4.9/Content/ThirdPersonBP/Maps/Street.umap'
[2015.10.03-20.03.40:141][810]LogSavePackage: Total save time: 71.687680ms
[2015.10.03-20.03.40:141][810]LogSavePackage:Warning: Finished SavePackage ../../../../../../Users/Brandon/Documents/Unreal Projects/SwordProject 4.9/Content/ThirdPersonBP/Maps/Street.umap
[2015.10.03-20.03.40:210][810]LogFileHelpers: Saving map 'Street' took 0.279
[2015.10.03-20.04.02:631][201]LogActorFactory: Actor Factory created Roof
[2015.10.03-20.04.03:613][220]LogActorFactory: Actor Factory created Roof
[2015.10.03-20.04.27:555][686]Cmd: EDIT COPY
[2015.10.03-20.04.27:714][687]Cmd: EDIT PASTE
[2015.10.03-20.04.33:311][792]LogEditorViewport: Clicking on Actor (CTRL LMB): StaticMeshActor (Roof)
[2015.10.03-20.04.41:449][944]Cmd: EDIT COPY
[2015.10.03-20.04.41:650][948]Cmd: EDIT PASTE
[2015.10.03-20.04.46:736][ 44]LogEditorViewport: Clicking on Actor (CTRL LMB): StaticMeshActor (Roof2)
[2015.10.03-20.04.47:071][ 48]LogEditorViewport: Clicking on Actor (CTRL LMB): StaticMeshActor (Roof)
[2015.10.03-20.04.47:940][ 64]Cmd: EDIT COPY
[2015.10.03-20.04.48:141][ 68]Cmd: EDIT PASTE
[2015.10.03-20.04.53:735][173]LogEditorViewport: Clicking on Actor (CTRL LMB): StaticMeshActor (Roof4)
[2015.10.03-20.04.54:026][176]LogEditorViewport: Clicking on Actor (CTRL LMB): StaticMeshActor (Roof3)
[2015.10.03-20.04.54:406][181]LogEditorViewport: Clicking on Actor (CTRL LMB): StaticMeshActor (Roof)
[2015.10.03-20.04.55:570][200]LogEditorViewport: Clicking on Actor (CTRL LMB): StaticMeshActor (Roof)
[2015.10.03-20.04.56:773][219]LogEditorViewport: Clicking on Actor (CTRL LMB): StaticMeshActor (Roof2)
[2015.10.03-20.04.57:319][229]Cmd: EDIT COPY
[2015.10.03-20.04.57:562][234]Cmd: EDIT PASTE
[2015.10.03-20.05.03:658][349]LogEditorViewport: Clicking on Actor (LMB): StaticMeshActor (Floor)
[2015.10.03-20.05.13:231][503]LogEditorViewport: Clicking on Actor (LMB): StaticMeshActor (Roof4)
[2015.10.03-20.05.35:636][ 25]LogEditorViewport: Clicking on Actor (LMB): StaticMeshActor (Floor)
[2015.10.03-20.05.41:960][113]LogEditorViewport: Clicking on Actor (LMB): StaticMeshActor (Roof8)
[2015.10.03-20.05.42:734][123]Cmd: TRANSACTION UNDO
[2015.10.03-20.05.42:749][123]LogEditorTransaction: Undo Clicking on Actors
[2015.10.03-20.05.43:157][125]Cmd: TRANSACTION UNDO
[2015.10.03-20.05.43:157][125]LogEditorTransaction: Undo Clicking on Actors
[2015.10.03-20.06.15:340][649]LogEditorViewport: Clicking on Actor (LMB): StaticMeshActor (Floor)
[2015.10.03-20.06.21:588][734]LogRenderer: Reallocating scene render targets to support 1392x924 (Frame:4667).
[2015.10.03-20.06.35:814][936]LogEditorViewport: Clicking on Actor (LMB): StaticMeshActor (Building_02_Win3)
[2015.10.03-20.06.36:682][946]LogEditorViewport: Clicking on Actor (CTRL LMB): StaticMeshActor (Building_02_Corner2)
[2015.10.03-20.06.37:275][952]LogEditorViewport: Clicking on Actor (CTRL LMB): StaticMeshActor (Building_02_Win2)
[2015.10.03-20.06.38:014][961]LogEditorViewport: Clicking on Actor (CTRL LMB): StaticMeshActor (Building_02_Win)
[2015.10.03-20.06.43:441][ 35]Cmd: EDIT COPY
[2015.10.03-20.06.43:728][ 39]Cmd: EDIT PASTE
[2015.10.03-20.06.53:916][176]Cmd: TRANSACTION UNDO
[2015.10.03-20.06.53:916][176]LogEditorTransaction: Undo Move Actors
[2015.10.03-20.07.31:130][698]LogEditorViewport: Clicking on Actor (LMB): StaticMeshActor (Building_02_Win6)
[2015.10.03-20.07.32:130][713]Cmd: EDIT COPY
[2015.10.03-20.07.32:417][715]Cmd: EDIT PASTE
[2015.10.03-20.07.53:013][173]LogEditorViewport: Clicking on Actor (LMB): BP_Sky_Sphere_C (Sky Sphere)
[2015.10.03-20.07.55:939][210]LogSavePackage: Save=70.532669ms
[2015.10.03-20.07.55:939][210]LogSavePackage: Moving '../../../../../../Users/Brandon/Documents/Unreal Projects/SwordProject 4.9/Saved/Street2DF1655C47F24D699ECE60B47DC3F5BB.tmp' to '../../../../../../Users/Brandon/Documents/Unreal Projects/SwordProject 4.9/Content/ThirdPersonBP/Maps/Street.umap'
[2015.10.03-20.07.55:942][210]LogSavePackage: Total save time: 86.306423ms
[2015.10.03-20.07.55:942][210]LogSavePackage:Warning: Finished SavePackage ../../../../../../Users/Brandon/Documents/Unreal Projects/SwordProject 4.9/Content/ThirdPersonBP/Maps/Street.umap
[2015.10.03-20.07.55:999][210]LogFileHelpers: Saving map 'Street' took 0.277
[2015.10.03-20.07.56:127][210]LogSavePackage: Save=47.625725ms
[2015.10.03-20.07.56:127][210]LogSavePackage: Moving '../../../../../../Users/Brandon/Documents/Unreal Projects/SwordProject 4.9/Saved/Concrete9F3C24AE4C53F5D740CD4B84CF26BE7F.tmp' to '../../../../../../Users/Brandon/Documents/Unreal Projects/SwordProject 4.9/Content/Game/Material/Concrete/Concrete.uasset'
[2015.10.03-20.07.56:132][210]LogSavePackage: Total save time: 53.208351ms
[2015.10.03-20.07.56:132][210]LogSavePackage:Warning: Finished SavePackage ../../../../../../Users/Brandon/Documents/Unreal Projects/SwordProject 4.9/Content/Game/Material/Concrete/Concrete.uasset
[2015.10.03-21.06.59:230][644]LogPlayLevel: PlayLevel: No blueprints needed recompiling
[2015.10.03-21.06.59:283][644]PIE: New page: PIE session: Street (Oct 3, 2015, 11:06:59 AM)
[2015.10.03-21.06.59:283][644]LogPlayLevel: Creating play world package: /Game/ThirdPersonBP/Maps/UEDPIE_0_Street
[2015.10.03-21.06.59:343][644]LogPlayLevel: PIE: StaticDuplicateObject took: (0.060042s)
[2015.10.03-21.06.59:344][644]LogAIModule: Creating AISystem for world Street
[2015.10.03-21.06.59:344][644]LogPlayLevel: PIE: World Init took: (0.001436s)
[2015.10.03-21.06.59:345][644]LogPlayLevel: PIE: Created PIE world by copying editor world from /Game/ThirdPersonBP/Maps/Street.Street to /Game/ThirdPersonBP/Maps/UEDPIE_0_Street.Street (0.061796s)
[2015.10.03-21.06.59:483][644]LogInit: XAudio2 using 'Speakers (Realtek High Definition Audio)' : 2 channels at 48 kHz using 32 bits per sample (channel mask 0x3)
[2015.10.03-21.06.59:508][644]LogInit: FAudioDevice initialized.
[2015.10.03-21.06.59:728][644]LogWorld: Game class is 'ThirdPersonGameMode_C'
[2015.10.03-21.06.59:883][644]LogWorld: Bringing World /Game/ThirdPersonBP/Maps/UEDPIE_0_Street.Street up for play (max tick rate 0) at 2015.10.03-16.06.59
[2015.10.03-21.06.59:883][644]LogActor:Warning: GameSession /Game/ThirdPersonBP/Maps/UEDPIE_0_Street.Street:PersistentLevel.GameSession_0 has natively added scene component(s), but none of them were set as the actor's RootComponent - picking one arbitrarily
[2015.10.03-21.06.59:884][644]LogActor:Warning: GameNetworkManager /Game/ThirdPersonBP/Maps/UEDPIE_0_Street.Street:PersistentLevel.GameNetworkManager_0 has natively added scene component(s), but none of them were set as the actor's RootComponent - picking one arbitrarily
[2015.10.03-21.06.59:903][644]LogWorld: Bringing up level for play took: 0.030613
[2015.10.03-21.07.00:518][644]PIE: Info Play in editor start time for /Game/ThirdPersonBP/Maps/UEDPIE_0_Street 0.62
[2015.10.03-21.07.17:640][933]LogParticles: Destroying 0 GPU particle simulations for FXSystem 0x00000000133FECA0
[2015.10.03-21.07.25:613][ 37]LogEditorViewport: Clicking on Actor (LMB): SkeletalMeshActor (Robot3)
[2015.10.03-21.07.31:541][117]LogPlayLevel: PlayLevel: No blueprints needed recompiling
[2015.10.03-21.07.31:542][117]PIE: New page: PIE session: Street (Oct 3, 2015, 11:07:31 AM)
[2015.10.03-21.07.31:542][117]LogPlayLevel: Creating play world package: /Game/ThirdPersonBP/Maps/UEDPIE_0_Street
[2015.10.03-21.07.31:552][117]LogPlayLevel: PIE: StaticDuplicateObject took: (0.009482s)
[2015.10.03-21.07.31:553][117]LogAIModule: Creating AISystem for world Street
[2015.10.03-21.07.31:553][117]LogPlayLevel: PIE: World Init took: (0.001298s)
[2015.10.03-21.07.31:553][117]LogPlayLevel: PIE: Created PIE world by copying editor world from /Game/ThirdPersonBP/Maps/Street.Street to /Game/ThirdPersonBP/Maps/UEDPIE_0_Street.Street (0.011075s)
[2015.10.03-21.07.31:647][117]LogInit: XAudio2 using 'Speakers (Realtek High Definition Audio)' : 2 channels at 48 kHz using 32 bits per sample (channel mask 0x3)
[2015.10.03-21.07.31:680][117]LogInit: FAudioDevice initialized.
[2015.10.03-21.07.31:717][117]LogWorld: Game class is 'ThirdPersonGameMode_C'
[2015.10.03-21.07.31:730][117]LogWorld: Bringing World /Game/ThirdPersonBP/Maps/UEDPIE_0_Street.Street up for play (max tick rate 0) at 2015.10.03-16.07.31
[2015.10.03-21.07.31:730][117]LogActor:Warning: GameSession /Game/ThirdPersonBP/Maps/UEDPIE_0_Street.Street:PersistentLevel.GameSession_1 has natively added scene component(s), but none of them were set as the actor's RootComponent - picking one arbitrarily
[2015.10.03-21.07.31:730][117]LogActor:Warning: GameNetworkManager /Game/ThirdPersonBP/Maps/UEDPIE_0_Street.Street:PersistentLevel.GameNetworkManager_1 has natively added scene component(s), but none of them were set as the actor's RootComponent - picking one arbitrarily
[2015.10.03-21.07.31:731][117]LogWorld: Bringing up level for play took: 0.011860
[2015.10.03-21.07.31:736][117]PIE: Info Play in editor start time for /Game/ThirdPersonBP/Maps/UEDPIE_0_Street -0.159
[2015.10.03-21.07.34:155][155]LogParticles: Destroying 0 GPU particle simulations for FXSystem 0x00000000133FF7E0
[2015.10.03-21.07.46:971][306]LogLinker:Warning: Asset '../../../Engine/Content/ArtTools/RenderToTexture/Macros/RenderToTextureMacros.uasset' has been saved with empty engine version. The asset will be loaded but may be incompatible.
[2015.10.03-21.07.49:232][306]LogContentBrowser: Native class hierarchy updated for 'BlueprintGraph' in 0.0012 seconds. Added 107 classes and 0 folders.
[2015.10.03-21.08.10:307][553]LogActorComponent: UnregisterComponent: (/Engine/Transient.CharMoveComp) Not registered. Aborting.
[2015.10.03-21.08.10:309][553]LogMaterial:Warning: Material /Game/Game/Material/Master/Brick04.Brick04 needed to have new flag set bUsedWithSkeletalMesh !
[2015.10.03-21.08.10:337][553]LogMaterial: Missing cached shader map for material Brick04, compiling. 
[2015.10.03-21.08.10:713][553]LogMaterial: Missing cached shader map for material Brick04, compiling. 
[2015.10.03-21.08.10:811][553]LogMaterial: 0.176128 seconds spent updating 1 materials, 1 interfaces, 5 instances, 1 with static permutations.
[2015.10.03-21.08.15:944][612]LogActorComponent: UnregisterComponent: (/Engine/Transient.CharacterMovementComponent_0) Not registered. Aborting.
[2015.10.03-21.08.21:869][684]LogActorComponent: UnregisterComponent: (/Engine/Transient.CharacterMovementComponent_1) Not registered. Aborting.
[2015.10.03-21.08.23:225][699]LogActorComponent: UnregisterComponent: (/Engine/Transient.CharacterMovementComponent_2) Not registered. Aborting.
[2015.10.03-21.08.24:810][699]LogSavePackage: Save=1072.308960ms
[2015.10.03-21.08.24:810][699]LogSavePackage: Moving '../../../../../../Users/Brandon/Documents/Unreal Projects/SwordProject 4.9/Saved/ThirdPersonCharacterEFEC0F9D41885CE19ACD4A8A2526DBC4.tmp' to '../../../../../../Users/Brandon/Documents/Unreal Projects/SwordProject 4.9/Content/ThirdPersonBP/Blueprints/ThirdPersonCharacter.uasset'
[2015.10.03-21.08.24:814][699]LogSavePackage: Total save time: 1336.265691ms
[2015.10.03-21.08.24:814][699]LogSavePackage:Warning: Finished SavePackage ../../../../../../Users/Brandon/Documents/Unreal Projects/SwordProject 4.9/Content/ThirdPersonBP/Blueprints/ThirdPersonCharacter.uasset
[2015.10.03-21.08.25:197][699]Cmd: OBJ SAVEPACKAGE PACKAGE="/Game/Game/Material/Master/Brick04" FILE="../../../../../../Users/Brandon/Documents/Unreal Projects/SwordProject 4.9/Content/Game/Material/Master/Brick04.uasset" SILENT=true
[2015.10.03-21.08.25:263][699]LogSavePackage: Save=35.964859ms
[2015.10.03-21.08.25:263][699]LogSavePackage: Moving '../../../../../../Users/Brandon/Documents/Unreal Projects/SwordProject 4.9/Saved/Brick0468AE2BA64F41A812BE5E858F66A941DA.tmp' to '../../../../../../Users/Brandon/Documents/Unreal Projects/SwordProject 4.9/Content/Game/Material/Master/Brick04.uasset'
[2015.10.03-21.08.25:265][699]LogSavePackage: Total save time: 66.421926ms
[2015.10.03-21.08.25:265][699]LogSavePackage:Warning: Finished SavePackage ../../../../../../Users/Brandon/Documents/Unreal Projects/SwordProject 4.9/Content/Game/Material/Master/Brick04.uasset
[2015.10.03-21.08.25:310][699]LogSavePackage: Save=3.366253ms
[2015.10.03-21.08.25:310][699]LogSavePackage: Moving '../../../../../../Users/Brandon/Documents/Unreal Projects/SwordProject 4.9/Saved/Concrete335D1051456ED1B69CFDD88A765AB85B.tmp' to '../../../../../../Users/Brandon/Documents/Unreal Projects/SwordProject 4.9/Content/Game/Material/Concrete/Concrete.uasset'
[2015.10.03-21.08.25:434][699]LogSavePackage: Total save time: 149.573341ms
[2015.10.03-21.08.25:434][699]LogSavePackage:Warning: Finished SavePackage ../../../../../../Users/Brandon/Documents/Unreal Projects/SwordProject 4.9/Content/Game/Material/Concrete/Concrete.uasset
[2015.10.03-21.09.14:554][884]BlueprintLog: New page: Compile ThirdPersonCharacter
[2015.10.03-21.09.15:683][884]LogActorComponent: UnregisterComponent: (/Engine/Transient.CharMoveComp) Not registered. Aborting.
[2015.10.03-21.09.15:918][884]BlueprintEditorCompileResults: Info The execution path doesn't end with a return node.  Default 
[2015.10.03-21.09.15:919][884]BlueprintEditorCompileResults: Info The execution path doesn't end with a return node.  False 
[2015.10.03-21.09.15:919][884]BlueprintEditorCompileResults: Info The execution path doesn't end with a return node.  Cast Failed 
[2015.10.03-21.09.15:919][884]BlueprintEditorCompileResults: Info The execution path doesn't end with a return node.  True 
[2015.10.03-21.09.15:919][884]BlueprintEditorCompileResults: Info [4217.27] Compile of ThirdPersonCharacter successful! [in 1,343 ms]
[2015.10.03-21.09.18:020][915]LogPlayLevel: PlayLevel: No blueprints needed recompiling
[2015.10.03-21.09.18:021][915]PIE: New page: PIE session: Street (Oct 3, 2015, 11:09:18 AM)
[2015.10.03-21.09.18:021][915]LogPlayLevel: Creating play world package: /Game/ThirdPersonBP/Maps/UEDPIE_0_Street
[2015.10.03-21.09.18:036][915]LogPlayLevel: PIE: StaticDuplicateObject took: (0.014626s)
[2015.10.03-21.09.18:037][915]LogAIModule: Creating AISystem for world Street
[2015.10.03-21.09.18:037][915]LogPlayLevel: PIE: World Init took: (0.001684s)
[2015.10.03-21.09.18:038][915]LogPlayLevel: PIE: Created PIE world by copying editor world from /Game/ThirdPersonBP/Maps/Street.Street to /Game/ThirdPersonBP/Maps/UEDPIE_0_Street.Street (0.016702s)
[2015.10.03-21.09.18:038][915]LogActorComponent: UnregisterComponent: (/Engine/Transient.CharMoveComp) Not registered. Aborting.
[2015.10.03-21.09.18:114][915]LogInit: XAudio2 using 'Speakers (Realtek High Definition Audio)' : 2 channels at 48 kHz using 32 bits per sample (channel mask 0x3)
[2015.10.03-21.09.18:162][915]LogInit: FAudioDevice initialized.
[2015.10.03-21.09.18:197][915]LogWorld: Game class is 'ThirdPersonGameMode_C'
[2015.10.03-21.09.18:209][915]LogWorld: Bringing World /Game/ThirdPersonBP/Maps/UEDPIE_0_Street.Street up for play (max tick rate 0) at 2015.10.03-16.09.18
[2015.10.03-21.09.18:209][915]LogActor:Warning: GameSession /Game/ThirdPersonBP/Maps/UEDPIE_0_Street.Street:PersistentLevel.GameSession_2 has natively added scene component(s), but none of them were set as the actor's RootComponent - picking one arbitrarily
[2015.10.03-21.09.18:210][915]LogActor:Warning: GameNetworkManager /Game/ThirdPersonBP/Maps/UEDPIE_0_Street.Street:PersistentLevel.GameNetworkManager_2 has natively added scene component(s), but none of them were set as the actor's RootComponent - picking one arbitrarily
[2015.10.03-21.09.18:210][915]LogWorld: Bringing up level for play took: 0.010912
[2015.10.03-21.09.18:215][915]PIE: Info Play in editor start time for /Game/ThirdPersonBP/Maps/UEDPIE_0_Street 0.317
[2015.10.03-21.09.32:046][159]LogParticles: Destroying 0 GPU particle simulations for FXSystem 0x000000001596C720
[2015.10.03-21.19.27:550][  2]LogActorComponent: UnregisterComponent: (/Engine/Transient.CharMoveComp) Not registered. Aborting.
[2015.10.03-21.19.30:238][  3]Cmd: QUIT_EDITOR
[2015.10.03-21.19.31:988][  3]LogExit: Preparing to exit.
[2015.10.03-21.19.33:068][  3]LogExit: Editor shut down
[2015.10.03-21.19.33:069][  3]LogExit: Transaction tracking system shut down
[2015.10.03-21.19.33:078][  3]LogParticles: Destroying 0 GPU particle simulations for FXSystem 0x00000000110C1F80
[2015.10.03-21.19.33:285][  3]LogParticles: Destroying 0 GPU particle simulations for FXSystem 0x000000004E1DEE80
[2015.10.03-21.19.33:286][  3]LogParticles: Destroying 0 GPU particle simulations for FXSystem 0x00000000178D9F80
[2015.10.03-21.19.33:287][  3]LogParticles: Destroying 0 GPU particle simulations for FXSystem 0x000000000FCDD1C0
[2015.10.03-21.19.33:288][  3]LogParticles: Destroying 0 GPU particle simulations for FXSystem 0x000000002CEAECA0
[2015.10.03-21.19.33:288][  3]LogParticles: Destroying 0 GPU particle simulations for FXSystem 0x0000000010F0C5E0
[2015.10.03-21.19.33:288][  3]LogParticles: Destroying 0 GPU particle simulations for FXSystem 0x0000000031C85760
[2015.10.03-21.19.33:288][  3]LogParticles: Destroying 0 GPU particle simulations for FXSystem 0x0000000031F942C0
[2015.10.03-21.19.33:288][  3]LogParticles: Destroying 0 GPU particle simulations for FXSystem 0x0000000031F94540
[2015.10.03-21.19.36:206][  3]LogExit: Object subsystem successfully closed.
[2015.10.03-21.19.37:167][  3]LogD3D11RHI: Shutdown
[2015.10.03-21.19.37:167][  3]LogD3D11RHI: CleanupD3DDevice
[2015.10.03-21.19.37:849][  3]LogD3D11RHI: ~FD3D11DynamicRHI
[2015.10.03-21.19.39:560][  3]LogModuleManager: Shutting down and abandoning module BlueprintGraph (200)
[2015.10.03-21.19.39:560][  3]LogModuleManager: Shutting down and abandoning module MaterialEditor (199)
[2015.10.03-21.19.39:560][  3]LogModuleManager: Shutting down and abandoning module ExternalImagePicker (198)
[2015.10.03-21.19.39:560][  3]LogModuleManager: Shutting down and abandoning module CrashTracker (197)
[2015.10.03-21.19.39:560][  3]LogModuleManager: Shutting down and abandoning module SceneOutliner (196)
[2015.10.03-21.19.39:560][  3]LogModuleManager: Shutting down and abandoning module SuperSearch (195)
[2015.10.03-21.19.39:560][  3]LogModuleManager: Shutting down and abandoning module WidgetCarousel (194)
[2015.10.03-21.19.39:561][  3]LogModuleManager: Shutting down and abandoning module AddContentDialog (193)
[2015.10.03-21.19.39:958][  3]LogModuleManager: Shutting down and abandoning module EditorWidgets (192)
[2015.10.03-21.19.39:959][  3]LogModuleManager: Shutting down and abandoning module CollectionManager (191)
[2015.10.03-21.19.39:960][  3]LogModuleManager: Shutting down and abandoning module StatsViewer (190)
[2015.10.03-21.19.40:066][  3]LogModuleManager: Shutting down and abandoning module FoliageEdit (189)
[2015.10.03-21.19.40:066][  3]LogModuleManager: Shutting down and abandoning module LandscapeEditor (188)
[2015.10.03-21.19.40:167][  3]LogModuleManager: Shutting down and abandoning module ActorPickerMode (187)
[2015.10.03-21.19.40:167][  3]LogModuleManager: Shutting down and abandoning module GeometryMode (186)
[2015.10.03-21.19.40:168][  3]LogModuleManager: Shutting down and abandoning module TextureAlignMode (185)
[2015.10.03-21.19.40:168][  3]LogModuleManager: Shutting down and abandoning module BspMode (184)
[2015.10.03-21.19.40:168][  3]LogModuleManager: Shutting down and abandoning module PlacementMode (183)
[2015.10.03-21.19.40:168][  3]LogModuleManager: Shutting down and abandoning module AutomationWorker (182)
[2015.10.03-21.19.40:168][  3]LogModuleManager: Shutting down and abandoning module CharacterAI (181)
[2015.10.03-21.19.40:168][  3]LogModuleManager: Shutting down and abandoning module SmartSnapping (180)
[2015.10.03-21.19.40:168][  3]LogModuleManager: Shutting down and abandoning module ViewportSnapping (179)
[2015.10.03-21.19.40:168][  3]LogModuleManager: Shutting down and abandoning module LogVisualizer (178)
[2015.10.03-21.19.40:168][  3]LogModuleManager: Shutting down and abandoning module GameProjectGeneration (177)
[2015.10.03-21.19.40:184][  3]LogModuleManager: Shutting down and abandoning module IntroTutorials (176)
[2015.10.03-21.19.40:382][  3]LogModuleManager: Shutting down and abandoning module EditorLiveStreaming (175)
[2015.10.03-21.19.40:382][  3]LogModuleManager: Shutting down and abandoning module IOSPlatformEditor (174)
[2015.10.03-21.19.40:382][  3]LogModuleManager: Shutting down and abandoning module HTML5PlatformEditor (173)
[2015.10.03-21.19.40:382][  3]LogModuleManager: Shutting down and abandoning module AndroidDeviceDetection (172)
[2015.10.03-21.19.41:196][  3]LogModuleManager: Shutting down and abandoning module AndroidPlatformEditor (171)
[2015.10.03-21.19.41:196][  3]LogModuleManager: Shutting down and abandoning module IOSRuntimeSettings (170)
[2015.10.03-21.19.41:196][  3]LogModuleManager: Shutting down and abandoning module AndroidRuntimeSettings (169)
[2015.10.03-21.19.41:196][  3]LogModuleManager: Shutting down and abandoning module MergeActors (168)
[2015.10.03-21.19.41:222][  3]LogModuleManager: Shutting down and abandoning module SizeMap (167)
[2015.10.03-21.19.41:222][  3]LogModuleManager: Shutting down and abandoning module TreeMap (166)
[2015.10.03-21.19.41:222][  3]LogModuleManager: Shutting down and abandoning module ReferenceViewer (165)
[2015.10.03-21.19.41:222][  3]LogModuleManager: Shutting down and abandoning module LocalizationService (164)
[2015.10.03-21.19.41:222][  3]LogModuleManager: Shutting down and abandoning module LocalizationDashboard (163)
[2015.10.03-21.19.41:235][  3]LogModuleManager: Shutting down and abandoning module HardwareTargeting (162)
[2015.10.03-21.19.41:235][  3]LogModuleManager: Shutting down and abandoning module DeviceProfileEditor (161)
[2015.10.03-21.19.41:235][  3]LogModuleManager: Shutting down and abandoning module UndoHistory (160)
[2015.10.03-21.19.41:235][  3]LogModuleManager: Shutting down and abandoning module GameplayTagsEditor (159)
[2015.10.03-21.19.41:235][  3]LogModuleManager: Shutting down and abandoning module UserFeedback (158)
[2015.10.03-21.19.41:235][  3]LogModuleManager: Shutting down and abandoning module XmlParser (157)
[2015.10.03-21.19.41:235][  3]LogModuleManager: Shutting down and abandoning module Blutility (156)
[2015.10.03-21.19.41:235][  3]LogModuleManager: Shutting down and abandoning module ProjectTargetPlatformEditor (155)
[2015.10.03-21.19.41:236][  3]LogModuleManager: Shutting down and abandoning module ProjectSettingsViewer (154)
[2015.10.03-21.19.41:236][  3]LogModuleManager: Shutting down and abandoning module InputBindingEditor (153)
[2015.10.03-21.19.41:236][  3]LogModuleManager: Shutting down and abandoning module EditorSettingsViewer (152)
[2015.10.03-21.19.41:236][  3]LogModuleManager: Shutting down and abandoning module SettingsEditor (151)
[2015.10.03-21.19.41:236][  3]LogModuleManager: Shutting down and abandoning module ProjectLauncher (150)
[2015.10.03-21.19.41:236][  3]LogModuleManager: Shutting down and abandoning module SessionFrontend (149)
[2015.10.03-21.19.41:236][  3]LogModuleManager: Shutting down and abandoning module ProfilerClient (148)
[2015.10.03-21.19.41:254][  3]LogModuleManager: Shutting down and abandoning module TargetDeviceServices (147)
[2015.10.03-21.19.41:287][  3]LogModuleManager: Shutting down and abandoning module DeviceManager (146)
[2015.10.03-21.19.41:288][  3]LogModuleManager: Shutting down and abandoning module AutomationController (145)
[2015.10.03-21.19.41:306][  3]LogModuleManager: Shutting down and abandoning module AutomationWindow (144)
[2015.10.03-21.19.41:337][  3]LogModuleManager: Shutting down and abandoning module Layers (143)
[2015.10.03-21.19.41:478][  3]LogModuleManager: Shutting down and abandoning module ComponentVisualizers (142)
[2015.10.03-21.19.41:478][  3]LogModuleManager: Shutting down and abandoning module DetailCustomizations (141)
[2015.10.03-21.19.41:487][  3]LogModuleManager: Shutting down and abandoning module PackagesDialog (140)
[2015.10.03-21.19.41:488][  3]LogModuleManager: Shutting down and abandoning module Persona (139)
[2015.10.03-21.19.41:503][  3]LogModuleManager: Shutting down and abandoning module Kismet (138)
[2015.10.03-21.19.41:503][  3]LogModuleManager: Shutting down and abandoning module GraphEditor (137)
[2015.10.03-21.19.41:507][  3]LogModuleManager: Shutting down and abandoning module ClassViewer (136)
[2015.10.03-21.19.41:527][  3]LogModuleManager: Shutting down and abandoning module Toolbox (135)
[2015.10.03-21.19.41:528][  3]LogModuleManager: Shutting down and abandoning module ModuleUI (134)
[2015.10.03-21.19.41:542][  3]LogModuleManager: Shutting down and abandoning module MovieSceneTools (133)
[2015.10.03-21.19.41:542][  3]LogModuleManager: Shutting down and abandoning module OutputLog (132)
[2015.10.03-21.19.41:557][  3]LogModuleManager: Shutting down and abandoning module GammaUI (131)
[2015.10.03-21.19.41:590][  3]LogModuleManager: Shutting down and abandoning module Documentation (130)
[2015.10.03-21.19.41:590][  3]LogModuleManager: Shutting down and abandoning module GameLiveStreaming (129)
[2015.10.03-21.19.41:608][  3]LogModuleManager: Shutting down and abandoning module StreamingPauseRendering (128)
[2015.10.03-21.19.41:608][  3]LogModuleManager: Shutting down and abandoning module AnalyticsET (127)
[2015.10.03-21.19.41:608][  3]LogModuleManager: Shutting down and abandoning module Analytics (126)
[2015.10.03-21.19.41:608][  3]LogModuleManager: Shutting down and abandoning module AITestSuite (125)
[2015.10.03-21.19.41:619][  3]LogModuleManager: Shutting down and abandoning module GameplayDebugger (124)
[2015.10.03-21.19.41:619][  3]LogModuleManager: Shutting down and abandoning module AIModule (123)
[2015.10.03-21.19.41:619][  3]LogModuleManager: Shutting down and abandoning module ProfilerService (122)
[2015.10.03-21.19.41:764][  3]LogModuleManager: Shutting down and abandoning module TaskGraph (121)
[2015.10.03-21.19.41:823][  3]LogModuleManager: Shutting down and abandoning module SlateRemote (120)
[2015.10.03-21.19.41:823][  3]LogModuleManager: Shutting down and abandoning module SteamVRController (119)
[2015.10.03-21.19.41:823][  3]LogModuleManager: Shutting down and abandoning module SteamVR (118)
[2015.10.03-21.19.41:823][  3]LogModuleManager: Shutting down and abandoning module ProceduralMeshComponent (117)
[2015.10.03-21.19.41:823][  3]LogModuleManager: Shutting down and abandoning module OculusRift (116)
[2015.10.03-21.19.41:823][  3]LogModuleManager: Shutting down and abandoning module OculusLibrary (115)
[2015.10.03-21.19.41:823][  3]LogModuleManager: Shutting down and abandoning module LeapMotionController (114)
[2015.10.03-21.19.41:940][  3]LogModuleManager: Shutting down and abandoning module CustomMeshComponent (113)
[2015.10.03-21.19.41:965][  3]LogModuleManager: Shutting down and abandoning module CableComponent (112)
[2015.10.03-21.19.41:966][  3]LogModuleManager: Shutting down and abandoning module ArchVisCharacter (111)
[2015.10.03-21.19.41:966][  3]LogModuleManager: Shutting down and abandoning module MessagingDebugger (110)
[2015.10.03-21.19.41:978][  3]LogModuleManager: Shutting down and abandoning module MediaPlayerEditor (109)
[2015.10.03-21.19.41:991][  3]LogModuleManager: Shutting down and abandoning module HTML5Networking (108)
[2015.10.03-21.19.41:991][  3]LogModuleManager: Shutting down and abandoning module SpeedTreeImporter (107)
[2015.10.03-21.19.41:991][  3]LogModuleManager: Shutting down and abandoning module PluginBrowser (106)
[2015.10.03-21.19.42:001][  3]LogModuleManager: Shutting down and abandoning module EpicSurvey (105)
[2015.10.03-21.19.42:001][  3]LogModuleManager: Shutting down and abandoning module DesktopPlatform (104)
[2015.10.03-21.19.42:018][  3]LogModuleManager: Shutting down and abandoning module VisualStudioSourceCodeAccess (103)
[2015.10.03-21.19.42:018][  3]LogModuleManager: Shutting down and abandoning module UObjectPlugin (102)
[2015.10.03-21.19.42:018][  3]LogModuleManager: Shutting down and abandoning module SubversionSourceControl (101)
[2015.10.03-21.19.42:018][  3]LogModuleManager: Shutting down and abandoning module PerforceSourceControl (100)
[2015.10.03-21.19.42:043][  3]LogModuleManager: Shutting down and abandoning module SourceControl (99)
[2015.10.03-21.19.42:057][  3]LogModuleManager: Shutting down and abandoning module GitSourceControl (98)
[2015.10.03-21.19.42:057][  3]LogModuleManager: Shutting down and abandoning module LightPropagationVolumeEditor (97)
[2015.10.03-21.19.42:058][  3]LogModuleManager: Shutting down and abandoning module PaperTiledImporter (96)
[2015.10.03-21.19.42:070][  3]LogModuleManager: Shutting down and abandoning module PaperSpriteSheetImporter (95)
[2015.10.03-21.19.42:075][  3]LogModuleManager: Shutting down and abandoning module MeshPaint (94)
[2015.10.03-21.19.42:090][  3]LogModuleManager: Shutting down and abandoning module SlateReflector (93)
[2015.10.03-21.19.42:106][  3]LogModuleManager: Shutting down and abandoning module HotReload (92)
[2015.10.03-21.19.42:128][  3]LogModuleManager: Shutting down and abandoning module MainFrame (91)
[2015.10.03-21.19.42:128][  3]LogModuleManager: Shutting down and abandoning module LevelEditor (90)
[2015.10.03-21.19.42:137][  3]LogModuleManager: Shutting down and abandoning module DirectoryWatcher (89)
[2015.10.03-21.19.42:140][  3]LogModuleManager: Shutting down and abandoning module AssetRegistry (88)
[2015.10.03-21.19.42:326][  3]LogModuleManager: Shutting down and abandoning module ContentBrowser (87)
[2015.10.03-21.19.42:328][  3]LogModuleManager: Shutting down and abandoning module Paper2DEditor (86)
[2015.10.03-21.19.42:391][  3]LogModuleManager: Shutting down and abandoning module UdpMessaging (85)
[2015.10.03-21.19.42:492][  3]LogModuleManager: Shutting down and abandoning module LightPropagationVolumeRuntime (84)
[2015.10.03-21.19.42:492][  3]LogModuleManager: Shutting down and abandoning module Paper2D (83)
[2015.10.03-21.19.42:519][  3]LogModuleManager: Shutting down and abandoning module WindowsMoviePlayer (82)
[2015.10.03-21.19.42:540][  3]LogModuleManager: Shutting down and abandoning module Media (81)
[2015.10.03-21.19.42:540][  3]LogModuleManager: Shutting down and abandoning module WmfMedia (80)
[2015.10.03-21.19.42:573][  3]LogModuleManager: Shutting down and abandoning module OnlineBlueprintSupport (79)
[2015.10.03-21.19.42:573][  3]LogModuleManager: Shutting down and abandoning module GameplayTasksEditor (78)
[2015.10.03-21.19.42:573][  3]LogModuleManager: Shutting down and abandoning module PropertyEditor (77)
[2015.10.03-21.19.42:573][  3]LogModuleManager: Shutting down and abandoning module BehaviorTreeEditor (76)
[2015.10.03-21.19.42:601][  3]LogModuleManager: Shutting down and abandoning module FunctionalTesting (75)
[2015.10.03-21.19.42:601][  3]LogModuleManager: Shutting down and abandoning module CollisionAnalyzer (74)
[2015.10.03-21.19.42:618][  3]LogModuleManager: Shutting down and abandoning module WorkspaceMenuStructure (73)
[2015.10.03-21.19.42:618][  3]LogModuleManager: Shutting down and abandoning module MessageLog (72)
[2015.10.03-21.19.42:618][  3]LogModuleManager: Shutting down and abandoning module Sequencer (71)
[2015.10.03-21.19.42:669][  3]LogModuleManager: Shutting down and abandoning module AssetTools (70)
[2015.10.03-21.19.42:687][  3]LogModuleManager: Shutting down and abandoning module UMGEditor (69)
[2015.10.03-21.19.42:713][  3]LogModuleManager: Shutting down and abandoning module UMG (68)
[2015.10.03-21.19.42:713][  3]LogModuleManager: Shutting down and abandoning module Slate (67)
[2015.10.03-21.19.42:713][  3]LogModuleManager: Shutting down and abandoning module EditorStyle (66)
[2015.10.03-21.19.42:721][  3]LogModuleManager: Shutting down and abandoning module SessionServices (65)
[2015.10.03-21.19.42:721][  3]LogModuleManager: Shutting down and abandoning module SourceCodeAccess (64)
[2015.10.03-21.19.42:721][  3]LogModuleManager: Shutting down and abandoning module HeadMountedDisplay (63)
[2015.10.03-21.19.42:721][  3]LogModuleManager: Shutting down and abandoning module XAudio2 (62)
[2015.10.03-21.19.42:721][  3]LogModuleManager: Shutting down and abandoning module Networking (60)
[2015.10.03-21.19.42:721][  3]LogModuleManager: Shutting down and abandoning module Core (59)
[2015.10.03-21.19.42:721][  3]LogModuleManager: Shutting down and abandoning module KismetCompiler (58)
[2015.10.03-21.19.42:721][  3]LogModuleManager: Shutting down and abandoning module PhysXFormats (57)
[2015.10.03-21.19.42:721][  3]LogModuleManager: Shutting down and abandoning module MeshUtilities (56)
[2015.10.03-21.19.42:782][  3]LogModuleManager: Shutting down and abandoning module CookingStats (55)
[2015.10.03-21.19.42:786][  3]LogModuleManager: Shutting down and abandoning module DerivedDataCache (54)
[2015.10.03-21.19.42:875][  3]LogDerivedDataCache: Shutdown
[2015.10.03-21.19.42:875][  3]LogModuleManager: Shutting down and abandoning module ShaderFormatOpenGL (53)
[2015.10.03-21.19.42:933][  3]LogModuleManager: Shutting down and abandoning module ShaderFormatD3D (52)
[2015.10.03-21.19.42:935][  3]LogModuleManager: Shutting down and abandoning module MetalShaderFormat (51)
[2015.10.03-21.19.42:951][  3]LogModuleManager: Shutting down and abandoning module TextureFormatUncompressed (50)
[2015.10.03-21.19.42:951][  3]LogModuleManager: Shutting down and abandoning module TextureFormatPVR (49)
[2015.10.03-21.19.42:951][  3]LogModuleManager: Shutting down and abandoning module TextureFormatIntelISPCTexComp (48)
[2015.10.03-21.19.42:952][  3]LogModuleManager: Shutting down and abandoning module TextureFormatDXT (47)
[2015.10.03-21.19.42:952][  3]LogModuleManager: Shutting down and abandoning module ImageWrapper (46)
[2015.10.03-21.19.42:952][  3]LogModuleManager: Shutting down and abandoning module TextureFormatASTC (45)
[2015.10.03-21.19.42:952][  3]LogModuleManager: Shutting down and abandoning module TextureFormatAndroid (44)
[2015.10.03-21.19.42:952][  3]LogModuleManager: Shutting down and abandoning module AudioFormatOpus (43)
[2015.10.03-21.19.42:973][  3]LogModuleManager: Shutting down and abandoning module AudioFormatOgg (42)
[2015.10.03-21.19.42:974][  3]LogModuleManager: Shutting down and abandoning module AudioFormatADPCM (41)
[2015.10.03-21.19.42:974][  3]LogModuleManager: Shutting down and abandoning module LinuxTargetPlatform (40)
[2015.10.03-21.19.42:974][  3]LogModuleManager: Shutting down and abandoning module LinuxServerTargetPlatform (39)
[2015.10.03-21.19.43:010][  3]LogModuleManager: Shutting down and abandoning module LinuxNoEditorTargetPlatform (38)
[2015.10.03-21.19.43:022][  3]LogModuleManager: Shutting down and abandoning module Messaging (37)
[2015.10.03-21.19.43:022][  3]LogModuleManager: Shutting down and abandoning module IOSTargetPlatform (36)
[2015.10.03-21.19.43:022][  3]LogModuleManager: Shutting down and abandoning module HTML5TargetPlatform (35)
[2015.10.03-21.19.43:022][  3]LogModuleManager: Shutting down and abandoning module Android_PVRTCTargetPlatform (34)
[2015.10.03-21.19.43:032][  3]LogModuleManager: Shutting down and abandoning module Android_ETC2TargetPlatform (33)
[2015.10.03-21.19.43:037][  3]LogModuleManager: Shutting down and abandoning module Android_ETC1TargetPlatform (32)
[2015.10.03-21.19.43:041][  3]LogModuleManager: Shutting down and abandoning module Android_DXTTargetPlatform (31)
[2015.10.03-21.19.43:052][  3]LogModuleManager: Shutting down and abandoning module Android_ATCTargetPlatform (30)
[2015.10.03-21.19.43:061][  3]LogModuleManager: Shutting down and abandoning module Android_ASTCTargetPlatform (29)
[2015.10.03-21.19.43:069][  3]LogModuleManager: Shutting down and abandoning module AndroidTargetPlatform (28)
[2015.10.03-21.19.43:076][  3]LogModuleManager: Shutting down and abandoning module WindowsTargetPlatform (27)
[2015.10.03-21.19.43:076][  3]LogModuleManager: Shutting down and abandoning module WindowsServerTargetPlatform (26)
[2015.10.03-21.19.43:090][  3]LogModuleManager: Shutting down and abandoning module WindowsNoEditorTargetPlatform (25)
[2015.10.03-21.19.43:098][  3]LogModuleManager: Shutting down and abandoning module WindowsClientTargetPlatform (24)
[2015.10.03-21.19.43:109][  3]LogModuleManager: Shutting down and abandoning module AllDesktopTargetPlatform (23)
[2015.10.03-21.19.43:109][  3]LogModuleManager: Shutting down and abandoning module TargetPlatform (22)
[2015.10.03-21.19.43:109][  3]LogModuleManager: Shutting down and abandoning module InputCore (21)
[2015.10.03-21.19.43:109][  3]LogModuleManager: Shutting down and abandoning module Settings (20)
[2015.10.03-21.19.43:109][  3]LogModuleManager: Shutting down and abandoning module OnlineSubsystem (18)
[2015.10.03-21.19.43:109][  3]LogModuleManager: Shutting down and abandoning module HTTP (17)
[2015.10.03-21.19.45:113][  3]LogModuleManager: Shutting down and abandoning module XMPP (16)
[2015.10.03-21.19.45:230][  3]LogModuleManager: Shutting down and abandoning module ExampleDeviceProfileSelector (15)
[2015.10.03-21.19.45:230][  3]LogModuleManager: Shutting down and abandoning module TextureCompressor (14)
[2015.10.03-21.19.45:245][  3]LogModuleManager: Shutting down and abandoning module ShaderCore (13)
[2015.10.03-21.19.45:245][  3]LogModuleManager: Shutting down and abandoning module Landscape (12)
[2015.10.03-21.19.45:245][  3]LogModuleManager: Shutting down and abandoning module SlateRHIRenderer (11)
[2015.10.03-21.19.45:319][  3]LogModuleManager: Shutting down and abandoning module OpenGLDrv (10)
[2015.10.03-21.19.45:346][  3]LogModuleManager: Shutting down and abandoning module D3D11RHI (9)
[2015.10.03-21.19.45:346][  3]LogModuleManager: Shutting down and abandoning module AnimGraphRuntime (8)
[2015.10.03-21.19.45:346][  3]LogModuleManager: Shutting down and abandoning module Renderer (7)
[2015.10.03-21.19.45:346][  3]LogModuleManager: Shutting down and abandoning module Engine (6)
[2015.10.03-21.19.45:346][  3]LogModuleManager: Shutting down and abandoning module CoreUObject (5)
[2015.10.03-21.19.45:346][  3]LogModuleManager: Shutting down and abandoning module NetworkFile (4)
[2015.10.03-21.19.45:378][  3]LogModuleManager: Shutting down and abandoning module StreamingFile (3)
[2015.10.03-21.19.45:399][  3]LogModuleManager: Shutting down and abandoning module SandboxFile (2)
[2015.10.03-21.19.45:412][  3]LogModuleManager: Shutting down and abandoning module PakFile (1)
[2015.10.03-21.19.45:437][  3]LogExit: Exiting.
[2015.10.03-21.19.45:469][  3]Log file closed, 10/03/15 16:19:45
