[2015.10.05-22.01.59:240][  0]Log file open, 10/05/15 17:01:59
[2015.10.05-22.01.59:240][  0]LogInit:Display: Running engine for game: SwordProject
[2015.10.05-22.01.59:240][  0]LogInit:Display: RandInit(-210016099) SRandInit(-210016098).
[2015.10.05-22.01.59:240][  0]LogTaskGraph: Started task graph with 4 named threads and 5 total threads.
[2015.10.05-22.01.59:240][  0]LogStats: Stats thread started at 0.207168
[2015.10.05-22.01.59:240][  0]LogInit: Version: 4.9.1-2689999+++depot+UE4-Releases+4.9
[2015.10.05-22.01.59:240][  0]LogInit: API Version: 2672455
[2015.10.05-22.01.59:240][  0]LogInit: Compiled (64-bit): Sep 14 2015 04:12:03
[2015.10.05-22.01.59:240][  0]LogInit: Compiled with Visual C++: 18.00.21005.01
[2015.10.05-22.01.59:240][  0]LogInit: Build Configuration: Development
[2015.10.05-22.01.59:240][  0]LogInit: Branch Name: ++depot+UE4-Releases+4.9
[2015.10.05-22.01.59:240][  0]LogInit: Command line:  
[2015.10.05-22.01.59:240][  0]LogInit: Base directory: C:/Program Files/Epic Games/4.9/Engine/Binaries/Win64/
[2015.10.05-22.01.59:240][  0]LogInit: Rocket: 1
[2015.10.05-22.01.59:271][  0]LogInit: Using libcurl 7.41.0
[2015.10.05-22.01.59:271][  0]LogInit:  - built for x86_64-pc-win32
[2015.10.05-22.01.59:271][  0]LogInit:  - supports SSL with WinSSL
[2015.10.05-22.01.59:271][  0]LogInit:  - other features:
[2015.10.05-22.01.59:271][  0]LogInit:      CURL_VERSION_SSL
[2015.10.05-22.01.59:271][  0]LogInit:      CURL_VERSION_IPV6
[2015.10.05-22.01.59:271][  0]LogInit:      CURL_VERSION_ASYNCHDNS
[2015.10.05-22.01.59:271][  0]LogInit:      CURL_VERSION_LARGEFILE
[2015.10.05-22.01.59:271][  0]LogInit:      CURL_VERSION_IDN
[2015.10.05-22.01.59:271][  0]LogInit:  CurlRequestOptions (configurable via config and command line):
[2015.10.05-22.01.59:271][  0]LogInit:  - bVerifyPeer = true  - Libcurl will verify peer certificate
[2015.10.05-22.01.59:271][  0]LogInit:  - bUseHttpProxy = false  - Libcurl will NOT use HTTP proxy
[2015.10.05-22.01.59:271][  0]LogInit:  - bDontReuseConnections = false  - Libcurl will reuse connections
[2015.10.05-22.01.59:271][  0]LogInit:  - CertBundlePath = nullptr  - Libcurl will use whatever was configured at build time.
[2015.10.05-22.01.59:301][  0]LogInit: Presizing for 0 objects not considered by GC, pre-allocating 0 bytes.
[2015.10.05-22.01.59:328][  0]LogInit: Object subsystem initialized
[2015.10.05-22.01.59:333][  0]LogInit: Selected Device Profile: [Windows]
[2015.10.05-22.01.59:333][  0]LogInit: Applying CVar settings loaded from the selected device profile: [Windows]
[2015.10.05-22.01.59:392][  0]LogInit: Computer: BRANDON-PC
[2015.10.05-22.01.59:392][  0]LogInit: User: Brandon
[2015.10.05-22.01.59:392][  0]LogInit: CPU Page size=4096, Cores=2
[2015.10.05-22.01.59:392][  0]LogInit: High frequency timer resolution =2.338505 MHz
[2015.10.05-22.01.59:392][  0]LogMemory: Memory total: Physical=5.9GB (6GB approx)
[2015.10.05-22.01.59:393][  0]LogMemory: Platform Memory Stats for Windows
[2015.10.05-22.01.59:393][  0]LogMemory: Process Physical Memory: 53.38 MB used, 53.38 MB peak
[2015.10.05-22.01.59:393][  0]LogMemory: Process Virtual Memory: 58.19 MB used, 58.19 MB peak
[2015.10.05-22.01.59:393][  0]LogMemory: Physical Memory: 4131.11 MB used, 6029.32 MB total
[2015.10.05-22.01.59:393][  0]LogMemory: Virtual Memory: 338.89 MB used, 8388608.00 MB total
[2015.10.05-22.01.59:556][  0]LogTextLocalizationManager: No specific translations for ('en-US') exist, so ('en') translations will be used.
[2015.10.05-22.02.01:201][  0]LogD3D11RHI: Found D3D11 adapter 0: Intel(R) HD Graphics 3000 (Feature Level 10_0)
[2015.10.05-22.02.01:201][  0]LogD3D11RHI: Adapter has 64MB of dedicated video memory, 0MB of dedicated system memory, and 1632MB of shared system memory, 1 output[s]
[2015.10.05-22.02.01:201][  0]LogD3D11RHI: Chosen D3D11 Adapter Id = 0
[2015.10.05-22.02.01:213][  0]LogD3D11RHI: !Direct3DDevice
[2015.10.05-22.02.01:213][  0]LogRHI: Texture pool is 616 MB (70% of 880 MB)
[2015.10.05-22.02.01:245][  0]LogD3D11RHI: Async texture creation enabled
[2015.10.05-22.02.02:075][  0]LogShaderCompilers: Guid format shader working directory is 14 characters bigger than the processId version (../../../../../../Users/Brandon/Documents/Unreal Projects/SwordProject 4.9/Intermediate/Shaders/WorkingDirectory/58476/).
[2015.10.05-22.02.02:076][  0]LogShaderCompilers: Cleaned the shader compiler working directory '../../../../../../Users/Brandon/Documents/Unreal Projects/SwordProject 4.9/Intermediate/Shaders/tmp/BFF93E74418F027EABA92E8CBF86A0AB/'.
[2015.10.05-22.02.02:093][  0]LogShaderCompilers:Display: Using Local Shader Compiler.
[2015.10.05-22.02.11:558][  0]LogTemp:Display: Loaded TP AllDesktopTargetPlatform
[2015.10.05-22.02.11:586][  0]LogTemp:Display: Loaded TP WindowsClientTargetPlatform
[2015.10.05-22.02.11:614][  0]LogTemp:Display: Loaded TP WindowsNoEditorTargetPlatform
[2015.10.05-22.02.11:643][  0]LogTemp:Display: Loaded TP WindowsServerTargetPlatform
[2015.10.05-22.02.11:674][  0]LogTemp:Display: Loaded TP WindowsTargetPlatform
[2015.10.05-22.02.11:697][  0]LogTemp:Display: Loaded TP AndroidTargetPlatform
[2015.10.05-22.02.11:721][  0]LogTemp:Display: Loaded TP Android_ASTCTargetPlatform
[2015.10.05-22.02.11:736][  0]LogTemp:Display: Loaded TP Android_ATCTargetPlatform
[2015.10.05-22.02.11:758][  0]LogTemp:Display: Loaded TP Android_DXTTargetPlatform
[2015.10.05-22.02.11:779][  0]LogTemp:Display: Loaded TP Android_ETC1TargetPlatform
[2015.10.05-22.02.11:798][  0]LogTemp:Display: Loaded TP Android_ETC2TargetPlatform
[2015.10.05-22.02.11:818][  0]LogTemp:Display: Loaded TP Android_PVRTCTargetPlatform
[2015.10.05-22.02.11:824][  0]LogTemp:Display: Loaded TP HTML5TargetPlatform
[2015.10.05-22.02.11:913][  0]LogTemp:Display: Loaded TP IOSTargetPlatform
[2015.10.05-22.02.11:929][  0]LogTemp:Display: Loaded TP LinuxNoEditorTargetPlatform
[2015.10.05-22.02.11:946][  0]LogTemp:Display: Loaded TP LinuxServerTargetPlatform
[2015.10.05-22.02.11:968][  0]LogTemp:Display: Loaded TP LinuxTargetPlatform
[2015.10.05-22.02.11:968][  0]LogTargetPlatformManager:Display: Building Assets For Windows
[2015.10.05-22.02.13:233][  0]LogDerivedDataCache:Display: Max Cache Size: 512 MB
[2015.10.05-22.02.15:893][  0]LogDerivedDataCache: Loaded boot cache 2.66s 37MB C:/Users/Brandon/AppData/Local/UnrealEngine/4.9/DerivedDataCache/Boot.ddc.
[2015.10.05-22.02.15:893][  0]LogDerivedDataCache:Display: Loaded Boot cache: C:/Users/Brandon/AppData/Local/UnrealEngine/4.9/DerivedDataCache/Boot.ddc
[2015.10.05-22.02.15:894][  0]LogDerivedDataCache: FDerivedDataBackendGraph:  Pak pak cache file ../../../../../../Users/Brandon/Documents/Unreal Projects/SwordProject 4.9/DerivedDataCache/DDC.ddp not found, will not use a pak cache.
[2015.10.05-22.02.15:894][  0]LogDerivedDataCache: Unable to find inner node Pak for hierarchical cache Hierarchy.
[2015.10.05-22.02.15:894][  0]LogDerivedDataCache: FDerivedDataBackendGraph:  CompressedPak pak cache file ../../../../../../Users/Brandon/Documents/Unreal Projects/SwordProject 4.9/DerivedDataCache/Compressed.ddp not found, will not use a pak cache.
[2015.10.05-22.02.15:894][  0]LogDerivedDataCache: Unable to find inner node CompressedPak for hierarchical cache Hierarchy.
[2015.10.05-22.02.16:744][  0]LogDerivedDataCache:Display: Pak cache opened for reading ../../../Engine/DerivedDataCache/Compressed.ddp.
[2015.10.05-22.02.16:774][  0]LogDerivedDataCache: Using Local data cache path C:/Users/Brandon/AppData/Local/UnrealEngine/Common/DerivedDataCache: Writable
[2015.10.05-22.02.27:785][  0]LogInit: Selected Device Profile: [Windows]
[2015.10.05-22.02.27:870][  0]LogContentStreaming: Texture pool size is 0.000000MB
[2015.10.05-22.02.28:582][  0]LogMeshUtilities: No automatic mesh reduction module available
[2015.10.05-22.02.28:582][  0]LogMeshUtilities: No automatic mesh merging module available
[2015.10.05-22.02.36:090][  0]LogInit: WinSock: version 1.1 (2.2), MaxSocks=32767, MaxUdp=65467
[2015.10.05-22.02.48:565][  0]UdpMessaging: Initializing bridge on interface 0.0.0.0:0 to multicast group 230.0.0.1:6666.
[2015.10.05-22.02.49:852][  0]LogAssetRegistry: FAssetRegistry took 0.0154 seconds to start up
[2015.10.05-22.02.53:114][  0]SourceControl: Info Source control is disabled
[2015.10.05-22.02.53:118][  0]SourceControl: Info Source control is disabled
[2015.10.05-22.02.53:358][  0]SourceControl: Info Source control is disabled
[2015.10.05-22.02.53:510][  0]SourceControl: Info Source control is disabled
[2015.10.05-22.02.55:709][  0]LogLinker:Warning: Asset '../../../Engine/Plugins/Runtime/LeapMotionController/Content/LM_PassthroughMaterial.uasset' has been saved with empty engine version. The asset will be loaded but may be incompatible.
[2015.10.05-22.02.56:432][  0]LogObj: 28361 objects as part of root set at end of initial load.
[2015.10.05-22.02.56:432][  0]LogUObjectAllocator: 6038864 out of 0 bytes used by permanent object pool.
[2015.10.05-22.02.57:544][  0]LogEngine: Initializing Engine...
[2015.10.05-22.02.57:594][  0]LogHMD: Can't find Oculus library dev build: is proper Runtime installed? Version: 0.7.0.0
[2015.10.05-22.02.57:858][  0]LogHMD: SteamVR failed to initialize.  Err: 108
[2015.10.05-22.02.59:463][  0]LogAIModule: Creating AISystem for world NewWorld
[2015.10.05-22.02.59:783][  0]LogInit: XAudio2 using 'Speakers (Realtek High Definition Audio)' : 2 channels at 48 kHz using 32 bits per sample (channel mask 0x3)
[2015.10.05-22.02.59:881][  0]LogInit: FAudioDevice initialized.
[2015.10.05-22.02.59:946][  0]LogDerivedDataCache: Saved boot cache 0.06s 37MB C:/Users/Brandon/AppData/Local/UnrealEngine/4.9/DerivedDataCache/Boot.ddc.
[2015.10.05-22.02.59:959][  0]LogInit: Texture streaming: Enabled
[2015.10.05-22.03.00:045][  0]LogAnalytics: Creating configured Analytics provider AnalyticsET
[2015.10.05-22.03.00:068][  0]LogAnalytics: [UEEditor.Rocket.Release] APIServer = http://et2.epicgames.com/ET2/. AppVersion = 4.9.1-2689999+++depot+UE4-Releases+4.9
[2015.10.05-22.03.00:068][  0]LogAnalytics: [UEEditor.Rocket.Release] SetUserId 35bf1df24b6291fab054d4a032ebe350|4cc6989648b04f0180853fecfbe4390e|336a448c-d673-4e73-82fd-ec02ab6902dd
[2015.10.05-22.03.00:069][  0]LogAnalytics: [UEEditor.Rocket.Release] AnalyticsET::StartSession
[2015.10.05-22.03.00:752][  0]LogInit: Transaction tracking system initialized
[2015.10.05-22.03.01:918][  0]BlueprintLog: New page: Editor Load
[2015.10.05-22.03.06:893][  0]LocalizationService: Info Localization service is disabled
[2015.10.05-22.03.10:060][  0]LogConsoleResponse:Display: 
[2015.10.05-22.03.13:196][  0]LogFileCache: Scanning file cache for directory 'C:/Users/Brandon/Documents/Unreal Projects/SwordProject 4.9/Content/' took 0.05s
[2015.10.05-22.03.13:196][  0]LogCook:Display: Done creating registry. It took  0.00s.
[2015.10.05-22.03.15:071][  0]SourceControl: Info Source control is disabled
[2015.10.05-22.03.15:159][  0]Cmd: MAP LOAD FILE="../../../../../../Users/Brandon/Documents/Unreal Projects/SwordProject 4.9/Content/ThirdPersonBP/Maps/ThirdPersonExampleMap.umap" TEMPLATE=0 SHOWPROGRESS=1 FEATURELEVEL=2
[2015.10.05-22.03.15:223][  0]LightingResults: New page: Lighting Build
[2015.10.05-22.03.15:527][  0]MapCheck: New page: Map Check
[2015.10.05-22.03.15:527][  0]LightingResults: New page: Lighting Build
[2015.10.05-22.03.16:013][  0]LogParticles: Destroying 0 GPU particle simulations for FXSystem 0x0000000022A57CE0
[2015.10.05-22.03.29:732][  0]LogAIModule: Creating AISystem for world ThirdPersonExampleMap
[2015.10.05-22.03.30:612][  0]LogEditorServer: Finished looking for orphan Actors (0.000 secs)
[2015.10.05-22.03.30:691][  0]Cmd: MAP CHECKDEP NOCLEARLOG
[2015.10.05-22.03.30:968][  0]MapCheck: Info Map check complete: 0 Error(s), 0 Warning(s), took 276.143ms to complete.
[2015.10.05-22.03.30:980][  0]LogFileHelpers: Loading map 'ThirdPersonExampleMap' took 15.864
[2015.10.05-22.03.33:155][  0]LogCollectionManager: Loaded 0 collections in 0.009488 seconds
[2015.10.05-22.03.33:368][  0]LogFileCache: Scanning file cache for directory 'C:/Users/Brandon/Documents/Unreal Projects/SwordProject 4.9/Saved/Collections/' took 0.01s
[2015.10.05-22.03.33:368][  0]LogFileCache: Scanning file cache for directory 'C:/Users/Brandon/Documents/Unreal Projects/SwordProject 4.9/Content/Developers/Brandon/Collections/' took 0.01s
[2015.10.05-22.03.33:368][  0]LogFileCache: Scanning file cache for directory 'C:/Users/Brandon/Documents/Unreal Projects/SwordProject 4.9/Content/Collections/' took 0.00s
[2015.10.05-22.03.33:368][  0]LogContentBrowser: Native class hierarchy populated in 0.0726 seconds. Added 1867 classes and 333 folders.
[2015.10.05-22.03.33:565][  0]LogCollectionManager: Rebuilt the GUID cache for 0 collections in 0.000009 seconds
[2015.10.05-22.03.33:740][  0]LogContentBrowser: Native class hierarchy updated for 'WidgetCarousel' in 0.0015 seconds. Added 0 classes and 0 folders.
[2015.10.05-22.03.35:173][  0]LogContentBrowser: Native class hierarchy updated for 'AddContentDialog' in 0.0016 seconds. Added 0 classes and 0 folders.
[2015.10.05-22.03.35:352][  0]LogContentBrowser: Native class hierarchy updated for 'SceneOutliner' in 0.0013 seconds. Added 1 classes and 2 folders.
[2015.10.05-22.03.38:405][  0]LogCrashTracker: Crashtracker disabled due to settings.
[2015.10.05-22.03.39:220][  0]LogLoad: Full Startup: 101.85 seconds (BP compile: 1.44 seconds)
[2015.10.05-22.03.39:805][  0]LogContentStreaming: Texture pool size now 200 MB
[2015.10.05-22.03.40:842][  0]LogRenderer: Reallocating scene render targets to support 1208x576 (Frame:2).
[2015.10.05-22.03.49:000][ 17]LogAssetRegistry: Asset discovery search completed in 59.1593 seconds
[2015.10.05-22.03.49:000][ 17]LogCollectionManager: Rebuilt the object cache for 0 collections in 0.000001 seconds (found 0 objects)
[2015.10.05-22.03.49:000][ 17]LogCollectionManager: Fixed up redirectors for 0 collections in 0.000044 seconds (updated 0 objects)
[2015.10.05-22.04.24:722][333]LogFactory: FactoryCreateBinary: StaticMesh with FbxFactory (0 0 ../../../../../../Users/Brandon/Documents/SwordGame/BlenderFiles/Guy/ShirtTest.fbx)
[2015.10.05-22.04.24:966][333]LogFbx: ItemName: GlobalSettings, ItemCount : 1
[2015.10.05-22.04.24:966][333]LogFbx: ItemName: Geometry, ItemCount : 1
[2015.10.05-22.04.24:966][333]LogFbx: ItemName: Model, ItemCount : 1
[2015.10.05-22.04.25:032][333]LogFbx: Loading FBX Scene from ../../../../../../Users/Brandon/Documents/SwordGame/BlenderFiles/Guy/ShirtTest.fbx
[2015.10.05-22.04.25:131][333]LogFbx: FBX Scene Loaded Succesfully
[2015.10.05-22.04.36:762][333]LogFbx: Loading FBX Scene from ../../../../../../Users/Brandon/Documents/SwordGame/BlenderFiles/Guy/ShirtTest.fbx
[2015.10.05-22.04.36:785][333]LogFbx: FBX Scene Loaded Succesfully
[2015.10.05-22.04.36:854][333]LogFbx:Warning: Triangulating static mesh Cube.015
[2015.10.05-22.04.40:859][333]LogStaticMesh: Building static mesh ShirtTest...
[2015.10.05-22.04.41:380][333]LogStaticMesh: Built static mesh [0.536169.2s] /Game/Game/Meshes/Test/ShirtTest.ShirtTest
[2015.10.05-22.04.41:693][333]FBXImport:Warning: Warning Warning: No smoothing group information was found in this FBX scene.  Please make sure to enable the 'Export Smoothing Groups' option in the FBX Exporter plug-in before exporting the file.  Even for tools that don't support smoothing groups, the FBX Exporter will generate appropriate smoothing data at export-time so that correct vertex normals can be inferred while importing. 
[2015.10.05-22.05.19:212][333]LogMeshUtilities: Finished distance field build in 37.8s - 64x64x64 distance field, 9664 triangles
[2015.10.05-22.05.19:219][333]LogStaticMesh:Warning: Main thread blocked for 37.399s for async distance field build of ShirtTest to complete!  This can happen if the mesh is rebuilt excessively.
[2015.10.05-22.05.27:028][429]LogRenderer: Reallocating scene render targets to support 1432x924 (Frame:364).
[2015.10.05-22.07.13:829][175]LogActorComponent: UnregisterComponent: (/Engine/Transient.CharMoveComp) Not registered. Aborting.
[2015.10.05-22.07.27:983][175]LogObjectTools:Warning: ForceReplaceReferences replaced references for a transient object 'StaticMeshComponent_17' or package '/Engine/Transient'.
[2015.10.05-22.07.28:161][175]LogParticles: Destroying 0 GPU particle simulations for FXSystem 0x00000000537ECF40
[2015.10.05-22.07.36:328][270]LogFactory: FactoryCreateBinary: StaticMesh with FbxFactory (0 0 ../../../../../../Users/Brandon/Documents/SwordGame/BlenderFiles/Guy/ShirtTest.fbx)
[2015.10.05-22.07.36:342][270]LogFbx: ItemName: GlobalSettings, ItemCount : 1
[2015.10.05-22.07.36:342][270]LogFbx: ItemName: NodeAttribute, ItemCount : 53
[2015.10.05-22.07.36:342][270]LogFbx: ItemName: Geometry, ItemCount : 1
[2015.10.05-22.07.36:342][270]LogFbx: ItemName: Model, ItemCount : 55
[2015.10.05-22.07.36:342][270]LogFbx: ItemName: Pose, ItemCount : 1
[2015.10.05-22.07.36:342][270]LogFbx: ItemName: Deformer, ItemCount : 54
[2015.10.05-22.07.36:362][270]LogFbx: Loading FBX Scene from ../../../../../../Users/Brandon/Documents/SwordGame/BlenderFiles/Guy/ShirtTest.fbx
[2015.10.05-22.07.36:468][270]LogFbx: FBX Scene Loaded Succesfully
[2015.10.05-22.07.39:902][270]LogFbx: Loading FBX Scene from ../../../../../../Users/Brandon/Documents/SwordGame/BlenderFiles/Guy/ShirtTest.fbx
[2015.10.05-22.07.39:996][270]LogFbx: FBX Scene Loaded Succesfully
[2015.10.05-22.07.40:041][270]LogFbx: =================================================
[2015.10.05-22.07.40:041][270]LogFbx: Dumping Node START [Cube.005] 
[2015.10.05-22.07.40:041][270]LogFbx: 	Total Deformer Count 1293728280.
[2015.10.05-22.07.40:041][270]LogFbx: 		[Node 1] Robot_Skeleton.001 (Type Skin).
[2015.10.05-22.07.40:041][270]LogFbx: =================================================
[2015.10.05-22.07.40:041][270]LogFbx: 	Attribute (Mesh) Type (4).
[2015.10.05-22.07.40:041][270]LogFbx: 		[Node Attribute Child 1] Cube.005 (Type Mesh).
[2015.10.05-22.07.40:042][270]LogFbx: Dumping Node END [Cube.005]
[2015.10.05-22.07.40:044][270]LogFbx: =================================================
[2015.10.05-22.07.40:044][270]LogFbx: Dumping Node START [Cube.005] 
[2015.10.05-22.07.40:044][270]LogFbx: 	Total Deformer Count 1293728112.
[2015.10.05-22.07.40:044][270]LogFbx: 		[Node 1] Robot_Skeleton.001 (Type Skin).
[2015.10.05-22.07.40:044][270]LogFbx: =================================================
[2015.10.05-22.07.40:044][270]LogFbx: 	Attribute (Mesh) Type (4).
[2015.10.05-22.07.40:044][270]LogFbx: 		[Node Attribute Child 1] Cube.005 (Type Mesh).
[2015.10.05-22.07.40:044][270]LogFbx: Dumping Node END [Cube.005]
[2015.10.05-22.07.40:048][270]LogFbx:Warning: Not valid bind pose for Pose (Mesh) - Node Cube.005 : The relative matrices do not match
[2015.10.05-22.07.40:048][270]LogFbx:Warning: Getting valid bind pose failed. Try to recreate bind pose
[2015.10.05-22.07.40:053][270]LogFbx: Valid bind pose for Pose (FbxSDKBindPose) - Cube.005
[2015.10.05-22.07.40:053][270]LogFbx:Warning: Recreating bind pose succeeded.
[2015.10.05-22.07.40:058][270]LogFbx: Triangulating skeletal mesh Cube.005
[2015.10.05-22.07.45:231][270]LogFbx:Warning: Bones digested - 53  Depth of hierarchy - 12
[2015.10.05-22.07.45:410][270]LogSkeletalMesh: Chunk 0: 650 rigid vertices, 5314 soft vertices, 14 active bones
[2015.10.05-22.07.45:429][270]LogSkeletalMesh: Section 0: Material=0, Chunk=0, 9664 triangles
[2015.10.05-22.07.45:435][270]LogLinker:Warning: Can't find file '/Game/Game/Meshes/Test/ShirtTest_PhysicsAsset'
[2015.10.05-22.07.45:436][270]LogLinker:Warning: Can't find file '/Game/Game/Meshes/Test/ShirtTest_PhysicsAsset'
[2015.10.05-22.07.45:476][270]LogUObjectGlobals:Warning: Failed to find object 'Object /Game/Game/Meshes/Test/ShirtTest_PhysicsAsset.ShirtTest_PhysicsAsset'
[2015.10.05-22.07.45:515][270]LogLinker:Warning: Can't find file '/Game/Game/Meshes/Test/ShirtTest_Skeleton'
[2015.10.05-22.07.45:515][270]LogLinker:Warning: Can't find file '/Game/Game/Meshes/Test/ShirtTest_Skeleton'
[2015.10.05-22.07.45:515][270]LogUObjectGlobals:Warning: Failed to find object 'Object /Game/Game/Meshes/Test/ShirtTest_Skeleton.ShirtTest_Skeleton'
[2015.10.05-22.07.45:550][270]FBXImport:Warning: Warning Warning: No smoothing group information was found in this FBX scene.  Please make sure to enable the 'Export Smoothing Groups' option in the FBX Exporter plug-in before exporting the file.  Even for tools that don't support smoothing groups, the FBX Exporter will generate appropriate smoothing data at export-time so that correct vertex normals can be inferred while importing. 
[2015.10.05-22.08.01:112][349]LogSkeletalMesh: InitArticulated: Bodies already created (/Engine/Transient.DebugSkelMeshComponent_0) - call TermArticulated first.
[2015.10.05-22.08.01:360][349]LogUObjectGlobals:Warning: Failed to find object 'Object /Engine/Tutorial/SubEditors/PersonaAnimEditorTutorial.PersonaAnimEditorTutorial_C'
[2015.10.05-22.09.10:057][531]LogApexClothingUtils:Warning: NxClothingAsset.1 APEX clothing asset doesn't have Tangents data! This can introduce rendering artifact!
[2015.10.05-22.09.10:154][531]LogApexClothingUtils:Warning: Building adjacency information for a clothing section in skeletal mesh '/Game/Game/Meshes/Test/ShirtTest.ShirtTest'.
[2015.10.05-22.09.18:561][686]LogMeshUtilities: Finished distance field build in 79.4s - 64x64x64 distance field, 3968 triangles
[2015.10.05-22.11.40:817][265]LogEditorFactories: Performing atomic reimport of [C:/Users/Brandon/Documents/SwordGame/BlenderFiles/Guy/ShirtTest.fbx]
[2015.10.05-22.11.40:989][265]LogFbx: Loading FBX Scene from C:/Users/Brandon/Documents/SwordGame/BlenderFiles/Guy/ShirtTest.fbx
[2015.10.05-22.11.41:028][265]LogFbx: FBX Scene Loaded Succesfully
[2015.10.05-22.11.41:035][265]LogFbx: =================================================
[2015.10.05-22.11.41:035][265]LogFbx: Dumping Node START [Cube.005] 
[2015.10.05-22.11.41:035][265]LogFbx: 	Total Deformer Count -1877283928.
[2015.10.05-22.11.41:035][265]LogFbx: 		[Node 1] Robot_Skeleton.001 (Type Skin).
[2015.10.05-22.11.41:035][265]LogFbx: =================================================
[2015.10.05-22.11.41:035][265]LogFbx: 	Attribute (Mesh) Type (4).
[2015.10.05-22.11.41:035][265]LogFbx: 		[Node Attribute Child 1] Cube.005 (Type Mesh).
[2015.10.05-22.11.41:035][265]LogFbx: Dumping Node END [Cube.005]
[2015.10.05-22.11.41:036][265]LogFbx: =================================================
[2015.10.05-22.11.41:036][265]LogFbx: Dumping Node START [Cube.005] 
[2015.10.05-22.11.41:036][265]LogFbx: 	Total Deformer Count -1877282416.
[2015.10.05-22.11.41:036][265]LogFbx: 		[Node 1] Robot_Skeleton.001 (Type Skin).
[2015.10.05-22.11.41:036][265]LogFbx: =================================================
[2015.10.05-22.11.41:036][265]LogFbx: 	Attribute (Mesh) Type (4).
[2015.10.05-22.11.41:036][265]LogFbx: 		[Node Attribute Child 1] Cube.005 (Type Mesh).
[2015.10.05-22.11.41:036][265]LogFbx: Dumping Node END [Cube.005]
[2015.10.05-22.11.41:037][265]LogFbx:Warning: Warning Warning: No smoothing group information was found in this FBX scene.  Please make sure to enable the 'Export Smoothing Groups' option in the FBX Exporter plug-in before exporting the file.  Even for tools that don't support smoothing groups, the FBX Exporter will generate appropriate smoothing data at export-time so that correct vertex normals can be inferred while importing.
[2015.10.05-22.11.41:059][265]LogFbx:Warning: Not valid bind pose for Pose (Mesh) - Node Cube.005 : The relative matrices do not match
[2015.10.05-22.11.41:059][265]LogFbx:Warning: Getting valid bind pose failed. Try to recreate bind pose
[2015.10.05-22.11.41:061][265]LogFbx: Valid bind pose for Pose (FbxSDKBindPose) - Cube.005
[2015.10.05-22.11.41:061][265]LogFbx:Warning: Recreating bind pose succeeded.
[2015.10.05-22.11.41:063][265]LogFbx: Triangulating skeletal mesh Cube.005
[2015.10.05-22.11.46:159][265]LogFbx:Warning: Bones digested - 53  Depth of hierarchy - 12
[2015.10.05-22.11.46:370][265]LogSkeletalMesh: Chunk 0: 650 rigid vertices, 5313 soft vertices, 14 active bones
[2015.10.05-22.11.46:389][265]LogSkeletalMesh: Section 0: Material=0, Chunk=0, 9664 triangles
[2015.10.05-22.11.51:102][265]LogApexClothingUtils:Warning: NxClothingAsset.1 APEX clothing asset doesn't have Tangents data! This can introduce rendering artifact!
[2015.10.05-22.11.51:119][265]LogApexClothingUtils:Warning: Building adjacency information for a clothing section in skeletal mesh '/Game/Game/Meshes/Test/ShirtTest.ShirtTest'.
[2015.10.05-22.11.51:156][265]LogActorComponent: ReregisterComponent: (/Game/ThirdPersonBP/Maps/ThirdPersonExampleMap.ThirdPersonExampleMap:PersistentLevel.ShirtTest.SkeletalMeshComponent0) Not currently registered. Aborting.
[2015.10.05-22.11.51:162][265]LogEditorFactories: -- imported successfully
[2015.10.05-22.13.00:263][273]LogEditorFactories: Performing atomic reimport of [C:/Users/Brandon/Documents/SwordGame/BlenderFiles/Guy/ShirtTest.fbx]
[2015.10.05-22.13.00:390][273]LogFbx: Loading FBX Scene from C:/Users/Brandon/Documents/SwordGame/BlenderFiles/Guy/ShirtTest.fbx
[2015.10.05-22.13.00:431][273]LogFbx: FBX Scene Loaded Succesfully
[2015.10.05-22.13.00:438][273]LogFbx: =================================================
[2015.10.05-22.13.00:438][273]LogFbx: Dumping Node START [Cube.005] 
[2015.10.05-22.13.00:438][273]LogFbx: 	Total Deformer Count -2091495960.
[2015.10.05-22.13.00:438][273]LogFbx: 		[Node 1] Robot_Skeleton.001 (Type Skin).
[2015.10.05-22.13.00:438][273]LogFbx: =================================================
[2015.10.05-22.13.00:438][273]LogFbx: 	Attribute (Mesh) Type (4).
[2015.10.05-22.13.00:438][273]LogFbx: 		[Node Attribute Child 1] Cube.005 (Type Mesh).
[2015.10.05-22.13.00:438][273]LogFbx: Dumping Node END [Cube.005]
[2015.10.05-22.13.00:439][273]LogFbx: =================================================
[2015.10.05-22.13.00:439][273]LogFbx: Dumping Node START [Cube.005] 
[2015.10.05-22.13.00:439][273]LogFbx: 	Total Deformer Count -2091498984.
[2015.10.05-22.13.00:439][273]LogFbx: 		[Node 1] Robot_Skeleton.001 (Type Skin).
[2015.10.05-22.13.00:439][273]LogFbx: =================================================
[2015.10.05-22.13.00:439][273]LogFbx: 	Attribute (Mesh) Type (4).
[2015.10.05-22.13.00:439][273]LogFbx: 		[Node Attribute Child 1] Cube.005 (Type Mesh).
[2015.10.05-22.13.00:439][273]LogFbx: Dumping Node END [Cube.005]
[2015.10.05-22.13.00:440][273]LogFbx:Warning: Warning Warning: No smoothing group information was found in this FBX scene.  Please make sure to enable the 'Export Smoothing Groups' option in the FBX Exporter plug-in before exporting the file.  Even for tools that don't support smoothing groups, the FBX Exporter will generate appropriate smoothing data at export-time so that correct vertex normals can be inferred while importing.
[2015.10.05-22.13.00:443][273]LogFbx:Warning: Not valid bind pose for Pose (Mesh) - Node Cube.005 : The relative matrices do not match
[2015.10.05-22.13.00:443][273]LogFbx:Warning: Getting valid bind pose failed. Try to recreate bind pose
[2015.10.05-22.13.00:445][273]LogFbx: Valid bind pose for Pose (FbxSDKBindPose) - Cube.005
[2015.10.05-22.13.00:445][273]LogFbx:Warning: Recreating bind pose succeeded.
[2015.10.05-22.13.00:447][273]LogFbx: Triangulating skeletal mesh Cube.005
[2015.10.05-22.13.06:050][273]LogFbx:Warning: Bones digested - 53  Depth of hierarchy - 12
[2015.10.05-22.13.06:285][273]LogSkeletalMesh: Chunk 0: 650 rigid vertices, 5313 soft vertices, 14 active bones
[2015.10.05-22.13.06:313][273]LogSkeletalMesh: Section 0: Material=0, Chunk=0, 9664 triangles
[2015.10.05-22.13.07:725][273]LogApexClothingUtils:Warning: NxClothingAsset.1 APEX clothing asset doesn't have Tangents data! This can introduce rendering artifact!
[2015.10.05-22.13.07:744][273]LogApexClothingUtils:Warning: Building adjacency information for a clothing section in skeletal mesh '/Game/Game/Meshes/Test/ShirtTest.ShirtTest'.
[2015.10.05-22.13.07:790][273]LogActorComponent: ReregisterComponent: (/Game/ThirdPersonBP/Maps/ThirdPersonExampleMap.ThirdPersonExampleMap:PersistentLevel.ShirtTest.SkeletalMeshComponent0) Not currently registered. Aborting.
[2015.10.05-22.13.07:796][273]LogEditorFactories: -- imported successfully
[2015.10.05-22.13.17:607][415]LogApexClothingUtils:Warning: NxClothingAsset.1 APEX clothing asset doesn't have Tangents data! This can introduce rendering artifact!
[2015.10.05-22.13.17:636][415]LogActorComponent: ReregisterComponent: (/Game/ThirdPersonBP/Maps/ThirdPersonExampleMap.ThirdPersonExampleMap:PersistentLevel.ShirtTest.SkeletalMeshComponent0) Not currently registered. Aborting.
[2015.10.05-22.13.17:641][415]LogApexClothingUtils:Warning: Building adjacency information for a clothing section in skeletal mesh '/Game/Game/Meshes/Test/ShirtTest.ShirtTest'.
[2015.10.05-22.13.17:719][415]LogActorComponent: ReregisterComponent: (/Game/ThirdPersonBP/Maps/ThirdPersonExampleMap.ThirdPersonExampleMap:PersistentLevel.ShirtTest.SkeletalMeshComponent0) Not currently registered. Aborting.
[2015.10.05-22.13.38:972][725]Cmd: DELETE
[2015.10.05-22.13.38:972][725]Cmd: ACTOR DELETE
[2015.10.05-22.13.39:076][725]LogEditorActor: Deleted Actor: SkeletalMeshActor
[2015.10.05-22.13.39:113][725]LogEditorActor: Deleted 1 Actors (0.057 secs)
[2015.10.05-22.15.42:621][741]LogSavePackage: Save=15790.065430ms
[2015.10.05-22.15.42:622][741]LogSavePackage: Moving '../../../../../../Users/Brandon/Documents/Unreal Projects/SwordProject 4.9/Saved/ThirdPersonExampleMap_Auto115A2CD13482C15361196D2A60257243A.tmp' to '../../../../../../Users/Brandon/Documents/Unreal Projects/SwordProject 4.9/Saved/Autosaves/Game/ThirdPersonBP/Maps/ThirdPersonExampleMap_Auto1.umap'
[2015.10.05-22.15.42:623][741]LogSavePackage: Total save time: 17367.149524ms
[2015.10.05-22.15.42:623][741]LogSavePackage:Warning: Finished SavePackage ../../../../../../Users/Brandon/Documents/Unreal Projects/SwordProject 4.9/Saved/Autosaves/Game/ThirdPersonBP/Maps/ThirdPersonExampleMap_Auto1.umap
[2015.10.05-22.15.42:663][741]LogFileHelpers: Editor autosave (incl. sublevels) for '/Game/ThirdPersonBP/Maps/ThirdPersonExampleMap' took 17.544
[2015.10.05-22.15.42:663][741]LogFileHelpers: Editor autosave (incl. sublevels) for all levels took 17.544
[2015.10.05-22.15.42:679][741]OBJ SavePackage: Generating thumbnails for [1] asset(s) in package [/Game/Game/Meshes/Test/ShirtTest] ([1] browsable assets)...
[2015.10.05-22.15.42:743][741]OBJ SavePackage:     Rendered thumbnail for [SkeletalMesh /Game/Game/Meshes/Test/ShirtTest.ShirtTest]
[2015.10.05-22.15.42:743][741]OBJ SavePackage: Finished generating thumbnails for package [/Game/Game/Meshes/Test/ShirtTest]
[2015.10.05-22.15.43:076][741]LogSavePackage: Save=331.416443ms
[2015.10.05-22.15.43:076][741]LogSavePackage: Moving '../../../../../../Users/Brandon/Documents/Unreal Projects/SwordProject 4.9/Saved/ShirtTest_Auto1A3CFB3CE4B382AEDAB3CC7992C043003.tmp' to '../../../../../../Users/Brandon/Documents/Unreal Projects/SwordProject 4.9/Saved/Autosaves/Game/Game/Meshes/Test/ShirtTest_Auto1.uasset'
[2015.10.05-22.15.43:077][741]LogSavePackage: Total save time: 333.278310ms
[2015.10.05-22.15.43:077][741]LogSavePackage:Warning: Finished SavePackage ../../../../../../Users/Brandon/Documents/Unreal Projects/SwordProject 4.9/Saved/Autosaves/Game/Game/Meshes/Test/ShirtTest_Auto1.uasset
[2015.10.05-22.15.43:082][741]OBJ SavePackage: Generating thumbnails for [0] asset(s) in package [/Game/Game/Meshes/Test/ShirtTest_PhysicsAsset] ([1] browsable assets)...
[2015.10.05-22.15.43:082][741]OBJ SavePackage: Finished generating thumbnails for package [/Game/Game/Meshes/Test/ShirtTest_PhysicsAsset]
[2015.10.05-22.15.43:102][741]LogSavePackage: Save=17.663849ms
[2015.10.05-22.15.43:102][741]LogSavePackage: Moving '../../../../../../Users/Brandon/Documents/Unreal Projects/SwordProject 4.9/Saved/ShirtTest_PhysicsAsset_Auto1E2D313AB4C13B01DDB8B6282D9D6C172.tmp' to '../../../../../../Users/Brandon/Documents/Unreal Projects/SwordProject 4.9/Saved/Autosaves/Game/Game/Meshes/Test/ShirtTest_PhysicsAsset_Auto1.uasset'
[2015.10.05-22.15.43:103][741]LogSavePackage: Total save time: 19.448750ms
[2015.10.05-22.15.43:103][741]LogSavePackage:Warning: Finished SavePackage ../../../../../../Users/Brandon/Documents/Unreal Projects/SwordProject 4.9/Saved/Autosaves/Game/Game/Meshes/Test/ShirtTest_PhysicsAsset_Auto1.uasset
[2015.10.05-22.15.43:108][741]OBJ SavePackage: Generating thumbnails for [0] asset(s) in package [/Game/Game/Meshes/Test/ShirtTest_Skeleton] ([1] browsable assets)...
[2015.10.05-22.15.43:109][741]OBJ SavePackage: Finished generating thumbnails for package [/Game/Game/Meshes/Test/ShirtTest_Skeleton]
[2015.10.05-22.15.43:115][741]LogSavePackage: Save=3.757101ms
[2015.10.05-22.15.43:115][741]LogSavePackage: Moving '../../../../../../Users/Brandon/Documents/Unreal Projects/SwordProject 4.9/Saved/ShirtTest_Skeleton_Auto1985FEC0D41907B0715DF98BB7070AE9B.tmp' to '../../../../../../Users/Brandon/Documents/Unreal Projects/SwordProject 4.9/Saved/Autosaves/Game/Game/Meshes/Test/ShirtTest_Skeleton_Auto1.uasset'
[2015.10.05-22.15.43:132][741]LogSavePackage: Total save time: 21.853704ms
[2015.10.05-22.15.43:132][741]LogSavePackage:Warning: Finished SavePackage ../../../../../../Users/Brandon/Documents/Unreal Projects/SwordProject 4.9/Saved/Autosaves/Game/Game/Meshes/Test/ShirtTest_Skeleton_Auto1.uasset
[2015.10.05-22.15.43:132][741]LogFileHelpers: Auto-saving content packages took 0.468
[2015.10.05-22.16.06:305][914]LogApexClothingUtils:Warning: NxClothingAsset.2 APEX clothing asset doesn't have Tangents data! This can introduce rendering artifact!
[2015.10.05-22.16.06:411][914]LogActorComponent: ReregisterComponent: (/Game/ThirdPersonBP/Maps/ThirdPersonExampleMap.ThirdPersonExampleMap:PersistentLevel.ShirtTest_4.SkeletalMeshComponent0) Not currently registered. Aborting.
[2015.10.05-22.16.06:415][914]LogApexClothingUtils:Warning: Building adjacency information for a clothing section in skeletal mesh '/Game/Game/Meshes/Test/ShirtTest.ShirtTest'.
[2015.10.05-22.16.06:465][914]LogActorComponent: ReregisterComponent: (/Game/ThirdPersonBP/Maps/ThirdPersonExampleMap.ThirdPersonExampleMap:PersistentLevel.ShirtTest_4.SkeletalMeshComponent0) Not currently registered. Aborting.
[2015.10.05-22.16.51:758][219]LogSavePackage: Save=13064.878906ms
[2015.10.05-22.16.51:758][219]LogSavePackage: Moving '../../../../../../Users/Brandon/Documents/Unreal Projects/SwordProject 4.9/Saved/ThirdPersonExampleMapE668C76C47EDDA0CE4CE03B59EAACEAF.tmp' to '../../../../../../Users/Brandon/Documents/Unreal Projects/SwordProject 4.9/Content/ThirdPersonBP/Maps/ThirdPersonExampleMap.umap'
[2015.10.05-22.16.51:878][219]LogSavePackage: Total save time: 13210.378423ms
[2015.10.05-22.16.51:878][219]LogSavePackage:Warning: Finished SavePackage ../../../../../../Users/Brandon/Documents/Unreal Projects/SwordProject 4.9/Content/ThirdPersonBP/Maps/ThirdPersonExampleMap.umap
[2015.10.05-22.16.52:036][219]LogFileHelpers: Saving map 'ThirdPersonExampleMap' took 13.562
[2015.10.05-22.16.52:117][219]Cmd: OBJ SAVEPACKAGE PACKAGE="/Game/Game/Meshes/Test/ShirtTest" FILE="../../../../../../Users/Brandon/Documents/Unreal Projects/SwordProject 4.9/Content/Game/Meshes/Test/ShirtTest.uasset" SILENT=true
[2015.10.05-22.16.52:773][219]LogSavePackage: Save=652.498474ms
[2015.10.05-22.16.52:773][219]LogSavePackage: Moving '../../../../../../Users/Brandon/Documents/Unreal Projects/SwordProject 4.9/Saved/ShirtTest2C1FC2044F5B9058CDDD72B08D8E9F58.tmp' to '../../../../../../Users/Brandon/Documents/Unreal Projects/SwordProject 4.9/Content/Game/Meshes/Test/ShirtTest.uasset'
[2015.10.05-22.16.52:778][219]LogSavePackage: Total save time: 658.135004ms
[2015.10.05-22.16.52:778][219]LogSavePackage:Warning: Finished SavePackage ../../../../../../Users/Brandon/Documents/Unreal Projects/SwordProject 4.9/Content/Game/Meshes/Test/ShirtTest.uasset
[2015.10.05-22.16.52:827][219]LogSavePackage: Save=27.422647ms
[2015.10.05-22.16.52:827][219]LogSavePackage: Moving '../../../../../../Users/Brandon/Documents/Unreal Projects/SwordProject 4.9/Saved/ShirtTest_PhysicsAsset206B562848CFAFB05F7E1AA460ACECB7.tmp' to '../../../../../../Users/Brandon/Documents/Unreal Projects/SwordProject 4.9/Content/Game/Meshes/Test/ShirtTest_PhysicsAsset.uasset'
[2015.10.05-22.16.52:834][219]LogSavePackage: Total save time: 35.244312ms
[2015.10.05-22.16.52:834][219]LogSavePackage:Warning: Finished SavePackage ../../../../../../Users/Brandon/Documents/Unreal Projects/SwordProject 4.9/Content/Game/Meshes/Test/ShirtTest_PhysicsAsset.uasset
[2015.10.05-22.16.52:874][219]LogSavePackage: Save=6.618759ms
[2015.10.05-22.16.52:874][219]LogSavePackage: Moving '../../../../../../Users/Brandon/Documents/Unreal Projects/SwordProject 4.9/Saved/ShirtTest_Skeleton1C7A7D5041EEE3C568F8499776E24E75.tmp' to '../../../../../../Users/Brandon/Documents/Unreal Projects/SwordProject 4.9/Content/Game/Meshes/Test/ShirtTest_Skeleton.uasset'
[2015.10.05-22.16.52:878][219]LogSavePackage: Total save time: 11.149000ms
[2015.10.05-22.16.52:878][219]LogSavePackage:Warning: Finished SavePackage ../../../../../../Users/Brandon/Documents/Unreal Projects/SwordProject 4.9/Content/Game/Meshes/Test/ShirtTest_Skeleton.uasset
[2015.10.05-22.33.08:234][171]Cmd: QUIT_EDITOR
[2015.10.05-22.33.10:156][171]LogExit: Preparing to exit.
[2015.10.05-22.33.10:685][171]LogExit: Editor shut down
[2015.10.05-22.33.10:686][171]LogExit: Transaction tracking system shut down
[2015.10.05-22.33.10:775][171]LogParticles: Destroying 0 GPU particle simulations for FXSystem 0x0000000022FAB2E0
[2015.10.05-22.33.10:776][171]LogParticles: Destroying 0 GPU particle simulations for FXSystem 0x000000002C8FD580
[2015.10.05-22.33.10:791][171]LogParticles: Destroying 0 GPU particle simulations for FXSystem 0x0000000030EF9E40
[2015.10.05-22.33.10:791][171]LogParticles: Destroying 0 GPU particle simulations for FXSystem 0x000000002CDDA840
[2015.10.05-22.33.10:791][171]LogParticles: Destroying 0 GPU particle simulations for FXSystem 0x0000000026A22B60
[2015.10.05-22.33.10:791][171]LogParticles: Destroying 0 GPU particle simulations for FXSystem 0x0000000026A225C0
[2015.10.05-22.33.10:791][171]LogParticles: Destroying 0 GPU particle simulations for FXSystem 0x000000004BDFA3E0
[2015.10.05-22.33.10:792][171]LogParticles: Destroying 0 GPU particle simulations for FXSystem 0x0000000026A22980
[2015.10.05-22.33.10:794][171]LogParticles: Destroying 0 GPU particle simulations for FXSystem 0x000000004BDFBD80
[2015.10.05-22.33.12:067][171]LogExit: Object subsystem successfully closed.
[2015.10.05-22.33.12:264][171]LogD3D11RHI: Shutdown
[2015.10.05-22.33.12:265][171]LogD3D11RHI: CleanupD3DDevice
[2015.10.05-22.33.12:999][171]LogD3D11RHI: ~FD3D11DynamicRHI
[2015.10.05-22.33.13:566][171]LogModuleManager: Shutting down and abandoning module StaticMeshEditor (198)
[2015.10.05-22.33.13:566][171]LogModuleManager: Shutting down and abandoning module CrashTracker (197)
[2015.10.05-22.33.13:567][171]LogModuleManager: Shutting down and abandoning module SceneOutliner (196)
[2015.10.05-22.33.13:567][171]LogModuleManager: Shutting down and abandoning module SuperSearch (195)
[2015.10.05-22.33.13:567][171]LogModuleManager: Shutting down and abandoning module WidgetCarousel (194)
[2015.10.05-22.33.13:567][171]LogModuleManager: Shutting down and abandoning module AddContentDialog (193)
[2015.10.05-22.33.13:586][171]LogModuleManager: Shutting down and abandoning module EditorWidgets (192)
[2015.10.05-22.33.13:586][171]LogModuleManager: Shutting down and abandoning module CollectionManager (191)
[2015.10.05-22.33.13:587][171]LogModuleManager: Shutting down and abandoning module StatsViewer (190)
[2015.10.05-22.33.13:587][171]LogModuleManager: Shutting down and abandoning module FoliageEdit (189)
[2015.10.05-22.33.13:587][171]LogModuleManager: Shutting down and abandoning module LandscapeEditor (188)
[2015.10.05-22.33.13:603][171]LogModuleManager: Shutting down and abandoning module ActorPickerMode (187)
[2015.10.05-22.33.13:603][171]LogModuleManager: Shutting down and abandoning module GeometryMode (186)
[2015.10.05-22.33.13:603][171]LogModuleManager: Shutting down and abandoning module TextureAlignMode (185)
[2015.10.05-22.33.13:603][171]LogModuleManager: Shutting down and abandoning module BspMode (184)
[2015.10.05-22.33.13:603][171]LogModuleManager: Shutting down and abandoning module PlacementMode (183)
[2015.10.05-22.33.13:603][171]LogModuleManager: Shutting down and abandoning module AutomationWorker (182)
[2015.10.05-22.33.13:603][171]LogModuleManager: Shutting down and abandoning module CharacterAI (181)
[2015.10.05-22.33.13:603][171]LogModuleManager: Shutting down and abandoning module SmartSnapping (180)
[2015.10.05-22.33.13:603][171]LogModuleManager: Shutting down and abandoning module ViewportSnapping (179)
[2015.10.05-22.33.13:603][171]LogModuleManager: Shutting down and abandoning module LogVisualizer (178)
[2015.10.05-22.33.13:604][171]LogModuleManager: Shutting down and abandoning module GameProjectGeneration (177)
[2015.10.05-22.33.13:613][171]LogModuleManager: Shutting down and abandoning module IntroTutorials (176)
[2015.10.05-22.33.13:613][171]LogModuleManager: Shutting down and abandoning module EditorLiveStreaming (175)
[2015.10.05-22.33.13:613][171]LogModuleManager: Shutting down and abandoning module IOSPlatformEditor (174)
[2015.10.05-22.33.13:613][171]LogModuleManager: Shutting down and abandoning module HTML5PlatformEditor (173)
[2015.10.05-22.33.13:613][171]LogModuleManager: Shutting down and abandoning module AndroidDeviceDetection (172)
[2015.10.05-22.33.14:008][171]LogModuleManager: Shutting down and abandoning module AndroidPlatformEditor (171)
[2015.10.05-22.33.14:008][171]LogModuleManager: Shutting down and abandoning module IOSRuntimeSettings (170)
[2015.10.05-22.33.14:008][171]LogModuleManager: Shutting down and abandoning module AndroidRuntimeSettings (169)
[2015.10.05-22.33.14:008][171]LogModuleManager: Shutting down and abandoning module MergeActors (168)
[2015.10.05-22.33.14:060][171]LogModuleManager: Shutting down and abandoning module SizeMap (167)
[2015.10.05-22.33.14:060][171]LogModuleManager: Shutting down and abandoning module TreeMap (166)
[2015.10.05-22.33.14:060][171]LogModuleManager: Shutting down and abandoning module ReferenceViewer (165)
[2015.10.05-22.33.14:060][171]LogModuleManager: Shutting down and abandoning module LocalizationService (164)
[2015.10.05-22.33.14:060][171]LogModuleManager: Shutting down and abandoning module LocalizationDashboard (163)
[2015.10.05-22.33.14:073][171]LogModuleManager: Shutting down and abandoning module HardwareTargeting (162)
[2015.10.05-22.33.14:073][171]LogModuleManager: Shutting down and abandoning module DeviceProfileEditor (161)
[2015.10.05-22.33.14:073][171]LogModuleManager: Shutting down and abandoning module UndoHistory (160)
[2015.10.05-22.33.14:073][171]LogModuleManager: Shutting down and abandoning module GameplayTagsEditor (159)
[2015.10.05-22.33.14:073][171]LogModuleManager: Shutting down and abandoning module UserFeedback (158)
[2015.10.05-22.33.14:073][171]LogModuleManager: Shutting down and abandoning module XmlParser (157)
[2015.10.05-22.33.14:073][171]LogModuleManager: Shutting down and abandoning module Blutility (156)
[2015.10.05-22.33.14:073][171]LogModuleManager: Shutting down and abandoning module ProjectTargetPlatformEditor (155)
[2015.10.05-22.33.14:073][171]LogModuleManager: Shutting down and abandoning module ProjectSettingsViewer (154)
[2015.10.05-22.33.14:073][171]LogModuleManager: Shutting down and abandoning module InputBindingEditor (153)
[2015.10.05-22.33.14:074][171]LogModuleManager: Shutting down and abandoning module EditorSettingsViewer (152)
[2015.10.05-22.33.14:074][171]LogModuleManager: Shutting down and abandoning module SettingsEditor (151)
[2015.10.05-22.33.14:074][171]LogModuleManager: Shutting down and abandoning module ProjectLauncher (150)
[2015.10.05-22.33.14:074][171]LogModuleManager: Shutting down and abandoning module SessionFrontend (149)
[2015.10.05-22.33.14:074][171]LogModuleManager: Shutting down and abandoning module ProfilerClient (148)
[2015.10.05-22.33.14:084][171]LogModuleManager: Shutting down and abandoning module TargetDeviceServices (147)
[2015.10.05-22.33.14:084][171]LogModuleManager: Shutting down and abandoning module DeviceManager (146)
[2015.10.05-22.33.14:085][171]LogModuleManager: Shutting down and abandoning module AutomationController (145)
[2015.10.05-22.33.14:085][171]LogModuleManager: Shutting down and abandoning module AutomationWindow (144)
[2015.10.05-22.33.14:090][171]LogModuleManager: Shutting down and abandoning module Layers (143)
[2015.10.05-22.33.14:129][171]LogModuleManager: Shutting down and abandoning module ComponentVisualizers (142)
[2015.10.05-22.33.14:129][171]LogModuleManager: Shutting down and abandoning module DetailCustomizations (141)
[2015.10.05-22.33.14:129][171]LogModuleManager: Shutting down and abandoning module PackagesDialog (140)
[2015.10.05-22.33.14:140][171]LogModuleManager: Shutting down and abandoning module Persona (139)
[2015.10.05-22.33.14:140][171]LogModuleManager: Shutting down and abandoning module Kismet (138)
[2015.10.05-22.33.14:140][171]LogModuleManager: Shutting down and abandoning module GraphEditor (137)
[2015.10.05-22.33.14:156][171]LogModuleManager: Shutting down and abandoning module ClassViewer (136)
[2015.10.05-22.33.14:156][171]LogModuleManager: Shutting down and abandoning module Toolbox (135)
[2015.10.05-22.33.14:156][171]LogModuleManager: Shutting down and abandoning module ModuleUI (134)
[2015.10.05-22.33.14:171][171]LogModuleManager: Shutting down and abandoning module MovieSceneTools (133)
[2015.10.05-22.33.14:171][171]LogModuleManager: Shutting down and abandoning module OutputLog (132)
[2015.10.05-22.33.14:171][171]LogModuleManager: Shutting down and abandoning module GammaUI (131)
[2015.10.05-22.33.14:189][171]LogModuleManager: Shutting down and abandoning module Documentation (130)
[2015.10.05-22.33.14:189][171]LogModuleManager: Shutting down and abandoning module GameLiveStreaming (129)
[2015.10.05-22.33.14:189][171]LogModuleManager: Shutting down and abandoning module StreamingPauseRendering (128)
[2015.10.05-22.33.14:189][171]LogModuleManager: Shutting down and abandoning module AnalyticsET (127)
[2015.10.05-22.33.14:189][171]LogModuleManager: Shutting down and abandoning module Analytics (126)
[2015.10.05-22.33.14:189][171]LogModuleManager: Shutting down and abandoning module AITestSuite (125)
[2015.10.05-22.33.14:189][171]LogModuleManager: Shutting down and abandoning module GameplayDebugger (124)
[2015.10.05-22.33.14:189][171]LogModuleManager: Shutting down and abandoning module AIModule (123)
[2015.10.05-22.33.14:189][171]LogModuleManager: Shutting down and abandoning module ProfilerService (122)
[2015.10.05-22.33.14:366][171]LogModuleManager: Shutting down and abandoning module TaskGraph (121)
[2015.10.05-22.33.14:366][171]LogModuleManager: Shutting down and abandoning module SlateRemote (120)
[2015.10.05-22.33.14:366][171]LogModuleManager: Shutting down and abandoning module SteamVRController (119)
[2015.10.05-22.33.14:366][171]LogModuleManager: Shutting down and abandoning module SteamVR (118)
[2015.10.05-22.33.14:366][171]LogModuleManager: Shutting down and abandoning module ProceduralMeshComponent (117)
[2015.10.05-22.33.14:366][171]LogModuleManager: Shutting down and abandoning module OculusRift (116)
[2015.10.05-22.33.14:366][171]LogModuleManager: Shutting down and abandoning module OculusLibrary (115)
[2015.10.05-22.33.14:366][171]LogModuleManager: Shutting down and abandoning module LeapMotionController (114)
[2015.10.05-22.33.14:435][171]LogModuleManager: Shutting down and abandoning module CustomMeshComponent (113)
[2015.10.05-22.33.14:451][171]LogModuleManager: Shutting down and abandoning module CableComponent (112)
[2015.10.05-22.33.14:451][171]LogModuleManager: Shutting down and abandoning module ArchVisCharacter (111)
[2015.10.05-22.33.14:451][171]LogModuleManager: Shutting down and abandoning module MessagingDebugger (110)
[2015.10.05-22.33.14:466][171]LogModuleManager: Shutting down and abandoning module MediaPlayerEditor (109)
[2015.10.05-22.33.14:475][171]LogModuleManager: Shutting down and abandoning module HTML5Networking (108)
[2015.10.05-22.33.14:475][171]LogModuleManager: Shutting down and abandoning module SpeedTreeImporter (107)
[2015.10.05-22.33.14:475][171]LogModuleManager: Shutting down and abandoning module PluginBrowser (106)
[2015.10.05-22.33.14:475][171]LogModuleManager: Shutting down and abandoning module EpicSurvey (105)
[2015.10.05-22.33.14:475][171]LogModuleManager: Shutting down and abandoning module DesktopPlatform (104)
[2015.10.05-22.33.14:485][171]LogModuleManager: Shutting down and abandoning module VisualStudioSourceCodeAccess (103)
[2015.10.05-22.33.14:485][171]LogModuleManager: Shutting down and abandoning module UObjectPlugin (102)
[2015.10.05-22.33.14:485][171]LogModuleManager: Shutting down and abandoning module SubversionSourceControl (101)
[2015.10.05-22.33.14:485][171]LogModuleManager: Shutting down and abandoning module PerforceSourceControl (100)
[2015.10.05-22.33.14:485][171]LogModuleManager: Shutting down and abandoning module SourceControl (99)
[2015.10.05-22.33.14:485][171]LogModuleManager: Shutting down and abandoning module GitSourceControl (98)
[2015.10.05-22.33.14:486][171]LogModuleManager: Shutting down and abandoning module LightPropagationVolumeEditor (97)
[2015.10.05-22.33.14:486][171]LogModuleManager: Shutting down and abandoning module PaperTiledImporter (96)
[2015.10.05-22.33.14:486][171]LogModuleManager: Shutting down and abandoning module PaperSpriteSheetImporter (95)
[2015.10.05-22.33.14:486][171]LogModuleManager: Shutting down and abandoning module MeshPaint (94)
[2015.10.05-22.33.14:486][171]LogModuleManager: Shutting down and abandoning module SlateReflector (93)
[2015.10.05-22.33.14:493][171]LogModuleManager: Shutting down and abandoning module HotReload (92)
[2015.10.05-22.33.14:493][171]LogModuleManager: Shutting down and abandoning module MainFrame (91)
[2015.10.05-22.33.14:493][171]LogModuleManager: Shutting down and abandoning module LevelEditor (90)
[2015.10.05-22.33.14:508][171]LogModuleManager: Shutting down and abandoning module DirectoryWatcher (89)
[2015.10.05-22.33.14:511][171]LogModuleManager: Shutting down and abandoning module AssetRegistry (88)
[2015.10.05-22.33.14:774][171]LogModuleManager: Shutting down and abandoning module ContentBrowser (87)
[2015.10.05-22.33.14:776][171]LogModuleManager: Shutting down and abandoning module Paper2DEditor (86)
[2015.10.05-22.33.14:807][171]LogModuleManager: Shutting down and abandoning module UdpMessaging (85)
[2015.10.05-22.33.14:908][171]LogModuleManager: Shutting down and abandoning module LightPropagationVolumeRuntime (84)
[2015.10.05-22.33.14:908][171]LogModuleManager: Shutting down and abandoning module Paper2D (83)
[2015.10.05-22.33.14:908][171]LogModuleManager: Shutting down and abandoning module WindowsMoviePlayer (82)
[2015.10.05-22.33.14:932][171]LogModuleManager: Shutting down and abandoning module Media (81)
[2015.10.05-22.33.14:932][171]LogModuleManager: Shutting down and abandoning module WmfMedia (80)
[2015.10.05-22.33.14:945][171]LogModuleManager: Shutting down and abandoning module OnlineBlueprintSupport (79)
[2015.10.05-22.33.14:945][171]LogModuleManager: Shutting down and abandoning module GameplayTasksEditor (78)
[2015.10.05-22.33.14:945][171]LogModuleManager: Shutting down and abandoning module PropertyEditor (77)
[2015.10.05-22.33.14:945][171]LogModuleManager: Shutting down and abandoning module BehaviorTreeEditor (76)
[2015.10.05-22.33.14:963][171]LogModuleManager: Shutting down and abandoning module FunctionalTesting (75)
[2015.10.05-22.33.14:963][171]LogModuleManager: Shutting down and abandoning module CollisionAnalyzer (74)
[2015.10.05-22.33.14:977][171]LogModuleManager: Shutting down and abandoning module WorkspaceMenuStructure (73)
[2015.10.05-22.33.14:977][171]LogModuleManager: Shutting down and abandoning module MessageLog (72)
[2015.10.05-22.33.14:977][171]LogModuleManager: Shutting down and abandoning module Sequencer (71)
[2015.10.05-22.33.14:978][171]LogModuleManager: Shutting down and abandoning module AssetTools (70)
[2015.10.05-22.33.14:992][171]LogModuleManager: Shutting down and abandoning module UMGEditor (69)
[2015.10.05-22.33.15:011][171]LogModuleManager: Shutting down and abandoning module UMG (68)
[2015.10.05-22.33.15:011][171]LogModuleManager: Shutting down and abandoning module Slate (67)
[2015.10.05-22.33.15:011][171]LogModuleManager: Shutting down and abandoning module EditorStyle (66)
[2015.10.05-22.33.15:017][171]LogModuleManager: Shutting down and abandoning module SessionServices (65)
[2015.10.05-22.33.15:017][171]LogModuleManager: Shutting down and abandoning module SourceCodeAccess (64)
[2015.10.05-22.33.15:017][171]LogModuleManager: Shutting down and abandoning module HeadMountedDisplay (63)
[2015.10.05-22.33.15:018][171]LogModuleManager: Shutting down and abandoning module XAudio2 (62)
[2015.10.05-22.33.15:018][171]LogModuleManager: Shutting down and abandoning module Networking (60)
[2015.10.05-22.33.15:018][171]LogModuleManager: Shutting down and abandoning module Core (59)
[2015.10.05-22.33.15:018][171]LogModuleManager: Shutting down and abandoning module KismetCompiler (58)
[2015.10.05-22.33.15:018][171]LogModuleManager: Shutting down and abandoning module PhysXFormats (57)
[2015.10.05-22.33.15:018][171]LogModuleManager: Shutting down and abandoning module MeshUtilities (56)
[2015.10.05-22.33.15:018][171]LogModuleManager: Shutting down and abandoning module CookingStats (55)
[2015.10.05-22.33.15:020][171]LogModuleManager: Shutting down and abandoning module DerivedDataCache (54)
[2015.10.05-22.33.15:112][171]LogDerivedDataCache: Shutdown
[2015.10.05-22.33.15:112][171]LogModuleManager: Shutting down and abandoning module ShaderFormatOpenGL (53)
[2015.10.05-22.33.15:214][171]LogModuleManager: Shutting down and abandoning module ShaderFormatD3D (52)
[2015.10.05-22.33.15:214][171]LogModuleManager: Shutting down and abandoning module MetalShaderFormat (51)
[2015.10.05-22.33.15:258][171]LogModuleManager: Shutting down and abandoning module TextureFormatUncompressed (50)
[2015.10.05-22.33.15:258][171]LogModuleManager: Shutting down and abandoning module TextureFormatPVR (49)
[2015.10.05-22.33.15:258][171]LogModuleManager: Shutting down and abandoning module TextureFormatIntelISPCTexComp (48)
[2015.10.05-22.33.15:258][171]LogModuleManager: Shutting down and abandoning module TextureFormatDXT (47)
[2015.10.05-22.33.15:258][171]LogModuleManager: Shutting down and abandoning module ImageWrapper (46)
[2015.10.05-22.33.15:258][171]LogModuleManager: Shutting down and abandoning module TextureFormatASTC (45)
[2015.10.05-22.33.15:258][171]LogModuleManager: Shutting down and abandoning module TextureFormatAndroid (44)
[2015.10.05-22.33.15:258][171]LogModuleManager: Shutting down and abandoning module AudioFormatOpus (43)
[2015.10.05-22.33.15:258][171]LogModuleManager: Shutting down and abandoning module AudioFormatOgg (42)
[2015.10.05-22.33.15:258][171]LogModuleManager: Shutting down and abandoning module AudioFormatADPCM (41)
[2015.10.05-22.33.15:258][171]LogModuleManager: Shutting down and abandoning module LinuxTargetPlatform (40)
[2015.10.05-22.33.15:259][171]LogModuleManager: Shutting down and abandoning module LinuxServerTargetPlatform (39)
[2015.10.05-22.33.15:259][171]LogModuleManager: Shutting down and abandoning module LinuxNoEditorTargetPlatform (38)
[2015.10.05-22.33.15:259][171]LogModuleManager: Shutting down and abandoning module Messaging (37)
[2015.10.05-22.33.15:259][171]LogModuleManager: Shutting down and abandoning module IOSTargetPlatform (36)
[2015.10.05-22.33.15:259][171]LogModuleManager: Shutting down and abandoning module HTML5TargetPlatform (35)
[2015.10.05-22.33.15:259][171]LogModuleManager: Shutting down and abandoning module Android_PVRTCTargetPlatform (34)
[2015.10.05-22.33.15:259][171]LogModuleManager: Shutting down and abandoning module Android_ETC2TargetPlatform (33)
[2015.10.05-22.33.15:259][171]LogModuleManager: Shutting down and abandoning module Android_ETC1TargetPlatform (32)
[2015.10.05-22.33.15:259][171]LogModuleManager: Shutting down and abandoning module Android_DXTTargetPlatform (31)
[2015.10.05-22.33.15:259][171]LogModuleManager: Shutting down and abandoning module Android_ATCTargetPlatform (30)
[2015.10.05-22.33.15:259][171]LogModuleManager: Shutting down and abandoning module Android_ASTCTargetPlatform (29)
[2015.10.05-22.33.15:259][171]LogModuleManager: Shutting down and abandoning module AndroidTargetPlatform (28)
[2015.10.05-22.33.15:259][171]LogModuleManager: Shutting down and abandoning module WindowsTargetPlatform (27)
[2015.10.05-22.33.15:259][171]LogModuleManager: Shutting down and abandoning module WindowsServerTargetPlatform (26)
[2015.10.05-22.33.15:259][171]LogModuleManager: Shutting down and abandoning module WindowsNoEditorTargetPlatform (25)
[2015.10.05-22.33.15:259][171]LogModuleManager: Shutting down and abandoning module WindowsClientTargetPlatform (24)
[2015.10.05-22.33.15:259][171]LogModuleManager: Shutting down and abandoning module AllDesktopTargetPlatform (23)
[2015.10.05-22.33.15:259][171]LogModuleManager: Shutting down and abandoning module TargetPlatform (22)
[2015.10.05-22.33.15:259][171]LogModuleManager: Shutting down and abandoning module InputCore (21)
[2015.10.05-22.33.15:259][171]LogModuleManager: Shutting down and abandoning module Settings (20)
[2015.10.05-22.33.15:259][171]LogModuleManager: Shutting down and abandoning module OnlineSubsystem (18)
[2015.10.05-22.33.15:259][171]LogModuleManager: Shutting down and abandoning module HTTP (17)
[2015.10.05-22.33.17:263][171]LogModuleManager: Shutting down and abandoning module XMPP (16)
[2015.10.05-22.33.17:279][171]LogModuleManager: Shutting down and abandoning module ExampleDeviceProfileSelector (15)
[2015.10.05-22.33.17:279][171]LogModuleManager: Shutting down and abandoning module TextureCompressor (14)
[2015.10.05-22.33.17:297][171]LogModuleManager: Shutting down and abandoning module ShaderCore (13)
[2015.10.05-22.33.17:298][171]LogModuleManager: Shutting down and abandoning module Landscape (12)
[2015.10.05-22.33.17:298][171]LogModuleManager: Shutting down and abandoning module SlateRHIRenderer (11)
[2015.10.05-22.33.17:302][171]LogModuleManager: Shutting down and abandoning module OpenGLDrv (10)
[2015.10.05-22.33.17:322][171]LogModuleManager: Shutting down and abandoning module D3D11RHI (9)
[2015.10.05-22.33.17:323][171]LogModuleManager: Shutting down and abandoning module AnimGraphRuntime (8)
[2015.10.05-22.33.17:323][171]LogModuleManager: Shutting down and abandoning module Renderer (7)
[2015.10.05-22.33.17:323][171]LogModuleManager: Shutting down and abandoning module Engine (6)
[2015.10.05-22.33.17:323][171]LogModuleManager: Shutting down and abandoning module CoreUObject (5)
[2015.10.05-22.33.17:323][171]LogModuleManager: Shutting down and abandoning module NetworkFile (4)
[2015.10.05-22.33.17:332][171]LogModuleManager: Shutting down and abandoning module StreamingFile (3)
[2015.10.05-22.33.17:332][171]LogModuleManager: Shutting down and abandoning module SandboxFile (2)
[2015.10.05-22.33.17:341][171]LogModuleManager: Shutting down and abandoning module PakFile (1)
[2015.10.05-22.33.17:371][171]LogExit: Exiting.
[2015.10.05-22.33.17:480][171]Log file closed, 10/05/15 17:33:17
