[2015.10.09-23.35.31:469][  0]Log file open, 10/09/15 18:35:31
[2015.10.09-23.35.31:469][  0]LogInit:Display: Running engine for game: SwordProject
[2015.10.09-23.35.31:469][  0]LogInit:Display: RandInit(1997392312) SRandInit(1997392313).
[2015.10.09-23.35.31:469][  0]LogTaskGraph: Started task graph with 4 named threads and 5 total threads.
[2015.10.09-23.35.31:469][  0]LogStats: Stats thread started at 0.127809
[2015.10.09-23.35.31:469][  0]LogInit: Version: 4.9.1-2689999+++depot+UE4-Releases+4.9
[2015.10.09-23.35.31:469][  0]LogInit: API Version: 2672455
[2015.10.09-23.35.31:469][  0]LogInit: Compiled (64-bit): Sep 14 2015 04:12:03
[2015.10.09-23.35.31:469][  0]LogInit: Compiled with Visual C++: 18.00.21005.01
[2015.10.09-23.35.31:469][  0]LogInit: Build Configuration: Development
[2015.10.09-23.35.31:469][  0]LogInit: Branch Name: ++depot+UE4-Releases+4.9
[2015.10.09-23.35.31:469][  0]LogInit: Command line:  
[2015.10.09-23.35.31:469][  0]LogInit: Base directory: C:/Program Files/Epic Games/4.9/Engine/Binaries/Win64/
[2015.10.09-23.35.31:469][  0]LogInit: Rocket: 1
[2015.10.09-23.35.31:490][  0]LogInit: Using libcurl 7.41.0
[2015.10.09-23.35.31:490][  0]LogInit:  - built for x86_64-pc-win32
[2015.10.09-23.35.31:490][  0]LogInit:  - supports SSL with WinSSL
[2015.10.09-23.35.31:490][  0]LogInit:  - other features:
[2015.10.09-23.35.31:490][  0]LogInit:      CURL_VERSION_SSL
[2015.10.09-23.35.31:490][  0]LogInit:      CURL_VERSION_IPV6
[2015.10.09-23.35.31:490][  0]LogInit:      CURL_VERSION_ASYNCHDNS
[2015.10.09-23.35.31:490][  0]LogInit:      CURL_VERSION_LARGEFILE
[2015.10.09-23.35.31:490][  0]LogInit:      CURL_VERSION_IDN
[2015.10.09-23.35.31:491][  0]LogInit:  CurlRequestOptions (configurable via config and command line):
[2015.10.09-23.35.31:491][  0]LogInit:  - bVerifyPeer = true  - Libcurl will verify peer certificate
[2015.10.09-23.35.31:491][  0]LogInit:  - bUseHttpProxy = false  - Libcurl will NOT use HTTP proxy
[2015.10.09-23.35.31:491][  0]LogInit:  - bDontReuseConnections = false  - Libcurl will reuse connections
[2015.10.09-23.35.31:491][  0]LogInit:  - CertBundlePath = nullptr  - Libcurl will use whatever was configured at build time.
[2015.10.09-23.35.31:511][  0]LogInit: Presizing for 0 objects not considered by GC, pre-allocating 0 bytes.
[2015.10.09-23.35.31:532][  0]LogInit: Object subsystem initialized
[2015.10.09-23.35.31:536][  0]LogInit: Selected Device Profile: [Windows]
[2015.10.09-23.35.31:536][  0]LogInit: Applying CVar settings loaded from the selected device profile: [Windows]
[2015.10.09-23.35.31:557][  0]LogInit: Computer: BRANDON-PC
[2015.10.09-23.35.31:557][  0]LogInit: User: Brandon
[2015.10.09-23.35.31:557][  0]LogInit: CPU Page size=4096, Cores=2
[2015.10.09-23.35.31:557][  0]LogInit: High frequency timer resolution =2.338515 MHz
[2015.10.09-23.35.31:557][  0]LogMemory: Memory total: Physical=5.9GB (6GB approx)
[2015.10.09-23.35.31:557][  0]LogMemory: Platform Memory Stats for Windows
[2015.10.09-23.35.31:557][  0]LogMemory: Process Physical Memory: 53.49 MB used, 53.49 MB peak
[2015.10.09-23.35.31:557][  0]LogMemory: Process Virtual Memory: 56.23 MB used, 56.23 MB peak
[2015.10.09-23.35.31:557][  0]LogMemory: Physical Memory: 2556.16 MB used, 6029.32 MB total
[2015.10.09-23.35.31:557][  0]LogMemory: Virtual Memory: 336.96 MB used, 8388608.00 MB total
[2015.10.09-23.35.31:638][  0]LogTextLocalizationManager: No specific translations for ('en-US') exist, so ('en') translations will be used.
[2015.10.09-23.35.33:327][  0]LogD3D11RHI: Found D3D11 adapter 0: Intel(R) HD Graphics 3000 (Feature Level 10_0)
[2015.10.09-23.35.33:327][  0]LogD3D11RHI: Adapter has 64MB of dedicated video memory, 0MB of dedicated system memory, and 1632MB of shared system memory, 1 output[s]
[2015.10.09-23.35.33:327][  0]LogD3D11RHI: Chosen D3D11 Adapter Id = 0
[2015.10.09-23.35.33:339][  0]LogD3D11RHI: !Direct3DDevice
[2015.10.09-23.35.33:339][  0]LogRHI: Texture pool is 616 MB (70% of 880 MB)
[2015.10.09-23.35.33:345][  0]LogD3D11RHI: Async texture creation enabled
[2015.10.09-23.35.33:371][  0]LogShaderCompilers: Guid format shader working directory is 14 characters bigger than the processId version (../../../../../../Users/Brandon/Documents/Unreal Projects/SwordProject 4.9/Intermediate/Shaders/WorkingDirectory/12548/).
[2015.10.09-23.35.33:371][  0]LogShaderCompilers: Cleaned the shader compiler working directory '../../../../../../Users/Brandon/Documents/Unreal Projects/SwordProject 4.9/Intermediate/Shaders/tmp/110D72AF49373D175FD9A4AA2C5CB1D1/'.
[2015.10.09-23.35.33:371][  0]LogShaderCompilers:Display: Using Local Shader Compiler.
[2015.10.09-23.35.36:002][  0]LogTemp:Display: Loaded TP AllDesktopTargetPlatform
[2015.10.09-23.35.36:011][  0]LogTemp:Display: Loaded TP WindowsClientTargetPlatform
[2015.10.09-23.35.36:020][  0]LogTemp:Display: Loaded TP WindowsNoEditorTargetPlatform
[2015.10.09-23.35.36:029][  0]LogTemp:Display: Loaded TP WindowsServerTargetPlatform
[2015.10.09-23.35.36:038][  0]LogTemp:Display: Loaded TP WindowsTargetPlatform
[2015.10.09-23.35.36:044][  0]LogTemp:Display: Loaded TP AndroidTargetPlatform
[2015.10.09-23.35.36:050][  0]LogTemp:Display: Loaded TP Android_ASTCTargetPlatform
[2015.10.09-23.35.36:056][  0]LogTemp:Display: Loaded TP Android_ATCTargetPlatform
[2015.10.09-23.35.36:063][  0]LogTemp:Display: Loaded TP Android_DXTTargetPlatform
[2015.10.09-23.35.36:069][  0]LogTemp:Display: Loaded TP Android_ETC1TargetPlatform
[2015.10.09-23.35.36:075][  0]LogTemp:Display: Loaded TP Android_ETC2TargetPlatform
[2015.10.09-23.35.36:082][  0]LogTemp:Display: Loaded TP Android_PVRTCTargetPlatform
[2015.10.09-23.35.36:082][  0]LogTemp:Display: Loaded TP HTML5TargetPlatform
[2015.10.09-23.35.36:102][  0]LogTemp:Display: Loaded TP IOSTargetPlatform
[2015.10.09-23.35.36:107][  0]LogTemp:Display: Loaded TP LinuxNoEditorTargetPlatform
[2015.10.09-23.35.36:113][  0]LogTemp:Display: Loaded TP LinuxServerTargetPlatform
[2015.10.09-23.35.36:119][  0]LogTemp:Display: Loaded TP LinuxTargetPlatform
[2015.10.09-23.35.36:119][  0]LogTargetPlatformManager:Display: Building Assets For Windows
[2015.10.09-23.35.36:267][  0]LogDerivedDataCache:Display: Max Cache Size: 512 MB
[2015.10.09-23.35.36:364][  0]LogDerivedDataCache: Loaded boot cache 0.10s 37MB C:/Users/Brandon/AppData/Local/UnrealEngine/4.9/DerivedDataCache/Boot.ddc.
[2015.10.09-23.35.36:364][  0]LogDerivedDataCache:Display: Loaded Boot cache: C:/Users/Brandon/AppData/Local/UnrealEngine/4.9/DerivedDataCache/Boot.ddc
[2015.10.09-23.35.36:364][  0]LogDerivedDataCache: FDerivedDataBackendGraph:  Pak pak cache file ../../../../../../Users/Brandon/Documents/Unreal Projects/SwordProject 4.9/DerivedDataCache/DDC.ddp not found, will not use a pak cache.
[2015.10.09-23.35.36:364][  0]LogDerivedDataCache: Unable to find inner node Pak for hierarchical cache Hierarchy.
[2015.10.09-23.35.36:364][  0]LogDerivedDataCache: FDerivedDataBackendGraph:  CompressedPak pak cache file ../../../../../../Users/Brandon/Documents/Unreal Projects/SwordProject 4.9/DerivedDataCache/Compressed.ddp not found, will not use a pak cache.
[2015.10.09-23.35.36:364][  0]LogDerivedDataCache: Unable to find inner node CompressedPak for hierarchical cache Hierarchy.
[2015.10.09-23.35.36:632][  0]LogDerivedDataCache:Display: Pak cache opened for reading ../../../Engine/DerivedDataCache/Compressed.ddp.
[2015.10.09-23.35.36:643][  0]LogDerivedDataCache: Using Local data cache path C:/Users/Brandon/AppData/Local/UnrealEngine/Common/DerivedDataCache: Writable
[2015.10.09-23.35.36:957][  0]LogInit: Selected Device Profile: [Windows]
[2015.10.09-23.35.36:958][  0]LogContentStreaming: Texture pool size is 0.000000MB
[2015.10.09-23.35.37:003][  0]LogMeshUtilities: No automatic mesh reduction module available
[2015.10.09-23.35.37:003][  0]LogMeshUtilities: No automatic mesh merging module available
[2015.10.09-23.35.37:753][  0]LogInit: WinSock: version 1.1 (2.2), MaxSocks=32767, MaxUdp=65467
[2015.10.09-23.35.50:049][  0]UdpMessaging: Initializing bridge on interface 0.0.0.0:0 to multicast group 230.0.0.1:6666.
[2015.10.09-23.35.52:129][  0]LogAssetRegistry: FAssetRegistry took 0.0151 seconds to start up
[2015.10.09-23.35.57:481][  0]SourceControl: Info Source control is disabled
[2015.10.09-23.35.57:506][  0]SourceControl: Info Source control is disabled
[2015.10.09-23.35.57:645][  0]SourceControl: Info Source control is disabled
[2015.10.09-23.35.58:056][  0]SourceControl: Info Source control is disabled
[2015.10.09-23.36.01:518][  0]LogLinker:Warning: Asset '../../../Engine/Plugins/Runtime/LeapMotionController/Content/LM_PassthroughMaterial.uasset' has been saved with empty engine version. The asset will be loaded but may be incompatible.
[2015.10.09-23.36.03:275][  0]LogObj: 28361 objects as part of root set at end of initial load.
[2015.10.09-23.36.03:276][  0]LogUObjectAllocator: 6038864 out of 0 bytes used by permanent object pool.
[2015.10.09-23.36.05:520][  0]LogEngine: Initializing Engine...
[2015.10.09-23.36.05:608][  0]LogHMD: Can't find Oculus library dev build: is proper Runtime installed? Version: 0.7.0.0
[2015.10.09-23.36.06:092][  0]LogHMD: SteamVR failed to initialize.  Err: 108
[2015.10.09-23.36.09:258][  0]LogAIModule: Creating AISystem for world NewWorld
[2015.10.09-23.36.09:862][  0]LogInit: XAudio2 using 'Speakers (Realtek High Definition Audio)' : 2 channels at 48 kHz using 32 bits per sample (channel mask 0x3)
[2015.10.09-23.36.10:131][  0]LogInit: FAudioDevice initialized.
[2015.10.09-23.36.10:224][  0]LogDerivedDataCache: Saved boot cache 0.09s 37MB C:/Users/Brandon/AppData/Local/UnrealEngine/4.9/DerivedDataCache/Boot.ddc.
[2015.10.09-23.36.10:237][  0]LogInit: Texture streaming: Enabled
[2015.10.09-23.36.10:354][  0]LogAnalytics: Creating configured Analytics provider AnalyticsET
[2015.10.09-23.36.10:356][  0]LogAnalytics: [UEEditor.Rocket.Release] APIServer = http://et2.epicgames.com/ET2/. AppVersion = 4.9.1-2689999+++depot+UE4-Releases+4.9
[2015.10.09-23.36.10:356][  0]LogAnalytics: [UEEditor.Rocket.Release] SetUserId 35bf1df24b6291fab054d4a032ebe350|4cc6989648b04f0180853fecfbe4390e|336a448c-d673-4e73-82fd-ec02ab6902dd
[2015.10.09-23.36.10:387][  0]LogAnalytics: [UEEditor.Rocket.Release] AnalyticsET::StartSession
[2015.10.09-23.36.11:312][  0]LogInit: Transaction tracking system initialized
[2015.10.09-23.36.13:236][  0]BlueprintLog: New page: Editor Load
[2015.10.09-23.36.16:550][  0]LocalizationService: Info Localization service is disabled
[2015.10.09-23.36.19:633][  0]LogConsoleResponse:Display: 
[2015.10.09-23.36.22:074][  0]LogFileCache: Scanning file cache for directory 'C:/Users/Brandon/Documents/Unreal Projects/SwordProject 4.9/Content/' took 0.02s
[2015.10.09-23.36.22:074][  0]LogCook:Display: Done creating registry. It took  0.00s.
[2015.10.09-23.36.23:910][  0]SourceControl: Info Source control is disabled
[2015.10.09-23.36.24:026][  0]Cmd: MAP LOAD FILE="../../../../../../Users/Brandon/Documents/Unreal Projects/SwordProject 4.9/Content/ThirdPersonBP/Maps/Street.umap" TEMPLATE=0 SHOWPROGRESS=1 FEATURELEVEL=2
[2015.10.09-23.36.24:045][  0]LightingResults: New page: Lighting Build
[2015.10.09-23.36.24:528][  0]MapCheck: New page: Map Check
[2015.10.09-23.36.24:528][  0]LightingResults: New page: Lighting Build
[2015.10.09-23.36.25:297][  0]LogParticles: Destroying 0 GPU particle simulations for FXSystem 0x0000000021B37CE0
[2015.10.09-23.36.31:506][  0]LogAIModule: Creating AISystem for world Street
[2015.10.09-23.36.32:721][  0]LogEditorServer: Finished looking for orphan Actors (0.000 secs)
[2015.10.09-23.36.32:767][  0]Cmd: MAP CHECKDEP NOCLEARLOG
[2015.10.09-23.36.32:978][  0]MapCheck: Info Map check complete: 0 Error(s), 0 Warning(s), took 210.896ms to complete.
[2015.10.09-23.36.32:998][  0]LogFileHelpers: Loading map 'Street' took 9.008
[2015.10.09-23.36.35:258][  0]LogCollectionManager: Loaded 0 collections in 0.010851 seconds
[2015.10.09-23.36.35:464][  0]LogFileCache: Scanning file cache for directory 'C:/Users/Brandon/Documents/Unreal Projects/SwordProject 4.9/Saved/Collections/' took 0.01s
[2015.10.09-23.36.35:464][  0]LogFileCache: Scanning file cache for directory 'C:/Users/Brandon/Documents/Unreal Projects/SwordProject 4.9/Content/Developers/Brandon/Collections/' took 0.00s
[2015.10.09-23.36.35:464][  0]LogFileCache: Scanning file cache for directory 'C:/Users/Brandon/Documents/Unreal Projects/SwordProject 4.9/Content/Collections/' took 0.01s
[2015.10.09-23.36.35:464][  0]LogContentBrowser: Native class hierarchy populated in 0.0828 seconds. Added 1867 classes and 333 folders.
[2015.10.09-23.36.35:666][  0]LogCollectionManager: Rebuilt the GUID cache for 0 collections in 0.000010 seconds
[2015.10.09-23.36.35:843][  0]LogContentBrowser: Native class hierarchy updated for 'WidgetCarousel' in 0.0037 seconds. Added 0 classes and 0 folders.
[2015.10.09-23.36.37:340][  0]LogContentBrowser: Native class hierarchy updated for 'AddContentDialog' in 0.0016 seconds. Added 0 classes and 0 folders.
[2015.10.09-23.36.37:478][  0]LogContentBrowser: Native class hierarchy updated for 'SceneOutliner' in 0.0011 seconds. Added 1 classes and 2 folders.
[2015.10.09-23.36.40:906][  0]LogCrashTracker: Crashtracker disabled due to settings.
[2015.10.09-23.36.41:887][  0]LogLoad: Full Startup: 71.85 seconds (BP compile: 0.41 seconds)
[2015.10.09-23.36.42:836][  0]LogContentStreaming: Texture pool size now 200 MB
[2015.10.09-23.36.44:232][  0]LogRenderer: Reallocating scene render targets to support 1208x576 (Frame:2).
[2015.10.09-23.36.46:594][  1]LogFileCache: Retrieving MD5 hashes for directory 'C:/Users/Brandon/Documents/Unreal Projects/SwordProject 4.9/Content/' took 4.32s
[2015.10.09-23.36.50:852][ 15]LogAssetRegistry: Asset discovery search completed in 58.7333 seconds
[2015.10.09-23.36.50:852][ 15]LogCollectionManager: Rebuilt the object cache for 0 collections in 0.000003 seconds (found 0 objects)
[2015.10.09-23.36.50:852][ 15]LogCollectionManager: Fixed up redirectors for 0 collections in 0.000094 seconds (updated 0 objects)
[2015.10.09-23.37.02:953][189]LogMaterial: Missing cached shader map for material Outline, compiling. 
[2015.10.09-23.37.03:862][189]LogMaterial: Missing cached shader map for material Outline, compiling. 
[2015.10.09-23.37.03:869][189]LogMaterial: 0.000193 seconds spent updating 1 materials, 1 interfaces, 0 instances, 0 with static permutations.
[2015.10.09-23.37.04:075][189]LogMaterial: Missing cached shader map for material FMatExpressionPreview MaterialExpressionConstant4Vector_0, compiling. 
[2015.10.09-23.37.04:308][189]LogMaterial: Missing cached shader map for material FMatExpressionPreview MaterialExpressionConstant_1, compiling. 
[2015.10.09-23.37.08:515][217]MaterialEditorStats: Info Base pass shader without light map: 42 instructions
[2015.10.09-23.37.08:515][217]MaterialEditorStats: Info Vertex shader: 31 instructions
[2015.10.09-23.37.08:515][217]MaterialEditorStats: Info Texture samplers: 4/16
[2015.10.09-23.37.23:386][728]LogMaterial: Missing cached shader map for material Outline, compiling. 
[2015.10.09-23.37.23:391][728]LogMaterial: 0.000190 seconds spent updating 1 materials, 1 interfaces, 0 instances, 0 with static permutations.
[2015.10.09-23.37.24:293][762]MaterialEditorStats: Info Base pass shader without light map: 41 instructions
[2015.10.09-23.37.24:293][762]MaterialEditorStats: Info Vertex shader: 31 instructions
[2015.10.09-23.37.24:293][762]MaterialEditorStats: Info Texture samplers: 4/16
[2015.10.09-23.37.36:058][240]LogMaterial: Missing cached shader map for material Outline, compiling. 
[2015.10.09-23.37.36:062][240]LogMaterial: 0.000110 seconds spent updating 1 materials, 1 interfaces, 0 instances, 0 with static permutations.
[2015.10.09-23.37.36:780][267]MaterialEditorStats: Info Base pass shader without light map: 43 instructions
[2015.10.09-23.37.36:780][267]MaterialEditorStats: Info Vertex shader: 31 instructions
[2015.10.09-23.37.36:780][267]MaterialEditorStats: Info Texture samplers: 4/16
[2015.10.09-23.37.37:134][281]LogMaterialEditor: Applying material Outline
[2015.10.09-23.37.39:632][281]LogMaterial: Missing cached shader map for material Outline, compiling. 
[2015.10.09-23.37.39:651][281]LogMaterial: 0.000155 seconds spent updating 1 materials, 1 interfaces, 0 instances, 0 with static permutations.
[2015.10.09-23.37.39:887][281]LogMaterial: Missing cached shader map for material Outline, compiling. 
[2015.10.09-23.37.39:949][281]LogMaterial: Missing cached shader map for material Outline, compiling. 
[2015.10.09-23.37.39:966][281]LogMaterial: 0.002448 seconds spent updating 1 materials, 1 interfaces, 1 instances, 0 with static permutations.
[2015.10.09-23.37.41:856][316]MaterialEditorStats: Info Base pass shader without light map: 68 instructions
[2015.10.09-23.37.41:857][316]MaterialEditorStats: Info Vertex shader: 31 instructions
[2015.10.09-23.37.41:857][316]MaterialEditorStats: Info Texture samplers: 6/16
[2015.10.09-23.37.52:227][478]LogEditorViewport: Clicking on Actor (LMB): SkeletalMeshActor (guy)
[2015.10.09-23.37.55:415][509]LogRenderer: Reallocating scene render targets to support 1392x924 (Frame:504).
[2015.10.09-23.42.27:645][879]LogMaterial: Missing cached shader map for material Outline, compiling. 
[2015.10.09-23.42.27:650][879]LogMaterial: 0.000096 seconds spent updating 1 materials, 1 interfaces, 0 instances, 0 with static permutations.
[2015.10.09-23.42.28:520][913]LogMaterialEditor: Applying material Outline
[2015.10.09-23.42.30:084][913]LogMaterial: Missing cached shader map for material Outline, compiling. 
[2015.10.09-23.42.30:095][913]LogMaterial: 0.000048 seconds spent updating 1 materials, 1 interfaces, 0 instances, 0 with static permutations.
[2015.10.09-23.42.30:149][913]LogMaterial: Missing cached shader map for material Outline, compiling. 
[2015.10.09-23.42.30:251][913]LogMaterial: Missing cached shader map for material Outline, compiling. 
[2015.10.09-23.42.30:260][913]LogMaterial: 0.001654 seconds spent updating 1 materials, 1 interfaces, 1 instances, 0 with static permutations.
[2015.10.09-23.42.31:860][967]MaterialEditorStats: Info Base pass shader without light map: 68 instructions
[2015.10.09-23.42.31:860][967]MaterialEditorStats: Info Vertex shader: 31 instructions
[2015.10.09-23.42.31:860][967]MaterialEditorStats: Info Texture samplers: 6/16
[2015.10.09-23.42.36:963][119]LogMaterial: Missing cached shader map for material Outline, compiling. 
[2015.10.09-23.42.36:968][119]LogMaterial: 0.000252 seconds spent updating 1 materials, 1 interfaces, 0 instances, 0 with static permutations.
[2015.10.09-23.42.37:864][153]MaterialEditorStats: Info Base pass shader without light map: 43 instructions
[2015.10.09-23.42.37:864][153]MaterialEditorStats: Info Vertex shader: 31 instructions
[2015.10.09-23.42.37:865][153]MaterialEditorStats: Info Texture samplers: 4/16
[2015.10.09-23.42.46:454][503]LogMaterial: Missing cached shader map for material Outline, compiling. 
[2015.10.09-23.42.46:459][503]LogMaterial: 0.000280 seconds spent updating 1 materials, 1 interfaces, 0 instances, 0 with static permutations.
[2015.10.09-23.42.47:260][533]MaterialEditorStats: Info Base pass shader without light map: 40 instructions
[2015.10.09-23.42.47:260][533]MaterialEditorStats: Info Vertex shader: 31 instructions
[2015.10.09-23.42.47:260][533]MaterialEditorStats: Info Texture samplers: 4/16
[2015.10.09-23.42.47:363][537]LogMaterialEditor: Applying material Outline
[2015.10.09-23.42.48:690][537]LogMaterial: Missing cached shader map for material Outline, compiling. 
[2015.10.09-23.42.48:701][537]LogMaterial: 0.000108 seconds spent updating 1 materials, 1 interfaces, 0 instances, 0 with static permutations.
[2015.10.09-23.42.48:757][537]LogMaterial: Missing cached shader map for material Outline, compiling. 
[2015.10.09-23.42.48:864][537]LogMaterial: Missing cached shader map for material Outline, compiling. 
[2015.10.09-23.42.48:870][537]LogMaterial: 0.000876 seconds spent updating 1 materials, 1 interfaces, 1 instances, 0 with static permutations.
[2015.10.09-23.42.50:575][574]MaterialEditorStats: Info Base pass shader without light map: 64 instructions
[2015.10.09-23.42.50:575][574]MaterialEditorStats: Info Vertex shader: 31 instructions
[2015.10.09-23.42.50:575][574]MaterialEditorStats: Info Texture samplers: 6/16
[2015.10.09-23.43.08:975][136]LogMaterial: Missing cached shader map for material Outline, compiling. 
[2015.10.09-23.43.08:979][136]LogMaterial: 0.000081 seconds spent updating 1 materials, 1 interfaces, 0 instances, 0 with static permutations.
[2015.10.09-23.43.09:939][169]LogMaterialEditor: Applying material Outline
[2015.10.09-23.43.11:249][169]LogMaterial: Missing cached shader map for material Outline, compiling. 
[2015.10.09-23.43.11:259][169]LogMaterial: 0.000065 seconds spent updating 1 materials, 1 interfaces, 0 instances, 0 with static permutations.
[2015.10.09-23.43.11:409][169]LogMaterial: Missing cached shader map for material Outline, compiling. 
[2015.10.09-23.43.11:459][169]LogMaterial: Missing cached shader map for material Outline, compiling. 
[2015.10.09-23.43.11:470][169]LogMaterial: 0.002735 seconds spent updating 1 materials, 1 interfaces, 1 instances, 0 with static permutations.
[2015.10.09-23.43.12:695][216]MaterialEditorStats: Info Base pass shader without light map: 63 instructions
[2015.10.09-23.43.12:695][216]MaterialEditorStats: Info Vertex shader: 31 instructions
[2015.10.09-23.43.12:695][216]MaterialEditorStats: Info Texture samplers: 5/16
[2015.10.09-23.43.16:644][371]LogMaterial: Missing cached shader map for material Outline, compiling. 
[2015.10.09-23.43.16:648][371]LogMaterial: 0.000094 seconds spent updating 1 materials, 1 interfaces, 0 instances, 0 with static permutations.
[2015.10.09-23.43.17:514][402]MaterialEditorStats: Info Base pass shader without light map: 40 instructions
[2015.10.09-23.43.17:514][402]MaterialEditorStats: Info Vertex shader: 31 instructions
[2015.10.09-23.43.17:514][402]MaterialEditorStats: Info Texture samplers: 3/16
[2015.10.09-23.43.17:662][408]LogMaterialEditor: Applying material Outline
[2015.10.09-23.43.20:047][408]LogMaterial: Missing cached shader map for material Outline, compiling. 
[2015.10.09-23.43.20:064][408]LogMaterial: 0.000232 seconds spent updating 1 materials, 1 interfaces, 0 instances, 0 with static permutations.
[2015.10.09-23.43.20:305][408]LogMaterial: Missing cached shader map for material Outline, compiling. 
[2015.10.09-23.43.20:425][408]LogMaterial: Missing cached shader map for material Outline, compiling. 
[2015.10.09-23.43.20:439][408]LogMaterial: 0.003131 seconds spent updating 1 materials, 1 interfaces, 1 instances, 0 with static permutations.
[2015.10.09-23.43.22:440][442]MaterialEditorStats: Info Base pass shader without light map: 64 instructions
[2015.10.09-23.43.22:440][442]MaterialEditorStats: Info Vertex shader: 31 instructions
[2015.10.09-23.43.22:440][442]MaterialEditorStats: Info Texture samplers: 5/16
[2015.10.09-23.44.04:255][396]Cmd: TRANSACTION UNDO
[2015.10.09-23.44.04:256][396]LogEditorTransaction: Undo Create Actors
[2015.10.09-23.44.04:344][396]LogMaterial: Missing cached shader map for material Outline, compiling. 
[2015.10.09-23.44.04:349][396]LogMaterial: 0.000095 seconds spent updating 1 materials, 1 interfaces, 0 instances, 0 with static permutations.
[2015.10.09-23.44.06:390][439]MaterialEditorStats: Info Base pass shader without light map: 40 instructions
[2015.10.09-23.44.06:390][439]MaterialEditorStats: Info Vertex shader: 31 instructions
[2015.10.09-23.44.06:390][439]MaterialEditorStats: Info Texture samplers: 3/16
[2015.10.09-23.44.27:975][789]LogEditorViewport: Clicking on Actor (LMB): StaticMeshActor (Plane)
[2015.10.09-23.44.44:207][257]LogEditorViewport: Clicking on Actor (LMB): PointLight (PointLight)
[2015.10.09-23.44.45:061][269]Cmd: DELETE
[2015.10.09-23.44.45:061][269]Cmd: ACTOR DELETE
[2015.10.09-23.44.45:185][269]LogEditorActor: Deleted Actor: PointLight
[2015.10.09-23.44.45:286][269]LogEditorActor: Deleted 1 Actors (0.107 secs)
[2015.10.09-23.45.46:243][741]LogMaterial: Missing cached shader map for material Outline, compiling. 
[2015.10.09-23.45.46:247][741]LogMaterial: 0.000064 seconds spent updating 1 materials, 1 interfaces, 0 instances, 0 with static permutations.
[2015.10.09-23.45.47:337][779]LogMaterialEditor: Applying material Outline
[2015.10.09-23.45.48:770][779]LogMaterial: Missing cached shader map for material Outline, compiling. 
[2015.10.09-23.45.48:781][779]LogMaterial: 0.000032 seconds spent updating 1 materials, 1 interfaces, 0 instances, 0 with static permutations.
[2015.10.09-23.45.48:847][779]LogMaterial: Missing cached shader map for material Outline, compiling. 
[2015.10.09-23.45.48:882][779]LogMaterial: Missing cached shader map for material Outline, compiling. 
[2015.10.09-23.45.48:913][779]LogMaterial: 0.023050 seconds spent updating 1 materials, 1 interfaces, 1 instances, 0 with static permutations.
[2015.10.09-23.45.51:113][830]MaterialEditorStats: Info Base pass shader without light map: 64 instructions
[2015.10.09-23.45.51:113][830]MaterialEditorStats: Info Vertex shader: 31 instructions
[2015.10.09-23.45.51:113][830]MaterialEditorStats: Info Texture samplers: 5/16
[2015.10.09-23.45.56:251][898]LogSavePackage: Save=152.649445ms
[2015.10.09-23.45.56:251][898]LogSavePackage: Moving '../../../../../../Users/Brandon/Documents/Unreal Projects/SwordProject 4.9/Saved/Street97EDD99A430159B4BED4858367681C5A.tmp' to '../../../../../../Users/Brandon/Documents/Unreal Projects/SwordProject 4.9/Content/ThirdPersonBP/Maps/Street.umap'
[2015.10.09-23.45.56:289][898]LogSavePackage: Total save time: 225.541424ms
[2015.10.09-23.45.56:289][898]LogSavePackage:Warning: Finished SavePackage ../../../../../../Users/Brandon/Documents/Unreal Projects/SwordProject 4.9/Content/ThirdPersonBP/Maps/Street.umap
[2015.10.09-23.45.56:404][898]LogFileHelpers: Saving map 'Street' took 0.660
[2015.10.09-23.45.56:583][898]LogSavePackage: Save=51.799538ms
[2015.10.09-23.45.56:583][898]LogSavePackage: Moving '../../../../../../Users/Brandon/Documents/Unreal Projects/SwordProject 4.9/Saved/OutlineE00C9A8946F4971E73A615837E1A00E5.tmp' to '../../../../../../Users/Brandon/Documents/Unreal Projects/SwordProject 4.9/Content/Game/Material/Postprocess/Outline.uasset'
[2015.10.09-23.45.56:601][898]LogSavePackage: Total save time: 100.660890ms
[2015.10.09-23.45.56:601][898]LogSavePackage:Warning: Finished SavePackage ../../../../../../Users/Brandon/Documents/Unreal Projects/SwordProject 4.9/Content/Game/Material/Postprocess/Outline.uasset
[2015.10.09-23.45.56:722][898]LogSavePackage: Save=31.315599ms
[2015.10.09-23.45.56:722][898]LogSavePackage: Moving '../../../../../../Users/Brandon/Documents/Unreal Projects/SwordProject 4.9/Saved/ConcreteE914433C43259397EE1A70A84C1B8E21.tmp' to '../../../../../../Users/Brandon/Documents/Unreal Projects/SwordProject 4.9/Content/Game/Material/Concrete/Concrete.uasset'
[2015.10.09-23.45.56:726][898]LogSavePackage: Total save time: 64.625200ms
[2015.10.09-23.45.56:729][898]LogSavePackage:Warning: Finished SavePackage ../../../../../../Users/Brandon/Documents/Unreal Projects/SwordProject 4.9/Content/Game/Material/Concrete/Concrete.uasset
[2015.10.09-23.45.56:850][898]LogSavePackage: Save=30.347464ms
[2015.10.09-23.45.56:850][898]LogSavePackage: Moving '../../../../../../Users/Brandon/Documents/Unreal Projects/SwordProject 4.9/Saved/Street46180A39453FAA90A3BC20A4CF5BB251.tmp' to '../../../../../../Users/Brandon/Documents/Unreal Projects/SwordProject 4.9/Content/Game/Material/Concrete/Street.uasset'
[2015.10.09-23.45.56:853][898]LogSavePackage: Total save time: 59.337653ms
[2015.10.09-23.45.56:853][898]LogSavePackage:Warning: Finished SavePackage ../../../../../../Users/Brandon/Documents/Unreal Projects/SwordProject 4.9/Content/Game/Material/Concrete/Street.uasset
[2015.10.09-23.53.22:096][267]Cmd: QUIT_EDITOR
[2015.10.09-23.53.22:936][267]LogExit: Preparing to exit.
[2015.10.09-23.53.24:182][267]LogExit: Editor shut down
[2015.10.09-23.53.24:183][267]LogExit: Transaction tracking system shut down
[2015.10.09-23.53.24:258][267]LogParticles: Destroying 0 GPU particle simulations for FXSystem 0x0000000010098360
[2015.10.09-23.53.24:259][267]LogParticles: Destroying 0 GPU particle simulations for FXSystem 0x0000000029CF2F20
[2015.10.09-23.53.24:260][267]LogParticles: Destroying 0 GPU particle simulations for FXSystem 0x000000002F01C360
[2015.10.09-23.53.24:261][267]LogParticles: Destroying 0 GPU particle simulations for FXSystem 0x00000000204C42C0
[2015.10.09-23.53.24:261][267]LogParticles: Destroying 0 GPU particle simulations for FXSystem 0x000000003219AB60
[2015.10.09-23.53.24:297][267]LogParticles: Destroying 0 GPU particle simulations for FXSystem 0x00000000439F1800
[2015.10.09-23.53.24:300][267]LogParticles: Destroying 0 GPU particle simulations for FXSystem 0x00000000473EEDE0
[2015.10.09-23.53.24:301][267]LogParticles: Destroying 0 GPU particle simulations for FXSystem 0x0000000047624180
[2015.10.09-23.53.25:713][267]LogExit: Object subsystem successfully closed.
[2015.10.09-23.53.25:954][267]LogD3D11RHI: Shutdown
[2015.10.09-23.53.25:954][267]LogD3D11RHI: CleanupD3DDevice
[2015.10.09-23.53.26:301][267]LogD3D11RHI: ~FD3D11DynamicRHI
[2015.10.09-23.53.26:728][267]LogModuleManager: Shutting down and abandoning module MaterialEditor (198)
[2015.10.09-23.53.26:728][267]LogModuleManager: Shutting down and abandoning module CrashTracker (197)
[2015.10.09-23.53.26:728][267]LogModuleManager: Shutting down and abandoning module SceneOutliner (196)
[2015.10.09-23.53.26:728][267]LogModuleManager: Shutting down and abandoning module SuperSearch (195)
[2015.10.09-23.53.26:728][267]LogModuleManager: Shutting down and abandoning module WidgetCarousel (194)
[2015.10.09-23.53.26:728][267]LogModuleManager: Shutting down and abandoning module AddContentDialog (193)
[2015.10.09-23.53.26:742][267]LogModuleManager: Shutting down and abandoning module EditorWidgets (192)
[2015.10.09-23.53.26:742][267]LogModuleManager: Shutting down and abandoning module CollectionManager (191)
[2015.10.09-23.53.26:743][267]LogModuleManager: Shutting down and abandoning module StatsViewer (190)
[2015.10.09-23.53.26:788][267]LogModuleManager: Shutting down and abandoning module FoliageEdit (189)
[2015.10.09-23.53.26:789][267]LogModuleManager: Shutting down and abandoning module LandscapeEditor (188)
[2015.10.09-23.53.26:808][267]LogModuleManager: Shutting down and abandoning module ActorPickerMode (187)
[2015.10.09-23.53.26:808][267]LogModuleManager: Shutting down and abandoning module GeometryMode (186)
[2015.10.09-23.53.26:808][267]LogModuleManager: Shutting down and abandoning module TextureAlignMode (185)
[2015.10.09-23.53.26:808][267]LogModuleManager: Shutting down and abandoning module BspMode (184)
[2015.10.09-23.53.26:808][267]LogModuleManager: Shutting down and abandoning module PlacementMode (183)
[2015.10.09-23.53.26:808][267]LogModuleManager: Shutting down and abandoning module AutomationWorker (182)
[2015.10.09-23.53.26:808][267]LogModuleManager: Shutting down and abandoning module CharacterAI (181)
[2015.10.09-23.53.26:808][267]LogModuleManager: Shutting down and abandoning module SmartSnapping (180)
[2015.10.09-23.53.26:808][267]LogModuleManager: Shutting down and abandoning module ViewportSnapping (179)
[2015.10.09-23.53.26:809][267]LogModuleManager: Shutting down and abandoning module LogVisualizer (178)
[2015.10.09-23.53.26:809][267]LogModuleManager: Shutting down and abandoning module GameProjectGeneration (177)
[2015.10.09-23.53.26:818][267]LogModuleManager: Shutting down and abandoning module IntroTutorials (176)
[2015.10.09-23.53.26:831][267]LogModuleManager: Shutting down and abandoning module EditorLiveStreaming (175)
[2015.10.09-23.53.26:831][267]LogModuleManager: Shutting down and abandoning module IOSPlatformEditor (174)
[2015.10.09-23.53.26:831][267]LogModuleManager: Shutting down and abandoning module HTML5PlatformEditor (173)
[2015.10.09-23.53.26:831][267]LogModuleManager: Shutting down and abandoning module AndroidDeviceDetection (172)
[2015.10.09-23.53.26:904][267]LogModuleManager: Shutting down and abandoning module AndroidPlatformEditor (171)
[2015.10.09-23.53.26:904][267]LogModuleManager: Shutting down and abandoning module IOSRuntimeSettings (170)
[2015.10.09-23.53.26:904][267]LogModuleManager: Shutting down and abandoning module AndroidRuntimeSettings (169)
[2015.10.09-23.53.26:904][267]LogModuleManager: Shutting down and abandoning module MergeActors (168)
[2015.10.09-23.53.26:932][267]LogModuleManager: Shutting down and abandoning module SizeMap (167)
[2015.10.09-23.53.26:932][267]LogModuleManager: Shutting down and abandoning module TreeMap (166)
[2015.10.09-23.53.26:932][267]LogModuleManager: Shutting down and abandoning module ReferenceViewer (165)
[2015.10.09-23.53.26:932][267]LogModuleManager: Shutting down and abandoning module LocalizationService (164)
[2015.10.09-23.53.26:932][267]LogModuleManager: Shutting down and abandoning module LocalizationDashboard (163)
[2015.10.09-23.53.26:944][267]LogModuleManager: Shutting down and abandoning module HardwareTargeting (162)
[2015.10.09-23.53.26:945][267]LogModuleManager: Shutting down and abandoning module DeviceProfileEditor (161)
[2015.10.09-23.53.26:945][267]LogModuleManager: Shutting down and abandoning module UndoHistory (160)
[2015.10.09-23.53.26:945][267]LogModuleManager: Shutting down and abandoning module GameplayTagsEditor (159)
[2015.10.09-23.53.26:945][267]LogModuleManager: Shutting down and abandoning module UserFeedback (158)
[2015.10.09-23.53.26:945][267]LogModuleManager: Shutting down and abandoning module XmlParser (157)
[2015.10.09-23.53.26:945][267]LogModuleManager: Shutting down and abandoning module Blutility (156)
[2015.10.09-23.53.26:945][267]LogModuleManager: Shutting down and abandoning module ProjectTargetPlatformEditor (155)
[2015.10.09-23.53.26:945][267]LogModuleManager: Shutting down and abandoning module ProjectSettingsViewer (154)
[2015.10.09-23.53.26:945][267]LogModuleManager: Shutting down and abandoning module InputBindingEditor (153)
[2015.10.09-23.53.26:946][267]LogModuleManager: Shutting down and abandoning module EditorSettingsViewer (152)
[2015.10.09-23.53.26:946][267]LogModuleManager: Shutting down and abandoning module SettingsEditor (151)
[2015.10.09-23.53.26:946][267]LogModuleManager: Shutting down and abandoning module ProjectLauncher (150)
[2015.10.09-23.53.26:946][267]LogModuleManager: Shutting down and abandoning module SessionFrontend (149)
[2015.10.09-23.53.26:946][267]LogModuleManager: Shutting down and abandoning module ProfilerClient (148)
[2015.10.09-23.53.26:955][267]LogModuleManager: Shutting down and abandoning module TargetDeviceServices (147)
[2015.10.09-23.53.26:956][267]LogModuleManager: Shutting down and abandoning module DeviceManager (146)
[2015.10.09-23.53.26:956][267]LogModuleManager: Shutting down and abandoning module AutomationController (145)
[2015.10.09-23.53.26:956][267]LogModuleManager: Shutting down and abandoning module AutomationWindow (144)
[2015.10.09-23.53.26:962][267]LogModuleManager: Shutting down and abandoning module Layers (143)
[2015.10.09-23.53.27:009][267]LogModuleManager: Shutting down and abandoning module ComponentVisualizers (142)
[2015.10.09-23.53.27:009][267]LogModuleManager: Shutting down and abandoning module DetailCustomizations (141)
[2015.10.09-23.53.27:009][267]LogModuleManager: Shutting down and abandoning module PackagesDialog (140)
[2015.10.09-23.53.27:020][267]LogModuleManager: Shutting down and abandoning module Persona (139)
[2015.10.09-23.53.27:029][267]LogModuleManager: Shutting down and abandoning module Kismet (138)
[2015.10.09-23.53.27:062][267]LogModuleManager: Shutting down and abandoning module GraphEditor (137)
[2015.10.09-23.53.27:062][267]LogModuleManager: Shutting down and abandoning module ClassViewer (136)
[2015.10.09-23.53.27:062][267]LogModuleManager: Shutting down and abandoning module Toolbox (135)
[2015.10.09-23.53.27:062][267]LogModuleManager: Shutting down and abandoning module ModuleUI (134)
[2015.10.09-23.53.27:076][267]LogModuleManager: Shutting down and abandoning module MovieSceneTools (133)
[2015.10.09-23.53.27:076][267]LogModuleManager: Shutting down and abandoning module OutputLog (132)
[2015.10.09-23.53.27:077][267]LogModuleManager: Shutting down and abandoning module GammaUI (131)
[2015.10.09-23.53.27:094][267]LogModuleManager: Shutting down and abandoning module Documentation (130)
[2015.10.09-23.53.27:094][267]LogModuleManager: Shutting down and abandoning module GameLiveStreaming (129)
[2015.10.09-23.53.27:094][267]LogModuleManager: Shutting down and abandoning module StreamingPauseRendering (128)
[2015.10.09-23.53.27:095][267]LogModuleManager: Shutting down and abandoning module AnalyticsET (127)
[2015.10.09-23.53.27:095][267]LogModuleManager: Shutting down and abandoning module Analytics (126)
[2015.10.09-23.53.27:095][267]LogModuleManager: Shutting down and abandoning module AITestSuite (125)
[2015.10.09-23.53.27:095][267]LogModuleManager: Shutting down and abandoning module GameplayDebugger (124)
[2015.10.09-23.53.27:095][267]LogModuleManager: Shutting down and abandoning module AIModule (123)
[2015.10.09-23.53.27:095][267]LogModuleManager: Shutting down and abandoning module ProfilerService (122)
[2015.10.09-23.53.27:308][267]LogModuleManager: Shutting down and abandoning module TaskGraph (121)
[2015.10.09-23.53.27:308][267]LogModuleManager: Shutting down and abandoning module SlateRemote (120)
[2015.10.09-23.53.27:308][267]LogModuleManager: Shutting down and abandoning module SteamVRController (119)
[2015.10.09-23.53.27:308][267]LogModuleManager: Shutting down and abandoning module SteamVR (118)
[2015.10.09-23.53.27:308][267]LogModuleManager: Shutting down and abandoning module ProceduralMeshComponent (117)
[2015.10.09-23.53.27:308][267]LogModuleManager: Shutting down and abandoning module OculusRift (116)
[2015.10.09-23.53.27:308][267]LogModuleManager: Shutting down and abandoning module OculusLibrary (115)
[2015.10.09-23.53.27:308][267]LogModuleManager: Shutting down and abandoning module LeapMotionController (114)
[2015.10.09-23.53.27:374][267]LogModuleManager: Shutting down and abandoning module CustomMeshComponent (113)
[2015.10.09-23.53.27:389][267]LogModuleManager: Shutting down and abandoning module CableComponent (112)
[2015.10.09-23.53.27:389][267]LogModuleManager: Shutting down and abandoning module ArchVisCharacter (111)
[2015.10.09-23.53.27:389][267]LogModuleManager: Shutting down and abandoning module MessagingDebugger (110)
[2015.10.09-23.53.27:404][267]LogModuleManager: Shutting down and abandoning module MediaPlayerEditor (109)
[2015.10.09-23.53.27:414][267]LogModuleManager: Shutting down and abandoning module HTML5Networking (108)
[2015.10.09-23.53.27:414][267]LogModuleManager: Shutting down and abandoning module SpeedTreeImporter (107)
[2015.10.09-23.53.27:414][267]LogModuleManager: Shutting down and abandoning module PluginBrowser (106)
[2015.10.09-23.53.27:414][267]LogModuleManager: Shutting down and abandoning module EpicSurvey (105)
[2015.10.09-23.53.27:414][267]LogModuleManager: Shutting down and abandoning module DesktopPlatform (104)
[2015.10.09-23.53.27:414][267]LogModuleManager: Shutting down and abandoning module VisualStudioSourceCodeAccess (103)
[2015.10.09-23.53.27:414][267]LogModuleManager: Shutting down and abandoning module UObjectPlugin (102)
[2015.10.09-23.53.27:414][267]LogModuleManager: Shutting down and abandoning module SubversionSourceControl (101)
[2015.10.09-23.53.27:414][267]LogModuleManager: Shutting down and abandoning module PerforceSourceControl (100)
[2015.10.09-23.53.27:414][267]LogModuleManager: Shutting down and abandoning module SourceControl (99)
[2015.10.09-23.53.27:414][267]LogModuleManager: Shutting down and abandoning module GitSourceControl (98)
[2015.10.09-23.53.27:414][267]LogModuleManager: Shutting down and abandoning module LightPropagationVolumeEditor (97)
[2015.10.09-23.53.27:414][267]LogModuleManager: Shutting down and abandoning module PaperTiledImporter (96)
[2015.10.09-23.53.27:414][267]LogModuleManager: Shutting down and abandoning module PaperSpriteSheetImporter (95)
[2015.10.09-23.53.27:414][267]LogModuleManager: Shutting down and abandoning module MeshPaint (94)
[2015.10.09-23.53.27:415][267]LogModuleManager: Shutting down and abandoning module SlateReflector (93)
[2015.10.09-23.53.27:423][267]LogModuleManager: Shutting down and abandoning module HotReload (92)
[2015.10.09-23.53.27:423][267]LogModuleManager: Shutting down and abandoning module MainFrame (91)
[2015.10.09-23.53.27:423][267]LogModuleManager: Shutting down and abandoning module LevelEditor (90)
[2015.10.09-23.53.27:438][267]LogModuleManager: Shutting down and abandoning module DirectoryWatcher (89)
[2015.10.09-23.53.27:440][267]LogModuleManager: Shutting down and abandoning module AssetRegistry (88)
[2015.10.09-23.53.27:660][267]LogModuleManager: Shutting down and abandoning module ContentBrowser (87)
[2015.10.09-23.53.27:663][267]LogModuleManager: Shutting down and abandoning module Paper2DEditor (86)
[2015.10.09-23.53.27:687][267]LogModuleManager: Shutting down and abandoning module UdpMessaging (85)
[2015.10.09-23.53.27:797][267]LogModuleManager: Shutting down and abandoning module LightPropagationVolumeRuntime (84)
[2015.10.09-23.53.27:798][267]LogModuleManager: Shutting down and abandoning module Paper2D (83)
[2015.10.09-23.53.27:798][267]LogModuleManager: Shutting down and abandoning module WindowsMoviePlayer (82)
[2015.10.09-23.53.27:811][267]LogModuleManager: Shutting down and abandoning module Media (81)
[2015.10.09-23.53.27:811][267]LogModuleManager: Shutting down and abandoning module WmfMedia (80)
[2015.10.09-23.53.27:824][267]LogModuleManager: Shutting down and abandoning module OnlineBlueprintSupport (79)
[2015.10.09-23.53.27:824][267]LogModuleManager: Shutting down and abandoning module GameplayTasksEditor (78)
[2015.10.09-23.53.27:825][267]LogModuleManager: Shutting down and abandoning module PropertyEditor (77)
[2015.10.09-23.53.27:825][267]LogModuleManager: Shutting down and abandoning module BehaviorTreeEditor (76)
[2015.10.09-23.53.27:843][267]LogModuleManager: Shutting down and abandoning module FunctionalTesting (75)
[2015.10.09-23.53.27:843][267]LogModuleManager: Shutting down and abandoning module CollisionAnalyzer (74)
[2015.10.09-23.53.27:862][267]LogModuleManager: Shutting down and abandoning module WorkspaceMenuStructure (73)
[2015.10.09-23.53.27:862][267]LogModuleManager: Shutting down and abandoning module MessageLog (72)
[2015.10.09-23.53.27:862][267]LogModuleManager: Shutting down and abandoning module Sequencer (71)
[2015.10.09-23.53.27:889][267]LogModuleManager: Shutting down and abandoning module AssetTools (70)
[2015.10.09-23.53.27:913][267]LogModuleManager: Shutting down and abandoning module UMGEditor (69)
[2015.10.09-23.53.27:940][267]LogModuleManager: Shutting down and abandoning module UMG (68)
[2015.10.09-23.53.27:949][267]LogModuleManager: Shutting down and abandoning module Slate (67)
[2015.10.09-23.53.27:949][267]LogModuleManager: Shutting down and abandoning module EditorStyle (66)
[2015.10.09-23.53.27:957][267]LogModuleManager: Shutting down and abandoning module SessionServices (65)
[2015.10.09-23.53.27:957][267]LogModuleManager: Shutting down and abandoning module SourceCodeAccess (64)
[2015.10.09-23.53.27:957][267]LogModuleManager: Shutting down and abandoning module HeadMountedDisplay (63)
[2015.10.09-23.53.27:957][267]LogModuleManager: Shutting down and abandoning module XAudio2 (62)
[2015.10.09-23.53.27:958][267]LogModuleManager: Shutting down and abandoning module Networking (60)
[2015.10.09-23.53.27:958][267]LogModuleManager: Shutting down and abandoning module Core (59)
[2015.10.09-23.53.27:958][267]LogModuleManager: Shutting down and abandoning module KismetCompiler (58)
[2015.10.09-23.53.27:958][267]LogModuleManager: Shutting down and abandoning module PhysXFormats (57)
[2015.10.09-23.53.27:958][267]LogModuleManager: Shutting down and abandoning module MeshUtilities (56)
[2015.10.09-23.53.27:977][267]LogModuleManager: Shutting down and abandoning module CookingStats (55)
[2015.10.09-23.53.27:980][267]LogModuleManager: Shutting down and abandoning module DerivedDataCache (54)
[2015.10.09-23.53.28:014][267]LogDerivedDataCache: Shutdown
[2015.10.09-23.53.28:014][267]LogModuleManager: Shutting down and abandoning module ShaderFormatOpenGL (53)
[2015.10.09-23.53.28:136][267]LogModuleManager: Shutting down and abandoning module ShaderFormatD3D (52)
[2015.10.09-23.53.28:136][267]LogModuleManager: Shutting down and abandoning module MetalShaderFormat (51)
[2015.10.09-23.53.28:147][267]LogModuleManager: Shutting down and abandoning module TextureFormatUncompressed (50)
[2015.10.09-23.53.28:147][267]LogModuleManager: Shutting down and abandoning module TextureFormatPVR (49)
[2015.10.09-23.53.28:147][267]LogModuleManager: Shutting down and abandoning module TextureFormatIntelISPCTexComp (48)
[2015.10.09-23.53.28:147][267]LogModuleManager: Shutting down and abandoning module TextureFormatDXT (47)
[2015.10.09-23.53.28:148][267]LogModuleManager: Shutting down and abandoning module ImageWrapper (46)
[2015.10.09-23.53.28:148][267]LogModuleManager: Shutting down and abandoning module TextureFormatASTC (45)
[2015.10.09-23.53.28:148][267]LogModuleManager: Shutting down and abandoning module TextureFormatAndroid (44)
[2015.10.09-23.53.28:148][267]LogModuleManager: Shutting down and abandoning module AudioFormatOpus (43)
[2015.10.09-23.53.28:162][267]LogModuleManager: Shutting down and abandoning module AudioFormatOgg (42)
[2015.10.09-23.53.28:162][267]LogModuleManager: Shutting down and abandoning module AudioFormatADPCM (41)
[2015.10.09-23.53.28:162][267]LogModuleManager: Shutting down and abandoning module LinuxTargetPlatform (40)
[2015.10.09-23.53.28:162][267]LogModuleManager: Shutting down and abandoning module LinuxServerTargetPlatform (39)
[2015.10.09-23.53.28:162][267]LogModuleManager: Shutting down and abandoning module LinuxNoEditorTargetPlatform (38)
[2015.10.09-23.53.28:162][267]LogModuleManager: Shutting down and abandoning module Messaging (37)
[2015.10.09-23.53.28:162][267]LogModuleManager: Shutting down and abandoning module IOSTargetPlatform (36)
[2015.10.09-23.53.28:162][267]LogModuleManager: Shutting down and abandoning module HTML5TargetPlatform (35)
[2015.10.09-23.53.28:162][267]LogModuleManager: Shutting down and abandoning module Android_PVRTCTargetPlatform (34)
[2015.10.09-23.53.28:174][267]LogModuleManager: Shutting down and abandoning module Android_ETC2TargetPlatform (33)
[2015.10.09-23.53.28:176][267]LogModuleManager: Shutting down and abandoning module Android_ETC1TargetPlatform (32)
[2015.10.09-23.53.28:183][267]LogModuleManager: Shutting down and abandoning module Android_DXTTargetPlatform (31)
[2015.10.09-23.53.28:195][267]LogModuleManager: Shutting down and abandoning module Android_ATCTargetPlatform (30)
[2015.10.09-23.53.28:203][267]LogModuleManager: Shutting down and abandoning module Android_ASTCTargetPlatform (29)
[2015.10.09-23.53.28:203][267]LogModuleManager: Shutting down and abandoning module AndroidTargetPlatform (28)
[2015.10.09-23.53.28:210][267]LogModuleManager: Shutting down and abandoning module WindowsTargetPlatform (27)
[2015.10.09-23.53.28:210][267]LogModuleManager: Shutting down and abandoning module WindowsServerTargetPlatform (26)
[2015.10.09-23.53.28:224][267]LogModuleManager: Shutting down and abandoning module WindowsNoEditorTargetPlatform (25)
[2015.10.09-23.53.28:239][267]LogModuleManager: Shutting down and abandoning module WindowsClientTargetPlatform (24)
[2015.10.09-23.53.28:244][267]LogModuleManager: Shutting down and abandoning module AllDesktopTargetPlatform (23)
[2015.10.09-23.53.28:244][267]LogModuleManager: Shutting down and abandoning module TargetPlatform (22)
[2015.10.09-23.53.28:244][267]LogModuleManager: Shutting down and abandoning module InputCore (21)
[2015.10.09-23.53.28:244][267]LogModuleManager: Shutting down and abandoning module Settings (20)
[2015.10.09-23.53.28:244][267]LogModuleManager: Shutting down and abandoning module OnlineSubsystem (18)
[2015.10.09-23.53.28:244][267]LogModuleManager: Shutting down and abandoning module HTTP (17)
[2015.10.09-23.53.29:245][267]LogModuleManager: Shutting down and abandoning module XMPP (16)
[2015.10.09-23.53.29:310][267]LogModuleManager: Shutting down and abandoning module ExampleDeviceProfileSelector (15)
[2015.10.09-23.53.29:311][267]LogModuleManager: Shutting down and abandoning module TextureCompressor (14)
[2015.10.09-23.53.29:328][267]LogModuleManager: Shutting down and abandoning module ShaderCore (13)
[2015.10.09-23.53.29:328][267]LogModuleManager: Shutting down and abandoning module Landscape (12)
[2015.10.09-23.53.29:328][267]LogModuleManager: Shutting down and abandoning module SlateRHIRenderer (11)
[2015.10.09-23.53.29:357][267]LogModuleManager: Shutting down and abandoning module OpenGLDrv (10)
[2015.10.09-23.53.29:372][267]LogModuleManager: Shutting down and abandoning module D3D11RHI (9)
[2015.10.09-23.53.29:372][267]LogModuleManager: Shutting down and abandoning module AnimGraphRuntime (8)
[2015.10.09-23.53.29:378][267]LogModuleManager: Shutting down and abandoning module Renderer (7)
[2015.10.09-23.53.29:378][267]LogModuleManager: Shutting down and abandoning module Engine (6)
[2015.10.09-23.53.29:378][267]LogModuleManager: Shutting down and abandoning module CoreUObject (5)
[2015.10.09-23.53.29:378][267]LogModuleManager: Shutting down and abandoning module NetworkFile (4)
[2015.10.09-23.53.29:387][267]LogModuleManager: Shutting down and abandoning module StreamingFile (3)
[2015.10.09-23.53.29:407][267]LogModuleManager: Shutting down and abandoning module SandboxFile (2)
[2015.10.09-23.53.29:430][267]LogModuleManager: Shutting down and abandoning module PakFile (1)
[2015.10.09-23.53.29:461][267]LogExit: Exiting.
[2015.10.09-23.53.29:467][267]Log file closed, 10/09/15 18:53:29
