[2015.12.11-12.29.30:103][  0]Log file open, 12/11/15 04:29:30
[2015.12.11-12.29.30:103][  0]LogInit:Display: Running engine for game: SwordProject
[2015.12.11-12.29.30:103][  0]LogInit:Display: RandInit(-397012052) SRandInit(-397012050).
[2015.12.11-12.29.30:103][  0]LogTaskGraph: Started task graph with 4 named threads and 7 total threads.
[2015.12.11-12.29.30:103][  0]LogStats: Stats thread started at 0.701304
[2015.12.11-12.29.30:103][  0]LogInit: Version: 4.9.2-2707645+++depot+UE4-Releases+4.9
[2015.12.11-12.29.30:103][  0]LogInit: API Version: 2672455
[2015.12.11-12.29.30:103][  0]LogInit: Compiled (64-bit): Sep 28 2015 10:25:44
[2015.12.11-12.29.30:103][  0]LogInit: Compiled with Visual C++: 18.00.21005.01
[2015.12.11-12.29.30:103][  0]LogInit: Build Configuration: Development
[2015.12.11-12.29.30:103][  0]LogInit: Branch Name: ++depot+UE4-Releases+4.9
[2015.12.11-12.29.30:103][  0]LogInit: Command line:  
[2015.12.11-12.29.30:103][  0]LogInit: Base directory: C:/Program Files/Epic Games/4.9/Engine/Binaries/Win64/
[2015.12.11-12.29.30:103][  0]LogInit: Rocket: 1
[2015.12.11-12.29.30:241][  0]LogInit: Using libcurl 7.41.0
[2015.12.11-12.29.30:241][  0]LogInit:  - built for x86_64-pc-win32
[2015.12.11-12.29.30:241][  0]LogInit:  - supports SSL with WinSSL
[2015.12.11-12.29.30:241][  0]LogInit:  - other features:
[2015.12.11-12.29.30:241][  0]LogInit:      CURL_VERSION_SSL
[2015.12.11-12.29.30:241][  0]LogInit:      CURL_VERSION_IPV6
[2015.12.11-12.29.30:241][  0]LogInit:      CURL_VERSION_ASYNCHDNS
[2015.12.11-12.29.30:241][  0]LogInit:      CURL_VERSION_LARGEFILE
[2015.12.11-12.29.30:241][  0]LogInit:      CURL_VERSION_IDN
[2015.12.11-12.29.30:242][  0]LogInit:  CurlRequestOptions (configurable via config and command line):
[2015.12.11-12.29.30:242][  0]LogInit:  - bVerifyPeer = true  - Libcurl will verify peer certificate
[2015.12.11-12.29.30:242][  0]LogInit:  - bUseHttpProxy = false  - Libcurl will NOT use HTTP proxy
[2015.12.11-12.29.30:242][  0]LogInit:  - bDontReuseConnections = false  - Libcurl will reuse connections
[2015.12.11-12.29.30:242][  0]LogInit:  - CertBundlePath = nullptr  - Libcurl will use whatever was configured at build time.
[2015.12.11-12.29.30:492][  0]LogInit: Presizing for 0 objects not considered by GC, pre-allocating 0 bytes.
[2015.12.11-12.29.30:525][  0]LogInit: Object subsystem initialized
[2015.12.11-12.29.30:529][  0]LogInit: Selected Device Profile: [Windows]
[2015.12.11-12.29.30:529][  0]LogInit: Applying CVar settings loaded from the selected device profile: [Windows]
[2015.12.11-12.29.30:607][  0]LogInit: Computer: AARONS
[2015.12.11-12.29.30:607][  0]LogInit: User: Aaron
[2015.12.11-12.29.30:607][  0]LogInit: CPU Page size=4096, Cores=4
[2015.12.11-12.29.30:608][  0]LogInit: High frequency timer resolution =1.949467 MHz
[2015.12.11-12.29.30:608][  0]LogMemory: Memory total: Physical=7.5GB (8GB approx)
[2015.12.11-12.29.30:608][  0]LogMemory: Platform Memory Stats for Windows
[2015.12.11-12.29.30:608][  0]LogMemory: Process Physical Memory: 53.06 MB used, 53.06 MB peak
[2015.12.11-12.29.30:608][  0]LogMemory: Process Virtual Memory: 55.09 MB used, 55.09 MB peak
[2015.12.11-12.29.30:608][  0]LogMemory: Physical Memory: 3529.07 MB used, 7643.95 MB total
[2015.12.11-12.29.30:608][  0]LogMemory: Virtual Memory: 345.73 MB used, 134217728.00 MB total
[2015.12.11-12.29.31:451][  0]LogTextLocalizationManager: No specific translations for ('en-US') exist, so ('en') translations will be used.
[2015.12.11-12.29.35:649][  0]LogD3D11RHI: Found D3D11 adapter 0: AMD Radeon HD 8400 (Feature Level 11_0)
[2015.12.11-12.29.35:649][  0]LogD3D11RHI: Adapter has 493MB of dedicated video memory, 0MB of dedicated system memory, and 3584MB of shared system memory, 1 output[s]
[2015.12.11-12.29.35:652][  0]LogD3D11RHI: Found D3D11 adapter 1: Microsoft Basic Render Driver (Feature Level 11_0)
[2015.12.11-12.29.35:652][  0]LogD3D11RHI: Adapter has 0MB of dedicated video memory, 0MB of dedicated system memory, and 256MB of shared system memory, 0 output[s]
[2015.12.11-12.29.35:652][  0]LogD3D11RHI: Chosen D3D11 Adapter Id = 0
[2015.12.11-12.29.35:735][  0]LogD3D11RHI: !Direct3DDevice
[2015.12.11-12.29.35:735][  0]LogRHI: Texture pool is 345 MB (70% of 493 MB)
[2015.12.11-12.29.35:754][  0]LogD3D11RHI: Async texture creation disabled: no driver support
[2015.12.11-12.29.35:968][  0]LogShaderCompilers: Guid format shader working directory is 14 characters bigger than the processId version (../../../../../../Users/Aaron/Documents/Unreal Projects/SwordProject-4.9-master/Intermediate/Shaders/WorkingDirectory/19992/).
[2015.12.11-12.29.35:968][  0]LogShaderCompilers: Cleaned the shader compiler working directory '../../../../../../Users/Aaron/Documents/Unreal Projects/SwordProject-4.9-master/Intermediate/Shaders/tmp/B9F2434B44FD2A3987E42DA5512DFCBB/'.
[2015.12.11-12.29.35:969][  0]LogShaderCompilers:Display: Using Local Shader Compiler.
[2015.12.11-12.29.51:454][  0]LogTemp:Display: Loaded TP AllDesktopTargetPlatform
[2015.12.11-12.29.51:490][  0]LogTemp:Display: Loaded TP WindowsClientTargetPlatform
[2015.12.11-12.29.51:515][  0]LogTemp:Display: Loaded TP WindowsNoEditorTargetPlatform
[2015.12.11-12.29.51:563][  0]LogTemp:Display: Loaded TP WindowsServerTargetPlatform
[2015.12.11-12.29.51:602][  0]LogTemp:Display: Loaded TP WindowsTargetPlatform
[2015.12.11-12.29.51:646][  0]LogTemp:Display: Loaded TP AndroidTargetPlatform
[2015.12.11-12.29.51:694][  0]LogTemp:Display: Loaded TP Android_ASTCTargetPlatform
[2015.12.11-12.29.51:735][  0]LogTemp:Display: Loaded TP Android_ATCTargetPlatform
[2015.12.11-12.29.51:762][  0]LogTemp:Display: Loaded TP Android_DXTTargetPlatform
[2015.12.11-12.29.51:796][  0]LogTemp:Display: Loaded TP Android_ETC1TargetPlatform
[2015.12.11-12.29.51:819][  0]LogTemp:Display: Loaded TP Android_ETC2TargetPlatform
[2015.12.11-12.29.51:845][  0]LogTemp:Display: Loaded TP Android_PVRTCTargetPlatform
[2015.12.11-12.29.51:877][  0]LogTemp:Display: Loaded TP HTML5TargetPlatform
[2015.12.11-12.29.52:056][  0]LogTemp:Display: Loaded TP IOSTargetPlatform
[2015.12.11-12.29.52:088][  0]LogTemp:Display: Loaded TP LinuxNoEditorTargetPlatform
[2015.12.11-12.29.52:100][  0]LogTemp:Display: Loaded TP LinuxServerTargetPlatform
[2015.12.11-12.29.52:122][  0]LogTemp:Display: Loaded TP LinuxTargetPlatform
[2015.12.11-12.29.52:122][  0]LogTargetPlatformManager:Display: Building Assets For Windows
[2015.12.11-12.29.53:931][  0]LogDerivedDataCache:Display: Max Cache Size: 512 MB
[2015.12.11-12.29.54:707][  0]LogDerivedDataCache: Loaded boot cache 0.77s 42MB C:/Users/Aaron/AppData/Local/UnrealEngine/4.9/DerivedDataCache/Boot.ddc.
[2015.12.11-12.29.54:707][  0]LogDerivedDataCache:Display: Loaded Boot cache: C:/Users/Aaron/AppData/Local/UnrealEngine/4.9/DerivedDataCache/Boot.ddc
[2015.12.11-12.29.54:707][  0]LogDerivedDataCache: FDerivedDataBackendGraph:  Pak pak cache file ../../../../../../Users/Aaron/Documents/Unreal Projects/SwordProject-4.9-master/DerivedDataCache/DDC.ddp not found, will not use a pak cache.
[2015.12.11-12.29.54:707][  0]LogDerivedDataCache: Unable to find inner node Pak for hierarchical cache Hierarchy.
[2015.12.11-12.29.54:707][  0]LogDerivedDataCache: FDerivedDataBackendGraph:  CompressedPak pak cache file ../../../../../../Users/Aaron/Documents/Unreal Projects/SwordProject-4.9-master/DerivedDataCache/Compressed.ddp not found, will not use a pak cache.
[2015.12.11-12.29.54:707][  0]LogDerivedDataCache: Unable to find inner node CompressedPak for hierarchical cache Hierarchy.
[2015.12.11-12.29.55:392][  0]LogDerivedDataCache:Display: Pak cache opened for reading ../../../Engine/DerivedDataCache/Compressed.ddp.
[2015.12.11-12.29.55:415][  0]LogDerivedDataCache: Using Local data cache path C:/Users/Aaron/AppData/Local/UnrealEngine/Common/DerivedDataCache: Writable
[2015.12.11-12.30.10:869][  0]LogInit: Selected Device Profile: [Windows]
[2015.12.11-12.30.10:896][  0]LogContentStreaming: Texture pool size is 0.000000MB
[2015.12.11-12.30.12:279][  0]LogMeshUtilities: No automatic mesh reduction module available
[2015.12.11-12.30.12:279][  0]LogMeshUtilities: No automatic mesh merging module available
[2015.12.11-12.30.16:909][  0]LogInit: WinSock: version 1.1 (2.2), MaxSocks=32767, MaxUdp=65467
[2015.12.11-12.30.40:539][  0]UdpMessaging: Initializing bridge on interface 0.0.0.0:0 to multicast group 230.0.0.1:6666.
[2015.12.11-12.30.41:533][  0]LogAssetRegistry: FAssetRegistry took 0.0194 seconds to start up
[2015.12.11-12.30.45:796][  0]SourceControl: Info Source control is disabled
[2015.12.11-12.30.48:832][  0]LogLinker:Warning: Asset '../../../Engine/Plugins/Runtime/LeapMotionController/Content/LM_PassthroughMaterial.uasset' has been saved with empty engine version. The asset will be loaded but may be incompatible.
[2015.12.11-12.30.49:509][  0]LogObj: 28361 objects as part of root set at end of initial load.
[2015.12.11-12.30.49:509][  0]LogUObjectAllocator: 6038864 out of 0 bytes used by permanent object pool.
[2015.12.11-12.30.50:324][  0]LogEngine: Initializing Engine...
[2015.12.11-12.30.50:341][  0]LogHMD: Can't find Oculus library dev build: is proper Runtime installed? Version: 0.7.0.0
[2015.12.11-12.30.50:454][  0]LogHMD: SteamVR failed to initialize.  Err: 110
[2015.12.11-12.30.51:907][  0]LogAIModule: Creating AISystem for world NewWorld
[2015.12.11-12.30.51:989][  0]LogInit: XAudio2 using 'Speaker/HP (Realtek High Definition Audio)' : 2 channels at 48 kHz using 32 bits per sample (channel mask 0x3)
[2015.12.11-12.30.52:036][  0]LogInit: FAudioDevice initialized.
[2015.12.11-12.30.52:128][  0]LogDerivedDataCache: Saved boot cache 0.09s 42MB C:/Users/Aaron/AppData/Local/UnrealEngine/4.9/DerivedDataCache/Boot.ddc.
[2015.12.11-12.30.52:159][  0]LogInit: Texture streaming: Enabled
[2015.12.11-12.30.53:588][  0]LogAnalytics: Creating configured Analytics provider AnalyticsET
[2015.12.11-12.30.53:588][  0]LogAnalytics: [UEEditor.Rocket.Release] APIServer = http://et2.epicgames.com/ET2/. AppVersion = 4.9.2-2707645+++depot+UE4-Releases+4.9
[2015.12.11-12.30.53:590][  0]LogAnalytics: [UEEditor.Rocket.Release] SetUserId b2676186470d39d8323ee88c5ad92509|4cc6989648b04f0180853fecfbe4390e|54533a2c-70f4-4e67-8a5f-67ff95564374
[2015.12.11-12.30.53:827][  0]LogAnalytics: [UEEditor.Rocket.Release] AnalyticsET::StartSession
[2015.12.11-12.30.54:144][  0]LogInit: Transaction tracking system initialized
[2015.12.11-12.30.54:673][  0]BlueprintLog: New page: Editor Load
[2015.12.11-12.30.58:342][  0]LocalizationService: Info Localization service is disabled
[2015.12.11-12.31.00:362][  0]LogConsoleResponse:Display: 
[2015.12.11-12.31.02:864][  0]LogFileCache: Scanning file cache for directory 'C:/Users/Aaron/Documents/Unreal Projects/SwordProject-4.9-master/Content/' took 0.04s
[2015.12.11-12.31.02:864][  0]LogCook:Display: Done creating registry. It took  0.00s.
[2015.12.11-12.31.04:577][  0]Cmd: MAP LOAD FILE="../../../../../../Users/Aaron/Documents/Unreal Projects/SwordProject-4.9-master/Content/Maps/Town.umap" TEMPLATE=0 SHOWPROGRESS=1 FEATURELEVEL=3
[2015.12.11-12.31.04:698][  0]LightingResults: New page: Lighting Build
[2015.12.11-12.31.04:791][  0]MapCheck: New page: Map Check
[2015.12.11-12.31.04:791][  0]LightingResults: New page: Lighting Build
[2015.12.11-12.31.04:858][  0]LogParticles: Destroying 0 GPU particle simulations for FXSystem 0x0000002914C9E160
[2015.12.11-12.31.34:829][  0]LogAIModule: Creating AISystem for world Town
[2015.12.11-12.31.55:901][  0]LogEditorServer: Finished looking for orphan Actors (0.016 secs)
[2015.12.11-12.31.55:975][  0]Cmd: MAP CHECKDEP NOCLEARLOG
[2015.12.11-12.31.56:230][  0]MapCheck: Info Map check complete: 0 Error(s), 0 Warning(s), took 254.954ms to complete.
[2015.12.11-12.31.56:231][  0]LogFileHelpers: Loading map 'Town' took 51.667
[2015.12.11-12.31.57:848][  0]LogCollectionManager: Loaded 0 collections in 0.006523 seconds
[2015.12.11-12.31.58:026][  0]LogFileCache: Scanning file cache for directory 'C:/Users/Aaron/Documents/Unreal Projects/SwordProject-4.9-master/Saved/Collections/' took 0.01s
[2015.12.11-12.31.58:026][  0]LogFileCache: Scanning file cache for directory 'C:/Users/Aaron/Documents/Unreal Projects/SwordProject-4.9-master/Content/Developers/Aaron/Collections/' took 0.02s
[2015.12.11-12.31.58:026][  0]LogFileCache: Scanning file cache for directory 'C:/Users/Aaron/Documents/Unreal Projects/SwordProject-4.9-master/Content/Collections/' took 0.02s
[2015.12.11-12.31.58:026][  0]LogContentBrowser: Native class hierarchy populated in 0.0734 seconds. Added 1867 classes and 333 folders.
[2015.12.11-12.31.58:107][  0]LogCollectionManager: Rebuilt the GUID cache for 0 collections in 0.000009 seconds
[2015.12.11-12.31.58:270][  0]LogContentBrowser: Native class hierarchy updated for 'WidgetCarousel' in 0.0011 seconds. Added 0 classes and 0 folders.
[2015.12.11-12.31.59:883][  0]LogContentBrowser: Native class hierarchy updated for 'AddContentDialog' in 0.0010 seconds. Added 0 classes and 0 folders.
[2015.12.11-12.31.59:917][  0]LogContentBrowser: Native class hierarchy updated for 'SceneOutliner' in 0.0018 seconds. Added 1 classes and 2 folders.
[2015.12.11-12.32.01:042][  0]LogCrashTracker: Crashtracker disabled due to settings.
[2015.12.11-12.32.01:215][  0]LogUObjectGlobals:Warning: Failed to find object 'Class None.'
[2015.12.11-12.32.01:294][  0]LogLoad: Full Startup: 156.36 seconds (BP compile: 2.76 seconds)
[2015.12.11-12.32.03:048][  0]LogContentStreaming: Texture pool size now 200 MB
[2015.12.11-12.32.03:812][  0]LogRenderer: Reallocating scene render targets to support 812x444 (Frame:2).
[2015.12.11-12.32.05:247][  1]Cmd: UpdateLandscapeEditorData -warnings
[2015.12.11-12.32.09:108][ 10]LogCollectionManager: Rebuilt the object cache for 0 collections in 0.000004 seconds (found 0 objects)
[2015.12.11-12.32.13:088][ 22]LogAssetRegistry: Asset discovery search completed in 91.5728 seconds
[2015.12.11-12.32.13:088][ 22]LogCollectionManager: Fixed up redirectors for 0 collections in 0.000026 seconds (updated 0 objects)
[2015.12.11-12.32.34:100][374]LogContentStreaming: Texture pool size now 1000 MB
[2015.12.11-12.32.34:283][376]LogRenderer: Reallocating scene render targets to support 812x444 (Frame:113).
[2015.12.11-12.32.34:314][376]LogStaticMesh: Allocated Allocated 318x64x64 distance field atlas = 2.5Mb
[2015.12.11-12.32.42:347][483]LogContentStreaming: Texture pool size now 400 MB
[2015.12.11-12.32.42:427][484]LogRenderer: Reallocating scene render targets to support 812x444 (Frame:139).
[2015.12.11-12.32.50:822][607]LogRenderer: Reallocating scene render targets to support 812x444 (Frame:167).
[2015.12.11-12.32.50:948][608]LogContentStreaming: Texture pool size now 200 MB
[2015.12.11-12.32.53:303][662]LogRenderer: Reallocating scene render targets to support 812x444 (Frame:168).
[2015.12.11-12.32.55:384][735]LogRenderer: Reallocating scene render targets to support 812x444 (Frame:169).
[2015.12.11-12.32.56:444][767]LogRenderer: Reallocating scene render targets to support 812x444 (Frame:170).
[2015.12.11-12.33.20:700][944]LogMaterial: Missing cached shader map for material Sand_01, compiling. 
[2015.12.11-12.33.21:700][944]LogMaterial: Missing cached shader map for material Sand_01, compiling. 
[2015.12.11-12.33.21:740][944]LogMaterial: 0.000132 seconds spent updating 1 materials, 1 interfaces, 0 instances, 0 with static permutations.
[2015.12.11-12.33.22:613][944]LogMaterial: Missing cached shader map for material FMatExpressionPreview MaterialExpressionTextureSample_1, compiling. 
[2015.12.11-12.33.22:652][944]LogMaterial: Missing cached shader map for material FMatExpressionPreview MaterialExpressionTextureSample_2, compiling. 
[2015.12.11-12.33.22:715][944]LogMaterial: Missing cached shader map for material FMatExpressionPreview MaterialExpressionTextureObject_3, compiling. 
[2015.12.11-12.33.22:751][944]LogMaterial: Missing cached shader map for material FMatExpressionPreview MaterialExpressionConstant3Vector_2, compiling. 
[2015.12.11-12.33.22:984][944]LogMaterial: Missing cached shader map for material FMatExpressionPreview MaterialExpressionTextureObject_0, compiling. 
[2015.12.11-12.33.22:999][944]LogMaterial: Missing cached shader map for material FMatExpressionPreview MaterialExpressionTextureSample_3, compiling. 
[2015.12.11-12.33.23:112][944]LogMaterial: Missing cached shader map for material FMatExpressionPreview MaterialExpressionLandscapeLayerCoords_0, compiling. 
[2015.12.11-12.33.23:124][944]LogMaterial: Missing cached shader map for material FMatExpressionPreview MaterialExpressionConstant4Vector_0, compiling. 
[2015.12.11-12.33.35:069][311]LogMaterial: Missing cached shader map for material Sand_01, compiling. 
[2015.12.11-12.33.35:110][311]LogMaterial: 0.000138 seconds spent updating 1 materials, 1 interfaces, 0 instances, 0 with static permutations.
[2015.12.11-12.33.35:193][311]LogMaterial: Missing cached shader map for material FMatExpressionPreview MaterialExpressionTextureSample_1, compiling. 
[2015.12.11-12.33.35:218][311]LogMaterial: Missing cached shader map for material FMatExpressionPreview MaterialExpressionTextureSample_2, compiling. 
[2015.12.11-12.33.35:232][311]LogMaterial: Missing cached shader map for material FMatExpressionPreview MaterialExpressionTextureSample_3, compiling. 
[2015.12.11-12.33.37:370][385]LogMaterial: Missing cached shader map for material Sand_01, compiling. 
[2015.12.11-12.33.37:410][385]LogMaterial: 0.000148 seconds spent updating 1 materials, 1 interfaces, 0 instances, 0 with static permutations.
[2015.12.11-12.33.40:572][513]LogMaterialEditor: Applying material Sand_01
[2015.12.11-12.33.43:706][513]LogMaterial: Missing cached shader map for material Sand_01, compiling. 
[2015.12.11-12.33.43:810][513]LogMaterial: 0.000144 seconds spent updating 1 materials, 1 interfaces, 0 instances, 0 with static permutations.
[2015.12.11-12.33.43:987][513]LogMaterial: Missing cached shader map for material Sand_01, compiling. 
[2015.12.11-12.33.44:211][513]LogMaterial: Missing cached shader map for material Sand_01, compiling. 
[2015.12.11-12.33.44:386][513]LogMaterial: 0.015929 seconds spent updating 1 materials, 1 interfaces, 290 instances, 0 with static permutations.
[2015.12.11-12.34.38:703][850]LogRenderer: Reallocating scene render targets to support 812x444 (Frame:517).
[2015.12.11-12.34.45:089][983]LogMaterial: Missing cached shader map for material Sand_01, compiling. 
[2015.12.11-12.34.45:245][983]LogMaterial: Missing cached shader map for material Sand_01, compiling. 
[2015.12.11-12.34.45:484][985]LogRenderer: Reallocating scene render targets to support 812x444 (Frame:531).
[2015.12.11-12.35.15:003][120]LogBlueprintUserMessages: Early PlayInEditor Detection: Level '/Game/Maps/Town.Town:PersistentLevel' has LevelScriptBlueprint '/Game/Maps/Town.Town:PersistentLevel.Town' with GeneratedClass '/Game/Maps/Town.Town_C' with ClassGeneratedBy '/Game/Maps/Town.Town:PersistentLevel.Town'
[2015.12.11-12.35.15:004][120]LogPlayLevel: PlayLevel: No blueprints needed recompiling
[2015.12.11-12.35.15:031][120]PIE: New page: PIE session: Town (Dec 10, 2015, 8:35:15 PM)
[2015.12.11-12.35.15:031][120]LogPlayLevel: Creating play world package: /Game/Maps/UEDPIE_0_Town
[2015.12.11-12.35.16:450][120]LogPlayLevel: PIE: StaticDuplicateObject took: (1.419093s)
[2015.12.11-12.35.16:452][120]LogAIModule: Creating AISystem for world Town
[2015.12.11-12.35.16:452][120]LogPlayLevel: PIE: World Init took: (0.002419s)
[2015.12.11-12.35.16:453][120]LogPlayLevel: PIE: Created PIE world by copying editor world from /Game/Maps/Town.Town to /Game/Maps/UEDPIE_0_Town.Town (1.422224s)
[2015.12.11-12.35.16:453][120]LogActorComponent: UnregisterComponent: (/Engine/Transient.CharMoveComp) Not registered. Aborting.
[2015.12.11-12.35.16:454][120]LogActorComponent: UnregisterComponent: (/Engine/Transient.CharacterMovementComponent_0) Not registered. Aborting.
[2015.12.11-12.35.16:708][120]LogInit: XAudio2 using 'Speaker/HP (Realtek High Definition Audio)' : 2 channels at 48 kHz using 32 bits per sample (channel mask 0x3)
[2015.12.11-12.35.16:738][120]LogInit: FAudioDevice initialized.
[2015.12.11-12.35.16:961][120]LogWorld: Game class is 'ThirdPersonGameMode_C'
[2015.12.11-12.35.17:258][120]LogWorld:Warning: *** WARNING - PATHS MAY NOT BE VALID ***
[2015.12.11-12.35.17:259][120]LogWorld: Bringing World /Game/Maps/UEDPIE_0_Town.Town up for play (max tick rate 60) at 2015.12.11-04.35.17
[2015.12.11-12.35.17:259][120]LogActor:Warning: GameSession /Game/Maps/UEDPIE_0_Town.Town:PersistentLevel.GameSession_0 has natively added scene component(s), but none of them were set as the actor's RootComponent - picking one arbitrarily
[2015.12.11-12.35.17:260][120]LogActor:Warning: GameNetworkManager /Game/Maps/UEDPIE_0_Town.Town:PersistentLevel.GameNetworkManager_0 has natively added scene component(s), but none of them were set as the actor's RootComponent - picking one arbitrarily
[2015.12.11-12.35.17:279][120]LogWorld: Bringing up level for play took: 0.307835
[2015.12.11-12.35.17:334][120]PIE: Info Play in editor start time for /Game/Maps/UEDPIE_0_Town 1.528
[2015.12.11-12.35.17:358][120]LogBlueprintUserMessages: Late PlayInEditor Detection: Level '/Game/Maps/Town.Town:PersistentLevel' has LevelScriptBlueprint '/Game/Maps/Town.Town:PersistentLevel.Town' with GeneratedClass '/Game/Maps/Town.Town_C' with ClassGeneratedBy '/Game/Maps/Town.Town:PersistentLevel.Town'
[2015.12.11-12.35.17:377][120]LogBlueprintUserMessages: [FindTargets_C_0] ImOving
[2015.12.11-12.35.17:379][120]LogBlueprintUserMessages: [FindTargets_C_0] ImOving
[2015.12.11-12.35.17:379][120]LogBlueprintUserMessages: [FindTargets_C_0] ImOving
[2015.12.11-12.35.17:920][125]LogBlueprintUserMessages: [Shotgun_C_0] Hello
[2015.12.11-12.35.23:925][246]LogBlueprintUserMessages: [FindTargets_C_0] ImOving
[2015.12.11-12.35.24:023][248]LogBlueprintUserMessages: [FindTargets_C_0] ImOving
[2015.12.11-12.35.24:523][258]LogBlueprintUserMessages: [FindTargets_C_0] ImOving
[2015.12.11-12.35.25:799][283]LogBlueprintUserMessages: [RobotCharacter_C_0] X=0.000 Y=1.000 Z=0.000
[2015.12.11-12.35.25:799][283]LogAnimation:Warning: JumpToSectionName Root bEndOfSection: 0 failed for Montage RobotCharacter01_Climb_Montage
[2015.12.11-12.35.27:700][320]LogBlueprintUserMessages: [RobotCharacter_C_0] X=0.000 Y=1.000 Z=0.000
[2015.12.11-12.35.27:700][320]LogAnimation:Warning: JumpToSectionName Root bEndOfSection: 0 failed for Montage RobotCharacter01_Climb_Montage
[2015.12.11-12.35.28:531][337]LogBlueprintUserMessages: [RobotCharacter_C_0] X=0.000 Y=1.000 Z=0.000
[2015.12.11-12.35.28:531][337]LogAnimation:Warning: JumpToSectionName Root bEndOfSection: 0 failed for Montage RobotCharacter01_Climb_Montage
[2015.12.11-12.35.29:183][349]LogBlueprintUserMessages: [ConeTrace_C_0] SEEN
[2015.12.11-12.35.29:243][350]LogBlueprintUserMessages: [ConeTrace_C_0] SEEN
[2015.12.11-12.35.29:304][351]LogBlueprintUserMessages: [ConeTrace_C_0] SEEN
[2015.12.11-12.35.29:363][352]LogBlueprintUserMessages: [ConeTrace_C_0] SEEN
[2015.12.11-12.35.29:434][353]LogBlueprintUserMessages: [ConeTrace_C_0] SEEN
[2015.12.11-12.35.29:478][354]LogBlueprintUserMessages: [ConeTrace_C_0] SEEN
[2015.12.11-12.35.29:535][355]LogBlueprintUserMessages: [ConeTrace_C_0] SEEN
[2015.12.11-12.35.29:589][356]LogBlueprintUserMessages: [ConeTrace_C_0] SEEN
[2015.12.11-12.35.29:645][357]LogBlueprintUserMessages: [ConeTrace_C_0] SEEN
[2015.12.11-12.35.29:719][358]LogBlueprintUserMessages: [ConeTrace_C_0] SEEN
[2015.12.11-12.35.29:763][359]LogBlueprintUserMessages: [ConeTrace_C_0] SEEN
[2015.12.11-12.35.29:840][360]LogBlueprintUserMessages: [ConeTrace_C_0] SEEN
[2015.12.11-12.35.29:888][361]LogBlueprintUserMessages: [WeaponTrace_C_0] Hello
[2015.12.11-12.35.29:936][362]LogBlueprintUserMessages: [ConeTrace_C_0] SEEN
[2015.12.11-12.35.29:985][363]LogBlueprintUserMessages: [WeaponTrace_C_0] Hello
[2015.12.11-12.35.30:047][364]LogBlueprintUserMessages: [ConeTrace_C_0] SEEN
[2015.12.11-12.35.30:105][365]LogBlueprintUserMessages: [ConeTrace_C_0] SEEN
[2015.12.11-12.35.30:157][366]LogBlueprintUserMessages: [ConeTrace_C_0] SEEN
[2015.12.11-12.35.30:213][367]LogBlueprintUserMessages: [ConeTrace_C_0] SEEN
[2015.12.11-12.35.30:380][370]LogBlueprintUserMessages: [WeaponTrace_C_0] Hello
[2015.12.11-12.35.30:511][372]LogBlueprintUserMessages: [WeaponTrace_C_0] Hello
[2015.12.11-12.35.30:567][373]LogBlueprintUserMessages: [ConeTrace_C_0] SEEN
[2015.12.11-12.35.30:614][374]LogBlueprintUserMessages: [ConeTrace_C_0] SEEN
[2015.12.11-12.35.30:729][376]LogBlueprintUserMessages: [FindTargets_C_0] ImOving
[2015.12.11-12.35.30:731][376]LogBlueprintUserMessages: [WeaponTrace_C_0] Hello
[2015.12.11-12.35.30:805][377]LogBlueprintUserMessages: [ConeTrace_C_0] SEEN
[2015.12.11-12.35.30:863][378]LogBlueprintUserMessages: [ConeTrace_C_0] SEEN
[2015.12.11-12.35.30:979][380]LogBlueprintUserMessages: [WeaponTrace_C_0] Hello
[2015.12.11-12.35.31:035][381]LogBlueprintUserMessages: [ConeTrace_C_0] SEEN
[2015.12.11-12.35.31:090][382]LogBlueprintUserMessages: [ConeTrace_C_0] SEEN
[2015.12.11-12.35.31:337][386]LogBlueprintUserMessages: [FindTargets_C_0] ImOving
[2015.12.11-12.35.34:071][438]LogBlueprintUserMessages: Early EndPlayMap Detection: Level '/Game/Maps/Town.Town:PersistentLevel' has LevelScriptBlueprint '/Game/Maps/Town.Town:PersistentLevel.Town' with GeneratedClass '/Game/Maps/Town.Town_C' with ClassGeneratedBy '/Game/Maps/Town.Town:PersistentLevel.Town'
[2015.12.11-12.35.34:254][438]LogBlueprintUserMessages: Late EndPlayMap Detection: Level '/Game/Maps/Town.Town:PersistentLevel' has LevelScriptBlueprint '/Game/Maps/Town.Town:PersistentLevel.Town' with GeneratedClass '/Game/Maps/Town.Town_C' with ClassGeneratedBy '/Game/Maps/Town.Town:PersistentLevel.Town'
[2015.12.11-12.35.34:329][438]LogParticles: Destroying 0 GPU particle simulations for FXSystem 0x0000002910294F40
[2015.12.11-12.35.52:536][521]LogLinker:Warning: Asset '../../../Engine/Content/ArtTools/RenderToTexture/Macros/RenderToTextureMacros.uasset' has been saved with empty engine version. The asset will be loaded but may be incompatible.
[2015.12.11-12.35.55:035][521]LogContentBrowser: Native class hierarchy updated for 'BlueprintGraph' in 0.0025 seconds. Added 107 classes and 0 folders.
[2015.12.11-12.37.34:224][539]LogActorComponent: UnregisterComponent: (/Engine/Transient.CharMoveComp) Not registered. Aborting.
[2015.12.11-12.37.34:387][539]Cmd: OBJ SAVEPACKAGE PACKAGE="/Game/Game/Ai/ConeTrace" FILE="../../../../../../Users/Aaron/Documents/Unreal Projects/SwordProject-4.9-master/Content/Game/Ai/ConeTrace.uasset" SILENT=true
[2015.12.11-12.37.34:882][539]LogSavePackage: Save=247.816971ms
[2015.12.11-12.37.34:882][539]LogSavePackage: Moving '../../../../../../Users/Aaron/Documents/Unreal Projects/SwordProject-4.9-master/Saved/ConeTrace3956391F4F18495FC7E77194328AB5F6.tmp' to '../../../../../../Users/Aaron/Documents/Unreal Projects/SwordProject-4.9-master/Content/Game/Ai/ConeTrace.uasset'
[2015.12.11-12.37.34:899][539]LogSavePackage: Total save time: 508.942191ms
[2015.12.11-12.37.34:900][539]LogSavePackage:Warning: Finished SavePackage ../../../../../../Users/Aaron/Documents/Unreal Projects/SwordProject-4.9-master/Content/Game/Ai/ConeTrace.uasset
[2015.12.11-12.42.49:736][539]LogSavePackage: Save=56.130726ms
[2015.12.11-12.42.49:736][539]LogSavePackage: Moving '../../../../../../Users/Aaron/Documents/Unreal Projects/SwordProject-4.9-master/Saved/Sand_019F24ACA743B00478D9829E8CF22C9905.tmp' to '../../../../../../Users/Aaron/Documents/Unreal Projects/SwordProject-4.9-master/Content/Game/Material/Desert/Sand/Sand_01.uasset'
[2015.12.11-12.42.49:744][539]LogSavePackage: Total save time: 126.351975ms
[2015.12.11-12.42.49:744][539]LogSavePackage:Warning: Finished SavePackage ../../../../../../Users/Aaron/Documents/Unreal Projects/SwordProject-4.9-master/Content/Game/Material/Desert/Sand/Sand_01.uasset
[2015.12.11-12.42.49:764][539]MaterialEditorStats: Info Base pass shader with static lighting: 106 instructions
[2015.12.11-12.42.49:764][539]MaterialEditorStats: Info Base pass shader with only dynamic lighting: 74 instructions
[2015.12.11-12.42.49:764][539]MaterialEditorStats: Info Vertex shader: 33 instructions
[2015.12.11-12.42.49:764][539]MaterialEditorStats: Info Texture samplers: 8/16
[2015.12.11-12.42.49:821][541]LogHttp:Warning: Timeout processing Http request. 000000293AE4D600
[2015.12.11-12.43.05:208][750]BlueprintLog: New page: Compile ConeTrace
[2015.12.11-12.43.05:502][750]BlueprintEditorCompileResults: Info [0820.57] Compile of ConeTrace successful! [in 293 ms]
[2015.12.11-12.43.15:632][144]LogBlueprintUserMessages: Early PlayInEditor Detection: Level '/Game/Maps/Town.Town:PersistentLevel' has LevelScriptBlueprint '/Game/Maps/Town.Town:PersistentLevel.Town' with GeneratedClass '/Game/Maps/Town.Town_C' with ClassGeneratedBy '/Game/Maps/Town.Town:PersistentLevel.Town'
[2015.12.11-12.43.15:633][144]LogPlayLevel: PlayLevel: No blueprints needed recompiling
[2015.12.11-12.43.15:633][144]PIE: New page: PIE session: Town (Dec 10, 2015, 8:43:15 PM)
[2015.12.11-12.43.15:633][144]LogPlayLevel: Creating play world package: /Game/Maps/UEDPIE_0_Town
[2015.12.11-12.43.16:056][144]LogPlayLevel: PIE: StaticDuplicateObject took: (0.423105s)
[2015.12.11-12.43.16:058][144]LogAIModule: Creating AISystem for world Town
[2015.12.11-12.43.16:059][144]LogPlayLevel: PIE: World Init took: (0.002691s)
[2015.12.11-12.43.16:059][144]LogPlayLevel: PIE: Created PIE world by copying editor world from /Game/Maps/Town.Town to /Game/Maps/UEDPIE_0_Town.Town (0.426420s)
[2015.12.11-12.43.16:167][144]LogInit: XAudio2 using 'Speaker/HP (Realtek High Definition Audio)' : 2 channels at 48 kHz using 32 bits per sample (channel mask 0x3)
[2015.12.11-12.43.16:192][144]LogInit: FAudioDevice initialized.
[2015.12.11-12.43.16:266][144]LogWorld: Game class is 'ThirdPersonGameMode_C'
[2015.12.11-12.43.16:491][144]LogWorld:Warning: *** WARNING - PATHS MAY NOT BE VALID ***
[2015.12.11-12.43.16:491][144]LogWorld: Bringing World /Game/Maps/UEDPIE_0_Town.Town up for play (max tick rate 0) at 2015.12.11-04.43.16
[2015.12.11-12.43.16:492][144]LogActor:Warning: GameSession /Game/Maps/UEDPIE_0_Town.Town:PersistentLevel.GameSession_1 has natively added scene component(s), but none of them were set as the actor's RootComponent - picking one arbitrarily
[2015.12.11-12.43.16:492][144]LogActor:Warning: GameNetworkManager /Game/Maps/UEDPIE_0_Town.Town:PersistentLevel.GameNetworkManager_1 has natively added scene component(s), but none of them were set as the actor's RootComponent - picking one arbitrarily
[2015.12.11-12.43.16:505][144]LogWorld: Bringing up level for play took: 0.229768
[2015.12.11-12.43.16:518][144]PIE: Info Play in editor start time for /Game/Maps/UEDPIE_0_Town 0.712
[2015.12.11-12.43.16:518][144]LogBlueprintUserMessages: Late PlayInEditor Detection: Level '/Game/Maps/Town.Town:PersistentLevel' has LevelScriptBlueprint '/Game/Maps/Town.Town:PersistentLevel.Town' with GeneratedClass '/Game/Maps/Town.Town_C' with ClassGeneratedBy '/Game/Maps/Town.Town:PersistentLevel.Town'
[2015.12.11-12.43.16:522][144]LogBlueprintUserMessages: [FindTargets_C_1] ImOving
[2015.12.11-12.43.16:522][144]LogBlueprintUserMessages: [FindTargets_C_1] ImOving
[2015.12.11-12.43.16:523][144]LogBlueprintUserMessages: [FindTargets_C_1] ImOving
[2015.12.11-12.43.18:734][186]LogBlueprintUserMessages: [RobotCharacter_C_1] X=0.940 Y=-0.342 Z=0.000
[2015.12.11-12.43.18:734][186]LogAnimation:Warning: JumpToSectionName Root bEndOfSection: 0 failed for Montage RobotCharacter01_Climb_Montage
[2015.12.11-12.43.19:715][208]LogBlueprintUserMessages: Early EndPlayMap Detection: Level '/Game/Maps/Town.Town:PersistentLevel' has LevelScriptBlueprint '/Game/Maps/Town.Town:PersistentLevel.Town' with GeneratedClass '/Game/Maps/Town.Town_C' with ClassGeneratedBy '/Game/Maps/Town.Town:PersistentLevel.Town'
[2015.12.11-12.43.19:817][208]LogBlueprintUserMessages: Late EndPlayMap Detection: Level '/Game/Maps/Town.Town:PersistentLevel' has LevelScriptBlueprint '/Game/Maps/Town.Town:PersistentLevel.Town' with GeneratedClass '/Game/Maps/Town.Town_C' with ClassGeneratedBy '/Game/Maps/Town.Town:PersistentLevel.Town'
[2015.12.11-12.43.19:938][208]LogParticles: Destroying 0 GPU particle simulations for FXSystem 0x00000029063CE340
[2015.12.11-12.43.30:374][546]LogMaterial: Missing cached shader map for material Sand_01, compiling. 
[2015.12.11-12.43.30:396][546]LogMaterial: 0.000252 seconds spent updating 1 materials, 1 interfaces, 0 instances, 0 with static permutations.
[2015.12.11-12.43.33:666][682]LogMaterial: Missing cached shader map for material Sand_01, compiling. 
[2015.12.11-12.43.33:688][682]LogMaterial: 0.000129 seconds spent updating 1 materials, 1 interfaces, 0 instances, 0 with static permutations.
[2015.12.11-12.43.33:752][682]LogMaterial: Missing cached shader map for material FMatExpressionPreview MaterialExpressionTextureSample_1, compiling. 
[2015.12.11-12.43.33:764][682]LogMaterial: Missing cached shader map for material FMatExpressionPreview MaterialExpressionLandscapeLayerCoords_0, compiling. 
[2015.12.11-12.43.35:389][741]LogMaterial: Missing cached shader map for material Sand_01, compiling. 
[2015.12.11-12.43.35:410][741]LogMaterial: 0.000133 seconds spent updating 1 materials, 1 interfaces, 0 instances, 0 with static permutations.
[2015.12.11-12.43.35:482][741]LogMaterial: Missing cached shader map for material FMatExpressionPreview MaterialExpressionTextureSample_2, compiling. 
[2015.12.11-12.43.35:541][741]LogMaterial: Missing cached shader map for material FMatExpressionPreview MaterialExpressionLandscapeLayerCoords_0, compiling. 
[2015.12.11-12.43.37:756][825]LogMaterial: Missing cached shader map for material Sand_01, compiling. 
[2015.12.11-12.43.37:778][825]LogMaterial: 0.000129 seconds spent updating 1 materials, 1 interfaces, 0 instances, 0 with static permutations.
[2015.12.11-12.43.37:847][825]LogMaterial: Missing cached shader map for material FMatExpressionPreview MaterialExpressionTextureSample_3, compiling. 
[2015.12.11-12.43.37:858][825]LogMaterial: Missing cached shader map for material FMatExpressionPreview MaterialExpressionLandscapeLayerCoords_0, compiling. 
[2015.12.11-12.43.43:351][ 36]LogMaterialEditor: Applying material Sand_01
[2015.12.11-12.43.46:245][ 36]LogMaterial: Missing cached shader map for material Sand_01, compiling. 
[2015.12.11-12.43.46:352][ 36]LogMaterial: 0.000928 seconds spent updating 1 materials, 1 interfaces, 0 instances, 0 with static permutations.
[2015.12.11-12.43.46:474][ 36]LogMaterial: Missing cached shader map for material Sand_01, compiling. 
[2015.12.11-12.43.46:716][ 36]LogMaterial: Missing cached shader map for material Sand_01, compiling. 
[2015.12.11-12.43.46:889][ 36]LogMaterial: 0.022078 seconds spent updating 1 materials, 1 interfaces, 290 instances, 0 with static permutations.
[2015.12.11-12.50.40:509][ 93]MaterialEditorStats: Info Base pass shader with static lighting: 107 instructions
[2015.12.11-12.50.40:509][ 93]MaterialEditorStats: Info Base pass shader with only dynamic lighting: 75 instructions
[2015.12.11-12.50.40:509][ 93]MaterialEditorStats: Info Vertex shader: 33 instructions
[2015.12.11-12.50.40:509][ 93]MaterialEditorStats: Info Texture samplers: 8/16
[2015.12.11-12.50.41:359][ 93]LogActorComponent: UnregisterComponent: (/Engine/Transient.CharMoveComp) Not registered. Aborting.
[2015.12.11-12.50.41:483][ 93]LogFileHelpers: Editor autosave (incl. sublevels) for '/Game/Maps/Town' took 0.126
[2015.12.11-12.50.41:661][ 93]OBJ SavePackage: Generating thumbnails for [1] asset(s) in package [/Game/Game/Material/Desert/Sand/Sand_01] ([1] browsable assets)...
[2015.12.11-12.50.41:844][ 93]OBJ SavePackage:     Rendered thumbnail for [Material /Game/Game/Material/Desert/Sand/Sand_01.Sand_01]
[2015.12.11-12.50.41:844][ 93]OBJ SavePackage: Finished generating thumbnails for package [/Game/Game/Material/Desert/Sand/Sand_01]
[2015.12.11-12.50.42:012][ 93]LogSavePackage: Save=89.566536ms
[2015.12.11-12.50.42:012][ 93]LogSavePackage: Moving '../../../../../../Users/Aaron/Documents/Unreal Projects/SwordProject-4.9-master/Saved/Sand_01_Auto182E539CD4AA20940639FF1AF16CEE8F5.tmp' to '../../../../../../Users/Aaron/Documents/Unreal Projects/SwordProject-4.9-master/Saved/Autosaves/Game/Game/Material/Desert/Sand/Sand_01_Auto1.uasset'
[2015.12.11-12.50.42:042][ 93]LogSavePackage: Total save time: 183.600951ms
[2015.12.11-12.50.42:042][ 93]LogSavePackage:Warning: Finished SavePackage ../../../../../../Users/Aaron/Documents/Unreal Projects/SwordProject-4.9-master/Saved/Autosaves/Game/Game/Material/Desert/Sand/Sand_01_Auto1.uasset
[2015.12.11-12.50.42:042][ 93]LogFileHelpers: Auto-saving content packages took 0.556
[2015.12.11-13.49.00:862][799]LogHttp:Warning: Timeout processing Http request. 000000293AE12700
[2015.12.11-14.36.23:124][865]LogHttp:Warning: Timeout processing Http request. 000000293AE12600
[2015.12.11-14.37.54:820][174]LogActorComponent: UnregisterComponent: (/Engine/Transient.CharMoveComp) Not registered. Aborting.
[2015.12.11-14.37.55:058][174]LogSavePackage: Save=34.538670ms
[2015.12.11-14.37.55:058][174]LogSavePackage: Moving '../../../../../../Users/Aaron/Documents/Unreal Projects/SwordProject-4.9-master/Saved/Sand_01EFE208A54923CD8522B3BD85A15BDF5E.tmp' to '../../../../../../Users/Aaron/Documents/Unreal Projects/SwordProject-4.9-master/Content/Game/Material/Desert/Sand/Sand_01.uasset'
[2015.12.11-14.37.55:072][174]LogSavePackage: Total save time: 79.394523ms
[2015.12.11-14.37.55:072][174]LogSavePackage:Warning: Finished SavePackage ../../../../../../Users/Aaron/Documents/Unreal Projects/SwordProject-4.9-master/Content/Game/Material/Desert/Sand/Sand_01.uasset
[2015.12.11-14.46.15:301][724]LogActorComponent: UnregisterComponent: (/Engine/Transient.CharMoveComp) Not registered. Aborting.
[2015.12.11-14.46.16:813][724]LogWindowsTextInputMethodSystem:Display: IME system now deactivated.
[2015.12.11-14.46.18:115][725]Cmd: QUIT_EDITOR
[2015.12.11-14.46.19:869][725]LogExit: Preparing to exit.
[2015.12.11-14.46.21:172][725]LogExit: Editor shut down
[2015.12.11-14.46.21:173][725]LogExit: Transaction tracking system shut down
[2015.12.11-14.46.21:269][725]LogParticles: Destroying 0 GPU particle simulations for FXSystem 0x000000291992FE20
[2015.12.11-14.46.21:273][725]LogParticles: Destroying 0 GPU particle simulations for FXSystem 0x0000002915E57880
[2015.12.11-14.46.21:279][725]LogParticles: Destroying 0 GPU particle simulations for FXSystem 0x000000292E046520
[2015.12.11-14.46.21:284][725]LogParticles: Destroying 0 GPU particle simulations for FXSystem 0x0000002930977EC0
[2015.12.11-14.46.21:287][725]LogParticles: Destroying 0 GPU particle simulations for FXSystem 0x00000029309171A0
[2015.12.11-14.46.21:292][725]LogParticles: Destroying 0 GPU particle simulations for FXSystem 0x0000002930917E20
[2015.12.11-14.46.21:358][725]LogParticles: Destroying 0 GPU particle simulations for FXSystem 0x000000292404A660
[2015.12.11-14.46.21:363][725]LogParticles: Destroying 0 GPU particle simulations for FXSystem 0x00000029065F3420
[2015.12.11-14.46.22:707][725]LogExit: Object subsystem successfully closed.
[2015.12.11-14.46.23:032][725]LogD3D11RHI: Shutdown
[2015.12.11-14.46.23:033][725]LogD3D11RHI: CleanupD3DDevice
[2015.12.11-14.46.23:111][725]LogD3D11RHI: ~FD3D11DynamicRHI
[2015.12.11-14.46.23:603][725]LogModuleManager: Shutting down and abandoning module BlueprintGraph (199)
[2015.12.11-14.46.23:603][725]LogModuleManager: Shutting down and abandoning module MaterialEditor (198)
[2015.12.11-14.46.23:603][725]LogModuleManager: Shutting down and abandoning module CrashTracker (197)
[2015.12.11-14.46.23:603][725]LogModuleManager: Shutting down and abandoning module SceneOutliner (196)
[2015.12.11-14.46.23:604][725]LogModuleManager: Shutting down and abandoning module SuperSearch (195)
[2015.12.11-14.46.23:604][725]LogModuleManager: Shutting down and abandoning module WidgetCarousel (194)
[2015.12.11-14.46.23:604][725]LogModuleManager: Shutting down and abandoning module AddContentDialog (193)
[2015.12.11-14.46.23:634][725]LogModuleManager: Shutting down and abandoning module EditorWidgets (192)
[2015.12.11-14.46.23:634][725]LogModuleManager: Shutting down and abandoning module CollectionManager (191)
[2015.12.11-14.46.23:635][725]LogModuleManager: Shutting down and abandoning module StatsViewer (190)
[2015.12.11-14.46.23:636][725]LogModuleManager: Shutting down and abandoning module FoliageEdit (189)
[2015.12.11-14.46.23:636][725]LogModuleManager: Shutting down and abandoning module LandscapeEditor (188)
[2015.12.11-14.46.23:675][725]LogModuleManager: Shutting down and abandoning module ActorPickerMode (187)
[2015.12.11-14.46.23:675][725]LogModuleManager: Shutting down and abandoning module GeometryMode (186)
[2015.12.11-14.46.23:675][725]LogModuleManager: Shutting down and abandoning module TextureAlignMode (185)
[2015.12.11-14.46.23:675][725]LogModuleManager: Shutting down and abandoning module BspMode (184)
[2015.12.11-14.46.23:675][725]LogModuleManager: Shutting down and abandoning module PlacementMode (183)
[2015.12.11-14.46.23:675][725]LogModuleManager: Shutting down and abandoning module AutomationWorker (182)
[2015.12.11-14.46.23:675][725]LogModuleManager: Shutting down and abandoning module CharacterAI (181)
[2015.12.11-14.46.23:675][725]LogModuleManager: Shutting down and abandoning module SmartSnapping (180)
[2015.12.11-14.46.23:675][725]LogModuleManager: Shutting down and abandoning module ViewportSnapping (179)
[2015.12.11-14.46.23:675][725]LogModuleManager: Shutting down and abandoning module LogVisualizer (178)
[2015.12.11-14.46.23:676][725]LogModuleManager: Shutting down and abandoning module GameProjectGeneration (177)
[2015.12.11-14.46.23:683][725]LogModuleManager: Shutting down and abandoning module IntroTutorials (176)
[2015.12.11-14.46.23:697][725]LogModuleManager: Shutting down and abandoning module EditorLiveStreaming (175)
[2015.12.11-14.46.23:697][725]LogModuleManager: Shutting down and abandoning module IOSPlatformEditor (174)
[2015.12.11-14.46.23:697][725]LogModuleManager: Shutting down and abandoning module HTML5PlatformEditor (173)
[2015.12.11-14.46.23:697][725]LogModuleManager: Shutting down and abandoning module AndroidDeviceDetection (172)
[2015.12.11-14.46.24:177][725]LogModuleManager: Shutting down and abandoning module AndroidPlatformEditor (171)
[2015.12.11-14.46.24:177][725]LogModuleManager: Shutting down and abandoning module IOSRuntimeSettings (170)
[2015.12.11-14.46.24:177][725]LogModuleManager: Shutting down and abandoning module AndroidRuntimeSettings (169)
[2015.12.11-14.46.24:177][725]LogModuleManager: Shutting down and abandoning module MergeActors (168)
[2015.12.11-14.46.24:193][725]LogModuleManager: Shutting down and abandoning module SizeMap (167)
[2015.12.11-14.46.24:193][725]LogModuleManager: Shutting down and abandoning module TreeMap (166)
[2015.12.11-14.46.24:193][725]LogModuleManager: Shutting down and abandoning module ReferenceViewer (165)
[2015.12.11-14.46.24:193][725]LogModuleManager: Shutting down and abandoning module LocalizationService (164)
[2015.12.11-14.46.24:193][725]LogModuleManager: Shutting down and abandoning module LocalizationDashboard (163)
[2015.12.11-14.46.24:198][725]LogModuleManager: Shutting down and abandoning module HardwareTargeting (162)
[2015.12.11-14.46.24:198][725]LogModuleManager: Shutting down and abandoning module DeviceProfileEditor (161)
[2015.12.11-14.46.24:198][725]LogModuleManager: Shutting down and abandoning module UndoHistory (160)
[2015.12.11-14.46.24:198][725]LogModuleManager: Shutting down and abandoning module GameplayTagsEditor (159)
[2015.12.11-14.46.24:198][725]LogModuleManager: Shutting down and abandoning module UserFeedback (158)
[2015.12.11-14.46.24:198][725]LogModuleManager: Shutting down and abandoning module XmlParser (157)
[2015.12.11-14.46.24:198][725]LogModuleManager: Shutting down and abandoning module Blutility (156)
[2015.12.11-14.46.24:198][725]LogModuleManager: Shutting down and abandoning module ProjectTargetPlatformEditor (155)
[2015.12.11-14.46.24:198][725]LogModuleManager: Shutting down and abandoning module ProjectSettingsViewer (154)
[2015.12.11-14.46.24:198][725]LogModuleManager: Shutting down and abandoning module InputBindingEditor (153)
[2015.12.11-14.46.24:199][725]LogModuleManager: Shutting down and abandoning module EditorSettingsViewer (152)
[2015.12.11-14.46.24:199][725]LogModuleManager: Shutting down and abandoning module SettingsEditor (151)
[2015.12.11-14.46.24:199][725]LogModuleManager: Shutting down and abandoning module ProjectLauncher (150)
[2015.12.11-14.46.24:199][725]LogModuleManager: Shutting down and abandoning module SessionFrontend (149)
[2015.12.11-14.46.24:199][725]LogModuleManager: Shutting down and abandoning module ProfilerClient (148)
[2015.12.11-14.46.24:210][725]LogModuleManager: Shutting down and abandoning module TargetDeviceServices (147)
[2015.12.11-14.46.24:210][725]LogModuleManager: Shutting down and abandoning module DeviceManager (146)
[2015.12.11-14.46.24:210][725]LogModuleManager: Shutting down and abandoning module AutomationController (145)
[2015.12.11-14.46.24:210][725]LogModuleManager: Shutting down and abandoning module AutomationWindow (144)
[2015.12.11-14.46.24:227][725]LogModuleManager: Shutting down and abandoning module Layers (143)
[2015.12.11-14.46.24:238][725]LogModuleManager: Shutting down and abandoning module ComponentVisualizers (142)
[2015.12.11-14.46.24:238][725]LogModuleManager: Shutting down and abandoning module DetailCustomizations (141)
[2015.12.11-14.46.24:244][725]LogModuleManager: Shutting down and abandoning module PackagesDialog (140)
[2015.12.11-14.46.24:244][725]LogModuleManager: Shutting down and abandoning module Persona (139)
[2015.12.11-14.46.24:253][725]LogModuleManager: Shutting down and abandoning module Kismet (138)
[2015.12.11-14.46.24:253][725]LogModuleManager: Shutting down and abandoning module GraphEditor (137)
[2015.12.11-14.46.24:254][725]LogModuleManager: Shutting down and abandoning module ClassViewer (136)
[2015.12.11-14.46.24:254][725]LogModuleManager: Shutting down and abandoning module Toolbox (135)
[2015.12.11-14.46.24:254][725]LogModuleManager: Shutting down and abandoning module ModuleUI (134)
[2015.12.11-14.46.24:261][725]LogModuleManager: Shutting down and abandoning module MovieSceneTools (133)
[2015.12.11-14.46.24:262][725]LogModuleManager: Shutting down and abandoning module OutputLog (132)
[2015.12.11-14.46.24:262][725]LogModuleManager: Shutting down and abandoning module GammaUI (131)
[2015.12.11-14.46.24:274][725]LogModuleManager: Shutting down and abandoning module Documentation (130)
[2015.12.11-14.46.24:275][725]LogModuleManager: Shutting down and abandoning module GameLiveStreaming (129)
[2015.12.11-14.46.24:286][725]LogModuleManager: Shutting down and abandoning module StreamingPauseRendering (128)
[2015.12.11-14.46.24:286][725]LogModuleManager: Shutting down and abandoning module AnalyticsET (127)
[2015.12.11-14.46.24:286][725]LogModuleManager: Shutting down and abandoning module Analytics (126)
[2015.12.11-14.46.24:286][725]LogModuleManager: Shutting down and abandoning module AITestSuite (125)
[2015.12.11-14.46.24:286][725]LogModuleManager: Shutting down and abandoning module GameplayDebugger (124)
[2015.12.11-14.46.24:286][725]LogModuleManager: Shutting down and abandoning module AIModule (123)
[2015.12.11-14.46.24:286][725]LogModuleManager: Shutting down and abandoning module ProfilerService (122)
[2015.12.11-14.46.24:426][725]LogModuleManager: Shutting down and abandoning module TaskGraph (121)
[2015.12.11-14.46.24:444][725]LogModuleManager: Shutting down and abandoning module SlateRemote (120)
[2015.12.11-14.46.24:444][725]LogModuleManager: Shutting down and abandoning module SteamVRController (119)
[2015.12.11-14.46.24:444][725]LogModuleManager: Shutting down and abandoning module SteamVR (118)
[2015.12.11-14.46.24:444][725]LogModuleManager: Shutting down and abandoning module ProceduralMeshComponent (117)
[2015.12.11-14.46.24:444][725]LogModuleManager: Shutting down and abandoning module OculusRift (116)
[2015.12.11-14.46.24:444][725]LogModuleManager: Shutting down and abandoning module OculusLibrary (115)
[2015.12.11-14.46.24:444][725]LogModuleManager: Shutting down and abandoning module LeapMotionController (114)
[2015.12.11-14.46.24:476][725]LogModuleManager: Shutting down and abandoning module CustomMeshComponent (113)
[2015.12.11-14.46.24:482][725]LogModuleManager: Shutting down and abandoning module CableComponent (112)
[2015.12.11-14.46.24:482][725]LogModuleManager: Shutting down and abandoning module ArchVisCharacter (111)
[2015.12.11-14.46.24:482][725]LogModuleManager: Shutting down and abandoning module MessagingDebugger (110)
[2015.12.11-14.46.24:486][725]LogModuleManager: Shutting down and abandoning module MediaPlayerEditor (109)
[2015.12.11-14.46.24:502][725]LogModuleManager: Shutting down and abandoning module HTML5Networking (108)
[2015.12.11-14.46.24:502][725]LogModuleManager: Shutting down and abandoning module SpeedTreeImporter (107)
[2015.12.11-14.46.24:502][725]LogModuleManager: Shutting down and abandoning module PluginBrowser (106)
[2015.12.11-14.46.24:503][725]LogModuleManager: Shutting down and abandoning module EpicSurvey (105)
[2015.12.11-14.46.24:503][725]LogModuleManager: Shutting down and abandoning module DesktopPlatform (104)
[2015.12.11-14.46.24:503][725]LogModuleManager: Shutting down and abandoning module VisualStudioSourceCodeAccess (103)
[2015.12.11-14.46.24:503][725]LogModuleManager: Shutting down and abandoning module UObjectPlugin (102)
[2015.12.11-14.46.24:503][725]LogModuleManager: Shutting down and abandoning module SubversionSourceControl (101)
[2015.12.11-14.46.24:503][725]LogModuleManager: Shutting down and abandoning module PerforceSourceControl (100)
[2015.12.11-14.46.24:503][725]LogModuleManager: Shutting down and abandoning module SourceControl (99)
[2015.12.11-14.46.24:517][725]LogModuleManager: Shutting down and abandoning module GitSourceControl (98)
[2015.12.11-14.46.24:517][725]LogModuleManager: Shutting down and abandoning module LightPropagationVolumeEditor (97)
[2015.12.11-14.46.24:518][725]LogModuleManager: Shutting down and abandoning module PaperTiledImporter (96)
[2015.12.11-14.46.24:518][725]LogModuleManager: Shutting down and abandoning module PaperSpriteSheetImporter (95)
[2015.12.11-14.46.24:518][725]LogModuleManager: Shutting down and abandoning module MeshPaint (94)
[2015.12.11-14.46.24:518][725]LogModuleManager: Shutting down and abandoning module SlateReflector (93)
[2015.12.11-14.46.24:526][725]LogModuleManager: Shutting down and abandoning module HotReload (92)
[2015.12.11-14.46.24:527][725]LogModuleManager: Shutting down and abandoning module MainFrame (91)
[2015.12.11-14.46.24:527][725]LogModuleManager: Shutting down and abandoning module LevelEditor (90)
[2015.12.11-14.46.24:537][725]LogModuleManager: Shutting down and abandoning module DirectoryWatcher (89)
[2015.12.11-14.46.24:546][725]LogModuleManager: Shutting down and abandoning module AssetRegistry (88)
[2015.12.11-14.46.24:852][725]LogModuleManager: Shutting down and abandoning module ContentBrowser (87)
[2015.12.11-14.46.24:857][725]LogModuleManager: Shutting down and abandoning module Paper2DEditor (86)
[2015.12.11-14.46.24:873][725]LogModuleManager: Shutting down and abandoning module UdpMessaging (85)
[2015.12.11-14.46.24:974][725]LogModuleManager: Shutting down and abandoning module LightPropagationVolumeRuntime (84)
[2015.12.11-14.46.24:974][725]LogModuleManager: Shutting down and abandoning module Paper2D (83)
[2015.12.11-14.46.24:974][725]LogModuleManager: Shutting down and abandoning module WindowsMoviePlayer (82)
[2015.12.11-14.46.25:003][725]LogModuleManager: Shutting down and abandoning module Media (81)
[2015.12.11-14.46.25:003][725]LogModuleManager: Shutting down and abandoning module WmfMedia (80)
[2015.12.11-14.46.25:004][725]LogModuleManager: Shutting down and abandoning module OnlineBlueprintSupport (79)
[2015.12.11-14.46.25:004][725]LogModuleManager: Shutting down and abandoning module GameplayTasksEditor (78)
[2015.12.11-14.46.25:004][725]LogModuleManager: Shutting down and abandoning module PropertyEditor (77)
[2015.12.11-14.46.25:004][725]LogModuleManager: Shutting down and abandoning module BehaviorTreeEditor (76)
[2015.12.11-14.46.25:022][725]LogModuleManager: Shutting down and abandoning module FunctionalTesting (75)
[2015.12.11-14.46.25:022][725]LogModuleManager: Shutting down and abandoning module CollisionAnalyzer (74)
[2015.12.11-14.46.25:022][725]LogModuleManager: Shutting down and abandoning module WorkspaceMenuStructure (73)
[2015.12.11-14.46.25:022][725]LogModuleManager: Shutting down and abandoning module MessageLog (72)
[2015.12.11-14.46.25:022][725]LogModuleManager: Shutting down and abandoning module Sequencer (71)
[2015.12.11-14.46.25:022][725]LogModuleManager: Shutting down and abandoning module AssetTools (70)
[2015.12.11-14.46.25:044][725]LogModuleManager: Shutting down and abandoning module UMGEditor (69)
[2015.12.11-14.46.25:055][725]LogModuleManager: Shutting down and abandoning module UMG (68)
[2015.12.11-14.46.25:055][725]LogModuleManager: Shutting down and abandoning module Slate (67)
[2015.12.11-14.46.25:055][725]LogModuleManager: Shutting down and abandoning module EditorStyle (66)
[2015.12.11-14.46.25:061][725]LogModuleManager: Shutting down and abandoning module SessionServices (65)
[2015.12.11-14.46.25:061][725]LogModuleManager: Shutting down and abandoning module SourceCodeAccess (64)
[2015.12.11-14.46.25:061][725]LogModuleManager: Shutting down and abandoning module HeadMountedDisplay (63)
[2015.12.11-14.46.25:061][725]LogModuleManager: Shutting down and abandoning module XAudio2 (62)
[2015.12.11-14.46.25:061][725]LogModuleManager: Shutting down and abandoning module Networking (60)
[2015.12.11-14.46.25:061][725]LogModuleManager: Shutting down and abandoning module Core (59)
[2015.12.11-14.46.25:061][725]LogModuleManager: Shutting down and abandoning module KismetCompiler (58)
[2015.12.11-14.46.25:061][725]LogModuleManager: Shutting down and abandoning module PhysXFormats (57)
[2015.12.11-14.46.25:061][725]LogModuleManager: Shutting down and abandoning module MeshUtilities (56)
[2015.12.11-14.46.25:073][725]LogModuleManager: Shutting down and abandoning module CookingStats (55)
[2015.12.11-14.46.25:080][725]LogModuleManager: Shutting down and abandoning module DerivedDataCache (54)
[2015.12.11-14.46.25:153][725]LogDerivedDataCache: Shutdown
[2015.12.11-14.46.25:153][725]LogModuleManager: Shutting down and abandoning module ShaderFormatOpenGL (53)
[2015.12.11-14.46.25:183][725]LogModuleManager: Shutting down and abandoning module ShaderFormatD3D (52)
[2015.12.11-14.46.25:183][725]LogModuleManager: Shutting down and abandoning module MetalShaderFormat (51)
[2015.12.11-14.46.25:201][725]LogModuleManager: Shutting down and abandoning module TextureFormatUncompressed (50)
[2015.12.11-14.46.25:201][725]LogModuleManager: Shutting down and abandoning module TextureFormatPVR (49)
[2015.12.11-14.46.25:201][725]LogModuleManager: Shutting down and abandoning module TextureFormatIntelISPCTexComp (48)
[2015.12.11-14.46.25:201][725]LogModuleManager: Shutting down and abandoning module TextureFormatDXT (47)
[2015.12.11-14.46.25:201][725]LogModuleManager: Shutting down and abandoning module ImageWrapper (46)
[2015.12.11-14.46.25:201][725]LogModuleManager: Shutting down and abandoning module TextureFormatASTC (45)
[2015.12.11-14.46.25:201][725]LogModuleManager: Shutting down and abandoning module TextureFormatAndroid (44)
[2015.12.11-14.46.25:201][725]LogModuleManager: Shutting down and abandoning module AudioFormatOpus (43)
[2015.12.11-14.46.25:216][725]LogModuleManager: Shutting down and abandoning module AudioFormatOgg (42)
[2015.12.11-14.46.25:216][725]LogModuleManager: Shutting down and abandoning module AudioFormatADPCM (41)
[2015.12.11-14.46.25:216][725]LogModuleManager: Shutting down and abandoning module LinuxTargetPlatform (40)
[2015.12.11-14.46.25:216][725]LogModuleManager: Shutting down and abandoning module LinuxServerTargetPlatform (39)
[2015.12.11-14.46.25:216][725]LogModuleManager: Shutting down and abandoning module LinuxNoEditorTargetPlatform (38)
[2015.12.11-14.46.25:216][725]LogModuleManager: Shutting down and abandoning module Messaging (37)
[2015.12.11-14.46.25:216][725]LogModuleManager: Shutting down and abandoning module IOSTargetPlatform (36)
[2015.12.11-14.46.25:216][725]LogModuleManager: Shutting down and abandoning module HTML5TargetPlatform (35)
[2015.12.11-14.46.25:216][725]LogModuleManager: Shutting down and abandoning module Android_PVRTCTargetPlatform (34)
[2015.12.11-14.46.25:232][725]LogModuleManager: Shutting down and abandoning module Android_ETC2TargetPlatform (33)
[2015.12.11-14.46.25:238][725]LogModuleManager: Shutting down and abandoning module Android_ETC1TargetPlatform (32)
[2015.12.11-14.46.25:244][725]LogModuleManager: Shutting down and abandoning module Android_DXTTargetPlatform (31)
[2015.12.11-14.46.25:248][725]LogModuleManager: Shutting down and abandoning module Android_ATCTargetPlatform (30)
[2015.12.11-14.46.25:261][725]LogModuleManager: Shutting down and abandoning module Android_ASTCTargetPlatform (29)
[2015.12.11-14.46.25:261][725]LogModuleManager: Shutting down and abandoning module AndroidTargetPlatform (28)
[2015.12.11-14.46.25:268][725]LogModuleManager: Shutting down and abandoning module WindowsTargetPlatform (27)
[2015.12.11-14.46.25:268][725]LogModuleManager: Shutting down and abandoning module WindowsServerTargetPlatform (26)
[2015.12.11-14.46.25:268][725]LogModuleManager: Shutting down and abandoning module WindowsNoEditorTargetPlatform (25)
[2015.12.11-14.46.25:268][725]LogModuleManager: Shutting down and abandoning module WindowsClientTargetPlatform (24)
[2015.12.11-14.46.25:268][725]LogModuleManager: Shutting down and abandoning module AllDesktopTargetPlatform (23)
[2015.12.11-14.46.25:268][725]LogModuleManager: Shutting down and abandoning module TargetPlatform (22)
[2015.12.11-14.46.25:268][725]LogModuleManager: Shutting down and abandoning module InputCore (21)
[2015.12.11-14.46.25:268][725]LogModuleManager: Shutting down and abandoning module Settings (20)
[2015.12.11-14.46.25:268][725]LogModuleManager: Shutting down and abandoning module OnlineSubsystem (18)
[2015.12.11-14.46.25:268][725]LogModuleManager: Shutting down and abandoning module HTTP (17)
[2015.12.11-14.46.27:273][725]LogModuleManager: Shutting down and abandoning module XMPP (16)
[2015.12.11-14.46.27:294][725]LogModuleManager: Shutting down and abandoning module ExampleDeviceProfileSelector (15)
[2015.12.11-14.46.27:294][725]LogModuleManager: Shutting down and abandoning module TextureCompressor (14)
[2015.12.11-14.46.27:294][725]LogModuleManager: Shutting down and abandoning module ShaderCore (13)
[2015.12.11-14.46.27:294][725]LogModuleManager: Shutting down and abandoning module Landscape (12)
[2015.12.11-14.46.27:294][725]LogModuleManager: Shutting down and abandoning module SlateRHIRenderer (11)
[2015.12.11-14.46.27:325][725]LogModuleManager: Shutting down and abandoning module OpenGLDrv (10)
[2015.12.11-14.46.27:355][725]LogModuleManager: Shutting down and abandoning module D3D11RHI (9)
[2015.12.11-14.46.27:355][725]LogModuleManager: Shutting down and abandoning module AnimGraphRuntime (8)
[2015.12.11-14.46.27:355][725]LogModuleManager: Shutting down and abandoning module Renderer (7)
[2015.12.11-14.46.27:355][725]LogModuleManager: Shutting down and abandoning module Engine (6)
[2015.12.11-14.46.27:355][725]LogModuleManager: Shutting down and abandoning module CoreUObject (5)
[2015.12.11-14.46.27:355][725]LogModuleManager: Shutting down and abandoning module NetworkFile (4)
[2015.12.11-14.46.27:362][725]LogModuleManager: Shutting down and abandoning module StreamingFile (3)
[2015.12.11-14.46.27:363][725]LogModuleManager: Shutting down and abandoning module SandboxFile (2)
[2015.12.11-14.46.27:375][725]LogModuleManager: Shutting down and abandoning module PakFile (1)
[2015.12.11-14.46.27:393][725]LogExit: Exiting.
[2015.12.11-14.46.27:413][725]Log file closed, 12/11/15 06:46:27
