[2015.12.05-07.56.53:560][  0]Log file open, 12/04/15 23:56:53
[2015.12.05-07.56.53:560][  0]LogInit:Display: Running engine for game: SwordProject
[2015.12.05-07.56.53:560][  0]LogInit:Display: RandInit(1507241706) SRandInit(1507241707).
[2015.12.05-07.56.53:560][  0]LogTaskGraph: Started task graph with 4 named threads and 7 total threads.
[2015.12.05-07.56.53:560][  0]LogStats: Stats thread started at 0.333583
[2015.12.05-07.56.53:560][  0]LogInit: Version: 4.9.2-2707645+++depot+UE4-Releases+4.9
[2015.12.05-07.56.53:561][  0]LogInit: API Version: 2672455
[2015.12.05-07.56.53:561][  0]LogInit: Compiled (64-bit): Sep 28 2015 10:25:44
[2015.12.05-07.56.53:561][  0]LogInit: Compiled with Visual C++: 18.00.21005.01
[2015.12.05-07.56.53:561][  0]LogInit: Build Configuration: Development
[2015.12.05-07.56.53:561][  0]LogInit: Branch Name: ++depot+UE4-Releases+4.9
[2015.12.05-07.56.53:561][  0]LogInit: Command line:  
[2015.12.05-07.56.53:561][  0]LogInit: Base directory: C:/Program Files/Epic Games/4.9/Engine/Binaries/Win64/
[2015.12.05-07.56.53:561][  0]LogInit: Rocket: 1
[2015.12.05-07.56.53:704][  0]LogInit: Using libcurl 7.41.0
[2015.12.05-07.56.53:704][  0]LogInit:  - built for x86_64-pc-win32
[2015.12.05-07.56.53:704][  0]LogInit:  - supports SSL with WinSSL
[2015.12.05-07.56.53:704][  0]LogInit:  - other features:
[2015.12.05-07.56.53:704][  0]LogInit:      CURL_VERSION_SSL
[2015.12.05-07.56.53:704][  0]LogInit:      CURL_VERSION_IPV6
[2015.12.05-07.56.53:704][  0]LogInit:      CURL_VERSION_ASYNCHDNS
[2015.12.05-07.56.53:704][  0]LogInit:      CURL_VERSION_LARGEFILE
[2015.12.05-07.56.53:704][  0]LogInit:      CURL_VERSION_IDN
[2015.12.05-07.56.53:704][  0]LogInit:  CurlRequestOptions (configurable via config and command line):
[2015.12.05-07.56.53:704][  0]LogInit:  - bVerifyPeer = true  - Libcurl will verify peer certificate
[2015.12.05-07.56.53:704][  0]LogInit:  - bUseHttpProxy = false  - Libcurl will NOT use HTTP proxy
[2015.12.05-07.56.53:704][  0]LogInit:  - bDontReuseConnections = false  - Libcurl will reuse connections
[2015.12.05-07.56.53:704][  0]LogInit:  - CertBundlePath = nullptr  - Libcurl will use whatever was configured at build time.
[2015.12.05-07.56.53:871][  0]LogInit: Presizing for 0 objects not considered by GC, pre-allocating 0 bytes.
[2015.12.05-07.56.53:906][  0]LogInit: Object subsystem initialized
[2015.12.05-07.56.53:914][  0]LogInit: Selected Device Profile: [Windows]
[2015.12.05-07.56.53:914][  0]LogInit: Applying CVar settings loaded from the selected device profile: [Windows]
[2015.12.05-07.56.53:993][  0]LogInit: Computer: AARONS
[2015.12.05-07.56.53:993][  0]LogInit: User: Aaron
[2015.12.05-07.56.53:993][  0]LogInit: CPU Page size=4096, Cores=4
[2015.12.05-07.56.53:993][  0]LogInit: High frequency timer resolution =1.949470 MHz
[2015.12.05-07.56.53:993][  0]LogMemory: Memory total: Physical=7.5GB (8GB approx)
[2015.12.05-07.56.53:993][  0]LogMemory: Platform Memory Stats for Windows
[2015.12.05-07.56.53:993][  0]LogMemory: Process Physical Memory: 53.00 MB used, 53.00 MB peak
[2015.12.05-07.56.53:993][  0]LogMemory: Process Virtual Memory: 55.15 MB used, 55.15 MB peak
[2015.12.05-07.56.53:993][  0]LogMemory: Physical Memory: 3498.01 MB used, 7643.95 MB total
[2015.12.05-07.56.53:993][  0]LogMemory: Virtual Memory: 345.73 MB used, 134217728.00 MB total
[2015.12.05-07.56.54:277][  0]LogTextLocalizationManager: No specific translations for ('en-US') exist, so ('en') translations will be used.
[2015.12.05-07.56.58:899][  0]LogD3D11RHI: Found D3D11 adapter 0: AMD Radeon HD 8400 (Feature Level 11_0)
[2015.12.05-07.56.58:899][  0]LogD3D11RHI: Adapter has 493MB of dedicated video memory, 0MB of dedicated system memory, and 3584MB of shared system memory, 1 output[s]
[2015.12.05-07.56.58:903][  0]LogD3D11RHI: Found D3D11 adapter 1: Microsoft Basic Render Driver (Feature Level 11_0)
[2015.12.05-07.56.58:903][  0]LogD3D11RHI: Adapter has 0MB of dedicated video memory, 0MB of dedicated system memory, and 256MB of shared system memory, 0 output[s]
[2015.12.05-07.56.58:903][  0]LogD3D11RHI: Chosen D3D11 Adapter Id = 0
[2015.12.05-07.56.58:924][  0]LogD3D11RHI: !Direct3DDevice
[2015.12.05-07.56.58:924][  0]LogRHI: Texture pool is 345 MB (70% of 493 MB)
[2015.12.05-07.56.58:939][  0]LogD3D11RHI: Async texture creation disabled: no driver support
[2015.12.05-07.56.59:164][  0]LogShaderCompilers: Guid format shader working directory is 14 characters bigger than the processId version (../../../../../../Users/Aaron/Documents/Unreal Projects/SwordProject-4.9-master/Intermediate/Shaders/WorkingDirectory/11884/).
[2015.12.05-07.56.59:164][  0]LogShaderCompilers: Cleaned the shader compiler working directory '../../../../../../Users/Aaron/Documents/Unreal Projects/SwordProject-4.9-master/Intermediate/Shaders/tmp/E24E93B74725441B2959BE96627EB5A8/'.
[2015.12.05-07.56.59:164][  0]LogShaderCompilers:Display: Using Local Shader Compiler.
[2015.12.05-07.57.12:242][  0]LogTemp:Display: Loaded TP AllDesktopTargetPlatform
[2015.12.05-07.57.12:280][  0]LogTemp:Display: Loaded TP WindowsClientTargetPlatform
[2015.12.05-07.57.12:316][  0]LogTemp:Display: Loaded TP WindowsNoEditorTargetPlatform
[2015.12.05-07.57.12:352][  0]LogTemp:Display: Loaded TP WindowsServerTargetPlatform
[2015.12.05-07.57.12:397][  0]LogTemp:Display: Loaded TP WindowsTargetPlatform
[2015.12.05-07.57.12:445][  0]LogTemp:Display: Loaded TP AndroidTargetPlatform
[2015.12.05-07.57.12:485][  0]LogTemp:Display: Loaded TP Android_ASTCTargetPlatform
[2015.12.05-07.57.12:515][  0]LogTemp:Display: Loaded TP Android_ATCTargetPlatform
[2015.12.05-07.57.12:541][  0]LogTemp:Display: Loaded TP Android_DXTTargetPlatform
[2015.12.05-07.57.12:570][  0]LogTemp:Display: Loaded TP Android_ETC1TargetPlatform
[2015.12.05-07.57.12:599][  0]LogTemp:Display: Loaded TP Android_ETC2TargetPlatform
[2015.12.05-07.57.12:635][  0]LogTemp:Display: Loaded TP Android_PVRTCTargetPlatform
[2015.12.05-07.57.12:668][  0]LogTemp:Display: Loaded TP HTML5TargetPlatform
[2015.12.05-07.57.12:871][  0]LogTemp:Display: Loaded TP IOSTargetPlatform
[2015.12.05-07.57.12:900][  0]LogTemp:Display: Loaded TP LinuxNoEditorTargetPlatform
[2015.12.05-07.57.12:913][  0]LogTemp:Display: Loaded TP LinuxServerTargetPlatform
[2015.12.05-07.57.12:940][  0]LogTemp:Display: Loaded TP LinuxTargetPlatform
[2015.12.05-07.57.12:940][  0]LogTargetPlatformManager:Display: Building Assets For Windows
[2015.12.05-07.57.14:009][  0]LogDerivedDataCache:Display: Max Cache Size: 512 MB
[2015.12.05-07.57.14:655][  0]LogDerivedDataCache: Loaded boot cache 0.65s 42MB C:/Users/Aaron/AppData/Local/UnrealEngine/4.9/DerivedDataCache/Boot.ddc.
[2015.12.05-07.57.14:655][  0]LogDerivedDataCache:Display: Loaded Boot cache: C:/Users/Aaron/AppData/Local/UnrealEngine/4.9/DerivedDataCache/Boot.ddc
[2015.12.05-07.57.14:655][  0]LogDerivedDataCache: FDerivedDataBackendGraph:  Pak pak cache file ../../../../../../Users/Aaron/Documents/Unreal Projects/SwordProject-4.9-master/DerivedDataCache/DDC.ddp not found, will not use a pak cache.
[2015.12.05-07.57.14:655][  0]LogDerivedDataCache: Unable to find inner node Pak for hierarchical cache Hierarchy.
[2015.12.05-07.57.14:655][  0]LogDerivedDataCache: FDerivedDataBackendGraph:  CompressedPak pak cache file ../../../../../../Users/Aaron/Documents/Unreal Projects/SwordProject-4.9-master/DerivedDataCache/Compressed.ddp not found, will not use a pak cache.
[2015.12.05-07.57.14:656][  0]LogDerivedDataCache: Unable to find inner node CompressedPak for hierarchical cache Hierarchy.
[2015.12.05-07.57.15:767][  0]LogDerivedDataCache:Display: Pak cache opened for reading ../../../Engine/DerivedDataCache/Compressed.ddp.
[2015.12.05-07.57.15:781][  0]LogDerivedDataCache: Using Local data cache path C:/Users/Aaron/AppData/Local/UnrealEngine/Common/DerivedDataCache: Writable
[2015.12.05-07.57.30:321][  0]LogInit: Selected Device Profile: [Windows]
[2015.12.05-07.57.30:413][  0]LogContentStreaming: Texture pool size is 0.000000MB
[2015.12.05-07.57.33:121][  0]LogMeshUtilities: No automatic mesh reduction module available
[2015.12.05-07.57.33:121][  0]LogMeshUtilities: No automatic mesh merging module available
[2015.12.05-07.57.37:497][  0]LogInit: WinSock: version 1.1 (2.2), MaxSocks=32767, MaxUdp=65467
[2015.12.05-07.58.01:027][  0]UdpMessaging: Initializing bridge on interface 0.0.0.0:0 to multicast group 230.0.0.1:6666.
[2015.12.05-07.58.02:267][  0]LogAssetRegistry: FAssetRegistry took 0.0207 seconds to start up
[2015.12.05-07.58.06:924][  0]SourceControl: Info Source control is disabled
[2015.12.05-07.58.09:105][  0]LogLinker:Warning: Asset '../../../Engine/Plugins/Runtime/LeapMotionController/Content/LM_PassthroughMaterial.uasset' has been saved with empty engine version. The asset will be loaded but may be incompatible.
[2015.12.05-07.58.09:777][  0]LogObj: 28361 objects as part of root set at end of initial load.
[2015.12.05-07.58.09:777][  0]LogUObjectAllocator: 6038864 out of 0 bytes used by permanent object pool.
[2015.12.05-07.58.10:710][  0]LogEngine: Initializing Engine...
[2015.12.05-07.58.10:752][  0]LogHMD: Can't find Oculus library dev build: is proper Runtime installed? Version: 0.7.0.0
[2015.12.05-07.58.10:821][  0]LogHMD: SteamVR failed to initialize.  Err: 110
[2015.12.05-07.58.12:262][  0]LogAIModule: Creating AISystem for world NewWorld
[2015.12.05-07.58.13:154][  0]LogInit: XAudio2 using 'Speaker/HP (Realtek High Definition Audio)' : 2 channels at 48 kHz using 32 bits per sample (channel mask 0x3)
[2015.12.05-07.58.13:185][  0]LogInit: FAudioDevice initialized.
[2015.12.05-07.58.13:581][  0]LogDerivedDataCache: Saved boot cache 0.40s 42MB C:/Users/Aaron/AppData/Local/UnrealEngine/4.9/DerivedDataCache/Boot.ddc.
[2015.12.05-07.58.13:638][  0]LogInit: Texture streaming: Enabled
[2015.12.05-07.58.13:680][  0]LogAnalytics: Creating configured Analytics provider AnalyticsET
[2015.12.05-07.58.13:680][  0]LogAnalytics: [UEEditor.Rocket.Release] APIServer = http://et2.epicgames.com/ET2/. AppVersion = 4.9.2-2707645+++depot+UE4-Releases+4.9
[2015.12.05-07.58.13:680][  0]LogAnalytics: [UEEditor.Rocket.Release] SetUserId b2676186470d39d8323ee88c5ad92509|4cc6989648b04f0180853fecfbe4390e|54533a2c-70f4-4e67-8a5f-67ff95564374
[2015.12.05-07.58.13:694][  0]LogAnalytics: [UEEditor.Rocket.Release] AnalyticsET::StartSession
[2015.12.05-07.58.13:957][  0]LogInit: Transaction tracking system initialized
[2015.12.05-07.58.14:636][  0]BlueprintLog: New page: Editor Load
[2015.12.05-07.58.18:287][  0]LocalizationService: Info Localization service is disabled
[2015.12.05-07.58.20:519][  0]LogConsoleResponse:Display: 
[2015.12.05-07.58.23:908][  0]LogFileCache: Scanning file cache for directory 'C:/Users/Aaron/Documents/Unreal Projects/SwordProject-4.9-master/Content/' took 0.04s
[2015.12.05-07.58.23:908][  0]LogCook:Display: Done creating registry. It took  0.00s.
[2015.12.05-07.58.25:507][  0]Cmd: MAP LOAD FILE="../../../../../../Users/Aaron/Documents/Unreal Projects/SwordProject-4.9-master/Content/Maps/Town.umap" TEMPLATE=0 SHOWPROGRESS=1 FEATURELEVEL=3
[2015.12.05-07.58.25:639][  0]LightingResults: New page: Lighting Build
[2015.12.05-07.58.25:748][  0]MapCheck: New page: Map Check
[2015.12.05-07.58.25:748][  0]LightingResults: New page: Lighting Build
[2015.12.05-07.58.25:787][  0]LogParticles: Destroying 0 GPU particle simulations for FXSystem 0x0000003A7A876160
[2015.12.05-07.58.50:854][  0]LogAIModule: Creating AISystem for world Town
[2015.12.05-07.59.36:547][  0]LogEditorServer: Finished looking for orphan Actors (0.005 secs)
[2015.12.05-07.59.36:623][  0]Cmd: MAP CHECKDEP NOCLEARLOG
[2015.12.05-07.59.36:923][  0]MapCheck: Info Map check complete: 0 Error(s), 0 Warning(s), took 299.028ms to complete.
[2015.12.05-07.59.36:923][  0]LogFileHelpers: Loading map 'Town' took 71.426
[2015.12.05-07.59.38:972][  0]LogCollectionManager: Loaded 0 collections in 0.006388 seconds
[2015.12.05-07.59.39:103][  0]LogFileCache: Scanning file cache for directory 'C:/Users/Aaron/Documents/Unreal Projects/SwordProject-4.9-master/Saved/Collections/' took 0.01s
[2015.12.05-07.59.39:103][  0]LogFileCache: Scanning file cache for directory 'C:/Users/Aaron/Documents/Unreal Projects/SwordProject-4.9-master/Content/Developers/Aaron/Collections/' took 0.01s
[2015.12.05-07.59.39:103][  0]LogFileCache: Scanning file cache for directory 'C:/Users/Aaron/Documents/Unreal Projects/SwordProject-4.9-master/Content/Collections/' took 0.02s
[2015.12.05-07.59.39:103][  0]LogContentBrowser: Native class hierarchy populated in 0.0548 seconds. Added 1867 classes and 333 folders.
[2015.12.05-07.59.39:158][  0]LogCollectionManager: Rebuilt the GUID cache for 0 collections in 0.000008 seconds
[2015.12.05-07.59.39:329][  0]LogContentBrowser: Native class hierarchy updated for 'WidgetCarousel' in 0.0012 seconds. Added 0 classes and 0 folders.
[2015.12.05-07.59.40:919][  0]LogContentBrowser: Native class hierarchy updated for 'AddContentDialog' in 0.0010 seconds. Added 0 classes and 0 folders.
[2015.12.05-07.59.40:963][  0]LogContentBrowser: Native class hierarchy updated for 'SceneOutliner' in 0.0011 seconds. Added 1 classes and 2 folders.
[2015.12.05-07.59.42:400][  0]LogCrashTracker: Crashtracker disabled due to settings.
[2015.12.05-07.59.42:595][  0]LogUObjectGlobals:Warning: Failed to find object 'Class None.'
[2015.12.05-07.59.42:696][  0]LogLoad: Full Startup: 172.69 seconds (BP compile: 3.55 seconds)
[2015.12.05-07.59.44:198][  0]LogContentStreaming: Texture pool size now 1000 MB
[2015.12.05-07.59.44:991][  0]LogRenderer: Reallocating scene render targets to support 812x464 (Frame:2).
[2015.12.05-07.59.45:806][  1]Cmd: UpdateLandscapeEditorData -warnings
[2015.12.05-07.59.48:148][  2]LogCollectionManager: Rebuilt the object cache for 0 collections in 0.000003 seconds (found 0 objects)
[2015.12.05-07.59.55:140][ 23]LogAssetRegistry: Asset discovery search completed in 112.8934 seconds
[2015.12.05-07.59.55:141][ 23]LogCollectionManager: Fixed up redirectors for 0 collections in 0.000021 seconds (updated 0 objects)
[2015.12.05-08.00.57:462][457]LogFactory: FactoryCreateBinary: StaticMesh with FbxFactory (0 0 ../../../../../../Users/Aaron/Documents/BlenderFiles/Characters/Elite_Soldier_01/Soldier_01.fbx)
[2015.12.05-08.00.57:731][457]LogFbx: ItemName: GlobalSettings, ItemCount : 1
[2015.12.05-08.00.57:731][457]LogFbx: ItemName: Geometry, ItemCount : 3
[2015.12.05-08.00.57:731][457]LogFbx: ItemName: Model, ItemCount : 3
[2015.12.05-08.00.57:731][457]LogFbx: ItemName: Material, ItemCount : 3
[2015.12.05-08.00.57:731][457]LogFbx: ItemName: Texture, ItemCount : 3
[2015.12.05-08.00.57:731][457]LogFbx: ItemName: Video, ItemCount : 3
[2015.12.05-08.00.57:750][457]LogFbx: Loading FBX Scene from ../../../../../../Users/Aaron/Documents/BlenderFiles/Characters/Elite_Soldier_01/Soldier_01.fbx
[2015.12.05-08.00.57:781][457]LogFbx: FBX Scene Loaded Succesfully
[2015.12.05-08.00.59:489][457]LogFbx: Loading FBX Scene from ../../../../../../Users/Aaron/Documents/BlenderFiles/Characters/Elite_Soldier_01/Soldier_01.fbx
[2015.12.05-08.00.59:516][457]LogFbx: FBX Scene Loaded Succesfully
[2015.12.05-08.00.59:540][457]LogFbx:Warning: Triangulating static mesh Cube.000
[2015.12.05-08.01.01:887][457]LogFbx:Warning: Triangulating static mesh Cube.001
[2015.12.05-08.01.01:931][457]LogFbx:Warning: Triangulating static mesh Circle
[2015.12.05-08.01.02:066][457]LogStaticMesh: Building static mesh Soldier_01...
[2015.12.05-08.01.02:196][457]LogStaticMesh: Built static mesh [0.131094.2s] /Game/Game/Meshes/Characters/Elite_Soldier/Soldier_01.Soldier_01
[2015.12.05-08.01.02:450][457]FBXImport:Warning: Warning Warning: No smoothing group information was found in this FBX scene.  Please make sure to enable the 'Export Smoothing Groups' option in the FBX Exporter plug-in before exporting the file.  Even for tools that don't support smoothing groups, the FBX Exporter will generate appropriate smoothing data at export-time so that correct vertex normals can be inferred while importing. 
[2015.12.05-08.01.03:058][457]LogMeshUtilities: Finished distance field build in 0.8s - 20x8x24 distance field, 1772 triangles
[2015.12.05-08.01.03:058][457]LogStaticMesh:Warning: Main thread blocked for 0.539s for async distance field build of Soldier_01 to complete!  This can happen if the mesh is rebuilt excessively.
[2015.12.05-08.01.25:575][652]LogRenderer: Reallocating scene render targets to support 1192x744 (Frame:660).
[2015.12.05-08.01.28:694][711]LogActorFactory: Actor Factory created Soldier_01
[2015.12.05-08.01.29:434][722]LogActorFactory: Actor Factory created Soldier_01
[2015.12.05-08.01.49:404][ 19]LogFactory: FactoryCreateBinary: Texture with ReimportTextureFactory (0 0 ../../../../../../Users/Aaron/Documents/BlenderFiles/Characters/Elite_Soldier_01/Elite_01_C.png)
[2015.12.05-08.01.49:637][ 19]LogTexture:Display: Building textures: Elite_01_C (AutoDXT)
[2015.12.05-08.01.50:155][ 19]LogFactory: FactoryCreateBinary: Texture with ReimportTextureFactory (0 0 ../../../../../../Users/Aaron/Documents/BlenderFiles/Characters/Elite_Soldier_01/Elite_01_Head_C.png)
[2015.12.05-08.01.50:336][ 19]LogTexture:Display: Building textures: Elite_01_Head_C (AutoDXT)
[2015.12.05-08.01.50:768][ 19]LogFactory: FactoryCreateBinary: Texture with ReimportTextureFactory (0 0 ../../../../../../Users/Aaron/Documents/BlenderFiles/Characters/Elite_Soldier_01/Elite_01_Head_N.png)
[2015.12.05-08.01.50:975][ 19]LogTexture:Display: Building textures: Elite_01_Head_N (BC5)
[2015.12.05-08.02.08:303][381]LogMaterial: Missing cached shader map for material Elite_01_Head, compiling. 
[2015.12.05-08.02.08:979][381]LogMaterial: Missing cached shader map for material Elite_01_Head, compiling. 
[2015.12.05-08.02.09:024][381]LogMaterial: 0.000638 seconds spent updating 1 materials, 1 interfaces, 0 instances, 0 with static permutations.
[2015.12.05-08.02.15:025][509]LogMaterial: Missing cached shader map for material Elite_01_Head, compiling. 
[2015.12.05-08.02.15:055][509]LogMaterial: 0.000433 seconds spent updating 1 materials, 1 interfaces, 0 instances, 0 with static permutations.
[2015.12.05-08.02.15:058][509]LogMaterial: Missing cached shader map for material FMatExpressionPreview MaterialExpressionTextureSample_0, compiling. 
[2015.12.05-08.02.15:130][509]LogMaterial: Missing cached shader map for material FMatExpressionPreview MaterialExpressionTextureSample_0, compiling. 
[2015.12.05-08.02.15:260][509]LogMaterial: Missing cached shader map for material Elite_01_Head, compiling. 
[2015.12.05-08.02.15:288][509]LogMaterial: 0.000361 seconds spent updating 1 materials, 1 interfaces, 0 instances, 0 with static permutations.
[2015.12.05-08.02.15:292][509]LogMaterial: Missing cached shader map for material FMatExpressionPreview MaterialExpressionTextureSample_1, compiling. 
[2015.12.05-08.02.15:367][509]LogMaterial: Missing cached shader map for material FMatExpressionPreview MaterialExpressionTextureSample_0, compiling. 
[2015.12.05-08.02.15:382][509]LogMaterial: Missing cached shader map for material FMatExpressionPreview MaterialExpressionTextureSample_1, compiling. 
[2015.12.05-08.02.16:411][541]LogActorComponent: UnregisterComponent: (/Engine/Transient.CharMoveComp) Not registered. Aborting.
[2015.12.05-08.02.17:100][541]Cmd: OBJ SAVEPACKAGE PACKAGE="/Game/Maps/Town" FILE="../../../../../../Users/Aaron/Documents/Unreal Projects/SwordProject-4.9-master/Content/Maps/Town.umap" SILENT=true AUTOSAVING=false KEEPDIRTY=false
[2015.12.05-08.02.23:996][541]LogSavePackage: Save=6693.879395ms
[2015.12.05-08.02.23:996][541]LogSavePackage: Moving '../../../../../../Users/Aaron/Documents/Unreal Projects/SwordProject-4.9-master/Saved/Town5F0B965F4547C133ABAD71A2E0BEFA97.tmp' to '../../../../../../Users/Aaron/Documents/Unreal Projects/SwordProject-4.9-master/Content/Maps/Town.umap'
[2015.12.05-08.02.24:085][541]LogSavePackage: Total save time: 6900.512960ms
[2015.12.05-08.02.24:085][541]LogSavePackage:Warning: Finished SavePackage ../../../../../../Users/Aaron/Documents/Unreal Projects/SwordProject-4.9-master/Content/Maps/Town.umap
[2015.12.05-08.02.24:380][541]LogFileHelpers: Saving map 'Town' took 7.546
[2015.12.05-08.02.24:548][541]LogSavePackage: Save=80.876854ms
[2015.12.05-08.02.24:548][541]LogSavePackage: Moving '../../../../../../Users/Aaron/Documents/Unreal Projects/SwordProject-4.9-master/Saved/Soldier_01991C2D114FFCD1762664BA8B3144D99E.tmp' to '../../../../../../Users/Aaron/Documents/Unreal Projects/SwordProject-4.9-master/Content/Game/Meshes/Characters/Elite_Soldier/Soldier_01.uasset'
[2015.12.05-08.02.24:576][541]LogSavePackage: Total save time: 109.156337ms
[2015.12.05-08.02.24:576][541]LogSavePackage:Warning: Finished SavePackage ../../../../../../Users/Aaron/Documents/Unreal Projects/SwordProject-4.9-master/Content/Game/Meshes/Characters/Elite_Soldier/Soldier_01.uasset
[2015.12.05-08.02.24:855][541]LogSavePackage: Save=214.972275ms
[2015.12.05-08.02.24:856][541]LogSavePackage: Moving '../../../../../../Users/Aaron/Documents/Unreal Projects/SwordProject-4.9-master/Saved/Elite_01_CA91551FD427C0F171B8F8A8D02FD788D.tmp' to '../../../../../../Users/Aaron/Documents/Unreal Projects/SwordProject-4.9-master/Content/Game/Meshes/Characters/Elite_Soldier/Elite_01_C.uasset'
[2015.12.05-08.02.24:864][541]LogSavePackage: Total save time: 223.842375ms
[2015.12.05-08.02.24:864][541]LogSavePackage:Warning: Finished SavePackage ../../../../../../Users/Aaron/Documents/Unreal Projects/SwordProject-4.9-master/Content/Game/Meshes/Characters/Elite_Soldier/Elite_01_C.uasset
[2015.12.05-08.02.25:159][541]LogSavePackage: Save=212.228958ms
[2015.12.05-08.02.25:159][541]LogSavePackage: Moving '../../../../../../Users/Aaron/Documents/Unreal Projects/SwordProject-4.9-master/Saved/Elite_01_Head_C4000B3B845F8A5DDBEB357ABC25C12A2.tmp' to '../../../../../../Users/Aaron/Documents/Unreal Projects/SwordProject-4.9-master/Content/Game/Meshes/Characters/Elite_Soldier/Elite_01_Head_C.uasset'
[2015.12.05-08.02.25:166][541]LogSavePackage: Total save time: 221.265268ms
[2015.12.05-08.02.25:166][541]LogSavePackage:Warning: Finished SavePackage ../../../../../../Users/Aaron/Documents/Unreal Projects/SwordProject-4.9-master/Content/Game/Meshes/Characters/Elite_Soldier/Elite_01_Head_C.uasset
[2015.12.05-08.02.25:487][541]LogSavePackage: Save=224.019348ms
[2015.12.05-08.02.25:487][541]LogSavePackage: Moving '../../../../../../Users/Aaron/Documents/Unreal Projects/SwordProject-4.9-master/Saved/Elite_01_Head_ND7987ADF416D791119F9879774B878A7.tmp' to '../../../../../../Users/Aaron/Documents/Unreal Projects/SwordProject-4.9-master/Content/Game/Meshes/Characters/Elite_Soldier/Elite_01_Head_N.uasset'
[2015.12.05-08.02.25:495][541]LogSavePackage: Total save time: 232.849956ms
[2015.12.05-08.02.25:495][541]LogSavePackage:Warning: Finished SavePackage ../../../../../../Users/Aaron/Documents/Unreal Projects/SwordProject-4.9-master/Content/Game/Meshes/Characters/Elite_Soldier/Elite_01_Head_N.uasset
[2015.12.05-08.02.25:733][541]LogSavePackage: Save=39.318893ms
[2015.12.05-08.02.25:733][541]LogSavePackage: Moving '../../../../../../Users/Aaron/Documents/Unreal Projects/SwordProject-4.9-master/Saved/Elite_01_HeadB38EE03F4D7B21FD1B0CDE9FF0AD7D8E.tmp' to '../../../../../../Users/Aaron/Documents/Unreal Projects/SwordProject-4.9-master/Content/Game/Meshes/Characters/Elite_Soldier/Elite_01_Head.uasset'
[2015.12.05-08.02.25:740][541]LogSavePackage: Total save time: 47.969449ms
[2015.12.05-08.02.25:741][541]LogSavePackage:Warning: Finished SavePackage ../../../../../../Users/Aaron/Documents/Unreal Projects/SwordProject-4.9-master/Content/Game/Meshes/Characters/Elite_Soldier/Elite_01_Head.uasset
[2015.12.05-08.02.30:512][662]LogMaterial: Missing cached shader map for material Elite_01_Head, compiling. 
[2015.12.05-08.02.30:545][662]LogMaterial: 0.000372 seconds spent updating 1 materials, 1 interfaces, 0 instances, 0 with static permutations.
[2015.12.05-08.02.30:593][662]LogMaterial: Missing cached shader map for material FMatExpressionPreview MaterialExpressionTextureSample_1, compiling. 
[2015.12.05-08.02.33:114][752]LogMaterial: Missing cached shader map for material Elite_01_Head, compiling. 
[2015.12.05-08.02.33:142][752]LogMaterial: 0.000363 seconds spent updating 1 materials, 1 interfaces, 0 instances, 0 with static permutations.
[2015.12.05-08.02.33:177][752]LogMaterial: Missing cached shader map for material FMatExpressionPreview MaterialExpressionTextureSample_0, compiling. 
[2015.12.05-08.02.35:151][824]LogMaterialEditor: Applying material Elite_01_Head
[2015.12.05-08.02.39:352][824]LogMaterial: Missing cached shader map for material Elite_01_Head, compiling. 
[2015.12.05-08.02.39:460][824]LogMaterial: 0.000352 seconds spent updating 1 materials, 1 interfaces, 0 instances, 0 with static permutations.
[2015.12.05-08.02.39:590][824]LogMaterial: Missing cached shader map for material Elite_01_Head, compiling. 
[2015.12.05-08.02.39:707][824]LogMaterial: Missing cached shader map for material Elite_01_Head, compiling. 
[2015.12.05-08.02.39:776][824]LogMaterial: 0.027028 seconds spent updating 1 materials, 1 interfaces, 0 instances, 0 with static permutations.
[2015.12.05-08.02.52:679][969]LogMaterial: Missing cached shader map for material Elite_01_Head, compiling. 
[2015.12.05-08.02.52:708][969]LogMaterial: 0.000600 seconds spent updating 1 materials, 1 interfaces, 0 instances, 0 with static permutations.
[2015.12.05-08.02.56:239][108]LogMaterial: Missing cached shader map for material Elite_01_Head, compiling. 
[2015.12.05-08.02.56:275][108]LogMaterial: 0.000694 seconds spent updating 1 materials, 1 interfaces, 0 instances, 0 with static permutations.
[2015.12.05-08.02.57:759][160]LogMaterial: Missing cached shader map for material Elite_01_Head, compiling. 
[2015.12.05-08.02.57:789][160]LogMaterial: 0.000295 seconds spent updating 1 materials, 1 interfaces, 0 instances, 0 with static permutations.
[2015.12.05-08.02.59:895][235]LogMaterialEditor: Applying material Elite_01_Head
[2015.12.05-08.03.03:350][235]LogMaterial: Missing cached shader map for material Elite_01_Head, compiling. 
[2015.12.05-08.03.03:433][235]LogMaterial: 0.000530 seconds spent updating 1 materials, 1 interfaces, 0 instances, 0 with static permutations.
[2015.12.05-08.03.03:537][235]LogMaterial: Missing cached shader map for material Elite_01_Head, compiling. 
[2015.12.05-08.03.03:669][235]LogMaterial: Missing cached shader map for material Elite_01_Head, compiling. 
[2015.12.05-08.03.03:726][235]LogMaterial: 0.021893 seconds spent updating 1 materials, 1 interfaces, 0 instances, 0 with static permutations.
[2015.12.05-08.03.17:685][519]LogMaterial: Missing cached shader map for material Elite_01_Body, compiling. 
[2015.12.05-08.03.18:152][519]LogMaterial: Missing cached shader map for material Elite_01_Body, compiling. 
[2015.12.05-08.03.18:181][519]LogMaterial: 0.000444 seconds spent updating 1 materials, 1 interfaces, 0 instances, 0 with static permutations.
[2015.12.05-08.03.22:022][633]LogMaterial: Missing cached shader map for material Elite_01_Body, compiling. 
[2015.12.05-08.03.22:049][633]LogMaterial: 0.000438 seconds spent updating 1 materials, 1 interfaces, 0 instances, 0 with static permutations.
[2015.12.05-08.03.22:157][633]LogMaterial: Missing cached shader map for material FMatExpressionPreview MaterialExpressionTextureSample_2, compiling. 
[2015.12.05-08.03.22:196][633]LogMaterial: Missing cached shader map for material FMatExpressionPreview MaterialExpressionTextureSample_2, compiling. 
[2015.12.05-08.03.25:125][746]LogMaterial: Missing cached shader map for material Elite_01_Body, compiling. 
[2015.12.05-08.03.25:164][746]LogMaterial: 0.000295 seconds spent updating 1 materials, 1 interfaces, 0 instances, 0 with static permutations.
[2015.12.05-08.03.25:199][746]LogMaterial: Missing cached shader map for material FMatExpressionPreview MaterialExpressionTextureSample_2, compiling. 
[2015.12.05-08.03.26:689][797]LogMaterial: Missing cached shader map for material Elite_01_Body, compiling. 
[2015.12.05-08.03.26:723][797]LogMaterial: 0.000724 seconds spent updating 1 materials, 1 interfaces, 0 instances, 0 with static permutations.
[2015.12.05-08.03.29:118][895]LogMaterial: Missing cached shader map for material Elite_01_Body, compiling. 
[2015.12.05-08.03.29:162][895]LogMaterial: 0.000293 seconds spent updating 1 materials, 1 interfaces, 0 instances, 0 with static permutations.
[2015.12.05-08.03.32:036][ 13]LogMaterial: Missing cached shader map for material Elite_01_Body, compiling. 
[2015.12.05-08.03.32:062][ 13]LogMaterial: 0.000300 seconds spent updating 1 materials, 1 interfaces, 0 instances, 0 with static permutations.
[2015.12.05-08.03.34:478][111]LogMaterialEditor: Applying material Elite_01_Body
[2015.12.05-08.03.38:493][111]LogMaterial: Missing cached shader map for material Elite_01_Body, compiling. 
[2015.12.05-08.03.38:586][111]LogMaterial: 0.000928 seconds spent updating 1 materials, 1 interfaces, 0 instances, 0 with static permutations.
[2015.12.05-08.03.38:671][111]LogMaterial: Missing cached shader map for material Elite_01_Body, compiling. 
[2015.12.05-08.03.38:770][111]LogMaterial: Missing cached shader map for material Elite_01_Body, compiling. 
[2015.12.05-08.03.38:838][111]LogMaterial: 0.027495 seconds spent updating 1 materials, 1 interfaces, 0 instances, 0 with static permutations.
[2015.12.05-08.04.09:921][304]MaterialEditorStats: Info Base pass shader with only dynamic lighting: 67 instructions
[2015.12.05-08.04.09:921][304]MaterialEditorStats: Info Vertex shader: 33 instructions
[2015.12.05-08.04.09:921][304]MaterialEditorStats: Info Texture samplers: 5/16
[2015.12.05-08.04.17:605][327]MaterialEditorStats: Info Base pass shader with only dynamic lighting: 61 instructions
[2015.12.05-08.04.17:605][327]MaterialEditorStats: Info Vertex shader: 33 instructions
[2015.12.05-08.04.17:605][327]MaterialEditorStats: Info Texture samplers: 4/16
[2015.12.05-08.05.20:033][204]Cmd: DELETE
[2015.12.05-08.05.20:033][204]Cmd: ACTOR DELETE
[2015.12.05-08.05.20:068][204]LogEditorActor: Deleted Actor: PointLight
[2015.12.05-08.05.20:069][204]LogActorComponent: UnregisterComponent: (/Engine/Transient.CharMoveComp) Not registered. Aborting.
[2015.12.05-08.05.20:135][204]LogEditorActor: Deleted 1 Actors (0.087 secs)
[2015.12.05-08.05.26:365][348]LogEditorViewport: Clicking on Actor (context menu): StaticMeshActor (Road01)
[2015.12.05-08.05.27:593][364]LogEditorViewport: Clicking on Actor (context menu): StaticMeshActor (Soldier_01)
[2015.12.05-08.06.55:252][945]LogActorComponent: UnregisterComponent: (/Engine/Transient.CharMoveComp) Not registered. Aborting.
[2015.12.05-08.06.55:623][945]Cmd: OBJ SAVEPACKAGE PACKAGE="/Game/Maps/Town" FILE="../../../../../../Users/Aaron/Documents/Unreal Projects/SwordProject-4.9-master/Content/Maps/Town.umap" SILENT=true AUTOSAVING=false KEEPDIRTY=false
[2015.12.05-08.07.02:874][945]LogSavePackage: Save=7180.055664ms
[2015.12.05-08.07.02:874][945]LogSavePackage: Moving '../../../../../../Users/Aaron/Documents/Unreal Projects/SwordProject-4.9-master/Saved/Town0286885F447F868C977137898F72786D.tmp' to '../../../../../../Users/Aaron/Documents/Unreal Projects/SwordProject-4.9-master/Content/Maps/Town.umap'
[2015.12.05-08.07.02:896][945]LogSavePackage: Total save time: 7208.957307ms
[2015.12.05-08.07.02:896][945]LogSavePackage:Warning: Finished SavePackage ../../../../../../Users/Aaron/Documents/Unreal Projects/SwordProject-4.9-master/Content/Maps/Town.umap
[2015.12.05-08.07.03:169][945]LogFileHelpers: Saving map 'Town' took 7.794
[2015.12.05-08.07.03:362][945]LogSavePackage: Save=40.667465ms
[2015.12.05-08.07.03:363][945]LogSavePackage: Moving '../../../../../../Users/Aaron/Documents/Unreal Projects/SwordProject-4.9-master/Saved/Elite_01_Head92B4092E4403AAA96F0F468E7DB24433.tmp' to '../../../../../../Users/Aaron/Documents/Unreal Projects/SwordProject-4.9-master/Content/Game/Meshes/Characters/Elite_Soldier/Elite_01_Head.uasset'
[2015.12.05-08.07.03:369][945]LogSavePackage: Total save time: 78.467995ms
[2015.12.05-08.07.03:369][945]LogSavePackage:Warning: Finished SavePackage ../../../../../../Users/Aaron/Documents/Unreal Projects/SwordProject-4.9-master/Content/Game/Meshes/Characters/Elite_Soldier/Elite_01_Head.uasset
[2015.12.05-08.07.03:515][945]LogSavePackage: Save=38.564327ms
[2015.12.05-08.07.03:515][945]LogSavePackage: Moving '../../../../../../Users/Aaron/Documents/Unreal Projects/SwordProject-4.9-master/Saved/Elite_01_Body8D22AF5B44AEAA2D8F2CD9B1DC5ECB16.tmp' to '../../../../../../Users/Aaron/Documents/Unreal Projects/SwordProject-4.9-master/Content/Game/Meshes/Characters/Elite_Soldier/Elite_01_Body.uasset'
[2015.12.05-08.07.03:521][945]LogSavePackage: Total save time: 45.531351ms
[2015.12.05-08.07.03:521][945]LogSavePackage:Warning: Finished SavePackage ../../../../../../Users/Aaron/Documents/Unreal Projects/SwordProject-4.9-master/Content/Game/Meshes/Characters/Elite_Soldier/Elite_01_Body.uasset
[2015.12.05-08.07.07:978][971]LogWindowsTextInputMethodSystem:Display: IME system now deactivated.
[2015.12.05-08.07.09:737][972]Cmd: QUIT_EDITOR
[2015.12.05-08.07.11:440][972]LogExit: Preparing to exit.
[2015.12.05-08.07.12:734][972]LogExit: Editor shut down
[2015.12.05-08.07.12:735][972]LogExit: Transaction tracking system shut down
[2015.12.05-08.07.12:800][972]LogParticles: Destroying 0 GPU particle simulations for FXSystem 0x0000003A0C5140E0
[2015.12.05-08.07.12:801][972]LogParticles: Destroying 0 GPU particle simulations for FXSystem 0x0000003A39C3F4C0
[2015.12.05-08.07.12:834][972]LogParticles: Destroying 0 GPU particle simulations for FXSystem 0x0000003A190387C0
[2015.12.05-08.07.12:834][972]LogParticles: Destroying 0 GPU particle simulations for FXSystem 0x0000003A205B4D60
[2015.12.05-08.07.12:836][972]LogParticles: Destroying 0 GPU particle simulations for FXSystem 0x0000003A16CD2480
[2015.12.05-08.07.12:836][972]LogParticles: Destroying 0 GPU particle simulations for FXSystem 0x0000003A16CD2660
[2015.12.05-08.07.12:836][972]LogParticles: Destroying 0 GPU particle simulations for FXSystem 0x0000003A1903BBA0
[2015.12.05-08.07.12:836][972]LogParticles: Destroying 0 GPU particle simulations for FXSystem 0x0000003A16C95BC0
[2015.12.05-08.07.12:839][972]LogParticles: Destroying 0 GPU particle simulations for FXSystem 0x0000003A16C9EB60
[2015.12.05-08.07.13:836][972]LogExit: Object subsystem successfully closed.
[2015.12.05-08.07.14:051][972]LogD3D11RHI: Shutdown
[2015.12.05-08.07.14:051][972]LogD3D11RHI: CleanupD3DDevice
[2015.12.05-08.07.14:365][972]LogD3D11RHI: ~FD3D11DynamicRHI
[2015.12.05-08.07.14:825][972]LogModuleManager: Shutting down and abandoning module MaterialEditor (199)
[2015.12.05-08.07.14:825][972]LogModuleManager: Shutting down and abandoning module StaticMeshEditor (198)
[2015.12.05-08.07.14:825][972]LogModuleManager: Shutting down and abandoning module CrashTracker (197)
[2015.12.05-08.07.14:825][972]LogModuleManager: Shutting down and abandoning module SceneOutliner (196)
[2015.12.05-08.07.14:825][972]LogModuleManager: Shutting down and abandoning module SuperSearch (195)
[2015.12.05-08.07.14:825][972]LogModuleManager: Shutting down and abandoning module WidgetCarousel (194)
[2015.12.05-08.07.14:825][972]LogModuleManager: Shutting down and abandoning module AddContentDialog (193)
[2015.12.05-08.07.14:840][972]LogModuleManager: Shutting down and abandoning module EditorWidgets (192)
[2015.12.05-08.07.14:840][972]LogModuleManager: Shutting down and abandoning module CollectionManager (191)
[2015.12.05-08.07.14:841][972]LogModuleManager: Shutting down and abandoning module StatsViewer (190)
[2015.12.05-08.07.14:841][972]LogModuleManager: Shutting down and abandoning module FoliageEdit (189)
[2015.12.05-08.07.14:841][972]LogModuleManager: Shutting down and abandoning module LandscapeEditor (188)
[2015.12.05-08.07.14:893][972]LogModuleManager: Shutting down and abandoning module ActorPickerMode (187)
[2015.12.05-08.07.14:893][972]LogModuleManager: Shutting down and abandoning module GeometryMode (186)
[2015.12.05-08.07.14:893][972]LogModuleManager: Shutting down and abandoning module TextureAlignMode (185)
[2015.12.05-08.07.14:893][972]LogModuleManager: Shutting down and abandoning module BspMode (184)
[2015.12.05-08.07.14:893][972]LogModuleManager: Shutting down and abandoning module PlacementMode (183)
[2015.12.05-08.07.14:894][972]LogModuleManager: Shutting down and abandoning module AutomationWorker (182)
[2015.12.05-08.07.14:894][972]LogModuleManager: Shutting down and abandoning module CharacterAI (181)
[2015.12.05-08.07.14:894][972]LogModuleManager: Shutting down and abandoning module SmartSnapping (180)
[2015.12.05-08.07.14:894][972]LogModuleManager: Shutting down and abandoning module ViewportSnapping (179)
[2015.12.05-08.07.14:894][972]LogModuleManager: Shutting down and abandoning module LogVisualizer (178)
[2015.12.05-08.07.14:894][972]LogModuleManager: Shutting down and abandoning module GameProjectGeneration (177)
[2015.12.05-08.07.14:924][972]LogModuleManager: Shutting down and abandoning module IntroTutorials (176)
[2015.12.05-08.07.14:924][972]LogModuleManager: Shutting down and abandoning module EditorLiveStreaming (175)
[2015.12.05-08.07.14:924][972]LogModuleManager: Shutting down and abandoning module IOSPlatformEditor (174)
[2015.12.05-08.07.14:924][972]LogModuleManager: Shutting down and abandoning module HTML5PlatformEditor (173)
[2015.12.05-08.07.14:924][972]LogModuleManager: Shutting down and abandoning module AndroidDeviceDetection (172)
[2015.12.05-08.07.15:124][972]LogModuleManager: Shutting down and abandoning module AndroidPlatformEditor (171)
[2015.12.05-08.07.15:124][972]LogModuleManager: Shutting down and abandoning module IOSRuntimeSettings (170)
[2015.12.05-08.07.15:124][972]LogModuleManager: Shutting down and abandoning module AndroidRuntimeSettings (169)
[2015.12.05-08.07.15:124][972]LogModuleManager: Shutting down and abandoning module MergeActors (168)
[2015.12.05-08.07.15:133][972]LogModuleManager: Shutting down and abandoning module SizeMap (167)
[2015.12.05-08.07.15:133][972]LogModuleManager: Shutting down and abandoning module TreeMap (166)
[2015.12.05-08.07.15:133][972]LogModuleManager: Shutting down and abandoning module ReferenceViewer (165)
[2015.12.05-08.07.15:133][972]LogModuleManager: Shutting down and abandoning module LocalizationService (164)
[2015.12.05-08.07.15:133][972]LogModuleManager: Shutting down and abandoning module LocalizationDashboard (163)
[2015.12.05-08.07.15:150][972]LogModuleManager: Shutting down and abandoning module HardwareTargeting (162)
[2015.12.05-08.07.15:150][972]LogModuleManager: Shutting down and abandoning module DeviceProfileEditor (161)
[2015.12.05-08.07.15:150][972]LogModuleManager: Shutting down and abandoning module UndoHistory (160)
[2015.12.05-08.07.15:150][972]LogModuleManager: Shutting down and abandoning module GameplayTagsEditor (159)
[2015.12.05-08.07.15:150][972]LogModuleManager: Shutting down and abandoning module UserFeedback (158)
[2015.12.05-08.07.15:150][972]LogModuleManager: Shutting down and abandoning module XmlParser (157)
[2015.12.05-08.07.15:150][972]LogModuleManager: Shutting down and abandoning module Blutility (156)
[2015.12.05-08.07.15:150][972]LogModuleManager: Shutting down and abandoning module ProjectTargetPlatformEditor (155)
[2015.12.05-08.07.15:150][972]LogModuleManager: Shutting down and abandoning module ProjectSettingsViewer (154)
[2015.12.05-08.07.15:150][972]LogModuleManager: Shutting down and abandoning module InputBindingEditor (153)
[2015.12.05-08.07.15:151][972]LogModuleManager: Shutting down and abandoning module EditorSettingsViewer (152)
[2015.12.05-08.07.15:151][972]LogModuleManager: Shutting down and abandoning module SettingsEditor (151)
[2015.12.05-08.07.15:151][972]LogModuleManager: Shutting down and abandoning module ProjectLauncher (150)
[2015.12.05-08.07.15:151][972]LogModuleManager: Shutting down and abandoning module SessionFrontend (149)
[2015.12.05-08.07.15:151][972]LogModuleManager: Shutting down and abandoning module ProfilerClient (148)
[2015.12.05-08.07.15:151][972]LogModuleManager: Shutting down and abandoning module TargetDeviceServices (147)
[2015.12.05-08.07.15:151][972]LogModuleManager: Shutting down and abandoning module DeviceManager (146)
[2015.12.05-08.07.15:151][972]LogModuleManager: Shutting down and abandoning module AutomationController (145)
[2015.12.05-08.07.15:152][972]LogModuleManager: Shutting down and abandoning module AutomationWindow (144)
[2015.12.05-08.07.15:168][972]LogModuleManager: Shutting down and abandoning module Layers (143)
[2015.12.05-08.07.15:179][972]LogModuleManager: Shutting down and abandoning module ComponentVisualizers (142)
[2015.12.05-08.07.15:179][972]LogModuleManager: Shutting down and abandoning module DetailCustomizations (141)
[2015.12.05-08.07.15:202][972]LogModuleManager: Shutting down and abandoning module PackagesDialog (140)
[2015.12.05-08.07.15:202][972]LogModuleManager: Shutting down and abandoning module Persona (139)
[2015.12.05-08.07.15:216][972]LogModuleManager: Shutting down and abandoning module Kismet (138)
[2015.12.05-08.07.15:224][972]LogModuleManager: Shutting down and abandoning module GraphEditor (137)
[2015.12.05-08.07.15:224][972]LogModuleManager: Shutting down and abandoning module ClassViewer (136)
[2015.12.05-08.07.15:230][972]LogModuleManager: Shutting down and abandoning module Toolbox (135)
[2015.12.05-08.07.15:230][972]LogModuleManager: Shutting down and abandoning module ModuleUI (134)
[2015.12.05-08.07.15:230][972]LogModuleManager: Shutting down and abandoning module MovieSceneTools (133)
[2015.12.05-08.07.15:230][972]LogModuleManager: Shutting down and abandoning module OutputLog (132)
[2015.12.05-08.07.15:230][972]LogModuleManager: Shutting down and abandoning module GammaUI (131)
[2015.12.05-08.07.15:237][972]LogModuleManager: Shutting down and abandoning module Documentation (130)
[2015.12.05-08.07.15:237][972]LogModuleManager: Shutting down and abandoning module GameLiveStreaming (129)
[2015.12.05-08.07.15:264][972]LogModuleManager: Shutting down and abandoning module StreamingPauseRendering (128)
[2015.12.05-08.07.15:264][972]LogModuleManager: Shutting down and abandoning module AnalyticsET (127)
[2015.12.05-08.07.15:264][972]LogModuleManager: Shutting down and abandoning module Analytics (126)
[2015.12.05-08.07.15:264][972]LogModuleManager: Shutting down and abandoning module AITestSuite (125)
[2015.12.05-08.07.15:264][972]LogModuleManager: Shutting down and abandoning module GameplayDebugger (124)
[2015.12.05-08.07.15:264][972]LogModuleManager: Shutting down and abandoning module AIModule (123)
[2015.12.05-08.07.15:264][972]LogModuleManager: Shutting down and abandoning module ProfilerService (122)
[2015.12.05-08.07.15:510][972]LogModuleManager: Shutting down and abandoning module TaskGraph (121)
[2015.12.05-08.07.15:529][972]LogModuleManager: Shutting down and abandoning module SlateRemote (120)
[2015.12.05-08.07.15:529][972]LogModuleManager: Shutting down and abandoning module SteamVRController (119)
[2015.12.05-08.07.15:529][972]LogModuleManager: Shutting down and abandoning module SteamVR (118)
[2015.12.05-08.07.15:529][972]LogModuleManager: Shutting down and abandoning module ProceduralMeshComponent (117)
[2015.12.05-08.07.15:529][972]LogModuleManager: Shutting down and abandoning module OculusRift (116)
[2015.12.05-08.07.15:529][972]LogModuleManager: Shutting down and abandoning module OculusLibrary (115)
[2015.12.05-08.07.15:529][972]LogModuleManager: Shutting down and abandoning module LeapMotionController (114)
[2015.12.05-08.07.15:559][972]LogModuleManager: Shutting down and abandoning module CustomMeshComponent (113)
[2015.12.05-08.07.15:567][972]LogModuleManager: Shutting down and abandoning module CableComponent (112)
[2015.12.05-08.07.15:567][972]LogModuleManager: Shutting down and abandoning module ArchVisCharacter (111)
[2015.12.05-08.07.15:567][972]LogModuleManager: Shutting down and abandoning module MessagingDebugger (110)
[2015.12.05-08.07.15:570][972]LogModuleManager: Shutting down and abandoning module MediaPlayerEditor (109)
[2015.12.05-08.07.15:583][972]LogModuleManager: Shutting down and abandoning module HTML5Networking (108)
[2015.12.05-08.07.15:583][972]LogModuleManager: Shutting down and abandoning module SpeedTreeImporter (107)
[2015.12.05-08.07.15:583][972]LogModuleManager: Shutting down and abandoning module PluginBrowser (106)
[2015.12.05-08.07.15:583][972]LogModuleManager: Shutting down and abandoning module EpicSurvey (105)
[2015.12.05-08.07.15:583][972]LogModuleManager: Shutting down and abandoning module DesktopPlatform (104)
[2015.12.05-08.07.15:583][972]LogModuleManager: Shutting down and abandoning module VisualStudioSourceCodeAccess (103)
[2015.12.05-08.07.15:583][972]LogModuleManager: Shutting down and abandoning module UObjectPlugin (102)
[2015.12.05-08.07.15:583][972]LogModuleManager: Shutting down and abandoning module SubversionSourceControl (101)
[2015.12.05-08.07.15:583][972]LogModuleManager: Shutting down and abandoning module PerforceSourceControl (100)
[2015.12.05-08.07.15:583][972]LogModuleManager: Shutting down and abandoning module SourceControl (99)
[2015.12.05-08.07.15:591][972]LogModuleManager: Shutting down and abandoning module GitSourceControl (98)
[2015.12.05-08.07.15:591][972]LogModuleManager: Shutting down and abandoning module LightPropagationVolumeEditor (97)
[2015.12.05-08.07.15:591][972]LogModuleManager: Shutting down and abandoning module PaperTiledImporter (96)
[2015.12.05-08.07.15:592][972]LogModuleManager: Shutting down and abandoning module PaperSpriteSheetImporter (95)
[2015.12.05-08.07.15:592][972]LogModuleManager: Shutting down and abandoning module MeshPaint (94)
[2015.12.05-08.07.15:592][972]LogModuleManager: Shutting down and abandoning module SlateReflector (93)
[2015.12.05-08.07.15:600][972]LogModuleManager: Shutting down and abandoning module HotReload (92)
[2015.12.05-08.07.15:600][972]LogModuleManager: Shutting down and abandoning module MainFrame (91)
[2015.12.05-08.07.15:601][972]LogModuleManager: Shutting down and abandoning module LevelEditor (90)
[2015.12.05-08.07.15:623][972]LogModuleManager: Shutting down and abandoning module DirectoryWatcher (89)
[2015.12.05-08.07.15:636][972]LogModuleManager: Shutting down and abandoning module AssetRegistry (88)
[2015.12.05-08.07.15:877][972]LogModuleManager: Shutting down and abandoning module ContentBrowser (87)
[2015.12.05-08.07.15:879][972]LogModuleManager: Shutting down and abandoning module Paper2DEditor (86)
[2015.12.05-08.07.15:916][972]LogModuleManager: Shutting down and abandoning module UdpMessaging (85)
[2015.12.05-08.07.16:017][972]LogModuleManager: Shutting down and abandoning module LightPropagationVolumeRuntime (84)
[2015.12.05-08.07.16:017][972]LogModuleManager: Shutting down and abandoning module Paper2D (83)
[2015.12.05-08.07.16:017][972]LogModuleManager: Shutting down and abandoning module WindowsMoviePlayer (82)
[2015.12.05-08.07.16:055][972]LogModuleManager: Shutting down and abandoning module Media (81)
[2015.12.05-08.07.16:055][972]LogModuleManager: Shutting down and abandoning module WmfMedia (80)
[2015.12.05-08.07.16:059][972]LogModuleManager: Shutting down and abandoning module OnlineBlueprintSupport (79)
[2015.12.05-08.07.16:059][972]LogModuleManager: Shutting down and abandoning module GameplayTasksEditor (78)
[2015.12.05-08.07.16:059][972]LogModuleManager: Shutting down and abandoning module PropertyEditor (77)
[2015.12.05-08.07.16:059][972]LogModuleManager: Shutting down and abandoning module BehaviorTreeEditor (76)
[2015.12.05-08.07.16:074][972]LogModuleManager: Shutting down and abandoning module FunctionalTesting (75)
[2015.12.05-08.07.16:074][972]LogModuleManager: Shutting down and abandoning module CollisionAnalyzer (74)
[2015.12.05-08.07.16:074][972]LogModuleManager: Shutting down and abandoning module WorkspaceMenuStructure (73)
[2015.12.05-08.07.16:074][972]LogModuleManager: Shutting down and abandoning module MessageLog (72)
[2015.12.05-08.07.16:074][972]LogModuleManager: Shutting down and abandoning module Sequencer (71)
[2015.12.05-08.07.16:074][972]LogModuleManager: Shutting down and abandoning module AssetTools (70)
[2015.12.05-08.07.16:096][972]LogModuleManager: Shutting down and abandoning module UMGEditor (69)
[2015.12.05-08.07.16:107][972]LogModuleManager: Shutting down and abandoning module UMG (68)
[2015.12.05-08.07.16:114][972]LogModuleManager: Shutting down and abandoning module Slate (67)
[2015.12.05-08.07.16:114][972]LogModuleManager: Shutting down and abandoning module EditorStyle (66)
[2015.12.05-08.07.16:121][972]LogModuleManager: Shutting down and abandoning module SessionServices (65)
[2015.12.05-08.07.16:121][972]LogModuleManager: Shutting down and abandoning module SourceCodeAccess (64)
[2015.12.05-08.07.16:121][972]LogModuleManager: Shutting down and abandoning module HeadMountedDisplay (63)
[2015.12.05-08.07.16:121][972]LogModuleManager: Shutting down and abandoning module XAudio2 (62)
[2015.12.05-08.07.16:121][972]LogModuleManager: Shutting down and abandoning module Networking (60)
[2015.12.05-08.07.16:121][972]LogModuleManager: Shutting down and abandoning module Core (59)
[2015.12.05-08.07.16:121][972]LogModuleManager: Shutting down and abandoning module KismetCompiler (58)
[2015.12.05-08.07.16:121][972]LogModuleManager: Shutting down and abandoning module PhysXFormats (57)
[2015.12.05-08.07.16:121][972]LogModuleManager: Shutting down and abandoning module MeshUtilities (56)
[2015.12.05-08.07.16:121][972]LogModuleManager: Shutting down and abandoning module CookingStats (55)
[2015.12.05-08.07.16:174][972]LogModuleManager: Shutting down and abandoning module DerivedDataCache (54)
[2015.12.05-08.07.16:206][972]LogDerivedDataCache: Shutdown
[2015.12.05-08.07.16:206][972]LogModuleManager: Shutting down and abandoning module ShaderFormatOpenGL (53)
[2015.12.05-08.07.16:215][972]LogModuleManager: Shutting down and abandoning module ShaderFormatD3D (52)
[2015.12.05-08.07.16:215][972]LogModuleManager: Shutting down and abandoning module MetalShaderFormat (51)
[2015.12.05-08.07.16:230][972]LogModuleManager: Shutting down and abandoning module TextureFormatUncompressed (50)
[2015.12.05-08.07.16:231][972]LogModuleManager: Shutting down and abandoning module TextureFormatPVR (49)
[2015.12.05-08.07.16:231][972]LogModuleManager: Shutting down and abandoning module TextureFormatIntelISPCTexComp (48)
[2015.12.05-08.07.16:231][972]LogModuleManager: Shutting down and abandoning module TextureFormatDXT (47)
[2015.12.05-08.07.16:231][972]LogModuleManager: Shutting down and abandoning module ImageWrapper (46)
[2015.12.05-08.07.16:231][972]LogModuleManager: Shutting down and abandoning module TextureFormatASTC (45)
[2015.12.05-08.07.16:231][972]LogModuleManager: Shutting down and abandoning module TextureFormatAndroid (44)
[2015.12.05-08.07.16:231][972]LogModuleManager: Shutting down and abandoning module AudioFormatOpus (43)
[2015.12.05-08.07.16:245][972]LogModuleManager: Shutting down and abandoning module AudioFormatOgg (42)
[2015.12.05-08.07.16:246][972]LogModuleManager: Shutting down and abandoning module AudioFormatADPCM (41)
[2015.12.05-08.07.16:246][972]LogModuleManager: Shutting down and abandoning module LinuxTargetPlatform (40)
[2015.12.05-08.07.16:246][972]LogModuleManager: Shutting down and abandoning module LinuxServerTargetPlatform (39)
[2015.12.05-08.07.16:246][972]LogModuleManager: Shutting down and abandoning module LinuxNoEditorTargetPlatform (38)
[2015.12.05-08.07.16:246][972]LogModuleManager: Shutting down and abandoning module Messaging (37)
[2015.12.05-08.07.16:246][972]LogModuleManager: Shutting down and abandoning module IOSTargetPlatform (36)
[2015.12.05-08.07.16:246][972]LogModuleManager: Shutting down and abandoning module HTML5TargetPlatform (35)
[2015.12.05-08.07.16:246][972]LogModuleManager: Shutting down and abandoning module Android_PVRTCTargetPlatform (34)
[2015.12.05-08.07.16:262][972]LogModuleManager: Shutting down and abandoning module Android_ETC2TargetPlatform (33)
[2015.12.05-08.07.16:268][972]LogModuleManager: Shutting down and abandoning module Android_ETC1TargetPlatform (32)
[2015.12.05-08.07.16:274][972]LogModuleManager: Shutting down and abandoning module Android_DXTTargetPlatform (31)
[2015.12.05-08.07.16:277][972]LogModuleManager: Shutting down and abandoning module Android_ATCTargetPlatform (30)
[2015.12.05-08.07.16:291][972]LogModuleManager: Shutting down and abandoning module Android_ASTCTargetPlatform (29)
[2015.12.05-08.07.16:292][972]LogModuleManager: Shutting down and abandoning module AndroidTargetPlatform (28)
[2015.12.05-08.07.16:297][972]LogModuleManager: Shutting down and abandoning module WindowsTargetPlatform (27)
[2015.12.05-08.07.16:297][972]LogModuleManager: Shutting down and abandoning module WindowsServerTargetPlatform (26)
[2015.12.05-08.07.16:297][972]LogModuleManager: Shutting down and abandoning module WindowsNoEditorTargetPlatform (25)
[2015.12.05-08.07.16:297][972]LogModuleManager: Shutting down and abandoning module WindowsClientTargetPlatform (24)
[2015.12.05-08.07.16:297][972]LogModuleManager: Shutting down and abandoning module AllDesktopTargetPlatform (23)
[2015.12.05-08.07.16:298][972]LogModuleManager: Shutting down and abandoning module TargetPlatform (22)
[2015.12.05-08.07.16:298][972]LogModuleManager: Shutting down and abandoning module InputCore (21)
[2015.12.05-08.07.16:298][972]LogModuleManager: Shutting down and abandoning module Settings (20)
[2015.12.05-08.07.16:300][972]LogModuleManager: Shutting down and abandoning module OnlineSubsystem (18)
[2015.12.05-08.07.16:300][972]LogModuleManager: Shutting down and abandoning module HTTP (17)
[2015.12.05-08.07.18:306][972]LogModuleManager: Shutting down and abandoning module XMPP (16)
[2015.12.05-08.07.18:341][972]LogModuleManager: Shutting down and abandoning module ExampleDeviceProfileSelector (15)
[2015.12.05-08.07.18:341][972]LogModuleManager: Shutting down and abandoning module TextureCompressor (14)
[2015.12.05-08.07.18:341][972]LogModuleManager: Shutting down and abandoning module ShaderCore (13)
[2015.12.05-08.07.18:341][972]LogModuleManager: Shutting down and abandoning module Landscape (12)
[2015.12.05-08.07.18:341][972]LogModuleManager: Shutting down and abandoning module SlateRHIRenderer (11)
[2015.12.05-08.07.18:475][972]LogModuleManager: Shutting down and abandoning module OpenGLDrv (10)
[2015.12.05-08.07.18:495][972]LogModuleManager: Shutting down and abandoning module D3D11RHI (9)
[2015.12.05-08.07.18:495][972]LogModuleManager: Shutting down and abandoning module AnimGraphRuntime (8)
[2015.12.05-08.07.18:495][972]LogModuleManager: Shutting down and abandoning module Renderer (7)
[2015.12.05-08.07.18:495][972]LogModuleManager: Shutting down and abandoning module Engine (6)
[2015.12.05-08.07.18:495][972]LogModuleManager: Shutting down and abandoning module CoreUObject (5)
[2015.12.05-08.07.18:495][972]LogModuleManager: Shutting down and abandoning module NetworkFile (4)
[2015.12.05-08.07.18:503][972]LogModuleManager: Shutting down and abandoning module StreamingFile (3)
[2015.12.05-08.07.18:503][972]LogModuleManager: Shutting down and abandoning module SandboxFile (2)
[2015.12.05-08.07.18:516][972]LogModuleManager: Shutting down and abandoning module PakFile (1)
[2015.12.05-08.07.18:524][972]LogExit: Exiting.
[2015.12.05-08.07.18:671][972]Log file closed, 12/05/15 00:07:18
