[2015.10.09-00.49.03:020][  0]Log file open, 10/08/15 19:49:03
[2015.10.09-00.49.03:020][  0]LogInit:Display: Running engine for game: SwordProject
[2015.10.09-00.49.03:020][  0]LogInit:Display: RandInit(-2046395919) SRandInit(-2046395919).
[2015.10.09-00.49.03:020][  0]LogTaskGraph: Started task graph with 4 named threads and 5 total threads.
[2015.10.09-00.49.03:020][  0]LogStats: Stats thread started at 0.092331
[2015.10.09-00.49.03:020][  0]LogInit: Version: 4.9.1-2689999+++depot+UE4-Releases+4.9
[2015.10.09-00.49.03:020][  0]LogInit: API Version: 2672455
[2015.10.09-00.49.03:020][  0]LogInit: Compiled (64-bit): Sep 14 2015 04:12:03
[2015.10.09-00.49.03:020][  0]LogInit: Compiled with Visual C++: 18.00.21005.01
[2015.10.09-00.49.03:020][  0]LogInit: Build Configuration: Development
[2015.10.09-00.49.03:020][  0]LogInit: Branch Name: ++depot+UE4-Releases+4.9
[2015.10.09-00.49.03:020][  0]LogInit: Command line:  
[2015.10.09-00.49.03:020][  0]LogInit: Base directory: C:/Program Files/Epic Games/4.9/Engine/Binaries/Win64/
[2015.10.09-00.49.03:020][  0]LogInit: Rocket: 1
[2015.10.09-00.49.03:038][  0]LogInit: Using libcurl 7.41.0
[2015.10.09-00.49.03:038][  0]LogInit:  - built for x86_64-pc-win32
[2015.10.09-00.49.03:038][  0]LogInit:  - supports SSL with WinSSL
[2015.10.09-00.49.03:038][  0]LogInit:  - other features:
[2015.10.09-00.49.03:038][  0]LogInit:      CURL_VERSION_SSL
[2015.10.09-00.49.03:038][  0]LogInit:      CURL_VERSION_IPV6
[2015.10.09-00.49.03:038][  0]LogInit:      CURL_VERSION_ASYNCHDNS
[2015.10.09-00.49.03:038][  0]LogInit:      CURL_VERSION_LARGEFILE
[2015.10.09-00.49.03:038][  0]LogInit:      CURL_VERSION_IDN
[2015.10.09-00.49.03:038][  0]LogInit:  CurlRequestOptions (configurable via config and command line):
[2015.10.09-00.49.03:038][  0]LogInit:  - bVerifyPeer = true  - Libcurl will verify peer certificate
[2015.10.09-00.49.03:038][  0]LogInit:  - bUseHttpProxy = false  - Libcurl will NOT use HTTP proxy
[2015.10.09-00.49.03:038][  0]LogInit:  - bDontReuseConnections = false  - Libcurl will reuse connections
[2015.10.09-00.49.03:038][  0]LogInit:  - CertBundlePath = nullptr  - Libcurl will use whatever was configured at build time.
[2015.10.09-00.49.03:057][  0]LogInit: Presizing for 0 objects not considered by GC, pre-allocating 0 bytes.
[2015.10.09-00.49.03:069][  0]LogInit: Object subsystem initialized
[2015.10.09-00.49.03:072][  0]LogInit: Selected Device Profile: [Windows]
[2015.10.09-00.49.03:072][  0]LogInit: Applying CVar settings loaded from the selected device profile: [Windows]
[2015.10.09-00.49.03:086][  0]LogInit: Computer: BRANDON-PC
[2015.10.09-00.49.03:086][  0]LogInit: User: Brandon
[2015.10.09-00.49.03:086][  0]LogInit: CPU Page size=4096, Cores=2
[2015.10.09-00.49.03:086][  0]LogInit: High frequency timer resolution =2.338505 MHz
[2015.10.09-00.49.03:087][  0]LogMemory: Memory total: Physical=5.9GB (6GB approx)
[2015.10.09-00.49.03:087][  0]LogMemory: Platform Memory Stats for Windows
[2015.10.09-00.49.03:087][  0]LogMemory: Process Physical Memory: 53.53 MB used, 53.53 MB peak
[2015.10.09-00.49.03:087][  0]LogMemory: Process Virtual Memory: 56.30 MB used, 56.30 MB peak
[2015.10.09-00.49.03:087][  0]LogMemory: Physical Memory: 3958.74 MB used, 6029.32 MB total
[2015.10.09-00.49.03:087][  0]LogMemory: Virtual Memory: 333.66 MB used, 8388608.00 MB total
[2015.10.09-00.49.03:148][  0]LogTextLocalizationManager: No specific translations for ('en-US') exist, so ('en') translations will be used.
[2015.10.09-00.49.04:575][  0]LogD3D11RHI: Found D3D11 adapter 0: Intel(R) HD Graphics 3000 (Feature Level 10_0)
[2015.10.09-00.49.04:575][  0]LogD3D11RHI: Adapter has 64MB of dedicated video memory, 0MB of dedicated system memory, and 1632MB of shared system memory, 1 output[s]
[2015.10.09-00.49.04:575][  0]LogD3D11RHI: Chosen D3D11 Adapter Id = 0
[2015.10.09-00.49.04:589][  0]LogD3D11RHI: !Direct3DDevice
[2015.10.09-00.49.04:589][  0]LogRHI: Texture pool is 616 MB (70% of 880 MB)
[2015.10.09-00.49.04:593][  0]LogD3D11RHI: Async texture creation enabled
[2015.10.09-00.49.04:613][  0]LogShaderCompilers: Guid format shader working directory is 14 characters bigger than the processId version (../../../../../../Users/Brandon/Documents/Unreal Projects/SwordProject 4.9/Intermediate/Shaders/WorkingDirectory/67060/).
[2015.10.09-00.49.04:613][  0]LogShaderCompilers: Cleaned the shader compiler working directory '../../../../../../Users/Brandon/Documents/Unreal Projects/SwordProject 4.9/Intermediate/Shaders/tmp/DAB8B0C343FC7B2E08AE018563DD87EE/'.
[2015.10.09-00.49.04:613][  0]LogShaderCompilers:Display: Using Local Shader Compiler.
[2015.10.09-00.49.07:658][  0]LogTemp:Display: Loaded TP AllDesktopTargetPlatform
[2015.10.09-00.49.07:676][  0]LogTemp:Display: Loaded TP WindowsClientTargetPlatform
[2015.10.09-00.49.07:691][  0]LogTemp:Display: Loaded TP WindowsNoEditorTargetPlatform
[2015.10.09-00.49.07:702][  0]LogTemp:Display: Loaded TP WindowsServerTargetPlatform
[2015.10.09-00.49.07:714][  0]LogTemp:Display: Loaded TP WindowsTargetPlatform
[2015.10.09-00.49.07:723][  0]LogTemp:Display: Loaded TP AndroidTargetPlatform
[2015.10.09-00.49.07:731][  0]LogTemp:Display: Loaded TP Android_ASTCTargetPlatform
[2015.10.09-00.49.07:740][  0]LogTemp:Display: Loaded TP Android_ATCTargetPlatform
[2015.10.09-00.49.07:749][  0]LogTemp:Display: Loaded TP Android_DXTTargetPlatform
[2015.10.09-00.49.07:757][  0]LogTemp:Display: Loaded TP Android_ETC1TargetPlatform
[2015.10.09-00.49.07:767][  0]LogTemp:Display: Loaded TP Android_ETC2TargetPlatform
[2015.10.09-00.49.07:775][  0]LogTemp:Display: Loaded TP Android_PVRTCTargetPlatform
[2015.10.09-00.49.07:776][  0]LogTemp:Display: Loaded TP HTML5TargetPlatform
[2015.10.09-00.49.07:801][  0]LogTemp:Display: Loaded TP IOSTargetPlatform
[2015.10.09-00.49.07:810][  0]LogTemp:Display: Loaded TP LinuxNoEditorTargetPlatform
[2015.10.09-00.49.07:818][  0]LogTemp:Display: Loaded TP LinuxServerTargetPlatform
[2015.10.09-00.49.07:828][  0]LogTemp:Display: Loaded TP LinuxTargetPlatform
[2015.10.09-00.49.07:828][  0]LogTargetPlatformManager:Display: Building Assets For Windows
[2015.10.09-00.49.08:019][  0]LogDerivedDataCache:Display: Max Cache Size: 512 MB
[2015.10.09-00.49.08:253][  0]LogDerivedDataCache: Loaded boot cache 0.23s 37MB C:/Users/Brandon/AppData/Local/UnrealEngine/4.9/DerivedDataCache/Boot.ddc.
[2015.10.09-00.49.08:253][  0]LogDerivedDataCache:Display: Loaded Boot cache: C:/Users/Brandon/AppData/Local/UnrealEngine/4.9/DerivedDataCache/Boot.ddc
[2015.10.09-00.49.08:253][  0]LogDerivedDataCache: FDerivedDataBackendGraph:  Pak pak cache file ../../../../../../Users/Brandon/Documents/Unreal Projects/SwordProject 4.9/DerivedDataCache/DDC.ddp not found, will not use a pak cache.
[2015.10.09-00.49.08:253][  0]LogDerivedDataCache: Unable to find inner node Pak for hierarchical cache Hierarchy.
[2015.10.09-00.49.08:253][  0]LogDerivedDataCache: FDerivedDataBackendGraph:  CompressedPak pak cache file ../../../../../../Users/Brandon/Documents/Unreal Projects/SwordProject 4.9/DerivedDataCache/Compressed.ddp not found, will not use a pak cache.
[2015.10.09-00.49.08:253][  0]LogDerivedDataCache: Unable to find inner node CompressedPak for hierarchical cache Hierarchy.
[2015.10.09-00.49.08:569][  0]LogDerivedDataCache:Display: Pak cache opened for reading ../../../Engine/DerivedDataCache/Compressed.ddp.
[2015.10.09-00.49.08:580][  0]LogDerivedDataCache: Using Local data cache path C:/Users/Brandon/AppData/Local/UnrealEngine/Common/DerivedDataCache: Writable
[2015.10.09-00.49.09:012][  0]LogInit: Selected Device Profile: [Windows]
[2015.10.09-00.49.09:013][  0]LogContentStreaming: Texture pool size is 0.000000MB
[2015.10.09-00.49.09:071][  0]LogMeshUtilities: No automatic mesh reduction module available
[2015.10.09-00.49.09:071][  0]LogMeshUtilities: No automatic mesh merging module available
[2015.10.09-00.49.09:822][  0]LogInit: WinSock: version 1.1 (2.2), MaxSocks=32767, MaxUdp=65467
[2015.10.09-00.49.11:090][  0]UdpMessaging: Initializing bridge on interface 0.0.0.0:0 to multicast group 230.0.0.1:6666.
[2015.10.09-00.49.11:202][  0]LogAssetRegistry: FAssetRegistry took 0.0103 seconds to start up
[2015.10.09-00.49.11:601][  0]SourceControl: Info Source control is disabled
[2015.10.09-00.49.11:601][  0]SourceControl: Info Source control is disabled
[2015.10.09-00.49.11:623][  0]SourceControl: Info Source control is disabled
[2015.10.09-00.49.11:644][  0]SourceControl: Info Source control is disabled
[2015.10.09-00.49.11:951][  0]LogLinker:Warning: Asset '../../../Engine/Plugins/Runtime/LeapMotionController/Content/LM_PassthroughMaterial.uasset' has been saved with empty engine version. The asset will be loaded but may be incompatible.
[2015.10.09-00.49.12:142][  0]LogObj: 28361 objects as part of root set at end of initial load.
[2015.10.09-00.49.12:142][  0]LogUObjectAllocator: 6038864 out of 0 bytes used by permanent object pool.
[2015.10.09-00.49.12:262][  0]LogEngine: Initializing Engine...
[2015.10.09-00.49.12:266][  0]LogHMD: Can't find Oculus library dev build: is proper Runtime installed? Version: 0.7.0.0
[2015.10.09-00.49.12:276][  0]LogHMD: SteamVR failed to initialize.  Err: 108
[2015.10.09-00.49.12:568][  0]LogAIModule: Creating AISystem for world NewWorld
[2015.10.09-00.49.12:576][  0]LogInit: XAudio2 using 'Speakers (Realtek High Definition Audio)' : 2 channels at 48 kHz using 32 bits per sample (channel mask 0x3)
[2015.10.09-00.49.12:615][  0]LogInit: FAudioDevice initialized.
[2015.10.09-00.49.12:659][  0]LogDerivedDataCache: Saved boot cache 0.04s 37MB C:/Users/Brandon/AppData/Local/UnrealEngine/4.9/DerivedDataCache/Boot.ddc.
[2015.10.09-00.49.12:668][  0]LogInit: Texture streaming: Enabled
[2015.10.09-00.49.12:682][  0]LogAnalytics: Creating configured Analytics provider AnalyticsET
[2015.10.09-00.49.12:683][  0]LogAnalytics: [UEEditor.Rocket.Release] APIServer = http://et2.epicgames.com/ET2/. AppVersion = 4.9.1-2689999+++depot+UE4-Releases+4.9
[2015.10.09-00.49.12:683][  0]LogAnalytics: [UEEditor.Rocket.Release] SetUserId 35bf1df24b6291fab054d4a032ebe350|4cc6989648b04f0180853fecfbe4390e|336a448c-d673-4e73-82fd-ec02ab6902dd
[2015.10.09-00.49.12:683][  0]LogAnalytics: [UEEditor.Rocket.Release] AnalyticsET::StartSession
[2015.10.09-00.49.12:746][  0]LogInit: Transaction tracking system initialized
[2015.10.09-00.49.12:815][  0]BlueprintLog: New page: Editor Load
[2015.10.09-00.49.12:984][  0]LocalizationService: Info Localization service is disabled
[2015.10.09-00.49.13:496][  0]LogConsoleResponse:Display: 
[2015.10.09-00.49.14:000][  0]LogCook:Display: Done creating registry. It took  0.00s.
[2015.10.09-00.49.14:299][  0]LogFileCache: Scanning file cache for directory 'C:/Users/Brandon/Documents/Unreal Projects/SwordProject 4.9/Content/' took 0.04s
[2015.10.09-00.49.14:299][  0]SourceControl: Info Source control is disabled
[2015.10.09-00.49.14:299][  0]Cmd: MAP LOAD FILE="../../../../../../Users/Brandon/Documents/Unreal Projects/SwordProject 4.9/Content/ThirdPersonBP/Maps/ThirdPersonExampleMap.umap" TEMPLATE=0 SHOWPROGRESS=1 FEATURELEVEL=2
[2015.10.09-00.49.14:300][  0]LightingResults: New page: Lighting Build
[2015.10.09-00.49.14:308][  0]MapCheck: New page: Map Check
[2015.10.09-00.49.14:308][  0]LightingResults: New page: Lighting Build
[2015.10.09-00.49.14:349][  0]LogParticles: Destroying 0 GPU particle simulations for FXSystem 0x000000001E7542C0
[2015.10.09-00.49.16:798][  0]LogAIModule: Creating AISystem for world ThirdPersonExampleMap
[2015.10.09-00.49.16:878][  0]LogEditorServer: Finished looking for orphan Actors (0.000 secs)
[2015.10.09-00.49.16:879][  0]Cmd: MAP CHECKDEP NOCLEARLOG
[2015.10.09-00.49.17:225][  0]MapCheck: Info Map check complete: 0 Error(s), 0 Warning(s), took 345.94ms to complete.
[2015.10.09-00.49.17:323][  0]LogFileHelpers: Loading map 'ThirdPersonExampleMap' took 3.025
[2015.10.09-00.49.17:952][  0]LogCollectionManager: Loaded 0 collections in 0.006111 seconds
[2015.10.09-00.49.18:014][  0]LogContentBrowser: Native class hierarchy populated in 0.0210 seconds. Added 1867 classes and 333 folders.
[2015.10.09-00.49.18:053][  0]LogFileCache: Scanning file cache for directory 'C:/Users/Brandon/Documents/Unreal Projects/SwordProject 4.9/Saved/Collections/' took 0.06s
[2015.10.09-00.49.18:053][  0]LogFileCache: Scanning file cache for directory 'C:/Users/Brandon/Documents/Unreal Projects/SwordProject 4.9/Content/Developers/Brandon/Collections/' took 0.02s
[2015.10.09-00.49.18:053][  0]LogFileCache: Scanning file cache for directory 'C:/Users/Brandon/Documents/Unreal Projects/SwordProject 4.9/Content/Collections/' took 0.02s
[2015.10.09-00.49.18:053][  0]LogCollectionManager: Rebuilt the GUID cache for 0 collections in 0.000004 seconds
[2015.10.09-00.49.18:118][  0]LogContentBrowser: Native class hierarchy updated for 'WidgetCarousel' in 0.0007 seconds. Added 0 classes and 0 folders.
[2015.10.09-00.49.18:217][  0]LogContentBrowser: Native class hierarchy updated for 'AddContentDialog' in 0.0008 seconds. Added 0 classes and 0 folders.
[2015.10.09-00.49.18:264][  0]LogContentBrowser: Native class hierarchy updated for 'SceneOutliner' in 0.0007 seconds. Added 1 classes and 2 folders.
[2015.10.09-00.49.18:487][  0]LogCrashTracker: Crashtracker disabled due to settings.
[2015.10.09-00.49.18:628][  0]LogLoad: Full Startup: 16.56 seconds (BP compile: 0.54 seconds)
[2015.10.09-00.49.19:004][  0]LogContentStreaming: Texture pool size now 200 MB
[2015.10.09-00.49.19:312][  0]LogRenderer: Reallocating scene render targets to support 1208x576 (Frame:2).
[2015.10.09-00.49.22:156][ 11]LogAssetRegistry: Asset discovery search completed in 10.9647 seconds
[2015.10.09-00.49.22:156][ 11]LogCollectionManager: Rebuilt the object cache for 0 collections in 0.000001 seconds (found 0 objects)
[2015.10.09-00.49.22:156][ 11]LogCollectionManager: Fixed up redirectors for 0 collections in 0.000047 seconds (updated 0 objects)
[2015.10.09-00.49.26:198][ 77]Cmd: MAP LOAD FILE="../../../../../../Users/Brandon/Documents/Unreal Projects/SwordProject 4.9/Content/ThirdPersonBP/Maps/Street.umap" TEMPLATE=0 SHOWPROGRESS=1 FEATURELEVEL=2
[2015.10.09-00.49.26:254][ 77]LightingResults: New page: Lighting Build
[2015.10.09-00.49.26:310][ 77]LoadErrors: New page: Loading map: Street.umap
[2015.10.09-00.49.26:313][ 77]MapCheck: New page: Map Check
[2015.10.09-00.49.26:313][ 77]LightingResults: New page: Lighting Build
[2015.10.09-00.49.26:359][ 77]LogParticles: Destroying 0 GPU particle simulations for FXSystem 0x0000000021CFBBA0
[2015.10.09-00.49.26:577][ 77]LogAIModule: Creating AISystem for world Street
[2015.10.09-00.49.26:716][ 77]LogEditorServer: Finished looking for orphan Actors (0.000 secs)
[2015.10.09-00.49.26:853][ 77]Cmd: MAP CHECKDEP NOCLEARLOG
[2015.10.09-00.49.26:959][ 77]MapCheck: Info Map check complete: 0 Error(s), 0 Warning(s), took 105.588ms to complete.
[2015.10.09-00.49.26:959][ 77]LogFileHelpers: Loading map 'Street' took 0.763
[2015.10.09-00.50.06:895][321]LogEditorViewport: Clicking on Actor (LMB): SkeletalMeshActor (Robot3)
[2015.10.09-00.50.43:902][868]LogMaterial: Missing cached shader map for material Brick_04, compiling. 
[2015.10.09-00.50.43:968][868]LogMaterial:Warning: Material /Game/Game/Material/Brick_04.Brick_04 needed to have new flag set bUsedWithSkeletalMesh !
[2015.10.09-00.50.43:972][868]LogMaterial: Missing cached shader map for material Brick_04, compiling. 
[2015.10.09-00.50.44:024][868]LogMaterial: 0.000117 seconds spent updating 1 materials, 1 interfaces, 0 instances, 0 with static permutations.
[2015.10.09-00.51.00:678][ 83]LogSkeletalMesh: InitArticulated: Bodies already created (/Engine/Transient.DebugSkelMeshComponent_0) - call TermArticulated first.
[2015.10.09-00.51.00:866][ 83]LogUObjectGlobals:Warning: Failed to find object 'Object /Engine/Tutorial/SubEditors/PersonaAnimEditorTutorial.PersonaAnimEditorTutorial_C'
[2015.10.09-00.51.03:345][109]LogRenderer: Reallocating scene render targets to support 1208x880 (Frame:1012).
[2015.10.09-00.52.11:308][963]LogPlayLevel: PlayLevel: No blueprints needed recompiling
[2015.10.09-00.52.11:309][963]PIE: New page: PIE session: Street (Oct 8, 2015, 2:52:11 PM)
[2015.10.09-00.52.11:309][963]LogPlayLevel: Creating play world package: /Game/ThirdPersonBP/Maps/UEDPIE_0_Street
[2015.10.09-00.52.11:325][963]LogPlayLevel: PIE: StaticDuplicateObject took: (0.015391s)
[2015.10.09-00.52.11:326][963]LogAIModule: Creating AISystem for world Street
[2015.10.09-00.52.11:326][963]LogPlayLevel: PIE: World Init took: (0.001495s)
[2015.10.09-00.52.11:326][963]LogPlayLevel: PIE: Created PIE world by copying editor world from /Game/ThirdPersonBP/Maps/Street.Street to /Game/ThirdPersonBP/Maps/UEDPIE_0_Street.Street (0.017312s)
[2015.10.09-00.52.11:384][963]LogInit: XAudio2 using 'Speakers (Realtek High Definition Audio)' : 2 channels at 48 kHz using 32 bits per sample (channel mask 0x3)
[2015.10.09-00.52.11:425][963]LogInit: FAudioDevice initialized.
[2015.10.09-00.52.11:483][963]LogWorld: Game class is 'ThirdPersonGameMode_C'
[2015.10.09-00.52.11:499][963]LogWorld: Bringing World /Game/ThirdPersonBP/Maps/UEDPIE_0_Street.Street up for play (max tick rate 0) at 2015.10.08-19.52.11
[2015.10.09-00.52.11:499][963]LogActor:Warning: GameSession /Game/ThirdPersonBP/Maps/UEDPIE_0_Street.Street:PersistentLevel.GameSession_0 has natively added scene component(s), but none of them were set as the actor's RootComponent - picking one arbitrarily
[2015.10.09-00.52.11:500][963]LogActor:Warning: GameNetworkManager /Game/ThirdPersonBP/Maps/UEDPIE_0_Street.Street:PersistentLevel.GameNetworkManager_0 has natively added scene component(s), but none of them were set as the actor's RootComponent - picking one arbitrarily
[2015.10.09-00.52.11:500][963]LogWorld: Bringing up level for play took: 0.015429
[2015.10.09-00.52.11:507][963]PIE: Info Play in editor start time for /Game/ThirdPersonBP/Maps/UEDPIE_0_Street 0.879
[2015.10.09-00.52.35:419][280]LogParticles: Destroying 0 GPU particle simulations for FXSystem 0x0000000003942E80
[2015.10.09-00.52.36:640][294]LogEditorViewport: Clicking on Actor (LMB): SkeletalMeshActor (guy2)
[2015.10.09-00.52.38:286][312]LogEditorViewport: Clicking on Actor (CTRL LMB): SkeletalMeshActor (Robot4)
[2015.10.09-00.52.39:085][321]Cmd: DELETE
[2015.10.09-00.52.39:085][321]Cmd: ACTOR DELETE
[2015.10.09-00.52.39:086][321]LogEditorActor: Deleted Actor: SkeletalMeshActor
[2015.10.09-00.52.39:087][321]LogEditorActor: Deleted Actor: SkeletalMeshActor
[2015.10.09-00.52.39:176][321]LogEditorActor: Deleted 2 Actors (0.091 secs)
[2015.10.09-00.52.44:983][385]LogMaterial: Missing cached shader map for material Outline, compiling. 
[2015.10.09-00.52.45:177][385]LogMaterial: Missing cached shader map for material Outline, compiling. 
[2015.10.09-00.52.45:182][385]LogMaterial: 0.000049 seconds spent updating 1 materials, 1 interfaces, 0 instances, 0 with static permutations.
[2015.10.09-00.52.45:224][385]LogMaterial: Missing cached shader map for material FMatExpressionPreview MaterialExpressionConstant4Vector_0, compiling. 
[2015.10.09-00.52.45:234][385]LogMaterial: Missing cached shader map for material FMatExpressionPreview MaterialExpressionConstant_1, compiling. 
[2015.10.09-00.52.49:607][472]LogSavePackage: Save=535.191956ms
[2015.10.09-00.52.49:607][472]LogSavePackage: Moving '../../../../../../Users/Brandon/Documents/Unreal Projects/SwordProject 4.9/Saved/StreetB1145CD04ABA4842AA223FB765774861.tmp' to '../../../../../../Users/Brandon/Documents/Unreal Projects/SwordProject 4.9/Content/ThirdPersonBP/Maps/Street.umap'
[2015.10.09-00.52.49:628][472]LogSavePackage: Total save time: 627.790835ms
[2015.10.09-00.52.49:628][472]LogSavePackage:Warning: Finished SavePackage ../../../../../../Users/Brandon/Documents/Unreal Projects/SwordProject 4.9/Content/ThirdPersonBP/Maps/Street.umap
[2015.10.09-00.52.49:721][472]LogFileHelpers: Saving map 'Street' took 0.979
[2015.10.09-00.52.49:879][472]LogSavePackage: Save=37.548347ms
[2015.10.09-00.52.49:879][472]LogSavePackage: Moving '../../../../../../Users/Brandon/Documents/Unreal Projects/SwordProject 4.9/Saved/guy089739094DDB1CB9745B6DA0E3E15ED4.tmp' to '../../../../../../Users/Brandon/Documents/Unreal Projects/SwordProject 4.9/Content/Game/Meshes/Characters/Player/guy.uasset'
[2015.10.09-00.52.49:882][472]LogSavePackage: Total save time: 62.817056ms
[2015.10.09-00.52.49:883][472]LogSavePackage:Warning: Finished SavePackage ../../../../../../Users/Brandon/Documents/Unreal Projects/SwordProject 4.9/Content/Game/Meshes/Characters/Player/guy.uasset
[2015.10.09-00.52.49:931][472]Cmd: OBJ SAVEPACKAGE PACKAGE="/Game/Game/Material/Brick_04" FILE="../../../../../../Users/Brandon/Documents/Unreal Projects/SwordProject 4.9/Content/Game/Material/Brick_04.uasset" SILENT=true
[2015.10.09-00.52.50:008][472]LogSavePackage: Save=57.523930ms
[2015.10.09-00.52.50:008][472]LogSavePackage: Moving '../../../../../../Users/Brandon/Documents/Unreal Projects/SwordProject 4.9/Saved/Brick_04CE6E3CF44A7CBEE4A81240A2B22125FD.tmp' to '../../../../../../Users/Brandon/Documents/Unreal Projects/SwordProject 4.9/Content/Game/Material/Brick_04.uasset'
[2015.10.09-00.52.50:012][472]LogSavePackage: Total save time: 79.303659ms
[2015.10.09-00.52.50:012][472]LogSavePackage:Warning: Finished SavePackage ../../../../../../Users/Brandon/Documents/Unreal Projects/SwordProject 4.9/Content/Game/Material/Brick_04.uasset
[2015.10.09-00.52.50:020][472]MaterialEditorStats: Info Base pass shader without light map: 42 instructions
[2015.10.09-00.52.50:020][472]MaterialEditorStats: Info Vertex shader: 31 instructions
[2015.10.09-00.52.50:020][472]MaterialEditorStats: Info Texture samplers: 4/16
[2015.10.09-00.53.09:997][102]LogMaterial: Missing cached shader map for material Outline, compiling. 
[2015.10.09-00.53.10:002][102]LogMaterial: 0.000070 seconds spent updating 1 materials, 1 interfaces, 0 instances, 0 with static permutations.
[2015.10.09-00.53.13:390][205]LogMaterial: Missing cached shader map for material Outline, compiling. 
[2015.10.09-00.53.13:398][205]LogMaterial: 0.000056 seconds spent updating 1 materials, 1 interfaces, 0 instances, 0 with static permutations.
[2015.10.09-00.53.13:912][214]MaterialEditorStats: Info Base pass shader without light map: 17 instructions
[2015.10.09-00.53.13:912][214]MaterialEditorStats: Info Vertex shader: 31 instructions
[2015.10.09-00.53.13:912][214]MaterialEditorStats: Info Texture samplers: 0/16
[2015.10.09-00.53.14:227][222]MaterialEditorStats: Info Base pass shader without light map: 42 instructions
[2015.10.09-00.53.14:227][222]MaterialEditorStats: Info Vertex shader: 31 instructions
[2015.10.09-00.53.14:228][222]MaterialEditorStats: Info Texture samplers: 4/16
[2015.10.09-00.53.14:679][237]LogMaterialEditor: Applying material Outline
[2015.10.09-00.53.16:120][237]LogMaterial: Missing cached shader map for material Outline, compiling. 
[2015.10.09-00.53.16:132][237]LogMaterial: 0.000141 seconds spent updating 1 materials, 1 interfaces, 0 instances, 0 with static permutations.
[2015.10.09-00.53.16:268][237]LogMaterial: Missing cached shader map for material Outline, compiling. 
[2015.10.09-00.53.16:294][237]LogMaterial: Missing cached shader map for material Outline, compiling. 
[2015.10.09-00.53.16:304][237]LogMaterial: 0.002393 seconds spent updating 1 materials, 1 interfaces, 1 instances, 0 with static permutations.
[2015.10.09-00.53.18:580][273]MaterialEditorStats: Info Base pass shader without light map: 67 instructions
[2015.10.09-00.53.18:580][273]MaterialEditorStats: Info Vertex shader: 31 instructions
[2015.10.09-00.53.18:580][273]MaterialEditorStats: Info Texture samplers: 6/16
[2015.10.09-00.53.27:556][419]Cmd: TRANSACTION UNDO
[2015.10.09-00.53.27:556][419]LogEditorTransaction: Undo Create Pin Link
[2015.10.09-00.53.27:592][419]LogMaterial: Missing cached shader map for material Outline, compiling. 
[2015.10.09-00.53.27:650][419]LogMaterial: Missing cached shader map for material Outline, compiling. 
[2015.10.09-00.53.27:656][419]LogMaterial: 0.000061 seconds spent updating 1 materials, 1 interfaces, 0 instances, 0 with static permutations.
[2015.10.09-00.53.28:383][424]Cmd: TRANSACTION UNDO
[2015.10.09-00.53.28:383][424]LogEditorTransaction: Undo Create Pin Link
[2015.10.09-00.53.28:410][424]LogMaterial: Missing cached shader map for material Outline, compiling. 
[2015.10.09-00.53.28:445][424]LogMaterial: Missing cached shader map for material Outline, compiling. 
[2015.10.09-00.53.28:456][424]LogMaterial: 0.000082 seconds spent updating 1 materials, 1 interfaces, 0 instances, 0 with static permutations.
[2015.10.09-00.53.29:957][460]MaterialEditorStats: Info Base pass shader without light map: 17 instructions
[2015.10.09-00.53.29:957][460]MaterialEditorStats: Info Vertex shader: 31 instructions
[2015.10.09-00.53.29:957][460]MaterialEditorStats: Info Texture samplers: 0/16
[2015.10.09-00.53.30:174][466]MaterialEditorStats: Info Base pass shader without light map: 42 instructions
[2015.10.09-00.53.30:174][466]MaterialEditorStats: Info Vertex shader: 31 instructions
[2015.10.09-00.53.30:174][466]MaterialEditorStats: Info Texture samplers: 4/16
[2015.10.09-00.53.41:885][832]LogMaterial: Missing cached shader map for material Outline, compiling. 
[2015.10.09-00.53.41:891][832]LogMaterial: 0.000094 seconds spent updating 1 materials, 1 interfaces, 0 instances, 0 with static permutations.
[2015.10.09-00.53.43:071][864]MaterialEditorStats: Info Base pass shader without light map: 42 instructions
[2015.10.09-00.53.43:071][864]MaterialEditorStats: Info Vertex shader: 31 instructions
[2015.10.09-00.53.43:071][864]MaterialEditorStats: Info Texture samplers: 4/16
[2015.10.09-00.53.43:510][878]LogMaterialEditor: Applying material Outline
[2015.10.09-00.53.45:159][878]LogMaterial: Missing cached shader map for material Outline, compiling. 
[2015.10.09-00.53.45:179][878]LogMaterial: 0.000082 seconds spent updating 1 materials, 1 interfaces, 0 instances, 0 with static permutations.
[2015.10.09-00.53.45:240][878]LogMaterial: Missing cached shader map for material Outline, compiling. 
[2015.10.09-00.53.45:268][878]LogMaterial: Missing cached shader map for material Outline, compiling. 
[2015.10.09-00.53.45:281][878]LogMaterial: 0.002420 seconds spent updating 1 materials, 1 interfaces, 1 instances, 0 with static permutations.
[2015.10.09-00.53.47:568][912]MaterialEditorStats: Info Base pass shader without light map: 67 instructions
[2015.10.09-00.53.47:568][912]MaterialEditorStats: Info Vertex shader: 31 instructions
[2015.10.09-00.53.47:568][912]MaterialEditorStats: Info Texture samplers: 6/16
[2015.10.09-00.54.02:711][146]LogMaterial: Missing cached shader map for material Outline, compiling. 
[2015.10.09-00.54.02:717][146]LogMaterial: 0.000192 seconds spent updating 1 materials, 1 interfaces, 0 instances, 0 with static permutations.
[2015.10.09-00.54.03:800][178]MaterialEditorStats: Info Base pass shader without light map: 42 instructions
[2015.10.09-00.54.03:801][178]MaterialEditorStats: Info Vertex shader: 31 instructions
[2015.10.09-00.54.03:801][178]MaterialEditorStats: Info Texture samplers: 4/16
[2015.10.09-00.54.05:873][242]LogMaterial: Missing cached shader map for material Outline, compiling. 
[2015.10.09-00.54.05:879][242]LogMaterial: 0.000070 seconds spent updating 1 materials, 1 interfaces, 0 instances, 0 with static permutations.
[2015.10.09-00.54.06:830][268]LogMaterialEditor: Applying material Outline
[2015.10.09-00.54.08:377][268]LogMaterial: Missing cached shader map for material Outline, compiling. 
[2015.10.09-00.54.08:390][268]LogMaterial: 0.000072 seconds spent updating 1 materials, 1 interfaces, 0 instances, 0 with static permutations.
[2015.10.09-00.54.08:538][268]LogMaterial: Missing cached shader map for material Outline, compiling. 
[2015.10.09-00.54.08:559][268]LogMaterial: Missing cached shader map for material Outline, compiling. 
[2015.10.09-00.54.08:584][268]LogMaterial: 0.002253 seconds spent updating 1 materials, 1 interfaces, 1 instances, 0 with static permutations.
[2015.10.09-00.54.10:890][294]MaterialEditorStats: Info Base pass shader without light map: 67 instructions
[2015.10.09-00.54.10:891][294]MaterialEditorStats: Info Vertex shader: 31 instructions
[2015.10.09-00.54.10:891][294]MaterialEditorStats: Info Texture samplers: 6/16
[2015.10.09-00.54.19:594][397]LogEditorViewport: Clicking on Actor (LMB): SkeletalMeshActor (guy)
[2015.10.09-00.54.31:978][530]LogEditorViewport: Clicking on Actor (LMB): DirectionalLight (Light Source)
[2015.10.09-00.54.38:399][604]Cmd: TRANSACTION UNDO
[2015.10.09-00.54.38:399][604]LogEditorTransaction: Undo Rotate Actors
[2015.10.09-00.54.38:513][604]LogMaterial: Missing cached shader map for material Outline, compiling. 
[2015.10.09-00.54.38:519][604]LogMaterial: 0.000124 seconds spent updating 1 materials, 1 interfaces, 0 instances, 0 with static permutations.
[2015.10.09-00.54.40:666][627]MaterialEditorStats: Info Base pass shader without light map: 42 instructions
[2015.10.09-00.54.40:667][627]MaterialEditorStats: Info Vertex shader: 31 instructions
[2015.10.09-00.54.40:667][627]MaterialEditorStats: Info Texture samplers: 4/16
[2015.10.09-00.54.47:810][810]LogMaterial: Missing cached shader map for material Outline, compiling. 
[2015.10.09-00.54.47:819][810]LogMaterial: 0.000083 seconds spent updating 1 materials, 1 interfaces, 0 instances, 0 with static permutations.
[2015.10.09-00.54.48:895][837]MaterialEditorStats: Info Base pass shader without light map: 41 instructions
[2015.10.09-00.54.48:895][837]MaterialEditorStats: Info Vertex shader: 31 instructions
[2015.10.09-00.54.48:895][837]MaterialEditorStats: Info Texture samplers: 4/16
[2015.10.09-00.54.49:166][845]LogMaterialEditor: Applying material Outline
[2015.10.09-00.54.50:682][845]LogMaterial: Missing cached shader map for material Outline, compiling. 
[2015.10.09-00.54.50:694][845]LogMaterial: 0.000107 seconds spent updating 1 materials, 1 interfaces, 0 instances, 0 with static permutations.
[2015.10.09-00.54.50:849][845]LogMaterial: Missing cached shader map for material Outline, compiling. 
[2015.10.09-00.54.50:901][845]LogMaterial: Missing cached shader map for material Outline, compiling. 
[2015.10.09-00.54.50:912][845]LogMaterial: 0.002208 seconds spent updating 1 materials, 1 interfaces, 1 instances, 0 with static permutations.
[2015.10.09-00.54.52:826][872]MaterialEditorStats: Info Base pass shader without light map: 66 instructions
[2015.10.09-00.54.52:826][872]MaterialEditorStats: Info Vertex shader: 31 instructions
[2015.10.09-00.54.52:826][872]MaterialEditorStats: Info Texture samplers: 6/16
[2015.10.09-00.54.55:944][906]LogEditorViewport: Clicking on Actor (LMB): SkeletalMeshActor (guy)
[2015.10.09-00.55.00:052][  3]LogMaterial: Missing cached shader map for material Outline, compiling. 
[2015.10.09-00.55.00:060][  3]LogMaterial: 0.000081 seconds spent updating 1 materials, 1 interfaces, 0 instances, 0 with static permutations.
[2015.10.09-00.55.00:114][  3]LogMaterial: Missing cached shader map for material FMatExpressionPreview MaterialExpressionConstant_1, compiling. 
[2015.10.09-00.55.01:217][ 31]LogMaterialEditor: Applying material Outline
[2015.10.09-00.55.02:833][ 31]LogMaterial: Missing cached shader map for material Outline, compiling. 
[2015.10.09-00.55.02:844][ 31]LogMaterial: 0.000047 seconds spent updating 1 materials, 1 interfaces, 0 instances, 0 with static permutations.
[2015.10.09-00.55.02:952][ 31]LogMaterial: Missing cached shader map for material Outline, compiling. 
[2015.10.09-00.55.02:975][ 31]LogMaterial: Missing cached shader map for material Outline, compiling. 
[2015.10.09-00.55.02:988][ 31]LogMaterial: 0.002796 seconds spent updating 1 materials, 1 interfaces, 1 instances, 0 with static permutations.
[2015.10.09-00.55.05:209][ 58]MaterialEditorStats: Info Base pass shader without light map: 67 instructions
[2015.10.09-00.55.05:209][ 58]MaterialEditorStats: Info Vertex shader: 31 instructions
[2015.10.09-00.55.05:209][ 58]MaterialEditorStats: Info Texture samplers: 6/16
[2015.10.09-00.55.11:167][170]LogMaterial: Missing cached shader map for material Outline, compiling. 
[2015.10.09-00.55.11:174][170]LogMaterial: 0.000115 seconds spent updating 1 materials, 1 interfaces, 0 instances, 0 with static permutations.
[2015.10.09-00.55.11:198][170]LogMaterial: Missing cached shader map for material FMatExpressionPreview MaterialExpressionConstant_1, compiling. 
[2015.10.09-00.55.12:152][194]MaterialEditorStats: Info Base pass shader without light map: 41 instructions
[2015.10.09-00.55.12:152][194]MaterialEditorStats: Info Vertex shader: 31 instructions
[2015.10.09-00.55.12:152][194]MaterialEditorStats: Info Texture samplers: 4/16
[2015.10.09-00.55.17:225][357]LogMaterial: Missing cached shader map for material Outline, compiling. 
[2015.10.09-00.55.17:231][357]LogMaterial: 0.000073 seconds spent updating 1 materials, 1 interfaces, 0 instances, 0 with static permutations.
[2015.10.09-00.55.18:181][384]MaterialEditorStats: Info Base pass shader without light map: 41 instructions
[2015.10.09-00.55.18:181][384]MaterialEditorStats: Info Vertex shader: 31 instructions
[2015.10.09-00.55.18:181][384]MaterialEditorStats: Info Texture samplers: 4/16
[2015.10.09-00.55.30:980][791]LogMaterial: Missing cached shader map for material Outline, compiling. 
[2015.10.09-00.55.30:986][791]LogMaterial: 0.000177 seconds spent updating 1 materials, 1 interfaces, 0 instances, 0 with static permutations.
[2015.10.09-00.55.31:991][820]LogMaterialEditor: Applying material Outline
[2015.10.09-00.55.33:452][820]LogMaterial: Missing cached shader map for material Outline, compiling. 
[2015.10.09-00.55.33:464][820]LogMaterial: 0.000086 seconds spent updating 1 materials, 1 interfaces, 0 instances, 0 with static permutations.
[2015.10.09-00.55.33:611][820]LogMaterial: Missing cached shader map for material Outline, compiling. 
[2015.10.09-00.55.33:632][820]LogMaterial: Missing cached shader map for material Outline, compiling. 
[2015.10.09-00.55.33:646][820]LogMaterial: 0.004463 seconds spent updating 1 materials, 1 interfaces, 1 instances, 0 with static permutations.
[2015.10.09-00.55.35:906][852]MaterialEditorStats: Info Base pass shader without light map: 64 instructions
[2015.10.09-00.55.35:906][852]MaterialEditorStats: Info Vertex shader: 31 instructions
[2015.10.09-00.55.35:907][852]MaterialEditorStats: Info Texture samplers: 6/16
[2015.10.09-00.55.49:865][236]LogMaterial: Missing cached shader map for material Outline, compiling. 
[2015.10.09-00.55.49:872][236]LogMaterial: 0.000131 seconds spent updating 1 materials, 1 interfaces, 0 instances, 0 with static permutations.
[2015.10.09-00.55.50:836][267]MaterialEditorStats: Info Base pass shader without light map: 39 instructions
[2015.10.09-00.55.50:836][267]MaterialEditorStats: Info Vertex shader: 31 instructions
[2015.10.09-00.55.50:836][267]MaterialEditorStats: Info Texture samplers: 4/16
[2015.10.09-00.55.51:568][290]LogMaterialEditor: Applying material Outline
[2015.10.09-00.55.53:035][290]LogMaterial: Missing cached shader map for material Outline, compiling. 
[2015.10.09-00.55.53:049][290]LogMaterial: 0.000055 seconds spent updating 1 materials, 1 interfaces, 0 instances, 0 with static permutations.
[2015.10.09-00.55.53:125][290]LogMaterial: Missing cached shader map for material Outline, compiling. 
[2015.10.09-00.55.53:147][290]LogMaterial: Missing cached shader map for material Outline, compiling. 
[2015.10.09-00.55.53:159][290]LogMaterial: 0.002393 seconds spent updating 1 materials, 1 interfaces, 1 instances, 0 with static permutations.
[2015.10.09-00.55.55:269][326]MaterialEditorStats: Info Base pass shader without light map: 64 instructions
[2015.10.09-00.55.55:269][326]MaterialEditorStats: Info Vertex shader: 31 instructions
[2015.10.09-00.55.55:269][326]MaterialEditorStats: Info Texture samplers: 6/16
[2015.10.09-00.56.05:328][598]LogMaterial: Missing cached shader map for material Outline, compiling. 
[2015.10.09-00.56.05:334][598]LogMaterial: 0.000101 seconds spent updating 1 materials, 1 interfaces, 0 instances, 0 with static permutations.
[2015.10.09-00.56.06:203][621]MaterialEditorStats: Info Base pass shader without light map: 38 instructions
[2015.10.09-00.56.06:203][621]MaterialEditorStats: Info Vertex shader: 31 instructions
[2015.10.09-00.56.06:203][621]MaterialEditorStats: Info Texture samplers: 4/16
[2015.10.09-00.56.06:426][628]LogMaterialEditor: Applying material Outline
[2015.10.09-00.56.07:957][628]LogMaterial: Missing cached shader map for material Outline, compiling. 
[2015.10.09-00.56.07:973][628]LogMaterial: 0.000135 seconds spent updating 1 materials, 1 interfaces, 0 instances, 0 with static permutations.
[2015.10.09-00.56.08:089][628]LogMaterial: Missing cached shader map for material Outline, compiling. 
[2015.10.09-00.56.08:108][628]LogMaterial: Missing cached shader map for material Outline, compiling. 
[2015.10.09-00.56.08:127][628]LogMaterial: 0.003750 seconds spent updating 1 materials, 1 interfaces, 1 instances, 0 with static permutations.
[2015.10.09-00.56.10:375][656]MaterialEditorStats: Info Base pass shader without light map: 63 instructions
[2015.10.09-00.56.10:376][656]MaterialEditorStats: Info Vertex shader: 31 instructions
[2015.10.09-00.56.10:376][656]MaterialEditorStats: Info Texture samplers: 6/16
[2015.10.09-00.56.21:177][945]LogMaterial: Missing cached shader map for material Outline, compiling. 
[2015.10.09-00.56.21:184][945]LogMaterial: 0.001898 seconds spent updating 1 materials, 1 interfaces, 0 instances, 0 with static permutations.
[2015.10.09-00.56.22:182][971]MaterialEditorStats: Info Base pass shader without light map: 39 instructions
[2015.10.09-00.56.22:182][971]MaterialEditorStats: Info Vertex shader: 31 instructions
[2015.10.09-00.56.22:182][971]MaterialEditorStats: Info Texture samplers: 4/16
[2015.10.09-00.56.29:365][194]LogMaterialEditor: Applying material Outline
[2015.10.09-00.56.30:878][194]LogMaterial: Missing cached shader map for material Outline, compiling. 
[2015.10.09-00.56.30:892][194]LogMaterial: 0.000057 seconds spent updating 1 materials, 1 interfaces, 0 instances, 0 with static permutations.
[2015.10.09-00.56.30:961][194]LogMaterial: Missing cached shader map for material Outline, compiling. 
[2015.10.09-00.56.30:989][194]LogMaterial: Missing cached shader map for material Outline, compiling. 
[2015.10.09-00.56.31:001][194]LogMaterial: 0.002301 seconds spent updating 1 materials, 1 interfaces, 1 instances, 0 with static permutations.
[2015.10.09-00.56.33:446][229]MaterialEditorStats: Info Base pass shader without light map: 64 instructions
[2015.10.09-00.56.33:446][229]MaterialEditorStats: Info Vertex shader: 31 instructions
[2015.10.09-00.56.33:446][229]MaterialEditorStats: Info Texture samplers: 6/16
[2015.10.09-00.56.35:284][247]LogEditorViewport: Clicking on Actor (LMB): SkeletalMeshActor (Robot3)
[2015.10.09-00.56.50:100][411]LogEditorViewport: Clicking on Actor (LMB): SkeletalMeshActor (guy)
[2015.10.09-00.57.44:515][206]LogMaterial: Missing cached shader map for material Outline, compiling. 
[2015.10.09-00.57.44:522][206]LogMaterial: 0.000188 seconds spent updating 1 materials, 1 interfaces, 0 instances, 0 with static permutations.
[2015.10.09-00.57.45:569][238]LogMaterialEditor: Applying material Outline
[2015.10.09-00.57.47:691][238]LogMaterial: Missing cached shader map for material Outline, compiling. 
[2015.10.09-00.57.47:704][238]LogMaterial: 0.000109 seconds spent updating 1 materials, 1 interfaces, 0 instances, 0 with static permutations.
[2015.10.09-00.57.47:780][238]LogMaterial: Missing cached shader map for material Outline, compiling. 
[2015.10.09-00.57.47:804][238]LogMaterial: Missing cached shader map for material Outline, compiling. 
[2015.10.09-00.57.47:861][238]LogMaterial: 0.003903 seconds spent updating 1 materials, 1 interfaces, 1 instances, 0 with static permutations.
[2015.10.09-00.57.50:037][245]MaterialEditorStats: Info Base pass shader without light map: 65 instructions
[2015.10.09-00.57.50:037][245]MaterialEditorStats: Info Vertex shader: 31 instructions
[2015.10.09-00.57.50:037][245]MaterialEditorStats: Info Texture samplers: 6/16
[2015.10.09-00.59.37:473][635]LogSavePackage: Save=405.753662ms
[2015.10.09-00.59.37:473][635]LogSavePackage: Moving '../../../../../../Users/Brandon/Documents/Unreal Projects/SwordProject 4.9/Saved/StreetF76B83DC48B2A78BF833E184A9498952.tmp' to '../../../../../../Users/Brandon/Documents/Unreal Projects/SwordProject 4.9/Content/ThirdPersonBP/Maps/Street.umap'
[2015.10.09-00.59.37:477][635]LogSavePackage: Total save time: 452.038802ms
[2015.10.09-00.59.37:477][635]LogSavePackage:Warning: Finished SavePackage ../../../../../../Users/Brandon/Documents/Unreal Projects/SwordProject 4.9/Content/ThirdPersonBP/Maps/Street.umap
[2015.10.09-00.59.37:548][635]LogFileHelpers: Saving map 'Street' took 0.673
[2015.10.09-00.59.37:631][635]LogSavePackage: Save=23.019407ms
[2015.10.09-00.59.37:631][635]LogSavePackage: Moving '../../../../../../Users/Brandon/Documents/Unreal Projects/SwordProject 4.9/Saved/Outline803999304624D25C6F07F7AD94A9BFC6.tmp' to '../../../../../../Users/Brandon/Documents/Unreal Projects/SwordProject 4.9/Content/Game/Material/Postprocess/Outline.uasset'
[2015.10.09-00.59.37:635][635]LogSavePackage: Total save time: 46.107236ms
[2015.10.09-00.59.37:635][635]LogSavePackage:Warning: Finished SavePackage ../../../../../../Users/Brandon/Documents/Unreal Projects/SwordProject 4.9/Content/Game/Material/Postprocess/Outline.uasset
[2015.10.09-00.59.56:891][941]Cmd: TRANSACTION UNDO
[2015.10.09-00.59.56:891][941]LogEditorTransaction: Undo Rotate Actors
[2015.10.09-00.59.56:945][941]LogMaterial: Missing cached shader map for material Outline, compiling. 
[2015.10.09-00.59.56:952][941]LogMaterial: 0.000103 seconds spent updating 1 materials, 1 interfaces, 0 instances, 0 with static permutations.
[2015.10.09-00.59.59:011][968]MaterialEditorStats: Info Base pass shader without light map: 40 instructions
[2015.10.09-00.59.59:011][968]MaterialEditorStats: Info Vertex shader: 31 instructions
[2015.10.09-00.59.59:011][968]MaterialEditorStats: Info Texture samplers: 4/16
[2015.10.09-01.00.19:860][239]LogEditorViewport: Clicking on Actor (LMB): SkyLight (SkyLight)
[2015.10.09-01.00.25:102][309]Cmd: DELETE
[2015.10.09-01.00.25:102][309]Cmd: ACTOR DELETE
[2015.10.09-01.00.25:103][309]LogEditorActor: Deleted Actor: SkyLight
[2015.10.09-01.00.25:150][309]LogEditorActor: Deleted 1 Actors (0.047 secs)
[2015.10.09-01.00.54:767][734]LogEditorViewport: Clicking on Actor (LMB): SkeletalMeshActor (guy)
[2015.10.09-01.01.02:234][823]LogEditorViewport: Clicking on Actor (LMB): BP_Sky_Sphere_C (Sky Sphere)
[2015.10.09-01.01.04:364][849]LogEditorViewport: Clicking on Actor (LMB): SkeletalMeshActor (guy)
[2015.10.09-01.01.45:269][349]LogEditorViewport: Clicking on Actor (LMB): SkeletalMeshActor (guy)
[2015.10.09-01.01.51:137][417]Cmd: DELETE
[2015.10.09-01.01.51:137][417]Cmd: ACTOR DELETE
[2015.10.09-01.01.51:138][417]LogEditorActor: Deleted Actor: SkeletalMeshActor
[2015.10.09-01.01.51:223][417]LogEditorActor: Deleted 1 Actors (0.086 secs)
[2015.10.09-01.02.40:655][ 55]Cmd: TRANSACTION UNDO
[2015.10.09-01.02.40:655][ 55]LogEditorTransaction: Undo Rotate Actors
[2015.10.09-01.02.40:659][ 55]LogMaterial: Missing cached shader map for material Outline, compiling. 
[2015.10.09-01.02.40:665][ 55]LogMaterial: 0.000197 seconds spent updating 1 materials, 1 interfaces, 0 instances, 0 with static permutations.
[2015.10.09-01.02.41:507][ 65]LogEditorViewport: Clicking on Actor (LMB): AtmosphericFog (Atmospheric Fog)
[2015.10.09-01.02.42:231][ 72]LogEditorViewport: Clicking on Actor (LMB): AtmosphericFog (Atmospheric Fog)
[2015.10.09-01.02.43:559][ 90]MaterialEditorStats: Info Base pass shader without light map: 40 instructions
[2015.10.09-01.02.43:559][ 90]MaterialEditorStats: Info Vertex shader: 31 instructions
[2015.10.09-01.02.43:559][ 90]MaterialEditorStats: Info Texture samplers: 4/16
[2015.10.09-01.02.58:505][285]Cmd: DELETE
[2015.10.09-01.02.58:505][285]Cmd: ACTOR DELETE
[2015.10.09-01.02.58:506][285]LogEditorActor: Deleted Actor: SkyLight
[2015.10.09-01.02.58:578][285]LogEditorActor: Deleted 1 Actors (0.073 secs)
[2015.10.09-01.03.19:162][554]LogRenderer: Reallocating scene render targets to support 1392x924 (Frame:7832).
[2015.10.09-01.03.31:258][ 18]LogEditorViewport: Clicking on Actor (LMB): SkeletalMeshActor (guy)
[2015.10.09-01.03.47:593][212]LogEditorActor: Deleted Actor: DirectionalLight
[2015.10.09-01.03.47:640][212]LogEditorActor: Deleted 1 Actors (1.397 secs)
[2015.10.09-01.03.59:570][383]Cmd: TRANSACTION UNDO
[2015.10.09-01.03.59:570][383]LogEditorTransaction: Undo Delete selection
[2015.10.09-01.03.59:682][383]LogMaterial: Missing cached shader map for material Outline, compiling. 
[2015.10.09-01.03.59:688][383]LogMaterial: 0.000124 seconds spent updating 1 materials, 1 interfaces, 0 instances, 0 with static permutations.
[2015.10.09-01.04.01:902][413]MaterialEditorStats: Info Base pass shader without light map: 40 instructions
[2015.10.09-01.04.01:902][413]MaterialEditorStats: Info Vertex shader: 31 instructions
[2015.10.09-01.04.01:902][413]MaterialEditorStats: Info Texture samplers: 4/16
[2015.10.09-01.04.05:603][451]LogSavePackage: Save=489.074860ms
[2015.10.09-01.04.05:603][451]LogSavePackage: Moving '../../../../../../Users/Brandon/Documents/Unreal Projects/SwordProject 4.9/Saved/Street5DB14F7C4F9B3C8C635E7CB6B5D1F819.tmp' to '../../../../../../Users/Brandon/Documents/Unreal Projects/SwordProject 4.9/Content/ThirdPersonBP/Maps/Street.umap'
[2015.10.09-01.04.05:606][451]LogSavePackage: Total save time: 513.041880ms
[2015.10.09-01.04.05:606][451]LogSavePackage:Warning: Finished SavePackage ../../../../../../Users/Brandon/Documents/Unreal Projects/SwordProject 4.9/Content/ThirdPersonBP/Maps/Street.umap
[2015.10.09-01.04.05:691][451]LogFileHelpers: Saving map 'Street' took 0.761
[2015.10.09-01.04.05:774][451]LogSavePackage: Save=17.645462ms
[2015.10.09-01.04.05:774][451]LogSavePackage: Moving '../../../../../../Users/Brandon/Documents/Unreal Projects/SwordProject 4.9/Saved/Concrete45F0C1D24CDDBE1B1D584197F8B043DA.tmp' to '../../../../../../Users/Brandon/Documents/Unreal Projects/SwordProject 4.9/Content/Game/Material/Concrete/Concrete.uasset'
[2015.10.09-01.04.05:777][451]LogSavePackage: Total save time: 42.604998ms
[2015.10.09-01.04.05:777][451]LogSavePackage:Warning: Finished SavePackage ../../../../../../Users/Brandon/Documents/Unreal Projects/SwordProject 4.9/Content/Game/Material/Concrete/Concrete.uasset
[2015.10.09-01.04.10:170][501]LogRenderer: Reallocating scene render targets to support 1392x924 (Frame:8816).
[2015.10.09-01.04.11:074][512]LogRenderer: Reallocating scene render targets to support 1392x924 (Frame:8826).
[2015.10.09-01.04.14:705][545]LogContentStreaming: Texture pool size now 1000 MB
[2015.10.09-01.04.15:805][551]LogRenderer: Reallocating scene render targets to support 1392x924 (Frame:8864).
[2015.10.09-01.04.17:618][565]LogContentStreaming: Texture pool size now 200 MB
[2015.10.09-01.04.21:337][585]LogRenderer: Reallocating scene render targets to support 1392x924 (Frame:8897).
[2015.10.09-01.06.32:425][ 61]MapCheck: New page: Map Check
[2015.10.09-01.06.32:482][ 61]Cmd: MAP REBUILD ALLVISIBLE
[2015.10.09-01.06.32:482][ 61]LogEditorServer: Rebuildmap Clear paths rebuilt
[2015.10.09-01.06.32:600][ 61]LightingResults: New page: Lighting Build - Oct 8, 2015, 3:06:32 PM
[2015.10.09-01.06.38:654][ 61]LightingResults:Warning: Performance Warning No importance volume found and the scene is so large that the automatically synthesized volume will not yield good results.  Please add a tightly bounding lightmass importance volume to optimize your scene's quality and lighting build times.
[2015.10.09-01.06.38:655][ 61]LogStaticLightingSystem: Running Lightmass w/ ImmediateImport mode ENABLED
[2015.10.09-01.06.38:655][ 61]LogStaticLightingSystem: Running Lightmass w/ ImmediateProcess mode ENABLED
[2015.10.09-01.06.38:655][ 61]LogStaticLightingSystem: Running Lightmass w/ Sorting mode ENABLED
[2015.10.09-01.06.38:655][ 61]LogStaticLightingSystem: Running Lightmass w/ Mapping paddings ENABLED
[2015.10.09-01.06.38:655][ 61]LogStaticLightingSystem: Running Lightmass w/ Mapping debug paddings DISABLED
[2015.10.09-01.06.39:369][ 61]LogEditorBuildUtils: Build time 0:00:06
[2015.10.09-01.06.43:019][107]LightingResults:Error: Error Building_02_Win Object has overlapping UVs.
[2015.10.09-01.06.43:102][108]LightingResults: Info Building_02_Win Lightmap UV are overlapping by 9.2%. Please adjust content - Enable Error Coloring to visualize.
[2015.10.09-01.06.43:194][110]LightingResults:Error: Error Building_02_Win Object has overlapping UVs.
[2015.10.09-01.06.43:194][110]LightingResults: Info Building_02_Win Lightmap UV are overlapping by 9.2%. Please adjust content - Enable Error Coloring to visualize.
[2015.10.09-01.06.43:259][111]LightingResults:Error: Error Building_02_Win Object has overlapping UVs.
[2015.10.09-01.06.43:379][113]LightingResults: Info Building_02_Win Lightmap UV are overlapping by 9.2%. Please adjust content - Enable Error Coloring to visualize.
[2015.10.09-01.06.43:440][114]LightingResults:Error: Error Building_02_Win Object has overlapping UVs.
[2015.10.09-01.06.43:440][114]LightingResults: Info Building_02_Win Lightmap UV are overlapping by 9.2%. Please adjust content - Enable Error Coloring to visualize.
[2015.10.09-01.06.43:626][117]LightingResults:Error: Error Building_02_Win Object has overlapping UVs.
[2015.10.09-01.06.43:691][118]LightingResults: Info Building_02_Win Lightmap UV are overlapping by 9.2%. Please adjust content - Enable Error Coloring to visualize.
[2015.10.09-01.06.44:740][135]LightingResults:Error: Error Building_02_Win Object has overlapping UVs.
[2015.10.09-01.06.44:740][135]LightingResults: Info Building_02_Win Lightmap UV are overlapping by 9.2%. Please adjust content - Enable Error Coloring to visualize.
[2015.10.09-01.06.45:082][140]LightingResults:Error: Error Building_02_Win Object has overlapping UVs.
[2015.10.09-01.06.45:082][140]LightingResults: Info Building_02_Win Lightmap UV are overlapping by 9.2%. Please adjust content - Enable Error Coloring to visualize.
[2015.10.09-01.06.45:446][147]Job is a success!
[2015.10.09-01.06.45:982][148]LogTexture:Display: Building textures: HQ_Lightmap1_1 (AutoDXT)
[2015.10.09-01.06.46:015][148]LogTexture:Display: Building textures: LQ_Lightmap_0_2 (DXT1)
[2015.10.09-01.06.46:036][148]LogTexture:Display: Building textures: HQ_Lightmap0_2 (AutoDXT)
[2015.10.09-01.06.46:070][148]LogTexture:Display: Building textures: LQ_Lightmap_1_1 (DXT1)
[2015.10.09-01.06.46:188][148]Lightmass on BRANDON-PC: 4.95 sec total, 301 ms importing, 38 ms setup, 220 ms photons, 4.38 sec processing, 0 ms extra exporting [45/45 mappings]. Threads: 17.4 sec total, 9.65 sec processing.
[2015.10.09-01.06.46:264][148]LogStaticLightingSystem: Illumination: 13.5 sec (227 ms encoding lightmaps)
[2015.10.09-01.06.46:264][148]LogStaticLightingSystem: Lightmap texture memory:  0.7 MB (0.7 MB streaming, 0.0 MB non-streaming), 4 textures
[2015.10.09-01.06.46:264][148]LogStaticLightingSystem: Shadowmap texture memory: 0.0 MB (0.0 MB streaming, 0.0 MB non-streaming), 0 textures
[2015.10.09-01.06.46:757][149]Cmd: MAP CHECK NOTIFYRESULTS
[2015.10.09-01.06.46:757][149]MapCheck: New page: Street - Oct 8, 2015, 3:06:46 PM
[2015.10.09-01.06.46:876][149]MapCheck: Info Map check complete: 0 Error(s), 0 Warning(s), took 118.396ms to complete.
[2015.10.09-01.07.07:168][443]Cmd: UpdateLandscapeSetup
[2015.10.09-01.07.09:749][480]MapCheck: New page: Map Check
[2015.10.09-01.07.09:810][480]Cmd: MAP REBUILD ALLVISIBLE
[2015.10.09-01.07.09:810][480]LogEditorServer: Rebuildmap Clear paths rebuilt
[2015.10.09-01.07.09:918][480]LightingResults: New page: Lighting Build - Oct 8, 2015, 3:07:09 PM
[2015.10.09-01.07.10:013][480]LogEditorBuildUtils: Build time 0:00:00
[2015.10.09-01.07.26:339][710]LogEditorViewport: Clicking on Actor (LMB): PostProcessVolume (PostProcessVolume)
[2015.10.09-01.07.31:608][777]LogEditorViewport: Clicking on Actor (LMB): SkeletalMeshActor (guy)
[2015.10.09-01.07.41:694][892]LogEditorViewport: Clicking on Actor (LMB): DirectionalLight (Light Source)
[2015.10.09-01.07.48:081][972]Cmd: TRANSACTION UNDO
[2015.10.09-01.07.48:081][972]LogEditorTransaction: Undo Rotate Actors
[2015.10.09-01.07.48:168][972]LogMaterial: Missing cached shader map for material Outline, compiling. 
[2015.10.09-01.07.48:174][972]LogMaterial: 0.000136 seconds spent updating 1 materials, 1 interfaces, 0 instances, 0 with static permutations.
[2015.10.09-01.07.50:140][985]LogSavePackage: Save=188.039795ms
[2015.10.09-01.07.50:140][985]LogSavePackage: Moving '../../../../../../Users/Brandon/Documents/Unreal Projects/SwordProject 4.9/Saved/Street37485F9D4BB88C9F4651EF9C974AC04E.tmp' to '../../../../../../Users/Brandon/Documents/Unreal Projects/SwordProject 4.9/Content/ThirdPersonBP/Maps/Street.umap'
[2015.10.09-01.07.50:146][985]LogSavePackage: Total save time: 274.850383ms
[2015.10.09-01.07.50:146][985]LogSavePackage:Warning: Finished SavePackage ../../../../../../Users/Brandon/Documents/Unreal Projects/SwordProject 4.9/Content/ThirdPersonBP/Maps/Street.umap
[2015.10.09-01.07.50:280][985]LogFileHelpers: Saving map 'Street' took 0.733
[2015.10.09-01.07.50:336][985]LogSavePackage: Save=6.108603ms
[2015.10.09-01.07.50:336][985]LogSavePackage: Moving '../../../../../../Users/Brandon/Documents/Unreal Projects/SwordProject 4.9/Saved/ConcreteB30496044FF1D6F56EB28FAEAD81F661.tmp' to '../../../../../../Users/Brandon/Documents/Unreal Projects/SwordProject 4.9/Content/Game/Material/Concrete/Concrete.uasset'
[2015.10.09-01.07.50:339][985]LogSavePackage: Total save time: 42.041391ms
[2015.10.09-01.07.50:340][985]LogSavePackage:Warning: Finished SavePackage ../../../../../../Users/Brandon/Documents/Unreal Projects/SwordProject 4.9/Content/Game/Material/Concrete/Concrete.uasset
[2015.10.09-01.07.51:004][992]MaterialEditorStats: Info Base pass shader without light map: 40 instructions
[2015.10.09-01.07.51:004][992]MaterialEditorStats: Info Vertex shader: 31 instructions
[2015.10.09-01.07.51:004][992]MaterialEditorStats: Info Texture samplers: 4/16
[2015.10.09-01.07.56:395][167]LogMaterial: Missing cached shader map for material Outline, compiling. 
[2015.10.09-01.07.56:400][167]LogMaterial: 0.000076 seconds spent updating 1 materials, 1 interfaces, 0 instances, 0 with static permutations.
[2015.10.09-01.07.57:517][200]LogMaterialEditor: Applying material Outline
[2015.10.09-01.07.58:941][200]LogMaterial: Missing cached shader map for material Outline, compiling. 
[2015.10.09-01.07.58:955][200]LogMaterial: 0.000071 seconds spent updating 1 materials, 1 interfaces, 0 instances, 0 with static permutations.
[2015.10.09-01.07.59:049][200]LogMaterial: Missing cached shader map for material Outline, compiling. 
[2015.10.09-01.07.59:080][200]LogMaterial: Missing cached shader map for material Outline, compiling. 
[2015.10.09-01.07.59:141][200]LogMaterial: 0.046655 seconds spent updating 1 materials, 1 interfaces, 1 instances, 0 with static permutations.
[2015.10.09-01.08.01:314][228]MaterialEditorStats: Info Base pass shader without light map: 67 instructions
[2015.10.09-01.08.01:314][228]MaterialEditorStats: Info Vertex shader: 31 instructions
[2015.10.09-01.08.01:314][228]MaterialEditorStats: Info Texture samplers: 6/16
[2015.10.09-01.08.25:942][735]LogMaterial: Missing cached shader map for material Brick04, compiling. 
[2015.10.09-01.08.26:220][735]LogMaterial: Missing cached shader map for material Brick04, compiling. 
[2015.10.09-01.08.26:246][735]LogMaterial: 0.000255 seconds spent updating 1 materials, 1 interfaces, 0 instances, 0 with static permutations.
[2015.10.09-01.08.26:311][735]LogMaterial: Missing cached shader map for material FMatExpressionPreview MaterialExpressionVectorParameter_0, compiling. 
[2015.10.09-01.08.26:320][735]LogMaterial: Missing cached shader map for material FMatExpressionPreview MaterialExpressionConstant3Vector_0, compiling. 
[2015.10.09-01.08.35:293][927]LogMaterial: Missing cached shader map for material Brick04, compiling. 
[2015.10.09-01.08.35:327][927]LogMaterial: 0.000057 seconds spent updating 1 materials, 1 interfaces, 0 instances, 0 with static permutations.
[2015.10.09-01.08.44:279][131]LogMaterial: Missing cached shader map for material Brick04, compiling. 
[2015.10.09-01.08.44:315][131]LogMaterial: 0.000062 seconds spent updating 1 materials, 1 interfaces, 0 instances, 0 with static permutations.
[2015.10.09-01.08.51:687][309]LogMaterial: Missing cached shader map for material Brick04, compiling. 
[2015.10.09-01.08.51:712][309]LogMaterial: 0.000399 seconds spent updating 1 materials, 1 interfaces, 0 instances, 0 with static permutations.
[2015.10.09-01.08.53:904][352]LogMaterial: Missing cached shader map for material Brick04, compiling. 
[2015.10.09-01.08.53:942][352]LogMaterial: 0.000304 seconds spent updating 1 materials, 1 interfaces, 0 instances, 0 with static permutations.
[2015.10.09-01.08.54:898][377]LogMaterialEditor: Applying material Brick04
[2015.10.09-01.08.56:795][377]LogMaterial: Missing cached shader map for material Brick04, compiling. 
[2015.10.09-01.08.56:885][377]LogMaterial: 0.000056 seconds spent updating 1 materials, 1 interfaces, 0 instances, 0 with static permutations.
[2015.10.09-01.08.56:942][377]LogMaterial: Missing cached shader map for material Brick04, compiling. 
[2015.10.09-01.08.57:051][377]LogMaterial: Missing cached shader map for material Brick04, compiling. 
[2015.10.09-01.08.57:187][377]LogMaterial: Missing cached shader map for material Brick04, compiling. 
[2015.10.09-01.08.57:284][377]LogMaterial: 0.187119 seconds spent updating 1 materials, 1 interfaces, 5 instances, 1 with static permutations.
[2015.10.09-01.09.00:963][435]LogSavePackage: Save=36.500244ms
[2015.10.09-01.09.00:963][435]LogSavePackage: Moving '../../../../../../Users/Brandon/Documents/Unreal Projects/SwordProject 4.9/Saved/Concrete7E6CA7864F3EF9F50C96E1992323AB2B.tmp' to '../../../../../../Users/Brandon/Documents/Unreal Projects/SwordProject 4.9/Content/Game/Material/Concrete/Concrete.uasset'
[2015.10.09-01.09.00:986][435]LogSavePackage: Total save time: 92.428710ms
[2015.10.09-01.09.00:986][435]LogSavePackage:Warning: Finished SavePackage ../../../../../../Users/Brandon/Documents/Unreal Projects/SwordProject 4.9/Content/Game/Material/Concrete/Concrete.uasset
[2015.10.09-01.09.26:254][435]Cmd: OBJ SAVEPACKAGE PACKAGE="/Game/Game/Material/Master/Brick04" FILE="../../../../../../Users/Brandon/Documents/Unreal Projects/SwordProject 4.9/Content/Game/Material/Master/Brick04.uasset" SILENT=true
[2015.10.09-01.09.26:547][435]LogSavePackage: Save=252.356094ms
[2015.10.09-01.09.26:547][435]LogSavePackage: Moving '../../../../../../Users/Brandon/Documents/Unreal Projects/SwordProject 4.9/Saved/Brick0430235FC8410B2BA5DC1C8FB958953CFF.tmp' to '../../../../../../Users/Brandon/Documents/Unreal Projects/SwordProject 4.9/Content/Game/Material/Master/Brick04.uasset'
[2015.10.09-01.09.26:553][435]LogSavePackage: Total save time: 296.940140ms
[2015.10.09-01.09.26:553][435]LogSavePackage:Warning: Finished SavePackage ../../../../../../Users/Brandon/Documents/Unreal Projects/SwordProject 4.9/Content/Game/Material/Master/Brick04.uasset
[2015.10.09-01.09.26:966][435]LogSavePackage: Save=69.047104ms
[2015.10.09-01.09.27:014][435]LogSavePackage: Moving '../../../../../../Users/Brandon/Documents/Unreal Projects/SwordProject 4.9/Saved/OutlineA304F4884B7093EAEB316C92CAAE8289.tmp' to '../../../../../../Users/Brandon/Documents/Unreal Projects/SwordProject 4.9/Content/Game/Material/Postprocess/Outline.uasset'
[2015.10.09-01.09.27:017][435]LogSavePackage: Total save time: 265.380234ms
[2015.10.09-01.09.27:017][435]LogSavePackage:Warning: Finished SavePackage ../../../../../../Users/Brandon/Documents/Unreal Projects/SwordProject 4.9/Content/Game/Material/Postprocess/Outline.uasset
[2015.10.09-01.09.28:309][435]MaterialEditorStats: Info Base pass shader with static lighting: 102 instructions
[2015.10.09-01.09.28:309][435]MaterialEditorStats: Info Base pass shader with only dynamic lighting: 77 instructions
[2015.10.09-01.09.28:312][435]MaterialEditorStats: Info Vertex shader: 31 instructions
[2015.10.09-01.09.28:312][435]MaterialEditorStats: Info Texture samplers: 3/16
[2015.10.09-01.10.57:872][ 79]LogSavePackage: Save=18.321535ms
[2015.10.09-01.10.57:872][ 79]LogSavePackage: Moving '../../../../../../Users/Brandon/Documents/Unreal Projects/SwordProject 4.9/Saved/Concrete3F892F194609FFEAD0BEF38870CADE6B.tmp' to '../../../../../../Users/Brandon/Documents/Unreal Projects/SwordProject 4.9/Content/Game/Material/Concrete/Concrete.uasset'
[2015.10.09-01.10.57:875][ 79]LogSavePackage: Total save time: 38.135473ms
[2015.10.09-01.10.57:875][ 79]LogSavePackage:Warning: Finished SavePackage ../../../../../../Users/Brandon/Documents/Unreal Projects/SwordProject 4.9/Content/Game/Material/Concrete/Concrete.uasset
[2015.10.09-01.13.30:610][ 82]LogMaterial: Missing cached shader map for material Outline, compiling. 
[2015.10.09-01.13.30:615][ 82]LogMaterial: 0.000111 seconds spent updating 1 materials, 1 interfaces, 0 instances, 0 with static permutations.
[2015.10.09-01.13.33:828][175]MaterialEditorStats: Info Base pass shader without light map: 40 instructions
[2015.10.09-01.13.33:828][175]MaterialEditorStats: Info Vertex shader: 31 instructions
[2015.10.09-01.13.33:828][175]MaterialEditorStats: Info Texture samplers: 4/16
[2015.10.09-01.13.35:765][247]LogMaterial: Missing cached shader map for material Outline, compiling. 
[2015.10.09-01.13.35:770][247]LogMaterial: 0.000075 seconds spent updating 1 materials, 1 interfaces, 0 instances, 0 with static permutations.
[2015.10.09-01.13.36:724][271]MaterialEditorStats: Info Base pass shader without light map: 42 instructions
[2015.10.09-01.13.36:724][271]MaterialEditorStats: Info Vertex shader: 31 instructions
[2015.10.09-01.13.36:724][271]MaterialEditorStats: Info Texture samplers: 4/16
[2015.10.09-01.13.37:476][299]LogMaterialEditor: Applying material Outline
[2015.10.09-01.13.38:841][299]LogMaterial: Missing cached shader map for material Outline, compiling. 
[2015.10.09-01.13.38:857][299]LogMaterial: 0.000106 seconds spent updating 1 materials, 1 interfaces, 0 instances, 0 with static permutations.
[2015.10.09-01.13.39:023][299]LogMaterial: Missing cached shader map for material Outline, compiling. 
[2015.10.09-01.13.39:041][299]LogMaterial: Missing cached shader map for material Outline, compiling. 
[2015.10.09-01.13.39:097][299]LogMaterial: 0.047077 seconds spent updating 1 materials, 1 interfaces, 1 instances, 0 with static permutations.
[2015.10.09-01.13.41:080][326]MaterialEditorStats: Info Base pass shader without light map: 67 instructions
[2015.10.09-01.13.41:080][326]MaterialEditorStats: Info Vertex shader: 31 instructions
[2015.10.09-01.13.41:080][326]MaterialEditorStats: Info Texture samplers: 6/16
[2015.10.09-01.13.42:796][347]LogEditorViewport: Clicking on Actor (LMB): BP_Sky_Sphere_C (Sky Sphere)
[2015.10.09-01.14.08:499][269]LogEditorViewport: Clicking on Actor (LMB): BP_Sky_Sphere_C (Sky Sphere)
[2015.10.09-01.14.10:279][288]LogSavePackage: Save=21.737820ms
[2015.10.09-01.14.10:279][288]LogSavePackage: Moving '../../../../../../Users/Brandon/Documents/Unreal Projects/SwordProject 4.9/Saved/ConcreteF403FB414D1D2A01BDBC27AAA075C6B3.tmp' to '../../../../../../Users/Brandon/Documents/Unreal Projects/SwordProject 4.9/Content/Game/Material/Concrete/Concrete.uasset'
[2015.10.09-01.14.10:283][288]LogSavePackage: Total save time: 82.870897ms
[2015.10.09-01.14.10:283][288]LogSavePackage:Warning: Finished SavePackage ../../../../../../Users/Brandon/Documents/Unreal Projects/SwordProject 4.9/Content/Game/Material/Concrete/Concrete.uasset
[2015.10.09-01.14.10:387][288]LogSavePackage: Save=24.040146ms
[2015.10.09-01.14.10:387][288]LogSavePackage: Moving '../../../../../../Users/Brandon/Documents/Unreal Projects/SwordProject 4.9/Saved/OutlineADC22B4242042FA325871192DEBD067C.tmp' to '../../../../../../Users/Brandon/Documents/Unreal Projects/SwordProject 4.9/Content/Game/Material/Postprocess/Outline.uasset'
[2015.10.09-01.14.10:390][288]LogSavePackage: Total save time: 51.208355ms
[2015.10.09-01.14.10:390][288]LogSavePackage:Warning: Finished SavePackage ../../../../../../Users/Brandon/Documents/Unreal Projects/SwordProject 4.9/Content/Game/Material/Postprocess/Outline.uasset
[2015.10.09-01.14.29:744][292]LogMaterial: Missing cached shader map for material Brick04, compiling. 
[2015.10.09-01.14.29:785][292]LogMaterial: 0.000095 seconds spent updating 1 materials, 1 interfaces, 0 instances, 0 with static permutations.
[2015.10.09-01.14.35:389][438]LogMaterial: Missing cached shader map for material Brick04, compiling. 
[2015.10.09-01.14.35:419][438]LogMaterial: 0.000064 seconds spent updating 1 materials, 1 interfaces, 0 instances, 0 with static permutations.
[2015.10.09-01.14.39:466][535]LogMaterial: Missing cached shader map for material Brick04, compiling. 
[2015.10.09-01.14.39:496][535]LogMaterial: 0.000111 seconds spent updating 1 materials, 1 interfaces, 0 instances, 0 with static permutations.
[2015.10.09-01.14.39:557][535]LogMaterial: Missing cached shader map for material FMatExpressionPreview MaterialExpressionConstant3Vector_0, compiling. 
[2015.10.09-01.14.43:282][625]LogMaterialEditor: Applying material Brick04
[2015.10.09-01.14.45:354][625]LogMaterial: Missing cached shader map for material Brick04, compiling. 
[2015.10.09-01.14.45:419][625]LogMaterial: 0.000293 seconds spent updating 1 materials, 1 interfaces, 0 instances, 0 with static permutations.
[2015.10.09-01.14.45:622][625]LogMaterial: Missing cached shader map for material Brick04, compiling. 
[2015.10.09-01.14.45:841][625]LogMaterial: Missing cached shader map for material Brick04, compiling. 
[2015.10.09-01.14.45:965][625]LogMaterial: Missing cached shader map for material Brick04, compiling. 
[2015.10.09-01.14.46:034][625]LogMaterial: 0.118035 seconds spent updating 1 materials, 1 interfaces, 5 instances, 1 with static permutations.
[2015.10.09-01.15.22:189][803]MaterialEditorStats: Info Base pass shader with static lighting: 102 instructions
[2015.10.09-01.15.22:189][803]MaterialEditorStats: Info Base pass shader with only dynamic lighting: 77 instructions
[2015.10.09-01.15.22:189][803]MaterialEditorStats: Info Vertex shader: 31 instructions
[2015.10.09-01.15.22:189][803]MaterialEditorStats: Info Texture samplers: 3/16
[2015.10.09-01.15.49:883][210]LogEditorViewport: Clicking on Actor (LMB): DirectionalLight (Light Source)
[2015.10.09-01.16.06:306][406]Cmd: POLY SELECT MEMORY UNION
[2015.10.09-01.16.31:866][718]LogSavePackage: Save=95.099648ms
[2015.10.09-01.16.31:866][718]LogSavePackage: Moving '../../../../../../Users/Brandon/Documents/Unreal Projects/SwordProject 4.9/Saved/StreetA20454834A6B252DB18292BFE92DF070.tmp' to '../../../../../../Users/Brandon/Documents/Unreal Projects/SwordProject 4.9/Content/ThirdPersonBP/Maps/Street.umap'
[2015.10.09-01.16.31:869][718]LogSavePackage: Total save time: 152.839955ms
[2015.10.09-01.16.31:869][718]LogSavePackage:Warning: Finished SavePackage ../../../../../../Users/Brandon/Documents/Unreal Projects/SwordProject 4.9/Content/ThirdPersonBP/Maps/Street.umap
[2015.10.09-01.16.31:945][718]LogFileHelpers: Saving map 'Street' took 0.412
[2015.10.09-01.16.32:030][718]LogSavePackage: Save=18.537056ms
[2015.10.09-01.16.32:030][718]LogSavePackage: Moving '../../../../../../Users/Brandon/Documents/Unreal Projects/SwordProject 4.9/Saved/Concrete8D98771B4AA7A91B8D4D7AB5D36995C0.tmp' to '../../../../../../Users/Brandon/Documents/Unreal Projects/SwordProject 4.9/Content/Game/Material/Concrete/Concrete.uasset'
[2015.10.09-01.16.32:033][718]LogSavePackage: Total save time: 44.138882ms
[2015.10.09-01.16.32:033][718]LogSavePackage:Warning: Finished SavePackage ../../../../../../Users/Brandon/Documents/Unreal Projects/SwordProject 4.9/Content/Game/Material/Concrete/Concrete.uasset
[2015.10.09-01.16.32:079][718]Cmd: OBJ SAVEPACKAGE PACKAGE="/Game/Game/Material/Master/Brick04" FILE="../../../../../../Users/Brandon/Documents/Unreal Projects/SwordProject 4.9/Content/Game/Material/Master/Brick04.uasset" SILENT=true
[2015.10.09-01.16.32:127][718]LogSavePackage: Save=25.148973ms
[2015.10.09-01.16.32:127][718]LogSavePackage: Moving '../../../../../../Users/Brandon/Documents/Unreal Projects/SwordProject 4.9/Saved/Brick042E49BFD341EDEDF105BED08019391D6F.tmp' to '../../../../../../Users/Brandon/Documents/Unreal Projects/SwordProject 4.9/Content/Game/Material/Master/Brick04.uasset'
[2015.10.09-01.16.32:129][718]LogSavePackage: Total save time: 48.725571ms
[2015.10.09-01.16.32:129][718]LogSavePackage:Warning: Finished SavePackage ../../../../../../Users/Brandon/Documents/Unreal Projects/SwordProject 4.9/Content/Game/Material/Master/Brick04.uasset
[2015.10.09-01.17.36:760][848]LogMaterial: Missing cached shader map for material Brick04, compiling. 
[2015.10.09-01.17.36:783][848]LogMaterial: 0.000103 seconds spent updating 1 materials, 1 interfaces, 0 instances, 0 with static permutations.
[2015.10.09-01.17.38:472][885]LogMaterial: Missing cached shader map for material Brick04, compiling. 
[2015.10.09-01.17.38:503][885]LogMaterial: 0.000070 seconds spent updating 1 materials, 1 interfaces, 0 instances, 0 with static permutations.
[2015.10.09-01.17.49:674][154]MaterialEditorStats: Info Base pass shader with static lighting: 75 instructions
[2015.10.09-01.17.49:674][154]MaterialEditorStats: Info Base pass shader with only dynamic lighting: 50 instructions
[2015.10.09-01.17.49:674][154]MaterialEditorStats: Info Vertex shader: 31 instructions
[2015.10.09-01.17.49:674][154]MaterialEditorStats: Info Texture samplers: 2/16
[2015.10.09-01.18.26:620][171]LogMaterial: Missing cached shader map for material Brick04, compiling. 
[2015.10.09-01.18.26:648][171]LogMaterial: 0.000130 seconds spent updating 1 materials, 1 interfaces, 0 instances, 0 with static permutations.
[2015.10.09-01.18.31:522][261]LogMaterial: Missing cached shader map for material Brick04, compiling. 
[2015.10.09-01.18.31:559][261]LogMaterial: 0.000181 seconds spent updating 1 materials, 1 interfaces, 0 instances, 0 with static permutations.
[2015.10.09-01.18.33:954][304]LogMaterial: Missing cached shader map for material Brick04, compiling. 
[2015.10.09-01.18.34:070][304]LogMaterial: 0.000332 seconds spent updating 1 materials, 1 interfaces, 0 instances, 0 with static permutations.
[2015.10.09-01.18.38:330][399]LogMaterial: Missing cached shader map for material Brick04, compiling. 
[2015.10.09-01.18.38:369][399]LogMaterial: 0.001119 seconds spent updating 1 materials, 1 interfaces, 0 instances, 0 with static permutations.
[2015.10.09-01.18.40:278][437]LogMaterial: Missing cached shader map for material Brick04, compiling. 
[2015.10.09-01.18.40:411][437]LogMaterial: 0.000363 seconds spent updating 1 materials, 1 interfaces, 0 instances, 0 with static permutations.
[2015.10.09-01.18.42:145][480]LogMaterialEditor: Applying material Brick04
[2015.10.09-01.18.44:321][480]LogMaterial: Missing cached shader map for material Brick04, compiling. 
[2015.10.09-01.18.44:408][480]LogMaterial: 0.000075 seconds spent updating 1 materials, 1 interfaces, 0 instances, 0 with static permutations.
[2015.10.09-01.18.44:496][480]LogMaterial: Missing cached shader map for material Brick04, compiling. 
[2015.10.09-01.18.44:770][480]LogMaterial: Missing cached shader map for material Brick04, compiling. 
[2015.10.09-01.18.44:907][480]LogMaterial: Missing cached shader map for material Brick04, compiling. 
[2015.10.09-01.18.45:030][480]LogMaterial: 0.161203 seconds spent updating 1 materials, 1 interfaces, 5 instances, 1 with static permutations.
[2015.10.09-01.18.50:783][574]LogMaterial: Missing cached shader map for material Brick04, compiling. 
[2015.10.09-01.18.50:814][574]LogMaterial: 0.000291 seconds spent updating 1 materials, 1 interfaces, 0 instances, 0 with static permutations.
[2015.10.09-01.18.58:600][751]LogMaterial: Missing cached shader map for material Brick04, compiling. 
[2015.10.09-01.18.58:677][751]LogMaterial: 0.000053 seconds spent updating 1 materials, 1 interfaces, 0 instances, 0 with static permutations.
[2015.10.09-01.19.10:724][987]LogMaterial: Missing cached shader map for material Brick04, compiling. 
[2015.10.09-01.19.10:751][987]LogMaterial: 0.000379 seconds spent updating 1 materials, 1 interfaces, 0 instances, 0 with static permutations.
[2015.10.09-01.19.14:258][ 61]LogMaterial: Missing cached shader map for material Brick04, compiling. 
[2015.10.09-01.19.14:296][ 61]LogMaterial: 0.000151 seconds spent updating 1 materials, 1 interfaces, 0 instances, 0 with static permutations.
[2015.10.09-01.19.14:357][ 62]MaterialEditorStats: Info Base pass shader with static lighting: 62 instructions
[2015.10.09-01.19.14:357][ 62]MaterialEditorStats: Info Base pass shader with only dynamic lighting: 37 instructions
[2015.10.09-01.19.14:357][ 62]MaterialEditorStats: Info Vertex shader: 31 instructions
[2015.10.09-01.19.14:357][ 62]MaterialEditorStats: Info Texture samplers: 2/16
[2015.10.09-01.19.15:743][ 78]LogMaterial: Missing cached shader map for material Brick04, compiling. 
[2015.10.09-01.19.15:772][ 78]LogMaterial: 0.000235 seconds spent updating 1 materials, 1 interfaces, 0 instances, 0 with static permutations.
[2015.10.09-01.19.23:570][233]LogMaterial: Missing cached shader map for material Brick04, compiling. 
[2015.10.09-01.19.23:610][233]LogMaterial: 0.000074 seconds spent updating 1 materials, 1 interfaces, 0 instances, 0 with static permutations.
[2015.10.09-01.19.26:199][283]LogMaterialEditor: Applying material Brick04
[2015.10.09-01.19.28:652][283]LogMaterial: Missing cached shader map for material Brick04, compiling. 
[2015.10.09-01.19.28:977][283]LogMaterial: 0.000055 seconds spent updating 1 materials, 1 interfaces, 0 instances, 0 with static permutations.
[2015.10.09-01.19.29:079][283]LogMaterial: Missing cached shader map for material Brick04, compiling. 
[2015.10.09-01.19.29:233][283]LogMaterial: Missing cached shader map for material Brick04, compiling. 
[2015.10.09-01.19.29:310][283]LogMaterial: Missing cached shader map for material Brick04, compiling. 
[2015.10.09-01.19.29:387][283]LogMaterial: 0.104615 seconds spent updating 1 materials, 1 interfaces, 5 instances, 1 with static permutations.
[2015.10.09-01.19.30:607][303]LogSavePackage: Save=37.716404ms
[2015.10.09-01.19.30:607][303]LogSavePackage: Moving '../../../../../../Users/Brandon/Doc