[2015.12.13-19.10.07:486][  0]Log file open, 12/13/15 11:10:07
[2015.12.13-19.10.07:486][  0]LogInit:Display: Running engine for game: SwordProject
[2015.12.13-19.10.07:486][  0]LogInit:Display: RandInit(1108638618) SRandInit(1108638619).
[2015.12.13-19.10.07:486][  0]LogTaskGraph: Started task graph with 4 named threads and 7 total threads.
[2015.12.13-19.10.07:486][  0]LogStats: Stats thread started at 0.351420
[2015.12.13-19.10.07:486][  0]LogInit: Version: 4.9.2-2707645+++depot+UE4-Releases+4.9
[2015.12.13-19.10.07:486][  0]LogInit: API Version: 2672455
[2015.12.13-19.10.07:486][  0]LogInit: Compiled (64-bit): Sep 28 2015 10:25:44
[2015.12.13-19.10.07:486][  0]LogInit: Compiled with Visual C++: 18.00.21005.01
[2015.12.13-19.10.07:486][  0]LogInit: Build Configuration: Development
[2015.12.13-19.10.07:486][  0]LogInit: Branch Name: ++depot+UE4-Releases+4.9
[2015.12.13-19.10.07:486][  0]LogInit: Command line:  
[2015.12.13-19.10.07:486][  0]LogInit: Base directory: C:/Program Files/Epic Games/4.9/Engine/Binaries/Win64/
[2015.12.13-19.10.07:486][  0]LogInit: Rocket: 1
[2015.12.13-19.10.07:553][  0]LogInit: Using libcurl 7.41.0
[2015.12.13-19.10.07:553][  0]LogInit:  - built for x86_64-pc-win32
[2015.12.13-19.10.07:553][  0]LogInit:  - supports SSL with WinSSL
[2015.12.13-19.10.07:553][  0]LogInit:  - other features:
[2015.12.13-19.10.07:553][  0]LogInit:      CURL_VERSION_SSL
[2015.12.13-19.10.07:553][  0]LogInit:      CURL_VERSION_IPV6
[2015.12.13-19.10.07:553][  0]LogInit:      CURL_VERSION_ASYNCHDNS
[2015.12.13-19.10.07:553][  0]LogInit:      CURL_VERSION_LARGEFILE
[2015.12.13-19.10.07:553][  0]LogInit:      CURL_VERSION_IDN
[2015.12.13-19.10.07:553][  0]LogInit:  CurlRequestOptions (configurable via config and command line):
[2015.12.13-19.10.07:554][  0]LogInit:  - bVerifyPeer = true  - Libcurl will verify peer certificate
[2015.12.13-19.10.07:554][  0]LogInit:  - bUseHttpProxy = false  - Libcurl will NOT use HTTP proxy
[2015.12.13-19.10.07:554][  0]LogInit:  - bDontReuseConnections = false  - Libcurl will reuse connections
[2015.12.13-19.10.07:554][  0]LogInit:  - CertBundlePath = nullptr  - Libcurl will use whatever was configured at build time.
[2015.12.13-19.10.07:584][  0]LogInit: Presizing for 0 objects not considered by GC, pre-allocating 0 bytes.
[2015.12.13-19.10.07:613][  0]LogInit: Object subsystem initialized
[2015.12.13-19.10.07:620][  0]LogInit: Selected Device Profile: [Windows]
[2015.12.13-19.10.07:620][  0]LogInit: Applying CVar settings loaded from the selected device profile: [Windows]
[2015.12.13-19.10.07:660][  0]LogInit: Computer: AARONS
[2015.12.13-19.10.07:660][  0]LogInit: User: Aaron
[2015.12.13-19.10.07:660][  0]LogInit: CPU Page size=4096, Cores=4
[2015.12.13-19.10.07:660][  0]LogInit: High frequency timer resolution =1.949467 MHz
[2015.12.13-19.10.07:660][  0]LogMemory: Memory total: Physical=7.5GB (8GB approx)
[2015.12.13-19.10.07:660][  0]LogMemory: Platform Memory Stats for Windows
[2015.12.13-19.10.07:660][  0]LogMemory: Process Physical Memory: 53.02 MB used, 53.02 MB peak
[2015.12.13-19.10.07:660][  0]LogMemory: Process Virtual Memory: 55.07 MB used, 55.07 MB peak
[2015.12.13-19.10.07:660][  0]LogMemory: Physical Memory: 4215.55 MB used, 7643.95 MB total
[2015.12.13-19.10.07:661][  0]LogMemory: Virtual Memory: 345.73 MB used, 134217728.00 MB total
[2015.12.13-19.10.07:781][  0]LogTextLocalizationManager: No specific translations for ('en-US') exist, so ('en') translations will be used.
[2015.12.13-19.10.10:415][  0]LogD3D11RHI: Found D3D11 adapter 0: AMD Radeon HD 8400 (Feature Level 11_0)
[2015.12.13-19.10.10:416][  0]LogD3D11RHI: Adapter has 493MB of dedicated video memory, 0MB of dedicated system memory, and 3584MB of shared system memory, 1 output[s]
[2015.12.13-19.10.10:419][  0]LogD3D11RHI: Found D3D11 adapter 1: Microsoft Basic Render Driver (Feature Level 11_0)
[2015.12.13-19.10.10:419][  0]LogD3D11RHI: Adapter has 0MB of dedicated video memory, 0MB of dedicated system memory, and 256MB of shared system memory, 0 output[s]
[2015.12.13-19.10.10:419][  0]LogD3D11RHI: Chosen D3D11 Adapter Id = 0
[2015.12.13-19.10.10:441][  0]LogD3D11RHI: !Direct3DDevice
[2015.12.13-19.10.10:441][  0]LogRHI: Texture pool is 345 MB (70% of 493 MB)
[2015.12.13-19.10.10:455][  0]LogD3D11RHI: Async texture creation disabled: no driver support
[2015.12.13-19.10.10:476][  0]LogShaderCompilers: Guid format shader working directory is 14 characters bigger than the processId version (../../../../../../Users/Aaron/Documents/Unreal Projects/SwordProject-4.9-master/Intermediate/Shaders/WorkingDirectory/36784/).
[2015.12.13-19.10.10:476][  0]LogShaderCompilers: Cleaned the shader compiler working directory '../../../../../../Users/Aaron/Documents/Unreal Projects/SwordProject-4.9-master/Intermediate/Shaders/tmp/B3F0F7794D9FCF83CFD5FE9D06F8DC5F/'.
[2015.12.13-19.10.10:476][  0]LogShaderCompilers:Display: Using Local Shader Compiler.
[2015.12.13-19.10.15:105][  0]LogTemp:Display: Loaded TP AllDesktopTargetPlatform
[2015.12.13-19.10.15:125][  0]LogTemp:Display: Loaded TP WindowsClientTargetPlatform
[2015.12.13-19.10.15:144][  0]LogTemp:Display: Loaded TP WindowsNoEditorTargetPlatform
[2015.12.13-19.10.15:164][  0]LogTemp:Display: Loaded TP WindowsServerTargetPlatform
[2015.12.13-19.10.15:182][  0]LogTemp:Display: Loaded TP WindowsTargetPlatform
[2015.12.13-19.10.15:196][  0]LogTemp:Display: Loaded TP AndroidTargetPlatform
[2015.12.13-19.10.15:211][  0]LogTemp:Display: Loaded TP Android_ASTCTargetPlatform
[2015.12.13-19.10.15:226][  0]LogTemp:Display: Loaded TP Android_ATCTargetPlatform
[2015.12.13-19.10.15:239][  0]LogTemp:Display: Loaded TP Android_DXTTargetPlatform
[2015.12.13-19.10.15:253][  0]LogTemp:Display: Loaded TP Android_ETC1TargetPlatform
[2015.12.13-19.10.15:269][  0]LogTemp:Display: Loaded TP Android_ETC2TargetPlatform
[2015.12.13-19.10.15:287][  0]LogTemp:Display: Loaded TP Android_PVRTCTargetPlatform
[2015.12.13-19.10.15:291][  0]LogTemp:Display: Loaded TP HTML5TargetPlatform
[2015.12.13-19.10.15:331][  0]LogTemp:Display: Loaded TP IOSTargetPlatform
[2015.12.13-19.10.15:347][  0]LogTemp:Display: Loaded TP LinuxNoEditorTargetPlatform
[2015.12.13-19.10.15:363][  0]LogTemp:Display: Loaded TP LinuxServerTargetPlatform
[2015.12.13-19.10.15:381][  0]LogTemp:Display: Loaded TP LinuxTargetPlatform
[2015.12.13-19.10.15:382][  0]LogTargetPlatformManager:Display: Building Assets For Windows
[2015.12.13-19.10.15:695][  0]LogDerivedDataCache:Display: Max Cache Size: 512 MB
[2015.12.13-19.10.15:983][  0]LogDerivedDataCache: Loaded boot cache 0.29s 42MB C:/Users/Aaron/AppData/Local/UnrealEngine/4.9/DerivedDataCache/Boot.ddc.
[2015.12.13-19.10.15:983][  0]LogDerivedDataCache:Display: Loaded Boot cache: C:/Users/Aaron/AppData/Local/UnrealEngine/4.9/DerivedDataCache/Boot.ddc
[2015.12.13-19.10.15:983][  0]LogDerivedDataCache: FDerivedDataBackendGraph:  Pak pak cache file ../../../../../../Users/Aaron/Documents/Unreal Projects/SwordProject-4.9-master/DerivedDataCache/DDC.ddp not found, will not use a pak cache.
[2015.12.13-19.10.15:983][  0]LogDerivedDataCache: Unable to find inner node Pak for hierarchical cache Hierarchy.
[2015.12.13-19.10.15:984][  0]LogDerivedDataCache: FDerivedDataBackendGraph:  CompressedPak pak cache file ../../../../../../Users/Aaron/Documents/Unreal Projects/SwordProject-4.9-master/DerivedDataCache/Compressed.ddp not found, will not use a pak cache.
[2015.12.13-19.10.15:984][  0]LogDerivedDataCache: Unable to find inner node CompressedPak for hierarchical cache Hierarchy.
[2015.12.13-19.10.16:488][  0]LogDerivedDataCache:Display: Pak cache opened for reading ../../../Engine/DerivedDataCache/Compressed.ddp.
[2015.12.13-19.10.16:503][  0]LogDerivedDataCache: Using Local data cache path C:/Users/Aaron/AppData/Local/UnrealEngine/Common/DerivedDataCache: Writable
[2015.12.13-19.10.17:235][  0]LogInit: Selected Device Profile: [Windows]
[2015.12.13-19.10.17:244][  0]LogContentStreaming: Texture pool size is 0.000000MB
[2015.12.13-19.10.17:696][  0]LogMeshUtilities: No automatic mesh reduction module available
[2015.12.13-19.10.17:697][  0]LogMeshUtilities: No automatic mesh merging module available
[2015.12.13-19.10.18:842][  0]LogInit: WinSock: version 1.1 (2.2), MaxSocks=32767, MaxUdp=65467
[2015.12.13-19.10.21:293][  0]UdpMessaging: Initializing bridge on interface 0.0.0.0:0 to multicast group 230.0.0.1:6666.
[2015.12.13-19.10.21:458][  0]LogAssetRegistry: FAssetRegistry took 0.0119 seconds to start up
[2015.12.13-19.10.22:049][  0]SourceControl: Info Source control is disabled
[2015.12.13-19.10.22:681][  0]LogLinker:Warning: Asset '../../../Engine/Plugins/Runtime/LeapMotionController/Content/LM_PassthroughMaterial.uasset' has been saved with empty engine version. The asset will be loaded but may be incompatible.
[2015.12.13-19.10.22:934][  0]LogObj: 28361 objects as part of root set at end of initial load.
[2015.12.13-19.10.22:934][  0]LogUObjectAllocator: 6038864 out of 0 bytes used by permanent object pool.
[2015.12.13-19.10.23:096][  0]LogEngine: Initializing Engine...
[2015.12.13-19.10.23:105][  0]LogHMD: Can't find Oculus library dev build: is proper Runtime installed? Version: 0.7.0.0
[2015.12.13-19.10.23:106][  0]LogHMD: SteamVR failed to initialize.  Err: 110
[2015.12.13-19.10.23:566][  0]LogAIModule: Creating AISystem for world NewWorld
[2015.12.13-19.10.23:582][  0]LogInit: XAudio2 using 'Speaker/HP (Realtek High Definition Audio)' : 2 channels at 48 kHz using 32 bits per sample (channel mask 0x3)
[2015.12.13-19.10.23:621][  0]LogInit: FAudioDevice initialized.
[2015.12.13-19.10.23:990][  0]LogDerivedDataCache: Saved boot cache 0.37s 42MB C:/Users/Aaron/AppData/Local/UnrealEngine/4.9/DerivedDataCache/Boot.ddc.
[2015.12.13-19.10.24:038][  0]LogInit: Texture streaming: Enabled
[2015.12.13-19.10.24:064][  0]LogAnalytics: Creating configured Analytics provider AnalyticsET
[2015.12.13-19.10.24:064][  0]LogAnalytics: [UEEditor.Rocket.Release] APIServer = http://et2.epicgames.com/ET2/. AppVersion = 4.9.2-2707645+++depot+UE4-Releases+4.9
[2015.12.13-19.10.24:064][  0]LogAnalytics: [UEEditor.Rocket.Release] SetUserId b2676186470d39d8323ee88c5ad92509|4cc6989648b04f0180853fecfbe4390e|54533a2c-70f4-4e67-8a5f-67ff95564374
[2015.12.13-19.10.24:064][  0]LogAnalytics: [UEEditor.Rocket.Release] AnalyticsET::StartSession
[2015.12.13-19.10.24:168][  0]LogInit: Transaction tracking system initialized
[2015.12.13-19.10.24:271][  0]BlueprintLog: New page: Editor Load
[2015.12.13-19.10.24:579][  0]LocalizationService: Info Localization service is disabled
[2015.12.13-19.10.25:305][  0]LogConsoleResponse:Display: 
[2015.12.13-19.10.25:706][  0]LogCook:Display: Done creating registry. It took  0.00s.
[2015.12.13-19.10.25:966][  0]LogFileCache: Scanning file cache for directory 'C:/Users/Aaron/Documents/Unreal Projects/SwordProject-4.9-master/Content/' took 0.03s
[2015.12.13-19.10.25:966][  0]Cmd: MAP LOAD FILE="../../../../../../Users/Aaron/Documents/Unreal Projects/SwordProject-4.9-master/Content/Maps/Town.umap" TEMPLATE=0 SHOWPROGRESS=1 FEATURELEVEL=3
[2015.12.13-19.10.25:968][  0]LightingResults: New page: Lighting Build
[2015.12.13-19.10.25:978][  0]MapCheck: New page: Map Check
[2015.12.13-19.10.25:978][  0]LightingResults: New page: Lighting Build
[2015.12.13-19.10.26:019][  0]LogParticles: Destroying 0 GPU particle simulations for FXSystem 0x00000040BDD22160
[2015.12.13-19.10.35:727][  0]LogAIModule: Creating AISystem for world Town
[2015.12.13-19.10.37:404][  0]LogEditorServer: Finished looking for orphan Actors (0.000 secs)
[2015.12.13-19.10.37:413][  0]Cmd: MAP CHECKDEP NOCLEARLOG
[2015.12.13-19.10.37:758][  0]MapCheck: Info Map check complete: 0 Error(s), 0 Warning(s), took 345.169ms to complete.
[2015.12.13-19.10.37:760][  0]LogFileHelpers: Loading map 'Town' took 11.794
[2015.12.13-19.10.38:076][  0]LogCollectionManager: Loaded 0 collections in 0.008290 seconds
[2015.12.13-19.10.38:157][  0]LogFileCache: Scanning file cache for directory 'C:/Users/Aaron/Documents/Unreal Projects/SwordProject-4.9-master/Saved/Collections/' took 0.01s
[2015.12.13-19.10.38:157][  0]LogFileCache: Scanning file cache for directory 'C:/Users/Aaron/Documents/Unreal Projects/SwordProject-4.9-master/Content/Developers/Aaron/Collections/' took 0.02s
[2015.12.13-19.10.38:157][  0]LogFileCache: Scanning file cache for directory 'C:/Users/Aaron/Documents/Unreal Projects/SwordProject-4.9-master/Content/Collections/' took 0.01s
[2015.12.13-19.10.38:157][  0]LogContentBrowser: Native class hierarchy populated in 0.0296 seconds. Added 1867 classes and 333 folders.
[2015.12.13-19.10.38:176][  0]LogCollectionManager: Rebuilt the GUID cache for 0 collections in 0.000011 seconds
[2015.12.13-19.10.38:210][  0]LogContentBrowser: Native class hierarchy updated for 'WidgetCarousel' in 0.0011 seconds. Added 0 classes and 0 folders.
[2015.12.13-19.10.38:391][  0]LogContentBrowser: Native class hierarchy updated for 'AddContentDialog' in 0.0012 seconds. Added 0 classes and 0 folders.
[2015.12.13-19.10.38:411][  0]LogContentBrowser: Native class hierarchy updated for 'SceneOutliner' in 0.0010 seconds. Added 1 classes and 2 folders.
[2015.12.13-19.10.38:854][  0]LogCrashTracker: Crashtracker disabled due to settings.
[2015.12.13-19.10.38:880][  0]LogUObjectGlobals:Warning: Failed to find object 'Class None.'
[2015.12.13-19.10.38:926][  0]LogLoad: Full Startup: 34.25 seconds (BP compile: 2.87 seconds)
[2015.12.13-19.10.40:077][  0]LogContentStreaming: Texture pool size now 1000 MB
[2015.12.13-19.10.40:482][  0]LogRenderer: Reallocating scene render targets to support 812x444 (Frame:2).
[2015.12.13-19.10.40:850][  1]Cmd: UpdateLandscapeEditorData -warnings
[2015.12.13-19.10.41:673][  3]LogCollectionManager: Rebuilt the object cache for 0 collections in 0.000004 seconds (found 0 objects)
[2015.12.13-19.10.45:838][ 22]LogAssetRegistry: Asset discovery search completed in 24.3912 seconds
[2015.12.13-19.10.45:838][ 22]LogCollectionManager: Fixed up redirectors for 0 collections in 0.000021 seconds (updated 0 objects)
[2015.12.13-19.26.15:104][999]LogHttp:Warning: Timeout processing Http request. 00000040CCF0EE00
[2015.12.14-08.31.48:476][627]LogHttp:Warning: Timeout processing Http request. 00000040AF198400
[2015.12.14-08.46.25:045][687]LogHttp:Warning: Timeout processing Http request. 00000040AF198300
[2015.12.14-09.49.13:053][333]LogHttp:Warning: Timeout processing Http request. 00000040AF198200
[2015.12.14-10.03.18:262][266]LogEditorViewport: Clicking on Actor (context menu): Ai_Character_C (Ai_Character3)
[2015.12.14-10.03.22:075][307]LogBlueprintUserMessages: Early PlayInEditor Detection: Level '/Game/Maps/Town.Town:PersistentLevel' has LevelScriptBlueprint '/Game/Maps/Town.Town:PersistentLevel.Town' with GeneratedClass '/Game/Maps/Town.Town_C' with ClassGeneratedBy '/Game/Maps/Town.Town:PersistentLevel.Town'
[2015.12.14-10.03.22:076][307]LogPlayLevel: PlayLevel: No blueprints needed recompiling
[2015.12.14-10.03.22:144][307]PIE: New page: PIE session: Town (Dec 13, 2015, 6:03:22 PM)
[2015.12.14-10.03.22:162][307]LogPlayLevel: Creating play world package: /Game/Maps/UEDPIE_0_Town
[2015.12.14-10.03.24:116][307]LogPlayLevel: PIE: StaticDuplicateObject took: (1.954189s)
[2015.12.14-10.03.24:123][307]LogAIModule: Creating AISystem for world Town
[2015.12.14-10.03.24:124][307]LogPlayLevel: PIE: World Init took: (0.007735s)
[2015.12.14-10.03.24:146][307]LogPlayLevel: PIE: Created PIE world by copying editor world from /Game/Maps/Town.Town to /Game/Maps/UEDPIE_0_Town.Town (1.984609s)
[2015.12.14-10.03.24:146][307]LogActorComponent: UnregisterComponent: (/Engine/Transient.CharMoveComp) Not registered. Aborting.
[2015.12.14-10.03.24:146][307]LogActorComponent: UnregisterComponent: (/Engine/Transient.PawnSensing_GEN_VARIABLE) Not registered. Aborting.
[2015.12.14-10.03.24:147][307]LogActorComponent: UnregisterComponent: (/Engine/Transient.CharacterMovementComponent_0) Not registered. Aborting.
[2015.12.14-10.03.24:519][307]LogInit: XAudio2 using 'Speaker/HP (Realtek High Definition Audio)' : 2 channels at 48 kHz using 32 bits per sample (channel mask 0x3)
[2015.12.14-10.03.24:570][307]LogInit: FAudioDevice initialized.
[2015.12.14-10.03.25:084][307]LogWorld: Game class is 'ThirdPersonGameMode_C'
[2015.12.14-10.03.25:546][307]LogWorld:Warning: *** WARNING - PATHS MAY NOT BE VALID ***
[2015.12.14-10.03.25:546][307]LogWorld: Bringing World /Game/Maps/UEDPIE_0_Town.Town up for play (max tick rate 60) at 2015.12.14-02.03.25
[2015.12.14-10.03.25:547][307]LogActor:Warning: GameSession /Game/Maps/UEDPIE_0_Town.Town:PersistentLevel.GameSession_0 has natively added scene component(s), but none of them were set as the actor's RootComponent - picking one arbitrarily
[2015.12.14-10.03.25:580][307]LogActor:Warning: GameNetworkManager /Game/Maps/UEDPIE_0_Town.Town:PersistentLevel.GameNetworkManager_0 has natively added scene component(s), but none of them were set as the actor's RootComponent - picking one arbitrarily
[2015.12.14-10.03.25:731][307]LogWorld: Bringing up level for play took: 0.578982
[2015.12.14-10.03.26:241][307]PIE: Info Play in editor start time for /Game/Maps/UEDPIE_0_Town 3.766
[2015.12.14-10.03.26:243][307]LogBlueprintUserMessages: Late PlayInEditor Detection: Level '/Game/Maps/Town.Town:PersistentLevel' has LevelScriptBlueprint '/Game/Maps/Town.Town:PersistentLevel.Town' with GeneratedClass '/Game/Maps/Town.Town_C' with ClassGeneratedBy '/Game/Maps/Town.Town:PersistentLevel.Town'
[2015.12.14-10.03.26:320][307]LogBlueprintUserMessages: [FindTargets_C_0] ImOving
[2015.12.14-10.03.26:338][307]LogBlueprintUserMessages: [FindTargets_C_0] ImOving
[2015.12.14-10.03.26:339][307]LogBlueprintUserMessages: [FindTargets_C_0] ImOving
[2015.12.14-10.03.28:148][314]LogBlueprintUserMessages: [Shotgun_C_0] Hello
[2015.12.14-10.03.29:949][330]LogBlueprintUserMessages: [Door_01_174] yo
[2015.12.14-10.03.29:996][331]LogBlueprintUserMessages: [Door_01_174] yo
[2015.12.14-10.03.29:996][331]LogBlueprintUserMessages: [Door_01_174] yo
[2015.12.14-10.03.29:998][331]LogBlueprintUserMessages: [RobotCharacter_C_0] X=-0.000 Y=-1.000 Z=0.000
[2015.12.14-10.03.30:101][331]LogAnimation:Warning: JumpToSectionName Root bEndOfSection: 0 failed for Montage RobotCharacter01_Climb_Montage
[2015.12.14-10.03.30:283][333]LogBlueprintUserMessages: [Door_01_174] yo
[2015.12.14-10.03.30:900][342]LogBlueprintUserMessages: [Door_01_174] yo
[2015.12.14-10.03.30:979][343]LogBlueprintUserMessages: [Door_01_174] yo
[2015.12.14-10.03.32:769][364]LogBlueprintUserMessages: [RobotCharacter_C_0] X=-0.000 Y=1.000 Z=-0.001
[2015.12.14-10.03.32:770][364]LogAnimation:Warning: JumpToSectionName Root bEndOfSection: 0 failed for Montage RobotCharacter01_Climb_Montage
[2015.12.14-10.03.32:847][365]LogBlueprintUserMessages: [FindTargets_C_0] ImOving
[2015.12.14-10.03.33:646][375]LogBlueprintUserMessages: [FindTargets_C_0] ImOving
[2015.12.14-10.03.34:915][391]LogBlueprintUserMessages: [FindTargets_C_0] ImOving
[2015.12.14-10.03.35:303][396]LogBlueprintUserMessages: [RobotCharacter_C_0] X=0.000 Y=-1.000 Z=0.000
[2015.12.14-10.03.35:304][396]LogAnimation:Warning: JumpToSectionName Root bEndOfSection: 0 failed for Montage RobotCharacter01_Climb_Montage
[2015.12.14-10.03.36:349][410]LogBlueprintUserMessages: [Door_01_174] yo
[2015.12.14-10.03.36:430][411]LogBlueprintUserMessages: [Door_01_174] yo
[2015.12.14-10.03.36:577][413]LogBlueprintUserMessages: [Door_01_174] yo
[2015.12.14-10.03.37:565][426]LogBlueprintUserMessages: [Door_01_174] yo
[2015.12.14-10.03.39:079][445]LogBlueprintUserMessages: [Door_01_174] yo
[2015.12.14-10.03.39:242][447]LogBlueprintUserMessages: [Door_01_174] yo
[2015.12.14-10.03.39:572][451]LogBlueprintUserMessages: [FindTargets_C_0] ImOving
[2015.12.14-10.03.40:057][457]LogBlueprintUserMessages: [RobotCharacter_C_0] X=-0.000 Y=1.000 Z=-0.001
[2015.12.14-10.03.40:057][457]LogAnimation:Warning: JumpToSectionName Root bEndOfSection: 0 failed for Montage RobotCharacter01_Climb_Montage
[2015.12.14-10.03.40:145][458]LogBlueprintUserMessages: [FindTargets_C_0] ImOving
[2015.12.14-10.03.42:857][492]LogBlueprintUserMessages: [FindTargets_C_0] ImOving
[2015.12.14-10.03.46:118][533]LogBlueprintUserMessages: [FindTargets_C_0] ImOving
[2015.12.14-10.03.48:666][564]LogBlueprintUserMessages: [FindTargets_C_0] ImOving
[2015.12.14-10.03.52:334][609]LogBlueprintUserMessages: [RobotCharacter_C_0] X=0.000 Y=1.000 Z=0.000
[2015.12.14-10.03.52:334][609]LogAnimation:Warning: JumpToSectionName Root bEndOfSection: 0 failed for Montage RobotCharacter01_Climb_Montage
[2015.12.14-10.03.53:689][625]LogBlueprintUserMessages: [FindTargets_C_0] ImOving
[2015.12.14-10.03.54:393][633]LogBlueprintUserMessages: [FindTargets_C_0] ImOving
[2015.12.14-10.03.56:697][660]LogBlueprintUserMessages: [FindTargets_C_0] ImOving
[2015.12.14-10.03.59:022][688]LogBlueprintUserMessages: [RobotCharacter_C_0] X=-1.000 Y=0.000 Z=0.000
[2015.12.14-10.03.59:022][688]LogAnimation:Warning: JumpToSectionName Root bEndOfSection: 0 failed for Montage RobotCharacter01_Climb_Montage
[2015.12.14-10.04.00:012][699]LogBlueprintUserMessages: [FindTargets_C_0] ImOving
[2015.12.14-10.04.00:545][705]LogBlueprintUserMessages: [RobotCharacter_C_0] X=0.000 Y=1.000 Z=0.000
[2015.12.14-10.04.00:545][705]LogAnimation:Warning: JumpToSectionName Root bEndOfSection: 0 failed for Montage RobotCharacter01_Climb_Montage
[2015.12.14-10.04.01:429][715]LogBlueprintUserMessages: [RobotCharacter_C_0] X=0.000 Y=1.000 Z=0.000
[2015.12.14-10.04.01:429][715]LogAnimation:Warning: JumpToSectionName Root bEndOfSection: 0 failed for Montage RobotCharacter01_Climb_Montage
[2015.12.14-10.04.04:007][744]LogBlueprintUserMessages: [FindTargets_C_0] ImOving
[2015.12.14-10.04.07:442][782]LogBlueprintUserMessages: [FindTargets_C_0] ImOving
[2015.12.14-10.04.09:184][802]LogBlueprintUserMessages: [FindTargets_C_0] ImOving
[2015.12.14-10.04.10:902][821]LogBlueprintUserMessages: Early EndPlayMap Detection: Level '/Game/Maps/Town.Town:PersistentLevel' has LevelScriptBlueprint '/Game/Maps/Town.Town:PersistentLevel.Town' with GeneratedClass '/Game/Maps/Town.Town_C' with ClassGeneratedBy '/Game/Maps/Town.Town:PersistentLevel.Town'
[2015.12.14-10.04.11:443][821]LogBlueprintUserMessages: Late EndPlayMap Detection: Level '/Game/Maps/Town.Town:PersistentLevel' has LevelScriptBlueprint '/Game/Maps/Town.Town:PersistentLevel.Town' with GeneratedClass '/Game/Maps/Town.Town_C' with ClassGeneratedBy '/Game/Maps/Town.Town:PersistentLevel.Town'
[2015.12.14-10.04.11:534][821]LogParticles: Destroying 0 GPU particle simulations for FXSystem 0x00000040DDD43560
[2015.12.14-10.49.51:203][363]LogHttp:Warning: Timeout processing Http request. 00000040C4F68E00
[2015.12.14-11.09.52:091][611]LogHttp:Warning: Timeout processing Http request. 00000040C4F68E00
[2015.12.14-12.42.02:225][803]LogHttp:Warning: Timeout processing Http request. 00000040C4F68D00
[2015.12.14-12.54.48:388][628]LogEditorViewport: Clicking on Actor (context menu): BP_Sky_Sphere_C (Sky Sphere)
[2015.12.14-13.15.02:299][465]LogBlueprintUserMessages: Early PlayInEditor Detection: Level '/Game/Maps/Town.Town:PersistentLevel' has LevelScriptBlueprint '/Game/Maps/Town.Town:PersistentLevel.Town' with GeneratedClass '/Game/Maps/Town.Town_C' with ClassGeneratedBy '/Game/Maps/Town.Town:PersistentLevel.Town'
[2015.12.14-13.15.02:299][465]LogPlayLevel: PlayLevel: No blueprints needed recompiling
[2015.12.14-13.15.02:300][465]PIE: New page: PIE session: Town (Dec 13, 2015, 9:15:02 PM)
[2015.12.14-13.15.02:300][465]LogPlayLevel: Creating play world package: /Game/Maps/UEDPIE_0_Town
[2015.12.14-13.15.03:654][465]LogPlayLevel: PIE: StaticDuplicateObject took: (1.355068s)
[2015.12.14-13.15.03:660][465]LogAIModule: Creating AISystem for world Town
[2015.12.14-13.15.03:660][465]LogPlayLevel: PIE: World Init took: (0.005828s)
[2015.12.14-13.15.03:661][465]LogPlayLevel: PIE: Created PIE world by copying editor world from /Game/Maps/Town.Town to /Game/Maps/UEDPIE_0_Town.Town (1.361875s)
[2015.12.14-13.15.03:661][465]LogActorComponent: UnregisterComponent: (/Engine/Transient.CharMoveComp) Not registered. Aborting.
[2015.12.14-13.15.03:661][465]LogActorComponent: UnregisterComponent: (/Engine/Transient.PawnSensing_GEN_VARIABLE) Not registered. Aborting.
[2015.12.14-13.15.03:742][465]LogInit: XAudio2 using 'Speaker/HP (Realtek High Definition Audio)' : 2 channels at 48 kHz using 32 bits per sample (channel mask 0x3)
[2015.12.14-13.15.03:784][465]LogInit: FAudioDevice initialized.
[2015.12.14-13.15.03:862][465]LogWorld: Game class is 'ThirdPersonGameMode_C'
[2015.12.14-13.15.04:134][465]LogWorld:Warning: *** WARNING - PATHS MAY NOT BE VALID ***
[2015.12.14-13.15.04:134][465]LogWorld: Bringing World /Game/Maps/UEDPIE_0_Town.Town up for play (max tick rate 0) at 2015.12.14-05.15.04
[2015.12.14-13.15.04:134][465]LogActor:Warning: GameSession /Game/Maps/UEDPIE_0_Town.Town:PersistentLevel.GameSession_1 has natively added scene component(s), but none of them were set as the actor's RootComponent - picking one arbitrarily
[2015.12.14-13.15.04:136][465]LogActor:Warning: GameNetworkManager /Game/Maps/UEDPIE_0_Town.Town:PersistentLevel.GameNetworkManager_1 has natively added scene component(s), but none of them were set as the actor's RootComponent - picking one arbitrarily
[2015.12.14-13.15.04:159][465]LogWorld: Bringing up level for play took: 0.287044
[2015.12.14-13.15.04:184][465]PIE: Info Play in editor start time for /Game/Maps/UEDPIE_0_Town 1.727
[2015.12.14-13.15.04:185][465]LogBlueprintUserMessages: Late PlayInEditor Detection: Level '/Game/Maps/Town.Town:PersistentLevel' has LevelScriptBlueprint '/Game/Maps/Town.Town:PersistentLevel.Town' with GeneratedClass '/Game/Maps/Town.Town_C' with ClassGeneratedBy '/Game/Maps/Town.Town:PersistentLevel.Town'
[2015.12.14-13.15.04:192][465]LogBlueprintUserMessages: [FindTargets_C_1] ImOving
[2015.12.14-13.15.04:194][465]LogBlueprintUserMessages: [FindTargets_C_1] ImOving
[2015.12.14-13.15.04:195][465]LogBlueprintUserMessages: [FindTargets_C_1] ImOving
[2015.12.14-13.15.09:832][531]LogBlueprintUserMessages: [FindTargets_C_1] ImOving
[2015.12.14-13.15.10:078][534]LogBlueprintUserMessages: [FindTargets_C_1] ImOving
[2015.12.14-13.15.10:651][541]LogBlueprintUserMessages: [FindTargets_C_1] ImOving
[2015.12.14-13.15.13:702][579]LogBlueprintUserMessages: [Ai_Character_C_0] gwgwgwgwgw
[2015.12.14-13.15.14:245][585]LogBlueprintUserMessages: [Ai_Character_C_0] gwgwgwgwgw
[2015.12.14-13.15.14:807][591]LogBlueprintUserMessages: [Ai_Character_C_0] gwgwgwgwgw
[2015.12.14-13.15.15:525][599]LogCharacterMovement:Warning: CharMoveComp could not find overlap body for bone WeaponArmature
[2015.12.14-13.15.15:615][600]LogCharacterMovement:Warning: CharMoveComp could not find overlap body for bone WeaponArmature
[2015.12.14-13.15.15:707][601]LogCharacterMovement:Warning: CharMoveComp could not find overlap body for bone WeaponArmature
[2015.12.14-13.15.15:804][602]LogCharacterMovement:Warning: CharMoveComp could not find overlap body for bone WeaponArmature
[2015.12.14-13.15.15:890][603]LogCharacterMovement:Warning: CharMoveComp could not find overlap body for bone WeaponArmature
[2015.12.14-13.15.15:978][604]LogCharacterMovement:Warning: CharMoveComp could not find overlap body for bone WeaponArmature
[2015.12.14-13.15.16:067][605]LogCharacterMovement:Warning: CharMoveComp could not find overlap body for bone WeaponArmature
[2015.12.14-13.15.16:155][606]LogCharacterMovement:Warning: CharMoveComp could not find overlap body for bone WeaponArmature
[2015.12.14-13.15.16:243][607]LogCharacterMovement:Warning: CharMoveComp could not find overlap body for bone WeaponArmature
[2015.12.14-13.15.16:334][608]LogCharacterMovement:Warning: CharMoveComp could not find overlap body for bone WeaponArmature
[2015.12.14-13.15.16:427][609]LogCharacterMovement:Warning: CharMoveComp could not find overlap body for bone WeaponArmature
[2015.12.14-13.15.16:519][610]LogCharacterMovement:Warning: CharMoveComp could not find overlap body for bone WeaponArmature
[2015.12.14-13.15.16:609][611]LogCharacterMovement:Warning: CharMoveComp could not find overlap body for bone WeaponArmature
[2015.12.14-13.15.16:612][611]LogBlueprintUserMessages: [FindTargets_C_1] ImOving
[2015.12.14-13.15.16:701][612]LogCharacterMovement:Warning: CharMoveComp could not find overlap body for bone WeaponArmature
[2015.12.14-13.15.16:795][613]LogCharacterMovement:Warning: CharMoveComp could not find overlap body for bone WeaponArmature
[2015.12.14-13.15.17:721][623]LogBlueprintUserMessages: [FindTargets_C_1] ImOving
[2015.12.14-13.15.17:809][624]LogBlueprintUserMessages: [FindTargets_C_1] ImOving
[2015.12.14-13.15.21:841][673]LogCharacterMovement:Warning: CharMoveComp could not find overlap body for bone WeaponArmature
[2015.12.14-13.15.21:919][674]LogCharacterMovement:Warning: CharMoveComp could not find overlap body for bone WeaponArmature
[2015.12.14-13.15.23:985][700]LogBlueprintUserMessages: [Ai_Character_C_0] gwgwgwgwgw
[2015.12.14-13.15.24:304][704]LogBlueprintUserMessages: [FindTargets_C_1] ImOving
[2015.12.14-13.15.25:655][721]LogBlueprintUserMessages: [FindTargets_C_1] ImOving
[2015.12.14-13.15.25:661][721]LogBlueprintUserMessages: [Ai_Character_C_0] gwgwgwgwgw
[2015.12.14-13.15.27:806][748]LogCharacterMovement:Warning: CharMoveComp could not find overlap body for bone WeaponArmature
[2015.12.14-13.15.27:880][749]LogCharacterMovement:Warning: CharMoveComp could not find overlap body for bone WeaponArmature
[2015.12.14-13.15.27:957][750]LogCharacterMovement:Warning: CharMoveComp could not find overlap body for bone WeaponArmature
[2015.12.14-13.15.28:712][760]LogBlueprintUserMessages: [FindTargets_C_1] ImOving
[2015.12.14-13.15.30:041][778]LogBlueprintUserMessages: [Ai_Character_C_0] gwgwgwgwgw
[2015.12.14-13.15.32:220][808]LogBlueprintUserMessages: [FindTargets_C_1] ImOving
[2015.12.14-13.15.33:311][823]LogCharacterMovement:Warning: CharMoveComp could not find overlap body for bone WeaponArmature
[2015.12.14-13.15.33:380][824]LogCharacterMovement:Warning: CharMoveComp could not find overlap body for bone WeaponArmature
[2015.12.14-13.15.34:342][837]LogBlueprintUserMessages: [FindTargets_C_1] ImOving
[2015.12.14-13.15.35:777][857]LogBlueprintUserMessages: Early EndPlayMap Detection: Level '/Game/Maps/Town.Town:PersistentLevel' has LevelScriptBlueprint '/Game/Maps/Town.Town:PersistentLevel.Town' with GeneratedClass '/Game/Maps/Town.Town_C' with ClassGeneratedBy '/Game/Maps/Town.Town:PersistentLevel.Town'
[2015.12.14-13.15.35:906][857]LogBlueprintUserMessages: Late EndPlayMap Detection: Level '/Game/Maps/Town.Town:PersistentLevel' has LevelScriptBlueprint '/Game/Maps/Town.Town:PersistentLevel.Town' with GeneratedClass '/Game/Maps/Town.Town_C' with ClassGeneratedBy '/Game/Maps/Town.Town:PersistentLevel.Town'
[2015.12.14-13.15.35:968][857]LogParticles: Destroying 0 GPU particle simulations for FXSystem 0x00000040C00A3E20
[2015.12.14-13.15.38:370][895]LogLinker:Warning: Asset '../../../Engine/Content/ArtTools/RenderToTexture/Macros/RenderToTextureMacros.uasset' has been saved with empty engine version. The asset will be loaded but may be incompatible.
[2015.12.14-13.15.41:595][895]LogContentBrowser: Native class hierarchy updated for 'BlueprintGraph' in 0.0181 seconds. Added 107 classes and 0 folders.
[2015.12.14-13.16.00:281][209]LogActorComponent: UnregisterComponent: (/Engine/Transient.CharMoveComp) Not registered. Aborting.
[2015.12.14-13.16.00:281][209]LogActorComponent: UnregisterComponent: (/Engine/Transient.PawnSensing_GEN_VARIABLE) Not registered. Aborting.
[2015.12.14-13.16.01:635][256]BlueprintLog: New page: Compile Ai_Character
[2015.12.14-13.16.02:105][256]LogActorComponent: UnregisterComponent: (/Engine/Transient.CharacterMovementComponent_1) Not registered. Aborting.
[2015.12.14-13.16.02:105][256]LogActorComponent: UnregisterComponent: (/Engine/Transient.PawnSensingComponent_0) Not registered. Aborting.
[2015.12.14-13.16.02:415][256]Cmd: OBJ SAVEPACKAGE PACKAGE="/Game/Game/Ai/Ai_Character" FILE="../../../../../../Users/Aaron/Documents/Unreal Projects/SwordProject-4.9-master/Content/Game/Ai/Ai_Character.uasset" SILENT=true
[2015.12.14-13.16.03:192][256]LogSavePackage: Save=544.406250ms
[2015.12.14-13.16.03:193][256]LogSavePackage: Moving '../../../../../../Users/Aaron/Documents/Unreal Projects/SwordProject-4.9-master/Saved/Ai_CharacterD9F898DF4A64E65BFF38388A168F641E.tmp' to '../../../../../../Users/Aaron/Documents/Unreal Projects/SwordProject-4.9-master/Content/Game/Ai/Ai_Character.uasset'
[2015.12.14-13.16.03:201][256]LogSavePackage: Total save time: 781.636726ms
[2015.12.14-13.16.03:201][256]LogSavePackage:Warning: Finished SavePackage ../../../../../../Users/Aaron/Documents/Unreal Projects/SwordProject-4.9-master/Content/Game/Ai/Ai_Character.uasset
[2015.12.14-13.16.03:206][256]BlueprintEditorCompileResults: Info [5158.57] Compile of Ai_Character successful! [in 1,570 ms]
[2015.12.14-13.16.09:557][319]LogBlueprintUserMessages: Early PlayInEditor Detection: Level '/Game/Maps/Town.Town:PersistentLevel' has LevelScriptBlueprint '/Game/Maps/Town.Town:PersistentLevel.Town' with GeneratedClass '/Game/Maps/Town.Town_C' with ClassGeneratedBy '/Game/Maps/Town.Town:PersistentLevel.Town'
[2015.12.14-13.16.09:558][319]LogPlayLevel: PlayLevel: No blueprints needed recompiling
[2015.12.14-13.16.09:558][319]PIE: New page: PIE session: Town (Dec 13, 2015, 9:16:09 PM)
[2015.12.14-13.16.09:558][319]LogPlayLevel: Creating play world package: /Game/Maps/UEDPIE_0_Town
[2015.12.14-13.16.10:013][319]LogPlayLevel: PIE: StaticDuplicateObject took: (0.454315s)
[2015.12.14-13.16.10:017][319]LogAIModule: Creating AISystem for world Town
[2015.12.14-13.16.10:017][319]LogPlayLevel: PIE: World Init took: (0.004584s)
[2015.12.14-13.16.10:018][319]LogPlayLevel: PIE: Created PIE world by copying editor world from /Game/Maps/Town.Town to /Game/Maps/UEDPIE_0_Town.Town (0.459856s)
[2015.12.14-13.16.10:018][319]LogActorComponent: UnregisterComponent: (/Engine/Transient.CharMoveComp) Not registered. Aborting.
[2015.12.14-13.16.10:018][319]LogActorComponent: UnregisterComponent: (/Engine/Transient.PawnSensing_GEN_VARIABLE) Not registered. Aborting.
[2015.12.14-13.16.10:153][319]LogInit: XAudio2 using 'Speaker/HP (Realtek High Definition Audio)' : 2 channels at 48 kHz using 32 bits per sample (channel mask 0x3)
[2015.12.14-13.16.10:183][319]LogInit: FAudioDevice initialized.
[2015.12.14-13.16.10:254][319]LogWorld: Game class is 'ThirdPersonGameMode_C'
[2015.12.14-13.16.10:504][319]LogWorld:Warning: *** WARNING - PATHS MAY NOT BE VALID ***
[2015.12.14-13.16.10:504][319]LogWorld: Bringing World /Game/Maps/UEDPIE_0_Town.Town up for play (max tick rate 0) at 2015.12.14-05.16.10
[2015.12.14-13.16.10:505][319]LogActor:Warning: GameSession /Game/Maps/UEDPIE_0_Town.Town:PersistentLevel.GameSession_2 has natively added scene component(s), but none of them were set as the actor's RootComponent - picking one arbitrarily
[2015.12.14-13.16.10:506][319]LogActor:Warning: GameNetworkManager /Game/Maps/UEDPIE_0_Town.Town:PersistentLevel.GameNetworkManager_2 has natively added scene component(s), but none of them were set as the actor's RootComponent - picking one arbitrarily
[2015.12.14-13.16.10:527][319]LogWorld: Bringing up level for play took: 0.261817
[2015.12.14-13.16.10:546][319]PIE: Info Play in editor start time for /Game/Maps/UEDPIE_0_Town 0.089
[2015.12.14-13.16.10:547][319]LogBlueprintUserMessages: Late PlayInEditor Detection: Level '/Game/Maps/Town.Town:PersistentLevel' has LevelScriptBlueprint '/Game/Maps/Town.Town:PersistentLevel.Town' with GeneratedClass '/Game/Maps/Town.Town_C' with ClassGeneratedBy '/Game/Maps/Town.Town:PersistentLevel.Town'
[2015.12.14-13.16.10:549][319]LogBlueprintUserMessages: [FindTargets_C_2] ImOving
[2015.12.14-13.16.10:550][319]LogBlueprintUserMessages: [FindTargets_C_2] ImOving
[2015.12.14-13.16.10:550][319]LogBlueprintUserMessages: [FindTargets_C_2] ImOving
[2015.12.14-13.16.16:352][383]LogBlueprintUserMessages: [FindTargets_C_2] ImOving
[2015.12.14-13.16.16:352][383]LogBlueprintUserMessages: [FindTargets_C_2] ImOving
[2015.12.14-13.16.16:688][387]LogBlueprintUserMessages: [FindTargets_C_2] ImOving
[2015.12.14-13.16.16:770][388]LogCharacterMovement:Warning: CharMoveComp could not find overlap body for bone WeaponArmature
[2015.12.14-13.16.19:440][418]LogBlueprintUserMessages: [Ai_Character_C_0] gwgwgwgwgw
[2015.12.14-13.16.19:631][420]LogBlueprintUserMessages: [Ai_Character_C_0] gwgwgwgwgw
[2015.12.14-13.16.20:056][425]LogCharacterMovement:Warning: CharMoveComp could not find overlap body for bone WeaponArmature
[2015.12.14-13.16.20:154][426]LogCharacterMovement:Warning: CharMoveComp could not find overlap body for bone WeaponArmature
[2015.12.14-13.16.22:217][448]LogBlueprintUserMessages: [Ai_Character_C_0] gwgwgwgwgw
[2015.12.14-13.16.22:952][456]LogBlueprintUserMessages: [FindTargets_C_2] ImOving
[2015.12.14-13.16.23:527][462]LogBlueprintUserMessages: [Ai_Character_C_0] gwgwgwgwgw
[2015.12.14-13.16.23:982][467]LogBlueprintUserMessages: [FindTargets_C_2] ImOving
[2015.12.14-13.16.24:522][473]LogBlueprintUserMessages: [FindTargets_C_2] ImOving
[2015.12.14-13.16.27:111][503]LogCharacterMovement:Warning: CharMoveComp could not find overlap body for bone WeaponArmature
[2015.12.14-13.16.27:194][504]LogCharacterMovement:Warning: CharMoveComp could not find overlap body for bone WeaponArmature
[2015.12.14-13.16.27:274][505]LogCharacterMovement:Warning: CharMoveComp could not find overlap body for bone WeaponArmature
[2015.12.14-13.16.27:357][506]LogCharacterMovement:Warning: CharMoveComp could not find overlap body for bone WeaponArmature
[2015.12.14-13.16.27:445][507]LogCharacterMovement:Warning: CharMoveComp could not find overlap body for bone WeaponArmature
[2015.12.14-13.16.27:530][508]LogCharacterMovement:Warning: CharMoveComp could not find overlap body for bone WeaponArmature
[2015.12.14-13.16.27:612][509]LogCharacterMovement:Warning: CharMoveComp could not find overlap body for bone WeaponArmature
[2015.12.14-13.16.27:613][509]LogCharacterMovement:Warning: CharMoveComp could not find overlap body for bone WeaponArmature
[2015.12.14-13.16.27:698][510]LogCharacterMovement:Warning: CharMoveComp could not find overlap body for bone WeaponArmature
[2015.12.14-13.16.27:700][510]LogCharacterMovement:Warning: CharMoveComp could not find overlap body for bone WeaponArmature
[2015.12.14-13.16.27:782][511]LogCharacterMovement:Warning: CharMoveComp could not find overlap body for bone WeaponArmature
[2015.12.14-13.16.27:783][511]LogCharacterMovement:Warning: CharMoveComp could not find overlap body for bone WeaponArmature
[2015.12.14-13.16.27:865][512]LogCharacterMovement:Warning: CharMoveComp could not find overlap body for bone WeaponArmature
[2015.12.14-13.16.27:866][512]LogCharacterMovement:Warning: CharMoveComp could not find overlap body for bone WeaponArmature
[2015.12.14-13.16.27:950][513]LogCharacterMovement:Warning: CharMoveComp could not find overlap body for bone WeaponArmature
[2015.12.14-13.16.27:951][513]LogCharacterMovement:Warning: CharMoveComp could not find overlap body for bone WeaponArmature
[2015.12.14-13.16.28:040][514]LogCharacterMovement:Warning: CharMoveComp could not find overlap body for bone WeaponArmature
[2015.12.14-13.16.28:041][514]LogCharacterMovement:Warning: CharMoveComp could not find overlap body for bone WeaponArmature
[2015.12.14-13.16.28:129][515]LogCharacterMovement:Warning: CharMoveComp could not find overlap body for bone WeaponArmature
[2015.12.14-13.16.28:130][515]LogCharacterMovement:Warning: CharMoveComp could not find overlap body for bone WeaponArmature
[2015.12.14-13.16.28:213][516]LogCharacterMovement:Warning: CharMoveComp could not find overlap body for bone WeaponArmature
[2015.12.14-13.16.28:215][516]LogCharacterMovement:Warning: CharMoveComp could not find overlap body for bone WeaponArmature
[2015.12.14-13.16.28:299][517]LogCharacterMovement:Warning: CharMoveComp could not find overlap body for bone WeaponArmature
[2015.12.14-13.16.28:300][517]LogCharacterMovement:Warning: CharMoveComp could not find overlap body for bone WeaponArmature
[2015.12.14-13.16.28:383][518]LogCharacterMovement:Warning: CharMoveComp could not find overlap body for bone WeaponArmature
[2015.12.14-13.16.28:384][518]LogCharacterMovement:Warning: CharMoveComp could not find overlap body for bone WeaponArmature
[2015.12.14-13.16.28:474][519]LogCharacterMovement:Warning: CharMoveComp could not find overlap body for bone WeaponArmature
[2015.12.14-13.16.28:475][519]LogCharacterMovement:Warning: CharMoveComp could not find overlap body for bone WeaponArmature
[2015.12.14-13.16.28:558][520]LogCharacterMovement:Warning: CharMoveComp could not find overlap body for bone WeaponArmature
[2015.12.14-13.16.28:559][520]LogCharacterMovement:Warning: CharMoveComp could not find overlap body for bone WeaponArmature
[2015.12.14-13.16.28:638][521]LogCharacterMovement:Warning: CharMoveComp could not find overlap body for bone WeaponArmature
[2015.12.14-13.16.28:725][522]LogCharacterMovement:Warning: CharMoveComp could not find overlap body for bone WeaponArmature
[2015.12.14-13.16.28:807][523]LogCharacterMovement:Warning: CharMoveComp could not find overlap body for bone WeaponArmature
[2015.12.14-13.16.28:892][524]LogCharacterMovement:Warning: CharMoveComp could not find overlap body for bone WeaponArmature
[2015.12.14-13.16.28:896][524]LogBlueprintUserMessages: [FindTargets_C_2] ImOving
[2015.12.14-13.16.28:980][525]LogCharacterMovement:Warning: CharMoveComp could not find overlap body for bone WeaponArmature
[2015.12.14-13.16.29:063][526]LogCharacterMovement:Warning: CharMoveComp could not find overlap body for bone WeaponArmature
[2015.12.14-13.16.29:149][527]LogCharacterMovement:Warning: CharMoveComp could not find overlap body for bone WeaponArmature
[2015.12.14-13.16.29:232][528]LogCharacterMovement:Warning: CharMoveComp could not find overlap body for bone WeaponArmature
[2015.12.14-13.16.29:320][529]LogCharacterMovement:Warning: CharMoveComp could not find overlap body for bone WeaponArmature
[2015.12.14-13.16.29:402][530]LogCharacterMovement:Warning: CharMoveComp could not find overlap body for bone WeaponArmature
[2015.12.14-13.16.29:413][530]LogBlueprintUserMessages: [Ai_Character_C_0] gwgwgwgwgw
[2015.12.14-13.16.29:497][531]LogCharacterMovement:Warning: CharMoveComp could not find overlap body for bone WeaponArmature
[2015.12.14-13.16.29:576][532]LogCharacterMovement:Warning: CharMoveComp could not find overlap body for bone WeaponArmature
[2015.12.14-13.16.29:588][532]LogBlueprintUserMessages: [Ai_Character_C_0] gwgwgwgwgw
[2015.12.14-13.16.29:667][533]LogCharacterMovement:Warning: CharMoveComp could not find overlap body for bone WeaponArmature
[2015.12.14-13.16.29:751][534]LogCharacterMovement:Warning: CharMoveComp could not find overlap body for bone WeaponArmature
[2015.12.14-13.16.29:834][535]LogCharacterMovement:Warning: CharMoveComp could not find overlap body for bone WeaponArmature
[2015.12.14-13.16.29:920][536]LogCharacterMovement:Warning: CharMoveComp could not find overlap body for bone WeaponArmature
[2015.12.14-13.16.30:003][537]LogCharacterMovement:Warning: CharMoveComp could not find overlap body for bone WeaponArmature
[2015.12.14-13.16.30:091][538]LogCharacterMovement:Warning: CharMoveComp could not find overlap body for bone WeaponArmature
[2015.12.14-13.16.30:180][539]LogCharacterMovement:Warning: CharMoveComp could not find overlap body for bone WeaponArmature
[2015.12.14-13.16.30:269][540]LogCharacterMovement:Warning: CharMoveComp could not find overlap body for bone WeaponArmature
[2015.12.14-13.16.30:356][541]LogCharacterMovement:Warning: CharMoveComp could not find overlap body for bone WeaponArmature
[2015.12.14-13.16.30:448][542]LogCharacterMovement:Warning: CharMoveComp could not find overlap body for bone WeaponArmature
[2015.12.14-13.16.30:459][542]LogBlueprintUserMessages: [Ai_Character_C_0] gwgwgwgwgw
[2015.12.14-13.16.30:543][543]LogCharacterMovement:Warning: CharMoveComp could not find overlap body for bone WeaponArmature
[2015.12.14-13.16.30:628][544]LogCharacterMovement:Warning: CharMoveComp could not find overlap body for bone WeaponArmature
[2015.12.14-13.16.30:639][544]LogBlueprintUserMessages: [Ai_Character_C_0] gwgwgwgwgw
[2015.12.14-13.16.30:714][545]LogCharacterMovement:Warning: CharMoveComp could not find overlap body for bone WeaponArmature
[2015.12.14-13.16.30:802][546]LogCharacterMovement:Warning: CharMoveComp could not find overlap body for bone WeaponArmature
[2015.12.14-13.16.30:812][546]LogBlueprintUserMessages: [Ai_Character_C_0] gwgwgwgwgw
[2015.12.14-13.16.30:890][547]LogCharacterMovement:Warning: CharMoveComp could not find overlap body for bone WeaponArmature
[2015.12.14-13.16.30:985][548]LogCharacterMovement:Warning: CharMoveComp could not find overlap body for bone WeaponArmature
[2015.12.14-13.16.30:995][548]LogBlueprintUserMessages: [Ai_Character_C_0] gwgwgwgwgw
[2015.12.14-13.16.31:075][549]LogCharacterMovement:Warning: CharMoveComp could not find overlap body for bone WeaponArmature
[2015.12.14-13.16.31:166][550]LogCharacterMovement:Warning: CharMoveComp could not find overlap body for bone WeaponArmature
[2015.12.14-13.16.31:177][550]LogBlueprintUserMessages: [Ai_Character_C_0] gwgwgwgwgw
[2015.12.14-13.16.31:255][551]LogCharacterMovement:Warning: CharMoveComp could not find overlap body for bone WeaponArmature
[2015.12.14-13.16.31:347][552]LogCharacterMovement:Warning: CharMoveComp could not find overlap body for bone WeaponArmature
[2015.12.14-13.16.31:356][552]LogBlueprintUserMessages: [Ai_Character_C_0] gwgwgwgwgw
[2015.12.14-13.16.31:433][553]LogCharacterMovement:Warning: CharMoveComp could not find overlap body for bone WeaponArmature
[2015.12.14-13.16.31:522][554]LogCharacterMovement:Warning: CharMoveComp could not find overlap body for bone WeaponArmature
[2015.12.14-13.16.31:532][554]LogBlueprintUserMessages: [Ai_Character_C_0] gwgwgwgwgw
[2015.12.14-13.16.31:619][555]LogCharacterMovement:Warning: CharMoveComp could not find overlap body for bone WeaponArmature
[2015.12.14-13.16.31:705][556]LogCharacterMovement:Warning: CharMoveComp could not find overlap body for bone WeaponArmature
[2015.12.14-13.16.31:716][556]LogBlueprintUserMessages: [Ai_Character_C_0] gwgwgwgwgw
[2015.12.14-13.16.31:796][557]LogCharacterMovement:Warning: CharMoveComp could not find overlap body for bone WeaponArmature
[2015.12.14-13.16.31:879][558]LogCharacterMovement:Warning: CharMoveComp could not find overlap body for bone WeaponArmature
[2015.12.14-13.16.31:887][558]LogBlueprintUserMessages: [Ai_Character_C_0] gwgwgwgwgw
[2015.12.14-13.16.31:968][559]LogBlueprintUserMessages: Early EndPlayMap Detection: Level '/Game/Maps/Town.Town:PersistentLevel' has LevelScriptBlueprint '/Game/Maps/Town.Town:PersistentLevel.Town' with GeneratedClass '/Game/Maps/Town.Town_C' with ClassGeneratedBy '/Game/Maps/Town.Town:PersistentLevel.Town'
[2015.12.14-13.16.32:120][559]LogBlueprintUserMessages: Late EndPlayMap Detection: Level '/Game/Maps/Town.Town:PersistentLevel' has LevelScriptBlueprint '/Game/Maps/Town.Town:PersistentLevel.Town' with GeneratedClass '/Game/Maps/Town.Town_C' with ClassGeneratedBy '/Game/Maps/Town.Town:PersistentLevel.Town'
[2015.12.14-13.16.32:230][559]LogParticles: Destroying 0 GPU particle simulations for FXSystem 0x00000040E23702C0
[2015.12.14-13.16.34:433][617]LogRenderer: Reallocating scene render targets to support 952x552 (Frame:2847).
[2015.12.14-13.16.52:667][868]LogActorComponent: UnregisterComponent: (/Engine/Transient.CharMoveComp) Not registered. Aborting.
[2015.12.14-13.16.52:667][868]LogActorComponent: UnregisterComponent: (/Engine/Transient.PawnSensing_GEN_VARIABLE) Not registered. Aborting.
[2015.12.14-13.17.00:394][987]LogActorComponent: UnregisterComponent: (/Engine/Transient.CharacterMovementComponent_2) Not registered. Aborting.
[2015.12.14-13.17.00:395][987]LogActorComponent: UnregisterComponent: (/Engine/Transient.PawnSensingComponent_1) Not registered. Aborting.
[2015.12.14-13.17.05:339][ 60]LogActorComponent: UnregisterComponent: (/Engine/Transient.CharacterMovementComponent_3) Not registered. Aborting.
[2015.12.14-13.17.05:339][ 60]LogActorComponent: UnregisterComponent: (/Engine/Transient.PawnSensingComponent_2) Not registered. Aborting.
[2015.12.14-13.17.09:211][118]LogActorComponent: UnregisterComponent: (/Engine/Transient.CharacterMovementComponent_4) Not registered. Aborting.
[2015.12.14-13.17.09:211][118]LogActorComponent: UnregisterComponent: (/Engine/Transient.PawnSensingComponent_3) Not registered. Aborting.
[2015.12.14-13.17.09:706][118]Cmd: OBJ SAVEPACKAGE PACKAGE="/Game/Maps/Town" FILE="../../../../../../Users/Aaron/Documents/Unreal Projects/SwordProject-4.9-master/Content/Maps/Town.umap" SILENT=true AUTOSAVING=false KEEPDIRTY=false
[2015.12.14-13.17.13:671][118]LogSavePackage: Save=3335.578369ms
[2015.12.14-13.17.13:673][118]LogSavePackage: Moving '../../../../../../Users/Aaron/Documents/Unreal Projects/SwordProject-4.9-master/Saved/TownD373FA9B4CC18F3F708E65B1224D78E8.tmp' to '../../../../../../Users/Aaron/Documents/Unreal Projects/SwordProject-4.9-master/Content/Maps/Town.umap'
[2015.12.14-13.17.13:694][118]LogSavePackage: Total save time: 3849.239305ms
[2015.12.14-13.17.13:694][118]LogSavePackage:Warning: Finished SavePackage ../../../../../../Users/Aaron/Documents/Unreal Projects/SwordProject-4.9-master/Content/Maps/Town.umap
[2015.12.14-13.17.14:000][118]LogFileHelpers: Saving map 'Town' took 4.584
[2015.12.14-13.17.14:079][118]Cmd: OBJ SAVEPACKAGE PACKAGE="/Game/Game/Ai/Ai_Character" FILE="../../../../../../Users/Aaron/Documents/Unreal Projects/SwordProject-4.9-master/Content/Game/Ai/Ai_Character.uasset" SILENT=true
[2015.12.14-13.17.14:535][118]LogSavePackage: Save=438.784027ms
[2015.12.14-13.17.14:535][118]LogSavePackage: Moving '../../../../../../Users/Aaron/Documents/Unreal Projects/SwordProject-4.9-master/Saved/Ai_Character4727B8124F15A023B9EC1FA90CD521CA.tmp' to '../../../../../../Users/Aaron/Documents/Unreal Projects/SwordProject-4.9-master/Content/Game/Ai/Ai_Character.uasset'
[2015.12.14-13.17.14:547][118]LogSavePackage: Total save time: 464.097623ms
[2015.12.14-13.17.14:547][118]LogSavePackage:Warning: Finished SavePackage ../../../../../../Users/Aaron/Documents/Unreal Projects/SwordProject-4.9-master/Content/Game/Ai/Ai_Character.uasset
[2015.12.14-13.19.35:466][797]LogRenderer: Reallocating scene render targets to support 952x552 (Frame:3715).
[2015.12.14-13.19.39:652][848]LogBlueprintUserMessages: Early PlayInEditor Detection: Level '/Game/Maps/Town.Town:PersistentLevel' has LevelScriptBlueprint '/Game/Maps/Town.Town:PersistentLevel.Town' with GeneratedClass '/Game/Maps/Town.Town_C' with ClassGeneratedBy '/Game/Maps/Town.Town:PersistentLevel.Town'
[2015.12.14-13.19.39:652][848]BlueprintLog: New page: Pre-Play auto-recompile
[2015.12.14-13.19.39:676][848]LogActorComponent: UnregisterComponent: (/Engine/Transient.CharMoveComp) Not registered. Aborting.
[2015.12.14-13.19.39:677][848]LogActorComponent: UnregisterComponent: (/Engine/Transient.PawnSensing_GEN_VARIABLE) Not registered. Aborting.
[2015.12.14-13.19.39:705][848]LogPlayLevel: [PlayLevel] Compiling Ai_Character before play...
[2015.12.14-13.19.40:069][848]LogPlayLevel: PlayLevel: Blueprint regeneration took 417 ms (5 blueprints)
[2015.12.14-13.19.40:077][848]LogPlayLevel: [PlayLevel] Compiling RobotCharacter before play...
[2015.12.14-13.19.40:903][848]LogPlayLevel: PlayLevel: Blueprint regeneration took 1251 ms (7 blueprints)
[2015.12.14-13.19.40:911][848]LogPlayLevel: [PlayLevel] Compiling ThirdPersonCharacter before play...
[2015.12.14-13.19.41:977][848]LogPlayLevel: PlayLevel: Blueprint regeneration took 2324 ms (10 blueprints)
[2015.12.14-13.19.41:980][848]LogPlayLevel: [PlayLevel] Compiling FindTargets before play...
[2015.12.14-13.19.42:205][848]LogPlayLevel: PlayLevel: Blueprint regeneration took 2553 ms (10 blueprints)
[2015.12.14-13.19.42:207][848]LogPlayLevel: [PlayLevel] Compiling WeaponTrace before play...
[2015.12.14-13.19.42:400][848]LogPlayLevel: PlayLevel: Blueprint regeneration took 2748 ms (10 blueprints)
[2015.12.14-13.19.42:410][848]LogPlayLevel: [PlayLevel] Compiling RobotCharacter01_Skeleton_AnimBlueprint before play...
[2015.12.14-13.19.42:853][848]LogPlayLevel: PlayLevel: Blueprint regeneration took 3201 ms (10 blueprints)
[2015.12.14-13.19.42:855][848]LogPlayLevel: [PlayLevel] Compiling PlayerHud before play...
[2015.12.14-13.19.43:078][848]LogPlayLevel: PlayLevel: Blueprint regeneration took 3426 ms (10 blueprints)
[2015.12.14-13.19.43:082][848]LogPlayLevel: [PlayLevel] Compiling Door_01 before play...
[2015.12.14-13.19.43:337][848]LogPlayLevel: PlayLevel: Blueprint regeneration took 3685 ms (10 blueprints)
[2015.12.14-13.19.43:339][848]LogPlayLevel: [PlayLevel] Compiling DealDamageTrace before play...
[2015.12.14-13.19.43:515][848]LogPlayLevel: PlayLevel: Blueprint regeneration took 3863 ms (10 blueprints)
[2015.12.14-13.19.43:524][848]LogPlayLevel: [PlayLevel] Compiling MainCharacter_Skeleton_AnimBlueprint before play...
[2015.12.14-13.19.43:768][848]LogPlayLevel: PlayLevel: Blueprint regeneration took 4115 ms (10 blueprints)
[2015.12.14-13.19.43:971][848]PIE: New page: PIE session: Town (Dec 13, 2015, 9:19:43 PM)
[2015.12.14-13.19.43:971][848]LogPlayLevel: Creating play world package: /Game/Maps/UEDPIE_0_Town
[2015.12.14-13.19.44:361][848]LogPlayLevel: PIE: StaticDuplicateObject took: (0.390112s)
[2015.12.14-13.19.44:363][848]LogAIModule: Creating AISystem for world Town
[2015.12.14-13.19.44:364][848]LogPlayLevel: PIE: World Init took: (0.002390s)
[2015.12.14-13.19.44:365][848]LogPlayLevel: PIE: Created PIE world by copying editor world from /Game/Maps/Town.Town to /Game/Maps/UEDPIE_0_Town.Town (0.393589s)
[2015.12.14-13.19.44:462][848]LogInit: XAudio2 using 'Speaker/HP (Realtek High Definition Audio)' : 2 channels at 48 kHz using 32 bits per sample (channel mask 0x3)
[2015.12.14-13.19.44:492][848]LogInit: FAudioDevice initialized.
[2015.12.14-13.19.44:553][848]LogWorld: Game class is 'ThirdPersonGameMode_C'
[2015.12.14-13.19.44:807][848]LogWorld:Warning: *** WARNING - PATHS MAY NOT BE VALID ***
[2015.12.14-13.19.44:807][848]LogWorld: Bringing World /Game/Maps/UEDPIE_0_Town.Town up for play (max tick rate 60) at 2015.12.14-05.19.44
[2015.12.14-13.19.44:807][848]LogActor:Warning: GameSession /Game/Maps/UEDPIE_0_Town.Town:PersistentLevel.GameSession_3 has natively added scene component(s), but none of them were set as the actor's RootComponent - picking one arbitrarily
[2015.12.14-13.19.44:808][848]LogActor:Warning: GameNetworkManager /Game/Maps/UEDPIE_0_Town.Town:PersistentLevel.GameNetworkManager_3 has natively added scene component(s), but none of them were set as the actor's RootComponent - picking one arbitrarily
[2015.12.14-13.19.44:818][848]LogWorld: Bringing up level for play took: 0.255829
[2015.12.14-13.19.44:836][848]PIE: Info Play in editor start time for /Game/Maps/UEDPIE_0_Town 4.378
[2015.12.14-13.19.44:837][848]LogBlueprintUserMessages: Late PlayInEditor Detection: Level '/Game/Maps/Town.Town:PersistentLevel' has LevelScriptBlueprint '/Game/Maps/Town.Town:PersistentLevel.Town' with GeneratedClass '/Game/Maps/Town.Town_C' with ClassGeneratedBy '/Game/Maps/Town.Town:PersistentLevel.Town'
[2015.12.14-13.19.44:842][848]LogBlueprintUserMessages: [FindTargets_C_0] ImOving
[2015.12.14-13.19.44:843][848]LogBlueprintUserMessages: [FindTargets_C_0] ImOving
[2015.12.14-13.19.44:843][848]LogBlueprintUserMessages: [FindTargets_C_0] ImOving
[2015.12.14-13.19.50:298][939]LogBlueprintUserMessages: [FindTargets_C_0] ImOving
[2015.12.14-13.19.50:303][939]LogBlueprintUserMessages: [Ai_Character_C_0] gwgwgwgwgw
[2015.12.14-13.19.50:431][942]LogBlueprintUserMessages: [FindTargets_C_0] ImOving
[2015.12.14-13.19.50:762][949]LogCharacterMovement:Warning: CharMoveComp could not find overlap body for bone WeaponArmature
[2015.12.14-13.19.50:809][950]LogCharacterMovement:Warning: CharMoveComp could not find overlap body for bone WeaponArmature
[2015.12.14-13.19.50:854][951]LogCharacterMovement:Warning: CharMoveComp could not find overlap body for bone WeaponArmature
[2015.12.14-13.19.50:898][952]LogCharacterMovement:Warning: CharMoveComp could not find overlap body for bone WeaponArmature
[2015.12.14-13.19.51:484][963]LogBlueprintUserMessages: [FindTargets_C_0] ImOving
[2015.12.14-13.19.51:906][970]LogBlueprintUserMessages: [Ai_Character_C_0] gwgwgwgwgw
[2015.12.14-13.19.52:008][972]LogBlueprintUserMessages: [Ai_Character_C_0] gwgwgwgwgw
[2015.12.14-13.19.52:198][975]LogCharacterMovement:Warning: CharMoveComp could not find overlap body for bone WeaponArmature
[2015.12.14-13.19.52:247][976]LogCharacterMovement:Warning: CharMoveComp could not find overlap body for bone WeaponArmature
[2015.12.14-13.19.52:298][977]LogCharacterMovement:Warning: CharMoveComp could not find overlap body for bone WeaponArmature
[2015.12.14-13.19.55:349][ 33]LogBlueprintUserMessages: [RobotCharacter_C_0] X=0.000 Y=-1.000 Z=0.000
[2015.12.14-13.19.55:349][ 33]LogAnimation:Warning: JumpToSectionName Root bEndOfSection: 0 failed for Montage RobotCharacter01_Climb_Montage
[2015.12.14-13.19.57:175][ 68]LogBlueprintUserMessages: [FindTargets_C_0] ImOving
[2015.12.14-13.19.58:232][ 87]LogBlueprintUserMessages: [FindTargets_C_0] ImOving
[2015.12.14-13.19.59:490][110]LogBlueprintUserMessages: [FindTargets_C_0] ImOving
[2015.12.14-13.20.00:623][131]LogBlueprintUserMessages: [RobotCharacter_C_0] X=-1.000 Y=0.000 Z=0.000
[2015.12.14-13.20.00:623][131]LogAnimation:Warning: JumpToSectionName Root bEndOfSection: 0 failed for Montage RobotCharacter01_Climb_Montage
[2015.12.14-13.20.01:849][153]LogBlueprintUserMessages: [RobotCharacter_C_0] X=0.000 Y=1.000 Z=0.000
[2015.12.14-13.20.01:850][153]LogAnimation:Warning: JumpToSectionName Root bEndOfSection: 0 failed for Montage RobotCharacter01_Climb_Montage
[2015.12.14-13.20.02:881][173]LogBlueprintUserMessages: [RobotCharacter_C_0] X=0.000 Y=1.000 Z=0.000
[2015.12.14-13.20.02:881][173]LogAnimation:Warning: JumpToSectionName Root bEndOfSection: 0 failed for Montage RobotCharacter01_Climb_Montage
[2015.12.14-13.20.03:145][177]LogBlueprintUserMessages: [FindTargets_C_0] ImOving
[2015.12.14-13.20.06:030][228]LogBlueprintUserMessages: [FindTargets_C_0] ImOving
[2015.12.14-13.20.10:429][308]LogBlueprintUserMessages: [FindTargets_C_0] ImOving
[2015.12.14-13.20.10:534][310]LogBlueprintUserMessages: [FindTargets_C_0] ImOving
[2015.12.14-13.20.11:276][324]LogBlueprintUserMessages: [RobotCharacter_C_0] X=-1.000 Y=-0.000 Z=0.000
[2015.12.14-13.20.11:276][324]LogAnimation:Warning: JumpToSectionName Root bEndOfSection: 0 failed for Montage RobotCharacter01_Climb_Montage
[2015.12.14-13.20.14:574][384]LogBlueprintUserMessages: [FindTargets_C_0] ImOving
[2015.12.14-13.20.16:815][422]LogBlueprintUserMessages: [RobotCharacter_C_0] X=0.000 Y=1.000 Z=0.000
[2015.12.14-13.20.16:815][422]LogAnimation:Warning: JumpToSectionName Root bEndOfSection: 0 failed for Montage RobotCharacter01_Climb_Montage
[2015.12.14-13.20.17:101][427]LogBlueprintUserMessages: [FindTargets_C_0] ImOving
[2015.12.14-13.20.23:469][543]LogBlueprintUserMessages: [FindTargets_C_0] ImOving
[2015.12.14-13.20.24:465][563]LogBlueprintUserMessages: Early EndPlayMap Detection: Level '/Game/Maps/Town.Town:PersistentLevel' has LevelScriptBlueprint '/Game/Maps/Town.Town:PersistentLevel.Town' with GeneratedClass '/Game/Maps/Town.Town_C' with ClassGeneratedBy '/Game/Maps/Town.Town:PersistentLevel.Town'
[2015.12.14-13.20.24:581][563]LogBlueprintUserMessages: Late EndPlayMap Detection: Level '/Game/Maps/Town.Town:PersistentLevel' has LevelScriptBlueprint '/Game/Maps/Town.Town:PersistentLevel.Town' with GeneratedClass '/Game/Maps/Town.Town_C' with ClassGeneratedBy '/Game/Maps/Town.Town:PersistentLevel.Town'
[2015.12.14-13.20.24:582][563]LogActorComponent: UnregisterComponent: (/Engine/Transient.CharMoveComp) Not registered. Aborting.
[2015.12.14-13.20.24:582][563]LogActorComponent: UnregisterComponent: (/Engine/Transient.PawnSensing_GEN_VARIABLE) Not registered. Aborting.
[2015.12.14-13.20.24:865][564]LogParticles: Destroying 0 GPU particle simulations for FXSystem 0x00000040BFD7C400
[2015.12.14-13.20.25:716][568]Cmd: OBJ SAVEPACKAGE PACKAGE="/Game/Maps/Town" FILE="../../../../../../Users/Aaron/Documents/Unreal Projects/SwordProject-4.9-master/Content/Maps/Town.umap" SILENT=true AUTOSAVING=false KEEPDIRTY=false
[2015.12.14-13.20.28:645][568]LogSavePackage: Save=2817.002686ms
[2015.12.14-13.20.28:645][568]LogSavePackage: Moving '../../../../../../Users/Aaron/Documents/Unreal Projects/SwordProject-4.9-master/Saved/Town7A1D63BB45DD36DE2B0996B5A8754641.tmp' to '../../../../../../Users/Aaron/Documents/Unreal Projects/SwordProject-4.9-master/Content/Maps/Town.umap'
[2015.12.14-13.20.28:664][568]LogSavePackage: Total save time: 2851.532239ms
[2015.12.14-13.20.28:664][568]LogSavePackage:Warning: Finished SavePackage ../../../../../../Users/Aaron/Documents/Unreal Projects/SwordProject-4.9-master/Content/Maps/Town.umap
[2015.12.14-13.20.28:900][568]LogFileHelpers: Saving map 'Town' took 3.434
[2015.12.14-13.22.47:027][995]Cmd: QUIT_EDITOR
[2015.12.14-13.22.48:360][995]LogWindowsTextInputMethodSystem:Display: IME system now deactivated.
[2015.12.14-13.22.48:797][995]LogExit: Preparing to exit.
[2015.12.14-13.22.50:384][995]LogExit: Editor shut down
[2015.12.14-13.22.50:385][995]LogExit: Transaction tracking system shut down
[2015.12.14-13.22.50:462][995]LogParticles: Destroying 0 GPU particle simulations for FXSystem 0x00000040C1A319E0
[2015.12.14-13.22.50:466][995]LogParticles: Destroying 0 GPU particle simulations for FXSystem 0x00000040CC8A87C0
[2015.12.14-13.22.50:467][995]LogParticles: Destroying 0 GPU particle simulations for FXSystem 0x00000040D69911C0
[2015.12.14-13.22.50:467][995]LogParticles: Destroying 0 GPU particle simulations for FXSystem 0x00000040CC8AB380
[2015.12.14-13.22.50:467][995]LogParticles: Destroying 0 GPU particle simulations for FXSystem 0x00000040CC8A80E0
[2015.12.14-13.22.50:467][995]LogParticles: Destroying 0 GPU particle simulations for FXSystem 0x00000040D9A3F9C0
[2015.12.14-13.22.50:472][995]LogParticles: Destroying 0 GPU particle simulations for FXSystem 0x00000040AF2B2020
[2015.12.14-13.22.52:421][995]LogExit: Object subsystem successfully closed.
[2015.12.14-13.22.52:809][995]LogD3D11RHI: Shutdown
[2015.12.14-13.22.52:809][995]LogD3D11RHI: CleanupD3DDevice
[2015.12.14-13.22.53:040][995]LogD3D11RHI: ~FD3D11DynamicRHI
[2015.12.14-13.22.53:516][995]LogModuleManager: Shutting down and abandoning module BlueprintGraph (198)
[2015.12.14-13.22.53:516][995]LogModuleManager: Shutting down and abandoning module CrashTracker (197)
[2015.12.14-13.22.53:516][995]LogModuleManager: Shutting down and abandoning module SceneOutliner (196)
[2015.12.14-13.22.53:516][995]LogModuleManager: Shutting down and abandoning module SuperSearch (195)
[2015.12.14-13.22.53:516][995]LogModuleManager: Shutting down and abandoning module WidgetCarousel (194)
[2015.12.14-13.22.53:516][995]LogModuleManager: Shutting down and abandoning module AddContentDialog (193)
[2015.12.14-13.22.53:537][995]LogModuleManager: Shutting down and abandoning module EditorWidgets (192)
[2015.12.14-13.22.53:537][995]LogModuleManager: Shutting down and abandoning module CollectionManager (191)
[2015.12.14-13.22.53:537][995]LogModuleManager: Shutting down and abandoning module StatsViewer (190)
[2015.12.14-13.22.53:553][995]LogModuleManager: Shutting down and abandoning module FoliageEdit (189)
[2015.12.14-13.22.53:553][995]LogModuleManager: Shutting down and abandoning module LandscapeEditor (188)
[2015.12.14-13.22.53:597][995]LogModuleManager: Shutting down and abandoning module ActorPickerMode (187)
[2015.12.14-13.22.53:597][995]LogModuleManager: Shutting down and abandoning module GeometryMode (186)
[2015.12.14-13.22.53:597][995]LogModuleManager: Shutting down and abandoning module TextureAlignMode (185)
[2015.12.14-13.22.53:597][995]LogModuleManager: Shutting down and abandoning module BspMode (184)
[2015.12.14-13.22.53:597][995]LogModuleManager: Shutting down and abandoning module PlacementMode (183)
[2015.12.14-13.22.53:597][995]LogModuleManager: Shutting down and abandoning module AutomationWorker (182)
[2015.12.14-13.22.53:611][995]LogModuleManager: Shutting down and abandoning module CharacterAI (181)
[2015.12.14-13.22.53:611][995]LogModuleManager: Shutting down and abandoning module SmartSnapping (180)
[2015.12.14-13.22.53:611][995]LogModuleManager: Shutting down and abandoning module ViewportSnapping (179)
[2015.12.14-13.22.53:611][995]LogModuleManager: Shutting down and abandoning module LogVisualizer (178)
[2015.12.14-13.22.53:662][995]LogModuleManager: Shutting down and abandoning module GameProjectGeneration (177)
[2015.12.14-13.22.53:674][995]LogModuleManager: Shutting down and abandoning module IntroTutorials (176)
[2015.12.14-13.22.53:685][995]LogModuleManager: Shutting down and abandoning module EditorLiveStreaming (175)
[2015.12.14-13.22.53:685][995]LogModuleManager: Shutting down and abandoning module IOSPlatformEditor (174)
[2015.12.14-13.22.53:698][995]LogModuleManager: Shutting down and abandoning module HTML5PlatformEditor (173)
[2015.12.14-13.22.53:698][995]LogModuleManager: Shutting down and abandoning module AndroidDeviceDetection (172)
[2015.12.14-13.22.53:716][995]LogModuleManager: Shutting down and abandoning module AndroidPlatformEditor (171)
[2015.12.14-13.22.53:716][995]LogModuleManager: Shutting down and abandoning module IOSRuntimeSettings (170)
[2015.12.14-13.22.53:716][995]LogModuleManager: Shutting down and abandoning module AndroidRuntimeSettings (169)
[2015.12.14-13.22.53:716][995]LogModuleManager: Shutting down and abandoning module MergeActors (168)
[2015.12.14-13.22.53:716][995]LogModuleManager: Shutting down and abandoning module SizeMap (167)
[2015.12.14-13.22.53:716][995]LogModuleManager: Shutting down and abandoning module TreeMap (166)
[2015.12.14-13.22.53:736][995]LogModuleManager: Shutting down and abandoning module ReferenceViewer (165)
[2015.12.14-13.22.53:736][995]LogModuleManager: Shutting down and abandoning module LocalizationService (164)
[2015.12.14-13.22.53:748][995]LogModuleManager: Shutting down and abandoning module LocalizationDashboard (163)
[2015.12.14-13.22.53:754][995]LogModuleManager: Shutting down and abandoning module HardwareTargeting (162)
[2015.12.14-13.22.53:754][995]LogModuleManager: Shutting down and abandoning module DeviceProfileEditor (161)
[2015.12.14-13.22.53:754][995]LogModuleManager: Shutting down and abandoning module UndoHistory (160)
[2015.12.14-13.22.53:767][995]LogModuleManager: Shutting down and abandoning module GameplayTagsEditor (159)
[2015.12.14-13.22.53:767][995]LogModuleManager: Shutting down and abandoning module UserFeedback (158)
[2015.12.14-13.22.53:767][995]LogModuleManager: Shutting down and abandoning module XmlParser (157)
[2015.12.14-13.22.53:767][995]LogModuleManager: Shutting down and abandoning module Blutility (156)
[2015.12.14-13.22.53:767][995]LogModuleManager: Shutting down and abandoning module ProjectTargetPlatformEditor (155)
[2015.12.14-13.22.53:774][995]LogModuleManager: Shutting down and abandoning module ProjectSettingsViewer (154)
[2015.12.14-13.22.53:774][995]LogModuleManager: Shutting down and abandoning module InputBindingEditor (153)
[2015.12.14-13.22.53:801][995]LogModuleManager: Shutting down and abandoning module EditorSettingsViewer (152)
[2015.12.14-13.22.53:801][995]LogModuleManager: Shutting down and abandoning module SettingsEditor (151)
[2015.12.14-13.22.53:824][995]LogModuleManager: Shutting down and abandoning module ProjectLauncher (150)
[2015.12.14-13.22.53:824][995]LogModuleManager: Shutting down and abandoning module SessionFrontend (149)
[2015.12.14-13.22.53:824][995]LogModuleManager: Shutting down and abandoning module ProfilerClient (148)
[2015.12.14-13.22.53:833][995]LogModuleManager: Shutting down and abandoning module TargetDeviceServices (147)
[2015.12.14-13.22.53:833][995]LogModuleManager: Shutting down and abandoning module DeviceManager (146)
[2015.12.14-13.22.53:843][995]LogModuleManager: Shutting down and abandoning module AutomationController (145)
[2015.12.14-13.22.53:844][995]LogModuleManager: Shutting down and abandoning module AutomationWindow (144)
[2015.12.14-13.22.53:844][995]LogModuleManager: Shutting down and abandoning module Layers (143)
[2015.12.14-13.22.53:851][995]LogModuleManager: Shutting down and abandoning module ComponentVisualizers (142)
[2015.12.14-13.22.53:851][995]LogModuleManager: Shutting down and abandoning module DetailCustomizations (141)
[2015.12.14-13.22.53:851][995]LogModuleManager: Shutting down and abandoning module PackagesDialog (140)
[2015.12.14-13.22.53:851][995]LogModuleManager: Shutting down and abandoning module Persona (139)
[2015.12.14-13.22.53:866][995]LogModuleManager: Shutting down and abandoning module Kismet (138)
[2015.12.14-13.22.53:866][995]LogModuleManager: Shutting down and abandoning module GraphEditor (137)
[2015.12.14-13.22.53:866][995]LogModuleManager: Shutting down and abandoning module ClassViewer (136)
[2015.12.14-13.22.53:879][995]LogModuleManager: Shutting down and abandoning module Toolbox (135)
[2015.12.14-13.22.53:879][995]LogModuleManager: Shutting down and abandoning module ModuleUI (134)
[2015.12.14-13.22.53:884][995]LogModuleManager: Shutting down and abandoning module MovieSceneTools (133)
[2015.12.14-13.22.53:884][995]LogModuleManager: Shutting down and abandoning module OutputLog (132)
[2015.12.14-13.22.53:884][995]LogModuleManager: Shutting down and abandoning module GammaUI (131)
[2015.12.14-13.22.53:884][995]LogModuleManager: Shutting down and abandoning module Documentation (130)
[2015.12.14-13.22.53:884][995]LogModuleManager: Shutting down and abandoning module GameLiveStreaming (129)
[2015.12.14-13.22.53:897][995]LogModuleManager: Shutting down and abandoning module StreamingPauseRendering (128)
[2015.12.14-13.22.53:911][995]LogModuleManager: Shutting down and abandoning module AnalyticsET (127)
[2015.12.14-13.22.53:911][995]LogModuleManager: Shutting down and abandoning module Analytics (126)
[2015.12.14-13.22.53:911][995]LogModuleManager: Shutting down and abandoning module AITestSuite (125)
[2015.12.14-13.22.53:911][995]LogModuleManager: Shutting down and abandoning module GameplayDebugger (124)
[2015.12.14-13.22.53:911][995]LogModuleManager: Shutting down and abandoning module AIModule (123)
[2015.12.14-13.22.53:911][995]LogModuleManager: Shutting down and abandoning module ProfilerService (122)
[2015.12.14-13.22.54:113][995]LogModuleManager: Shutting down and abandoning module TaskGraph (121)
[2015.12.14-13.22.54:132][995]LogModuleManager: Shutting down and abandoning module SlateRemote (120)
[2015.12.14-13.22.54:133][995]LogModuleManager: Shutting down and abandoning module SteamVRController (119)
[2015.12.14-13.22.54:133][995]LogModuleManager: Shutting down and abandoning module SteamVR (118)
[2015.12.14-13.22.54:133][995]LogModuleManager: Shutting down and abandoning module ProceduralMeshComponent (117)
[2015.12.14-13.22.54:133][995]LogModuleManager: Shutting down and abandoning module OculusRift (116)
[2015.12.14-13.22.54:133][995]LogModuleManager: Shutting down and abandoning module OculusLibrary (115)
[2015.12.14-13.22.54:133][995]LogModuleManager: Shutting down and abandoning module LeapMotionController (114)
[2015.12.14-13.22.54:201][995]LogModuleManager: Shutting down and abandoning module CustomMeshComponent (113)
[2015.12.14-13.22.54:201][995]LogModuleManager: Shutting down and abandoning module CableComponent (112)
[2015.12.14-13.22.54:201][995]LogModuleManager: Shutting down and abandoning module ArchVisCharacter (111)
[2015.12.14-13.22.54:201][995]LogModuleManager: Shutting down and abandoning module MessagingDebugger (110)
[2015.12.14-13.22.54:220][995]LogModuleManager: Shutting down and abandoning module MediaPlayerEditor (109)
[2015.12.14-13.22.54:232][995]LogModuleManager: Shutting down and abandoning module HTML5Networking (108)
[2015.12.14-13.22.54:232][995]LogModuleManager: Shutting down and abandoning module SpeedTreeImporter (107)
[2015.12.14-13.22.54:232][995]LogModuleManager: Shutting down and abandoning module PluginBrowser (106)
[2015.12.14-13.22.54:241][995]LogModuleManager: Shutting down and abandoning module EpicSurvey (105)
[2015.12.14-13.22.54:242][995]LogModuleManager: Shutting down and abandoning module DesktopPlatform (104)
[2015.12.14-13.22.54:256][995]LogModuleManager: Shutting down and abandoning module VisualStudioSourceCodeAccess (103)
[2015.12.14-13.22.54:504][995]LogModuleManager: Shutting down and abandoning module UObjectPlugin (102)
[2015.12.14-13.22.54:504][995]LogModuleManager: Shutting down and abandoning module SubversionSourceControl (101)
[2015.12.14-13.22.54:519][995]LogModuleManager: Shutting down and abandoning module PerforceSourceControl (100)
[2015.12.14-13.22.54:528][995]LogModuleManager: Shutting down and abandoning module SourceControl (99)
[2015.12.14-13.22.54:540][995]LogModuleManager: Shutting down and abandoning module GitSourceControl (98)
[2015.12.14-13.22.54:556][995]LogModuleManager: Shutting down and abandoning module LightPropagationVolumeEditor (97)
[2015.12.14-13.22.54:556][995]LogModuleManager: Shutting down and abandoning module PaperTiledImporter (96)
[2015.12.14-13.22.54:556][995]LogModuleManager: Shutting down and abandoning module PaperSpriteSheetImporter (95)
[2015.12.14-13.22.54:567][995]LogModuleManager: Shutting down and abandoning module MeshPaint (94)
[2015.12.14-13.22.54:578][995]LogModuleManager: Shutting down and abandoning module SlateReflector (93)
[2015.12.14-13.22.54:597][995]LogModuleManager: Shutting down and abandoning module HotReload (92)
[2015.12.14-13.22.54:597][995]LogModuleManager: Shutting down and abandoning module MainFrame (91)
[2015.12.14-13.22.54:597][995]LogModuleManager: Shutting down and abandoning module LevelEditor (90)
[2015.12.14-13.22.54:615][995]LogModuleManager: Shutting down and abandoning module DirectoryWatcher (89)
[2015.12.14-13.22.54:624][995]LogModuleManager: Shutting down and abandoning module AssetRegistry (88)
[2015.12.14-13.22.54:829][995]LogModuleManager: Shutting down and abandoning module ContentBrowser (87)
[2015.12.14-13.22.54:831][995]LogModuleManager: Shutting down and abandoning module Paper2DEditor (86)
[2015.12.14-13.22.54:849][995]LogModuleManager: Shutting down and abandoning module UdpMessaging (85)
[2015.12.14-13.22.54:949][995]LogModuleManager: Shutting down and abandoning module LightPropagationVolumeRuntime (84)
[2015.12.14-13.22.54:949][995]LogModuleManager: Shutting down and abandoning module Paper2D (83)
[2015.12.14-13.22.54:964][995]LogModuleManager: Shutting down and abandoning module WindowsMoviePlayer (82)
[2015.12.14-13.22.55:003][995]LogModuleManager: Shutting down and abandoning module Media (81)
[2015.12.14-13.22.55:003][995]LogModuleManager: Shutting down and abandoning module WmfMedia (80)
[2015.12.14-13.22.55:023][995]LogModuleManager: Shutting down and abandoning module OnlineBlueprintSupport (79)
[2015.12.14-13.22.55:023][995]LogModuleManager: Shutting down and abandoning module GameplayTasksEditor (78)
[2015.12.14-13.22.55:023][995]LogModuleManager: Shutting down and abandoning module PropertyEditor (77)
[2015.12.14-13.22.55:023][995]LogModuleManager: Shutting down and abandoning module BehaviorTreeEditor (76)
[2015.12.14-13.22.55:048][995]LogModuleManager: Shutting down and abandoning module FunctionalTesting (75)
[2015.12.14-13.22.55:048][995]LogModuleManager: Shutting down and abandoning module CollisionAnalyzer (74)
[2015.12.14-13.22.55:067][995]LogModuleManager: Shutting down and abandoning module WorkspaceMenuStructure (73)
[2015.12.14-13.22.55:068][995]LogModuleManager: Shutting down and abandoning module MessageLog (72)
[2015.12.14-13.22.55:074][995]LogModuleManager: Shutting down and abandoning module Sequencer (71)
[2015.12.14-13.22.55:074][995]LogModuleManager: Shutting down and abandoning module AssetTools (70)
[2015.12.14-13.22.55:100][995]LogModuleManager: Shutting down and abandoning module UMGEditor (69)
[2015.12.14-13.22.55:120][995]LogModuleManager: Shutting down and abandoning module UMG (68)
[2015.12.14-13.22.55:121][995]LogModuleManager: Shutting down and abandoning module Slate (67)
[2015.12.14-13.22.55:121][995]LogModuleManager: Shutting down and abandoning module EditorStyle (66)
[2015.12.14-13.22.55:137][995]LogModuleManager: Shutting down and abandoning module SessionServices (65)
[2015.12.14-13.22.55:137][995]LogModuleManager: Shutting down and abandoning module SourceCodeAccess (64)
[2015.12.14-13.22.55:137][995]LogModuleManager: Shutting down and abandoning module HeadMountedDisplay (63)
[2015.12.14-13.22.55:137][995]LogModuleManager: Shutting down and abandoning module XAudio2 (62)
[2015.12.14-13.22.55:137][995]LogModuleManager: Shutting down and abandoning module Networking (60)
[2015.12.14-13.22.55:137][995]LogModuleManager: Shutting down and abandoning module Core (59)
[2015.12.14-13.22.55:137][995]LogModuleManager: Shutting down and abandoning module KismetCompiler (58)
[2015.12.14-13.22.55:137][995]LogModuleManager: Shutting down and abandoning module PhysXFormats (57)
[2015.12.14-13.22.55:148][995]LogModuleManager: Shutting down and abandoning module MeshUtilities (56)
[2015.12.14-13.22.55:148][995]LogModuleManager: Shutting down and abandoning module CookingStats (55)
[2015.12.14-13.22.55:164][995]LogModuleManager: Shutting down and abandoning module DerivedDataCache (54)
[2015.12.14-13.22.55:204][995]LogDerivedDataCache: Shutdown
[2015.12.14-13.22.55:204][995]LogModuleManager: Shutting down and abandoning module ShaderFormatOpenGL (53)
[2015.12.14-13.22.55:204][995]LogModuleManager: Shutting down and abandoning module ShaderFormatD3D (52)
[2015.12.14-13.22.55:204][995]LogModuleManager: Shutting down and abandoning module MetalShaderFormat (51)
[2015.12.14-13.22.55:212][995]LogModuleManager: Shutting down and abandoning module TextureFormatUncompressed (50)
[2015.12.14-13.22.55:212][995]LogModuleManager: Shutting down and abandoning module TextureFormatPVR (49)
[2015.12.14-13.22.55:212][995]LogModuleManager: Shutting down and abandoning module TextureFormatIntelISPCTexComp (48)
[2015.12.14-13.22.55:222][995]LogModuleManager: Shutting down and abandoning module TextureFormatDXT (47)
[2015.12.14-13.22.55:231][995]LogModuleManager: Shutting down and abandoning module ImageWrapper (46)
[2015.12.14-13.22.55:231][995]LogModuleManager: Shutting down and abandoning module TextureFormatASTC (45)
[2015.12.14-13.22.55:231][995]LogModuleManager: Shutting down and abandoning module TextureFormatAndroid (44)
[2015.12.14-13.22.55:231][995]LogModuleManager: Shutting down and abandoning module AudioFormatOpus (43)
[2015.12.14-13.22.55:239][995]LogModuleManager: Shutting down and abandoning module AudioFormatOgg (42)
[2015.12.14-13.22.55:239][995]LogModuleManager: Shutting down and abandoning module AudioFormatADPCM (41)
[2015.12.14-13.22.55:247][995]LogModuleManager: Shutting down and abandoning module LinuxTargetPlatform (40)
[2015.12.14-13.22.55:247][995]LogModuleManager: Shutting down and abandoning module LinuxServerTargetPlatform (39)
[2015.12.14-13.22.55:247][995]LogModuleManager: Shutting down and abandoning module LinuxNoEditorTargetPlatform (38)
[2015.12.14-13.22.55:247][995]LogModuleManager: Shutting down and abandoning module Messaging (37)
[2015.12.14-13.22.55:247][995]LogModuleManager: Shutting down and abandoning module IOSTargetPlatform (36)
[2015.12.14-13.22.55:247][995]LogModuleManager: Shutting down and abandoning module HTML5TargetPlatform (35)
[2015.12.14-13.22.55:247][995]LogModuleManager: Shutting down and abandoning module Android_PVRTCTargetPlatform (34)
[2015.12.14-13.22.55:266][995]LogModuleManager: Shutting down and abandoning module Android_ETC2TargetPlatform (33)
[2015.12.14-13.22.55:266][995]LogModuleManager: Shutting down and abandoning module Android_ETC1TargetPlatform (32)
[2015.12.14-13.22.55:278][995]LogModuleManager: Shutting down and abandoning module Android_DXTTargetPlatform (31)
[2015.12.14-13.22.55:281][995]LogModuleManager: Shutting down and abandoning module Android_ATCTargetPlatform (30)
[2015.12.14-13.22.55:281][995]LogModuleManager: Shutting down and abandoning module Android_ASTCTargetPlatform (29)
[2015.12.14-13.22.55:282][995]LogModuleManager: Shutting down and abandoning module AndroidTargetPlatform (28)
[2015.12.14-13.22.55:282][995]LogModuleManager: Shutting down and abandoning module WindowsTargetPlatform (27)
[2015.12.14-13.22.55:282][995]LogModuleManager: Shutting down and abandoning module WindowsServerTargetPlatform (26)
[2015.12.14-13.22.55:293][995]LogModuleManager: Shutting down and abandoning module WindowsNoEditorTargetPlatform (25)
[2015.12.14-13.22.55:304][995]LogModuleManager: Shutting down and abandoning module WindowsClientTargetPlatform (24)
[2015.12.14-13.22.55:312][995]LogModuleManager: Shutting down and abandoning module AllDesktopTargetPlatform (23)
[2015.12.14-13.22.55:330][995]LogModuleManager: Shutting down and abandoning module TargetPlatform (22)
[2015.12.14-13.22.55:330][995]LogModuleManager: Shutting down and abandoning module InputCore (21)
[2015.12.14-13.22.55:330][995]LogModuleManager: Shutting down and abandoning module Settings (20)
[2015.12.14-13.22.55:330][995]LogModuleManager: Shutting down and abandoning module OnlineSubsystem (18)
[2015.12.14-13.22.55:330][995]LogModuleManager: Shutting down and abandoning module HTTP (17)
[2015.12.14-13.22.57:338][995]LogModuleManager: Shutting down and abandoning module XMPP (16)
[2015.12.14-13.22.57:361][995]LogModuleManager: Shutting down and abandoning module ExampleDeviceProfileSelector (15)
[2015.12.14-13.22.57:361][995]LogModuleManager: Shutting down and abandoning module TextureCompressor (14)
[2015.12.14-13.22.57:369][995]LogModuleManager: Shutting down and abandoning module ShaderCore (13)
[2015.12.14-13.22.57:370][995]LogModuleManager: Shutting down and abandoning module Landscape (12)
[2015.12.14-13.22.57:370][995]LogModuleManager: Shutting down and abandoning module SlateRHIRenderer (11)
[2015.12.14-13.22.57:385][995]LogModuleManager: Shutting down and abandoning module OpenGLDrv (10)
[2015.12.14-13.22.57:399][995]LogModuleManager: Shutting down and abandoning module D3D11RHI (9)
[2015.12.14-13.22.57:399][995]LogModuleManager: Shutting down and abandoning module AnimGraphRuntime (8)
[2015.12.14-13.22.57:399][995]LogModuleManager: Shutting down and abandoning module Renderer (7)
[2015.12.14-13.22.57:399][995]LogModuleManager: Shutting down and abandoning module Engine (6)
[2015.12.14-13.22.57:399][995]LogModuleManager: Shutting down and abandoning module CoreUObject (5)
[2015.12.14-13.22.57:399][995]LogModuleManager: Shutting down and abandoning module NetworkFile (4)
[2015.12.14-13.22.57:399][995]LogModuleManager: Shutting down and abandoning module StreamingFile (3)
[2015.12.14-13.22.57:399][995]LogModuleManager: Shutting down and abandoning module SandboxFile (2)
[2015.12.14-13.22.57:399][995]LogModuleManager: Shutting down and abandoning module PakFile (1)
[2015.12.14-13.22.57:417][995]LogExit: Exiting.
[2015.12.14-13.22.57:420][995]Log file closed, 12/14/15 05:22:57
